-------------------------------------------------------------------------------
Test set: org.apache.el.TestELInJsp
-------------------------------------------------------------------------------
Tests run: 20, Failures: 1, Errors: 0, Skipped: 0, Time elapsed: 4.525 sec <<< FAILURE!
testBug47413(org.apache.el.TestELInJsp)  Time elapsed: 0.234 sec  <<< FAILURE!
java.lang.AssertionError: <!DOCTYPE html><html><head><title>Apache Tomcat/@VERSION@ - Error report</title><style type="text/css">H1 {font-family:Tahoma,Arial,sans-serif;color:white;background-color:#525D76;font-size:22px;} H2 {font-family:Tahoma,Arial,sans-serif;color:white;background-color:#525D76;font-size:16px;} H3 {font-family:Tahoma,Arial,sans-serif;color:white;background-color:#525D76;font-size:14px;} BODY {font-family:Tahoma,Arial,sans-serif;color:black;background-color:white;} B {font-family:Tahoma,Arial,sans-serif;color:white;background-color:#525D76;} P {font-family:Tahoma,Arial,sans-serif;background:white;color:black;font-size:12px;}A {color : black;}A.name {color : black;}.line {height: 1px; background-color: #525D76; border: none;}</style> </head><body><h1>HTTP Status 500 - /bug47413.jsp (line: 18, column: 0) The value for the useBean class attribute jsp2.examples.ValuesBean is invalid.</h1><div class="line"></div><p><b>type</b> Exception report</p><p><b>message</b> <u>/bug47413.jsp (line: 18, column: 0) The value for the useBean class attribute jsp2.examples.ValuesBean is invalid.</u></p><p><b>description</b> <u>The server encountered an internal error that prevented it from fulfilling this request.</u></p><p><b>exception</b></p><pre>org.apache.jasper.JasperException: /bug47413.jsp (line: 18, column: 0) The value for the useBean class attribute jsp2.examples.ValuesBean is invalid.
	org.apache.jasper.compiler.DefaultErrorHandler.jspError(DefaultErrorHandler.java:42)
	org.apache.jasper.compiler.ErrorDispatcher.dispatch(ErrorDispatcher.java:275)
	org.apache.jasper.compiler.ErrorDispatcher.jspError(ErrorDispatcher.java:107)
	org.apache.jasper.compiler.Generator$GenerateVisitor.visit(Generator.java:1317)
	org.apache.jasper.compiler.Node$UseBean.accept(Node.java:1178)
	org.apache.jasper.compiler.Node$Nodes.visit(Node.java:2376)
	org.apache.jasper.compiler.Node$Visitor.visitBody(Node.java:2428)
	org.apache.jasper.compiler.Node$Visitor.visit(Node.java:2434)
	org.apache.jasper.compiler.Node$Root.accept(Node.java:464)
	org.apache.jasper.compiler.Node$Nodes.visit(Node.java:2376)
	org.apache.jasper.compiler.Generator.generate(Generator.java:3594)
	org.apache.jasper.compiler.Compiler.generateJava(Compiler.java:250)
	org.apache.jasper.compiler.Compiler.compile(Compiler.java:356)
	org.apache.jasper.compiler.Compiler.compile(Compiler.java:336)
	org.apache.jasper.compiler.Compiler.compile(Compiler.java:323)
	org.apache.jasper.JspCompilationContext.compile(JspCompilationContext.java:580)
	org.apache.jasper.servlet.JspServletWrapper.service(JspServletWrapper.java:356)
	org.apache.jasper.servlet.JspServlet.serviceJspFile(JspServlet.java:396)
	org.apache.jasper.servlet.JspServlet.service(JspServlet.java:340)
	javax.servlet.http.HttpServlet.service(HttpServlet.java:729)
</pre><p><b>note</b> <u>The full stack trace of the root cause is available in the Apache Tomcat/@VERSION@ logs.</u></p><hr class="line"><h3>Apache Tomcat/@VERSION@</h3></body></html>
	at org.junit.Assert.fail(Assert.java:88)
	at org.junit.Assert.assertTrue(Assert.java:41)
	at org.apache.el.TestELInJsp.assertEcho(TestELInJsp.java:451)
	at org.apache.el.TestELInJsp.testBug47413(TestELInJsp.java:243)
	at sun.reflect.NativeMethodAccessorImpl.invoke0(Native Method)
	at sun.reflect.NativeMethodAccessorImpl.invoke(NativeMethodAccessorImpl.java:62)
	at sun.reflect.DelegatingMethodAccessorImpl.invoke(DelegatingMethodAccessorImpl.java:43)
	at java.lang.reflect.Method.invoke(Method.java:483)
	at org.junit.runners.model.FrameworkMethod$1.runReflectiveCall(FrameworkMethod.java:50)
	at org.junit.internal.runners.model.ReflectiveCallable.run(ReflectiveCallable.java:12)
	at org.junit.runners.model.FrameworkMethod.invokeExplosively(FrameworkMethod.java:47)
	at org.junit.internal.runners.statements.InvokeMethod.evaluate(InvokeMethod.java:17)
	at org.junit.internal.runners.statements.RunBefores.evaluate(RunBefores.java:26)
	at org.junit.internal.runners.statements.RunAfters.evaluate(RunAfters.java:27)
	at org.junit.rules.TestWatcher$1.evaluate(TestWatcher.java:55)
	at org.junit.rules.RunRules.evaluate(RunRules.java:20)
	at org.junit.runners.ParentRunner.runLeaf(ParentRunner.java:325)
	at org.junit.runners.BlockJUnit4ClassRunner.runChild(BlockJUnit4ClassRunner.java:78)
	at org.junit.runners.BlockJUnit4ClassRunner.runChild(BlockJUnit4ClassRunner.java:57)
	at org.junit.runners.ParentRunner$3.run(ParentRunner.java:290)
	at org.junit.runners.ParentRunner$1.schedule(ParentRunner.java:71)
	at org.junit.runners.ParentRunner.runChildren(ParentRunner.java:288)
	at org.junit.runners.ParentRunner.access$000(ParentRunner.java:58)
	at org.junit.runners.ParentRunner$2.evaluate(ParentRunner.java:268)
	at org.junit.runners.ParentRunner.run(ParentRunner.java:363)
	at org.apache.maven.surefire.junit4.JUnit4TestSet.execute(JUnit4TestSet.java:53)
	at org.apache.maven.surefire.junit4.JUnit4Provider.executeTestSet(JUnit4Provider.java:123)
	at org.apache.maven.surefire.junit4.JUnit4Provider.invoke(JUnit4Provider.java:104)
	at sun.reflect.NativeMethodAccessorImpl.invoke0(Native Method)
	at sun.reflect.NativeMethodAccessorImpl.invoke(NativeMethodAccessorImpl.java:62)
	at sun.reflect.DelegatingMethodAccessorImpl.invoke(DelegatingMethodAccessorImpl.java:43)
	at java.lang.reflect.Method.invoke(Method.java:483)
	at org.apache.maven.surefire.util.ReflectionUtils.invokeMethodWithArray(ReflectionUtils.java:164)
	at org.apache.maven.surefire.booter.ProviderFactory$ProviderProxy.invoke(ProviderFactory.java:110)
	at org.apache.maven.surefire.booter.SurefireStarter.invokeProvider(SurefireStarter.java:175)
	at org.apache.maven.surefire.booter.SurefireStarter.runSuitesInProcessWhenForked(SurefireStarter.java:107)
	at org.apache.maven.surefire.booter.ForkedBooter.main(ForkedBooter.java:68)
