-------------------------------------------------------------------------------
Test set: org.apache.tomcat.util.net.jsse.openssl.TestOpenSSLCipherConfigurationParser
-------------------------------------------------------------------------------
Tests run: 74, Failures: 59, Errors: 0, Skipped: 3, Time elapsed: 0.426 sec <<< FAILURE!
testkECDHe(org.apache.tomcat.util.net.jsse.openssl.TestOpenSSLCipherConfigurationParser)  Time elapsed: 0.006 sec  <<< FAILURE!
org.junit.ComparisonFailure: Tested 'kECDHe':  expected:<[]> but was:<[TLS_ECDH_ECDSA_WITH_AES_256_GCM_SHA384,TLS_ECDH_ECDSA_WITH_AES_256_CBC_SHA384,TLS_ECDH_ECDSA_WITH_AES_256_CBC_SHA,TLS_ECDH_ECDSA_WITH_3DES_EDE_CBC_SHA,TLS_ECDH_ECDSA_WITH_AES_128_GCM_SHA256,TLS_ECDH_ECDSA_WITH_AES_128_CBC_SHA256,TLS_ECDH_ECDSA_WITH_AES_128_CBC_SHA,TLS_ECDH_ECDSA_WITH_RC4_128_SHA,TLS_ECDH_ECDSA_WITH_NULL_SHA,]>
	at org.junit.Assert.assertEquals(Assert.java:115)
	at org.apache.tomcat.util.net.jsse.openssl.TestOpenSSLCipherConfigurationParser.testSpecification(TestOpenSSLCipherConfigurationParser.java:499)
	at org.apache.tomcat.util.net.jsse.openssl.TestOpenSSLCipherConfigurationParser.testkECDHe(TestOpenSSLCipherConfigurationParser.java:169)
	at sun.reflect.NativeMethodAccessorImpl.invoke0(Native Method)
	at sun.reflect.NativeMethodAccessorImpl.invoke(NativeMethodAccessorImpl.java:62)
	at sun.reflect.DelegatingMethodAccessorImpl.invoke(DelegatingMethodAccessorImpl.java:43)
	at java.lang.reflect.Method.invoke(Method.java:483)
	at org.junit.runners.model.FrameworkMethod$1.runReflectiveCall(FrameworkMethod.java:50)
	at org.junit.internal.runners.model.ReflectiveCallable.run(ReflectiveCallable.java:12)
	at org.junit.runners.model.FrameworkMethod.invokeExplosively(FrameworkMethod.java:47)
	at org.junit.internal.runners.statements.InvokeMethod.evaluate(InvokeMethod.java:17)
	at org.junit.internal.runners.statements.RunBefores.evaluate(RunBefores.java:26)
	at org.junit.runners.ParentRunner.runLeaf(ParentRunner.java:325)
	at org.junit.runners.BlockJUnit4ClassRunner.runChild(BlockJUnit4ClassRunner.java:78)
	at org.junit.runners.BlockJUnit4ClassRunner.runChild(BlockJUnit4ClassRunner.java:57)
	at org.junit.runners.ParentRunner$3.run(ParentRunner.java:290)
	at org.junit.runners.ParentRunner$1.schedule(ParentRunner.java:71)
	at org.junit.runners.ParentRunner.runChildren(ParentRunner.java:288)
	at org.junit.runners.ParentRunner.access$000(ParentRunner.java:58)
	at org.junit.runners.ParentRunner$2.evaluate(ParentRunner.java:268)
	at org.junit.runners.ParentRunner.run(ParentRunner.java:363)
	at org.apache.maven.surefire.junit4.JUnit4TestSet.execute(JUnit4TestSet.java:53)
	at org.apache.maven.surefire.junit4.JUnit4Provider.executeTestSet(JUnit4Provider.java:123)
	at org.apache.maven.surefire.junit4.JUnit4Provider.invoke(JUnit4Provider.java:104)
	at sun.reflect.NativeMethodAccessorImpl.invoke0(Native Method)
	at sun.reflect.NativeMethodAccessorImpl.invoke(NativeMethodAccessorImpl.java:62)
	at sun.reflect.DelegatingMethodAccessorImpl.invoke(DelegatingMethodAccessorImpl.java:43)
	at java.lang.reflect.Method.invoke(Method.java:483)
	at org.apache.maven.surefire.util.ReflectionUtils.invokeMethodWithArray(ReflectionUtils.java:164)
	at org.apache.maven.surefire.booter.ProviderFactory$ProviderProxy.invoke(ProviderFactory.java:110)
	at org.apache.maven.surefire.booter.SurefireStarter.invokeProvider(SurefireStarter.java:175)
	at org.apache.maven.surefire.booter.SurefireStarter.runSuitesInProcessWhenForked(SurefireStarter.java:107)
	at org.apache.maven.surefire.booter.ForkedBooter.main(ForkedBooter.java:68)
testkECDHr(org.apache.tomcat.util.net.jsse.openssl.TestOpenSSLCipherConfigurationParser)  Time elapsed: 0.005 sec  <<< FAILURE!
org.junit.ComparisonFailure: Tested 'kECDHr':  expected:<[]> but was:<[TLS_ECDH_RSA_WITH_AES_256_GCM_SHA384,TLS_ECDH_RSA_WITH_AES_256_CBC_SHA384,TLS_ECDH_RSA_WITH_AES_256_CBC_SHA,TLS_ECDH_RSA_WITH_3DES_EDE_CBC_SHA,TLS_ECDH_RSA_WITH_AES_128_GCM_SHA256,TLS_ECDH_RSA_WITH_AES_128_CBC_SHA256,TLS_ECDH_RSA_WITH_AES_128_CBC_SHA,TLS_ECDH_RSA_WITH_RC4_128_SHA,TLS_ECDH_RSA_WITH_NULL_SHA,]>
	at org.junit.Assert.assertEquals(Assert.java:115)
	at org.apache.tomcat.util.net.jsse.openssl.TestOpenSSLCipherConfigurationParser.testSpecification(TestOpenSSLCipherConfigurationParser.java:499)
	at org.apache.tomcat.util.net.jsse.openssl.TestOpenSSLCipherConfigurationParser.testkECDHr(TestOpenSSLCipherConfigurationParser.java:163)
	at sun.reflect.NativeMethodAccessorImpl.invoke0(Native Method)
	at sun.reflect.NativeMethodAccessorImpl.invoke(NativeMethodAccessorImpl.java:62)
	at sun.reflect.DelegatingMethodAccessorImpl.invoke(DelegatingMethodAccessorImpl.java:43)
	at java.lang.reflect.Method.invoke(Method.java:483)
	at org.junit.runners.model.FrameworkMethod$1.runReflectiveCall(FrameworkMethod.java:50)
	at org.junit.internal.runners.model.ReflectiveCallable.run(ReflectiveCallable.java:12)
	at org.junit.runners.model.FrameworkMethod.invokeExplosively(FrameworkMethod.java:47)
	at org.junit.internal.runners.statements.InvokeMethod.evaluate(InvokeMethod.java:17)
	at org.junit.internal.runners.statements.RunBefores.evaluate(RunBefores.java:26)
	at org.junit.runners.ParentRunner.runLeaf(ParentRunner.java:325)
	at org.junit.runners.BlockJUnit4ClassRunner.runChild(BlockJUnit4ClassRunner.java:78)
	at org.junit.runners.BlockJUnit4ClassRunner.runChild(BlockJUnit4ClassRunner.java:57)
	at org.junit.runners.ParentRunner$3.run(ParentRunner.java:290)
	at org.junit.runners.ParentRunner$1.schedule(ParentRunner.java:71)
	at org.junit.runners.ParentRunner.runChildren(ParentRunner.java:288)
	at org.junit.runners.ParentRunner.access$000(ParentRunner.java:58)
	at org.junit.runners.ParentRunner$2.evaluate(ParentRunner.java:268)
	at org.junit.runners.ParentRunner.run(ParentRunner.java:363)
	at org.apache.maven.surefire.junit4.JUnit4TestSet.execute(JUnit4TestSet.java:53)
	at org.apache.maven.surefire.junit4.JUnit4Provider.executeTestSet(JUnit4Provider.java:123)
	at org.apache.maven.surefire.junit4.JUnit4Provider.invoke(JUnit4Provider.java:104)
	at sun.reflect.NativeMethodAccessorImpl.invoke0(Native Method)
	at sun.reflect.NativeMethodAccessorImpl.invoke(NativeMethodAccessorImpl.java:62)
	at sun.reflect.DelegatingMethodAccessorImpl.invoke(DelegatingMethodAccessorImpl.java:43)
	at java.lang.reflect.Method.invoke(Method.java:483)
	at org.apache.maven.surefire.util.ReflectionUtils.invokeMethodWithArray(ReflectionUtils.java:164)
	at org.apache.maven.surefire.booter.ProviderFactory$ProviderProxy.invoke(ProviderFactory.java:110)
	at org.apache.maven.surefire.booter.SurefireStarter.invokeProvider(SurefireStarter.java:175)
	at org.apache.maven.surefire.booter.SurefireStarter.runSuitesInProcessWhenForked(SurefireStarter.java:107)
	at org.apache.maven.surefire.booter.ForkedBooter.main(ForkedBooter.java:68)
testkEECDH(org.apache.tomcat.util.net.jsse.openssl.TestOpenSSLCipherConfigurationParser)  Time elapsed: 0.007 sec  <<< FAILURE!
org.junit.ComparisonFailure: Tested 'kEECDH':  expected:<[]> but was:<[TLS_ECDHE_RSA_WITH_AES_256_GCM_SHA384,TLS_ECDHE_ECDSA_WITH_AES_256_GCM_SHA384,TLS_ECDHE_RSA_WITH_AES_256_CBC_SHA384,TLS_ECDHE_ECDSA_WITH_AES_256_CBC_SHA384,TLS_ECDHE_RSA_WITH_AES_256_CBC_SHA,TLS_ECDHE_ECDSA_WITH_AES_256_CBC_SHA,TLS_ECDH_anon_WITH_AES_256_CBC_SHA,TLS_ECDHE_RSA_WITH_3DES_EDE_CBC_SHA,TLS_ECDHE_ECDSA_WITH_3DES_EDE_CBC_SHA,TLS_ECDH_anon_WITH_3DES_EDE_CBC_SHA,TLS_ECDHE_RSA_WITH_AES_128_GCM_SHA256,TLS_ECDHE_ECDSA_WITH_AES_128_GCM_SHA256,TLS_ECDHE_RSA_WITH_AES_128_CBC_SHA256,TLS_ECDHE_ECDSA_WITH_AES_128_CBC_SHA256,TLS_ECDHE_RSA_WITH_AES_128_CBC_SHA,TLS_ECDHE_ECDSA_WITH_AES_128_CBC_SHA,TLS_ECDH_anon_WITH_AES_128_CBC_SHA,TLS_ECDHE_RSA_WITH_RC4_128_SHA,TLS_ECDHE_ECDSA_WITH_RC4_128_SHA,TLS_ECDH_anon_WITH_RC4_128_SHA,TLS_ECDHE_RSA_WITH_NULL_SHA,TLS_ECDHE_ECDSA_WITH_NULL_SHA,TLS_ECDH_anon_WITH_NULL_SHA,]>
	at org.junit.Assert.assertEquals(Assert.java:115)
	at org.apache.tomcat.util.net.jsse.openssl.TestOpenSSLCipherConfigurationParser.testSpecification(TestOpenSSLCipherConfigurationParser.java:499)
	at org.apache.tomcat.util.net.jsse.openssl.TestOpenSSLCipherConfigurationParser.testkEECDH(TestOpenSSLCipherConfigurationParser.java:181)
	at sun.reflect.NativeMethodAccessorImpl.invoke0(Native Method)
	at sun.reflect.NativeMethodAccessorImpl.invoke(NativeMethodAccessorImpl.java:62)
	at sun.reflect.DelegatingMethodAccessorImpl.invoke(DelegatingMethodAccessorImpl.java:43)
	at java.lang.reflect.Method.invoke(Method.java:483)
	at org.junit.runners.model.FrameworkMethod$1.runReflectiveCall(FrameworkMethod.java:50)
	at org.junit.internal.runners.model.ReflectiveCallable.run(ReflectiveCallable.java:12)
	at org.junit.runners.model.FrameworkMethod.invokeExplosively(FrameworkMethod.java:47)
	at org.junit.internal.runners.statements.InvokeMethod.evaluate(InvokeMethod.java:17)
	at org.junit.internal.runners.statements.RunBefores.evaluate(RunBefores.java:26)
	at org.junit.runners.ParentRunner.runLeaf(ParentRunner.java:325)
	at org.junit.runners.BlockJUnit4ClassRunner.runChild(BlockJUnit4ClassRunner.java:78)
	at org.junit.runners.BlockJUnit4ClassRunner.runChild(BlockJUnit4ClassRunner.java:57)
	at org.junit.runners.ParentRunner$3.run(ParentRunner.java:290)
	at org.junit.runners.ParentRunner$1.schedule(ParentRunner.java:71)
	at org.junit.runners.ParentRunner.runChildren(ParentRunner.java:288)
	at org.junit.runners.ParentRunner.access$000(ParentRunner.java:58)
	at org.junit.runners.ParentRunner$2.evaluate(ParentRunner.java:268)
	at org.junit.runners.ParentRunner.run(ParentRunner.java:363)
	at org.apache.maven.surefire.junit4.JUnit4TestSet.execute(JUnit4TestSet.java:53)
	at org.apache.maven.surefire.junit4.JUnit4Provider.executeTestSet(JUnit4Provider.java:123)
	at org.apache.maven.surefire.junit4.JUnit4Provider.invoke(JUnit4Provider.java:104)
	at sun.reflect.NativeMethodAccessorImpl.invoke0(Native Method)
	at sun.reflect.NativeMethodAccessorImpl.invoke(NativeMethodAccessorImpl.java:62)
	at sun.reflect.DelegatingMethodAccessorImpl.invoke(DelegatingMethodAccessorImpl.java:43)
	at java.lang.reflect.Method.invoke(Method.java:483)
	at org.apache.maven.surefire.util.ReflectionUtils.invokeMethodWithArray(ReflectionUtils.java:164)
	at org.apache.maven.surefire.booter.ProviderFactory$ProviderProxy.invoke(ProviderFactory.java:110)
	at org.apache.maven.surefire.booter.SurefireStarter.invokeProvider(SurefireStarter.java:175)
	at org.apache.maven.surefire.booter.SurefireStarter.runSuitesInProcessWhenForked(SurefireStarter.java:107)
	at org.apache.maven.surefire.booter.ForkedBooter.main(ForkedBooter.java:68)
testADH(org.apache.tomcat.util.net.jsse.openssl.TestOpenSSLCipherConfigurationParser)  Time elapsed: 0.006 sec  <<< FAILURE!
org.junit.ComparisonFailure: Tested 'ADH':  expected:<...H_anon_WITH_AES_256_[CBC_SHA,TLS_DH_anon_WITH_3DES_EDE_CBC_SHA,SSL_DH_anon_WITH_3DES_EDE_CBC_SHA,TLS_DH_anon_WITH_AES_128_CBC_SHA,TLS_DH_anon_WITH_SEED]_CBC_SHA,SSL_DH_anon...> but was:<...H_anon_WITH_AES_256_[GCM_SHA384,TLS_DH_anon_WITH_AES_256_CBC_SHA256,TLS_DH_anon_WITH_AES_256_CBC_SHA,TLS_DH_anon_WITH_CAMELLIA_256_CBC_SHA,TLS_DH_anon_WITH_3DES_EDE_CBC_SHA,SSL_DH_anon_WITH_3DES_EDE_CBC_SHA,TLS_DH_anon_WITH_AES_128_GCM_SHA256,TLS_DH_anon_WITH_AES_128_CBC_SHA256,TLS_DH_anon_WITH_AES_128_CBC_SHA,TLS_DH_anon_WITH_SEED_CBC_SHA,TLS_DH_anon_WITH_CAMELLIA_128]_CBC_SHA,SSL_DH_anon...>
	at org.junit.Assert.assertEquals(Assert.java:115)
	at org.apache.tomcat.util.net.jsse.openssl.TestOpenSSLCipherConfigurationParser.testSpecification(TestOpenSSLCipherConfigurationParser.java:499)
	at org.apache.tomcat.util.net.jsse.openssl.TestOpenSSLCipherConfigurationParser.testADH(TestOpenSSLCipherConfigurationParser.java:304)
	at sun.reflect.NativeMethodAccessorImpl.invoke0(Native Method)
	at sun.reflect.NativeMethodAccessorImpl.invoke(NativeMethodAccessorImpl.java:62)
	at sun.reflect.DelegatingMethodAccessorImpl.invoke(DelegatingMethodAccessorImpl.java:43)
	at java.lang.reflect.Method.invoke(Method.java:483)
	at org.junit.runners.model.FrameworkMethod$1.runReflectiveCall(FrameworkMethod.java:50)
	at org.junit.internal.runners.model.ReflectiveCallable.run(ReflectiveCallable.java:12)
	at org.junit.runners.model.FrameworkMethod.invokeExplosively(FrameworkMethod.java:47)
	at org.junit.internal.runners.statements.InvokeMethod.evaluate(InvokeMethod.java:17)
	at org.junit.internal.runners.statements.RunBefores.evaluate(RunBefores.java:26)
	at org.junit.runners.ParentRunner.runLeaf(ParentRunner.java:325)
	at org.junit.runners.BlockJUnit4ClassRunner.runChild(BlockJUnit4ClassRunner.java:78)
	at org.junit.runners.BlockJUnit4ClassRunner.runChild(BlockJUnit4ClassRunner.java:57)
	at org.junit.runners.ParentRunner$3.run(ParentRunner.java:290)
	at org.junit.runners.ParentRunner$1.schedule(ParentRunner.java:71)
	at org.junit.runners.ParentRunner.runChildren(ParentRunner.java:288)
	at org.junit.runners.ParentRunner.access$000(ParentRunner.java:58)
	at org.junit.runners.ParentRunner$2.evaluate(ParentRunner.java:268)
	at org.junit.runners.ParentRunner.run(ParentRunner.java:363)
	at org.apache.maven.surefire.junit4.JUnit4TestSet.execute(JUnit4TestSet.java:53)
	at org.apache.maven.surefire.junit4.JUnit4Provider.executeTestSet(JUnit4Provider.java:123)
	at org.apache.maven.surefire.junit4.JUnit4Provider.invoke(JUnit4Provider.java:104)
	at sun.reflect.NativeMethodAccessorImpl.invoke0(Native Method)
	at sun.reflect.NativeMethodAccessorImpl.invoke(NativeMethodAccessorImpl.java:62)
	at sun.reflect.DelegatingMethodAccessorImpl.invoke(DelegatingMethodAccessorImpl.java:43)
	at java.lang.reflect.Method.invoke(Method.java:483)
	at org.apache.maven.surefire.util.ReflectionUtils.invokeMethodWithArray(ReflectionUtils.java:164)
	at org.apache.maven.surefire.booter.ProviderFactory$ProviderProxy.invoke(ProviderFactory.java:110)
	at org.apache.maven.surefire.booter.SurefireStarter.invokeProvider(SurefireStarter.java:175)
	at org.apache.maven.surefire.booter.SurefireStarter.runSuitesInProcessWhenForked(SurefireStarter.java:107)
	at org.apache.maven.surefire.booter.ForkedBooter.main(ForkedBooter.java:68)
testAES(org.apache.tomcat.util.net.jsse.openssl.TestOpenSSLCipherConfigurationParser)  Time elapsed: 0.006 sec  <<< FAILURE!
org.junit.ComparisonFailure: Tested 'AES':  expected:<TLS_[DHE_RSA_WITH_AES_256_CBC_SHA,TLS_DHE_DSS_WITH_AES_256_CBC_SHA,TLS_DH_anon_WITH_AES_256_CBC_SHA,TLS_RSA_WITH_AES_256_CBC_SHA,TLS_DHE_RSA_WITH_AES_128_CBC_SHA,TLS_DHE_DSS_WITH_AES_128_CBC_SHA,TLS_DH_anon_WITH_AES_128_CBC_SHA,TLS_RSA]_WITH_AES_128_CBC_SH...> but was:<TLS_[ECDHE_RSA_WITH_AES_256_GCM_SHA384,TLS_ECDHE_ECDSA_WITH_AES_256_GCM_SHA384,TLS_ECDHE_RSA_WITH_AES_256_CBC_SHA384,TLS_ECDHE_ECDSA_WITH_AES_256_CBC_SHA384,TLS_ECDHE_RSA_WITH_AES_256_CBC_SHA,TLS_ECDHE_ECDSA_WITH_AES_256_CBC_SHA,TLS_SRP_SHA_DSS_WITH_AES_256_CBC_SHA,TLS_SRP_SHA_RSA_WITH_AES_256_CBC_SHA,TLS_SRP_SHA_WITH_AES_256_CBC_SHA,TLS_DH_DSS_WITH_AES_256_GCM_SHA384,TLS_DHE_DSS_WITH_AES_256_GCM_SHA384,TLS_DH_RSA_WITH_AES_256_GCM_SHA384,TLS_DHE_RSA_WITH_AES_256_GCM_SHA384,TLS_DHE_RSA_WITH_AES_256_CBC_SHA256,TLS_DHE_DSS_WITH_AES_256_CBC_SHA256,TLS_DH_RSA_WITH_AES_256_CBC_SHA256,TLS_DH_DSS_WITH_AES_256_CBC_SHA256,TLS_DHE_RSA_WITH_AES_256_CBC_SHA,TLS_DHE_DSS_WITH_AES_256_CBC_SHA,TLS_DH_RSA_WITH_AES_256_CBC_SHA,TLS_DH_DSS_WITH_AES_256_CBC_SHA,TLS_ECDH_anon_WITH_AES_256_CBC_SHA,TLS_DH_anon_WITH_AES_256_GCM_SHA384,TLS_DH_anon_WITH_AES_256_CBC_SHA256,TLS_DH_anon_WITH_AES_256_CBC_SHA,TLS_ECDH_RSA_WITH_AES_256_GCM_SHA384,TLS_ECDH_ECDSA_WITH_AES_256_GCM_SHA384,TLS_ECDH_RSA_WITH_AES_256_CBC_SHA384,TLS_ECDH_ECDSA_WITH_AES_256_CBC_SHA384,TLS_ECDH_RSA_WITH_AES_256_CBC_SHA,TLS_ECDH_ECDSA_WITH_AES_256_CBC_SHA,TLS_RSA_WITH_AES_256_GCM_SHA384,TLS_RSA_WITH_AES_256_CBC_SHA256,TLS_RSA_WITH_AES_256_CBC_SHA,TLS_PSK_WITH_AES_256_CBC_SHA,TLS_ECDHE_RSA_WITH_AES_128_GCM_SHA256,TLS_ECDHE_ECDSA_WITH_AES_128_GCM_SHA256,TLS_ECDHE_RSA_WITH_AES_128_CBC_SHA256,TLS_ECDHE_ECDSA_WITH_AES_128_CBC_SHA256,TLS_ECDHE_RSA_WITH_AES_128_CBC_SHA,TLS_ECDHE_ECDSA_WITH_AES_128_CBC_SHA,TLS_SRP_SHA_DSS_WITH_AES_128_CBC_SHA,TLS_SRP_SHA_RSA_WITH_AES_128_CBC_SHA,TLS_SRP_SHA_WITH_AES_128_CBC_SHA,TLS_DH_DSS_WITH_AES_128_GCM_SHA256,TLS_DHE_DSS_WITH_AES_128_GCM_SHA256,TLS_DH_RSA_WITH_AES_128_GCM_SHA256,TLS_DHE_RSA_WITH_AES_128_GCM_SHA256,TLS_DHE_RSA_WITH_AES_128_CBC_SHA256,TLS_DHE_DSS_WITH_AES_128_CBC_SHA256,TLS_DH_RSA_WITH_AES_128_CBC_SHA256,TLS_DH_DSS_WITH_AES_128_CBC_SHA256,TLS_DHE_RSA_WITH_AES_128_CBC_SHA,TLS_DHE_DSS_WITH_AES_128_CBC_SHA,TLS_DH_RSA_WITH_AES_128_CBC_SHA,TLS_DH_DSS_WITH_AES_128_CBC_SHA,TLS_ECDH_anon_WITH_AES_128_CBC_SHA,TLS_DH_anon_WITH_AES_128_GCM_SHA256,TLS_DH_anon_WITH_AES_128_CBC_SHA256,TLS_DH_anon_WITH_AES_128_CBC_SHA,TLS_ECDH_RSA_WITH_AES_128_GCM_SHA256,TLS_ECDH_ECDSA_WITH_AES_128_GCM_SHA256,TLS_ECDH_RSA_WITH_AES_128_CBC_SHA256,TLS_ECDH_ECDSA_WITH_AES_128_CBC_SHA256,TLS_ECDH_RSA_WITH_AES_128_CBC_SHA,TLS_ECDH_ECDSA_WITH_AES_128_CBC_SHA,TLS_RSA_WITH_AES_128_GCM_SHA256,TLS_RSA_WITH_AES_128_CBC_SHA256,TLS_RSA_WITH_AES_128_CBC_SHA,TLS_PSK]_WITH_AES_128_CBC_SH...>
	at org.junit.Assert.assertEquals(Assert.java:115)
	at org.apache.tomcat.util.net.jsse.openssl.TestOpenSSLCipherConfigurationParser.testSpecification(TestOpenSSLCipherConfigurationParser.java:499)
	at org.apache.tomcat.util.net.jsse.openssl.TestOpenSSLCipherConfigurationParser.testAES(TestOpenSSLCipherConfigurationParser.java:322)
	at sun.reflect.NativeMethodAccessorImpl.invoke0(Native Method)
	at sun.reflect.NativeMethodAccessorImpl.invoke(NativeMethodAccessorImpl.java:62)
	at sun.reflect.DelegatingMethodAccessorImpl.invoke(DelegatingMethodAccessorImpl.java:43)
	at java.lang.reflect.Method.invoke(Method.java:483)
	at org.junit.runners.model.FrameworkMethod$1.runReflectiveCall(FrameworkMethod.java:50)
	at org.junit.internal.runners.model.ReflectiveCallable.run(ReflectiveCallable.java:12)
	at org.junit.runners.model.FrameworkMethod.invokeExplosively(FrameworkMethod.java:47)
	at org.junit.internal.runners.statements.InvokeMethod.evaluate(InvokeMethod.java:17)
	at org.junit.internal.runners.statements.RunBefores.evaluate(RunBefores.java:26)
	at org.junit.runners.ParentRunner.runLeaf(ParentRunner.java:325)
	at org.junit.runners.BlockJUnit4ClassRunner.runChild(BlockJUnit4ClassRunner.java:78)
	at org.junit.runners.BlockJUnit4ClassRunner.runChild(BlockJUnit4ClassRunner.java:57)
	at org.junit.runners.ParentRunner$3.run(ParentRunner.java:290)
	at org.junit.runners.ParentRunner$1.schedule(ParentRunner.java:71)
	at org.junit.runners.ParentRunner.runChildren(ParentRunner.java:288)
	at org.junit.runners.ParentRunner.access$000(ParentRunner.java:58)
	at org.junit.runners.ParentRunner$2.evaluate(ParentRunner.java:268)
	at org.junit.runners.ParentRunner.run(ParentRunner.java:363)
	at org.apache.maven.surefire.junit4.JUnit4TestSet.execute(JUnit4TestSet.java:53)
	at org.apache.maven.surefire.junit4.JUnit4Provider.executeTestSet(JUnit4Provider.java:123)
	at org.apache.maven.surefire.junit4.JUnit4Provider.invoke(JUnit4Provider.java:104)
	at sun.reflect.NativeMethodAccessorImpl.invoke0(Native Method)
	at sun.reflect.NativeMethodAccessorImpl.invoke(NativeMethodAccessorImpl.java:62)
	at sun.reflect.DelegatingMethodAccessorImpl.invoke(DelegatingMethodAccessorImpl.java:43)
	at java.lang.reflect.Method.invoke(Method.java:483)
	at org.apache.maven.surefire.util.ReflectionUtils.invokeMethodWithArray(ReflectionUtils.java:164)
	at org.apache.maven.surefire.booter.ProviderFactory$ProviderProxy.invoke(ProviderFactory.java:110)
	at org.apache.maven.surefire.booter.SurefireStarter.invokeProvider(SurefireStarter.java:175)
	at org.apache.maven.surefire.booter.SurefireStarter.runSuitesInProcessWhenForked(SurefireStarter.java:107)
	at org.apache.maven.surefire.booter.ForkedBooter.main(ForkedBooter.java:68)
testALL(org.apache.tomcat.util.net.jsse.openssl.TestOpenSSLCipherConfigurationParser)  Time elapsed: 0.008 sec  <<< FAILURE!
org.junit.ComparisonFailure: Tested 'ALL':  expected:<TLS_[DHE_RSA_WITH_AES_256_CBC_SHA,TLS_DHE_DSS_WITH_AES_256_CBC_SHA,TLS_DH_anon_WITH_AES_256_CBC_SHA,TLS_RSA_WITH_AES_256_CBC_SHA,SSL_DHE_RSA_WITH_3DES_EDE_CBC_SHA,TLS_DHE_RSA_WITH_3DES_EDE_CBC_SHA,TLS_DHE_DSS_WITH_3DES_EDE_CBC_SHA,SSL_DHE_DSS_WITH_3DES_EDE_CBC_SHA,TLS_DH_anon_WITH_3DES_EDE_CBC_SHA,SSL_DH_anon_WITH_3DES_EDE_CBC_SHA,TLS_RSA_WITH_3DES_EDE_CBC_SHA,SSL_RSA_WITH_3DES_EDE_CBC_SHA,SSL2_DES_192_EDE3_CBC_WITH_MD5,SSL_CK_DES_192_EDE3_CBC_WITH_MD5,TLS_DHE_RSA_WITH_AES_128_CBC_SHA,TLS_DHE_DSS_WITH_AES_128_CBC_SHA,TLS_DHE_RSA_WITH_SEED_CBC_SHA,TLS_DHE_DSS_WITH_SEED_CBC_SHA,TLS_DH_anon_WITH_AES_128_CBC_SHA,TLS_DH_anon_WITH_SEED_CBC_SHA,TLS_RSA_WITH_AES_128_CBC_SHA,TLS_RSA_WITH_SEED_CBC_SHA,SSL2_RC2_CBC_128_CBC_WITH_MD5,SSL_DH_anon_WITH_RC4_128_MD5,TLS_DH_anon_WITH_RC4_128_MD5,TLS_RSA_WITH_RC4_128_SHA,SSL_RSA_WITH_RC4_128_SHA,SSL_RSA_WITH_RC4_128_MD5,TLS_RSA_WITH_RC4_128_MD5,SSL_CK_RC4_128_WITH_MD5,SSL_DHE_RSA_WITH_DES_CBC_SHA,TLS_DHE_RSA_WITH_DES_CBC_SHA,SSL_DHE_DSS_WITH_DES_CBC_SHA,TLS_DHE_DSS_WITH_DES_CBC_SHA,TLS_DH_anon_WITH_DES_CBC_SHA,SSL_DH_anon_WITH_DES_CBC_SHA,SSL_RSA_WITH_DES_CBC_SHA,TLS_RSA_WITH_DES_CBC_SHA,SSL_CK_DES_64_CBC_WITH_MD5,SSL2_DES_64_CBC_WITH_MD5,SSL_DHE_RSA_EXPORT_WITH_DES40_CBC_SHA,TLS_DHE_RSA_EXPORT_WITH_DES40_CBC_SHA,SSL_DHE_DSS_EXPORT_WITH_DES40_CBC_SHA,TLS_DHE]_DSS_EXPORT_WITH_DES...> but was:<TLS_[ECDHE_RSA_WITH_AES_256_GCM_SHA384,TLS_ECDHE_ECDSA_WITH_AES_256_GCM_SHA384,TLS_ECDHE_RSA_WITH_AES_256_CBC_SHA384,TLS_ECDHE_ECDSA_WITH_AES_256_CBC_SHA384,TLS_ECDHE_RSA_WITH_AES_256_CBC_SHA,TLS_ECDHE_ECDSA_WITH_AES_256_CBC_SHA,TLS_SRP_SHA_DSS_WITH_AES_256_CBC_SHA,TLS_SRP_SHA_RSA_WITH_AES_256_CBC_SHA,TLS_SRP_SHA_WITH_AES_256_CBC_SHA,TLS_DH_DSS_WITH_AES_256_GCM_SHA384,TLS_DHE_DSS_WITH_AES_256_GCM_SHA384,TLS_DH_RSA_WITH_AES_256_GCM_SHA384,TLS_DHE_RSA_WITH_AES_256_GCM_SHA384,TLS_DHE_RSA_WITH_AES_256_CBC_SHA256,TLS_DHE_DSS_WITH_AES_256_CBC_SHA256,TLS_DH_RSA_WITH_AES_256_CBC_SHA256,TLS_DH_DSS_WITH_AES_256_CBC_SHA256,TLS_DHE_RSA_WITH_AES_256_CBC_SHA,TLS_DHE_DSS_WITH_AES_256_CBC_SHA,TLS_DH_RSA_WITH_AES_256_CBC_SHA,TLS_DH_DSS_WITH_AES_256_CBC_SHA,TLS_DHE_RSA_WITH_CAMELLIA_256_CBC_SHA,TLS_DHE_DSS_WITH_CAMELLIA_256_CBC_SHA,TLS_DH_RSA_WITH_CAMELLIA_256_CBC_SHA,TLS_DH_DSS_WITH_CAMELLIA_256_CBC_SHA,TLS_ECDH_anon_WITH_AES_256_CBC_SHA,TLS_DH_anon_WITH_AES_256_GCM_SHA384,TLS_DH_anon_WITH_AES_256_CBC_SHA256,TLS_DH_anon_WITH_AES_256_CBC_SHA,TLS_DH_anon_WITH_CAMELLIA_256_CBC_SHA,TLS_ECDH_RSA_WITH_AES_256_GCM_SHA384,TLS_ECDH_ECDSA_WITH_AES_256_GCM_SHA384,TLS_ECDH_RSA_WITH_AES_256_CBC_SHA384,TLS_ECDH_ECDSA_WITH_AES_256_CBC_SHA384,TLS_ECDH_RSA_WITH_AES_256_CBC_SHA,TLS_ECDH_ECDSA_WITH_AES_256_CBC_SHA,TLS_RSA_WITH_AES_256_GCM_SHA384,TLS_RSA_WITH_AES_256_CBC_SHA256,TLS_RSA_WITH_AES_256_CBC_SHA,TLS_RSA_WITH_CAMELLIA_256_CBC_SHA,TLS_PSK_WITH_AES_256_CBC_SHA,TLS_ECDHE_RSA_WITH_3DES_EDE_CBC_SHA,TLS_ECDHE_ECDSA_WITH_3DES_EDE_CBC_SHA,TLS_SRP_SHA_DSS_WITH_3DES_EDE_CBC_SHA,TLS_SRP_SHA_RSA_WITH_3DES_EDE_CBC_SHA,TLS_SRP_SHA_WITH_3DES_EDE_CBC_SHA,SSL_DHE_RSA_WITH_3DES_EDE_CBC_SHA,TLS_DHE_RSA_WITH_3DES_EDE_CBC_SHA,TLS_DHE_DSS_WITH_3DES_EDE_CBC_SHA,SSL_DHE_DSS_WITH_3DES_EDE_CBC_SHA,TLS_DH_RSA_WITH_3DES_EDE_CBC_SHA,SSL_DH_RSA_WITH_3DES_EDE_CBC_SHA,TLS_DH_DSS_WITH_3DES_EDE_CBC_SHA,SSL_DH_DSS_WITH_3DES_EDE_CBC_SHA,TLS_ECDH_anon_WITH_3DES_EDE_CBC_SHA,TLS_DH_anon_WITH_3DES_EDE_CBC_SHA,SSL_DH_anon_WITH_3DES_EDE_CBC_SHA,TLS_ECDH_RSA_WITH_3DES_EDE_CBC_SHA,TLS_ECDH_ECDSA_WITH_3DES_EDE_CBC_SHA,TLS_RSA_WITH_3DES_EDE_CBC_SHA,SSL_RSA_WITH_3DES_EDE_CBC_SHA,SSL2_DES_192_EDE3_CBC_WITH_MD5,SSL_CK_DES_192_EDE3_CBC_WITH_MD5,TLS_PSK_WITH_3DES_EDE_CBC_SHA,TLS_ECDHE_RSA_WITH_AES_128_GCM_SHA256,TLS_ECDHE_ECDSA_WITH_AES_128_GCM_SHA256,TLS_ECDHE_RSA_WITH_AES_128_CBC_SHA256,TLS_ECDHE_ECDSA_WITH_AES_128_CBC_SHA256,TLS_ECDHE_RSA_WITH_AES_128_CBC_SHA,TLS_ECDHE_ECDSA_WITH_AES_128_CBC_SHA,TLS_SRP_SHA_DSS_WITH_AES_128_CBC_SHA,TLS_SRP_SHA_RSA_WITH_AES_128_CBC_SHA,TLS_SRP_SHA_WITH_AES_128_CBC_SHA,TLS_DH_DSS_WITH_AES_128_GCM_SHA256,TLS_DHE_DSS_WITH_AES_128_GCM_SHA256,TLS_DH_RSA_WITH_AES_128_GCM_SHA256,TLS_DHE_RSA_WITH_AES_128_GCM_SHA256,TLS_DHE_RSA_WITH_AES_128_CBC_SHA256,TLS_DHE_DSS_WITH_AES_128_CBC_SHA256,TLS_DH_RSA_WITH_AES_128_CBC_SHA256,TLS_DH_DSS_WITH_AES_128_CBC_SHA256,TLS_DHE_RSA_WITH_AES_128_CBC_SHA,TLS_DHE_DSS_WITH_AES_128_CBC_SHA,TLS_DH_RSA_WITH_AES_128_CBC_SHA,TLS_DH_DSS_WITH_AES_128_CBC_SHA,TLS_DHE_RSA_WITH_SEED_CBC_SHA,TLS_DHE_DSS_WITH_SEED_CBC_SHA,TLS_DH_RSA_WITH_SEED_CBC_SHA,TLS_DH_DSS_WITH_SEED_CBC_SHA,TLS_DHE_RSA_WITH_CAMELLIA_128_CBC_SHA,TLS_DHE_DSS_WITH_CAMELLIA_128_CBC_SHA,TLS_DH_RSA_WITH_CAMELLIA_128_CBC_SHA,TLS_DH_DSS_WITH_CAMELLIA_128_CBC_SHA,TLS_ECDH_anon_WITH_AES_128_CBC_SHA,TLS_DH_anon_WITH_AES_128_GCM_SHA256,TLS_DH_anon_WITH_AES_128_CBC_SHA256,TLS_DH_anon_WITH_AES_128_CBC_SHA,TLS_DH_anon_WITH_SEED_CBC_SHA,TLS_DH_anon_WITH_CAMELLIA_128_CBC_SHA,TLS_ECDH_RSA_WITH_AES_128_GCM_SHA256,TLS_ECDH_ECDSA_WITH_AES_128_GCM_SHA256,TLS_ECDH_RSA_WITH_AES_128_CBC_SHA256,TLS_ECDH_ECDSA_WITH_AES_128_CBC_SHA256,TLS_ECDH_RSA_WITH_AES_128_CBC_SHA,TLS_ECDH_ECDSA_WITH_AES_128_CBC_SHA,TLS_RSA_WITH_AES_128_GCM_SHA256,TLS_RSA_WITH_AES_128_CBC_SHA256,TLS_RSA_WITH_AES_128_CBC_SHA,TLS_RSA_WITH_SEED_CBC_SHA,TLS_RSA_WITH_CAMELLIA_128_CBC_SHA,SSL_RSA_WITH_IDEA_CBC_SHA,TLS_RSA_WITH_IDEA_CBC_SHA,SSL_CK_IDEA_128_CBC_WITH_MD5,SSL2_IDEA_128_CBC_WITH_MD5,SSL2_RC2_CBC_128_CBC_WITH_MD5,TLS_PSK_WITH_AES_128_CBC_SHA,TLS_ECDHE_RSA_WITH_RC4_128_SHA,TLS_ECDHE_ECDSA_WITH_RC4_128_SHA,TLS_ECDH_anon_WITH_RC4_128_SHA,SSL_DH_anon_WITH_RC4_128_MD5,TLS_DH_anon_WITH_RC4_128_MD5,TLS_ECDH_RSA_WITH_RC4_128_SHA,TLS_ECDH_ECDSA_WITH_RC4_128_SHA,TLS_RSA_WITH_RC4_128_SHA,SSL_RSA_WITH_RC4_128_SHA,SSL_RSA_WITH_RC4_128_MD5,TLS_RSA_WITH_RC4_128_MD5,SSL_CK_RC4_128_WITH_MD5,TLS_PSK_WITH_RC4_128_SHA,SSL_DHE_RSA_WITH_DES_CBC_SHA,TLS_DHE_RSA_WITH_DES_CBC_SHA,SSL_DHE_DSS_WITH_DES_CBC_SHA,TLS_DHE_DSS_WITH_DES_CBC_SHA,SSL_DH_RSA_WITH_DES_CBC_SHA,TLS_DH_RSA_WITH_DES_CBC_SHA,SSL_DH_DSS_WITH_DES_CBC_SHA,TLS_DH_DSS_WITH_DES_CBC_SHA,TLS_DH_anon_WITH_DES_CBC_SHA,SSL_DH_anon_WITH_DES_CBC_SHA,SSL_RSA_WITH_DES_CBC_SHA,TLS_RSA_WITH_DES_CBC_SHA,SSL_CK_DES_64_CBC_WITH_MD5,SSL2_DES_64_CBC_WITH_MD5,SSL_DHE_RSA_EXPORT_WITH_DES40_CBC_SHA,TLS_DHE_RSA_EXPORT_WITH_DES40_CBC_SHA,SSL_DHE_DSS_EXPORT_WITH_DES40_CBC_SHA,TLS_DHE_DSS_EXPORT_WITH_DES40_CBC_SHA,SSL_DH_RSA_EXPORT_WITH_DES40_CBC_SHA,TLS_DH_RSA_EXPORT_WITH_DES40_CBC_SHA,SSL_DH_DSS_EXPORT_WITH_DES40_CBC_SHA,TLS_DH]_DSS_EXPORT_WITH_DES...>
	at org.junit.Assert.assertEquals(Assert.java:115)
	at org.apache.tomcat.util.net.jsse.openssl.TestOpenSSLCipherConfigurationParser.testSpecification(TestOpenSSLCipherConfigurationParser.java:499)
	at org.apache.tomcat.util.net.jsse.openssl.TestOpenSSLCipherConfigurationParser.testALL(TestOpenSSLCipherConfigurationParser.java:49)
	at sun.reflect.NativeMethodAccessorImpl.invoke0(Native Method)
	at sun.reflect.NativeMethodAccessorImpl.invoke(NativeMethodAccessorImpl.java:62)
	at sun.reflect.DelegatingMethodAccessorImpl.invoke(DelegatingMethodAccessorImpl.java:43)
	at java.lang.reflect.Method.invoke(Method.java:483)
	at org.junit.runners.model.FrameworkMethod$1.runReflectiveCall(FrameworkMethod.java:50)
	at org.junit.internal.runners.model.ReflectiveCallable.run(ReflectiveCallable.java:12)
	at org.junit.runners.model.FrameworkMethod.invokeExplosively(FrameworkMethod.java:47)
	at org.junit.internal.runners.statements.InvokeMethod.evaluate(InvokeMethod.java:17)
	at org.junit.internal.runners.statements.RunBefores.evaluate(RunBefores.java:26)
	at org.junit.runners.ParentRunner.runLeaf(ParentRunner.java:325)
	at org.junit.runners.BlockJUnit4ClassRunner.runChild(BlockJUnit4ClassRunner.java:78)
	at org.junit.runners.BlockJUnit4ClassRunner.runChild(BlockJUnit4ClassRunner.java:57)
	at org.junit.runners.ParentRunner$3.run(ParentRunner.java:290)
	at org.junit.runners.ParentRunner$1.schedule(ParentRunner.java:71)
	at org.junit.runners.ParentRunner.runChildren(ParentRunner.java:288)
	at org.junit.runners.ParentRunner.access$000(ParentRunner.java:58)
	at org.junit.runners.ParentRunner$2.evaluate(ParentRunner.java:268)
	at org.junit.runners.ParentRunner.run(ParentRunner.java:363)
	at org.apache.maven.surefire.junit4.JUnit4TestSet.execute(JUnit4TestSet.java:53)
	at org.apache.maven.surefire.junit4.JUnit4Provider.executeTestSet(JUnit4Provider.java:123)
	at org.apache.maven.surefire.junit4.JUnit4Provider.invoke(JUnit4Provider.java:104)
	at sun.reflect.NativeMethodAccessorImpl.invoke0(Native Method)
	at sun.reflect.NativeMethodAccessorImpl.invoke(NativeMethodAccessorImpl.java:62)
	at sun.reflect.DelegatingMethodAccessorImpl.invoke(DelegatingMethodAccessorImpl.java:43)
	at java.lang.reflect.Method.invoke(Method.java:483)
	at org.apache.maven.surefire.util.ReflectionUtils.invokeMethodWithArray(ReflectionUtils.java:164)
	at org.apache.maven.surefire.booter.ProviderFactory$ProviderProxy.invoke(ProviderFactory.java:110)
	at org.apache.maven.surefire.booter.SurefireStarter.invokeProvider(SurefireStarter.java:175)
	at org.apache.maven.surefire.booter.SurefireStarter.runSuitesInProcessWhenForked(SurefireStarter.java:107)
	at org.apache.maven.surefire.booter.ForkedBooter.main(ForkedBooter.java:68)
testDES(org.apache.tomcat.util.net.jsse.openssl.TestOpenSSLCipherConfigurationParser)  Time elapsed: 0.006 sec  <<< FAILURE!
org.junit.ComparisonFailure: Tested 'DES':  expected:<...SS_WITH_DES_CBC_SHA,[TLS_DH_anon_WITH_DES_CBC_SHA,SSL_DH_anon_WITH_DES_CBC_SHA,SSL_RSA_WITH_DES_CBC_SHA,TLS_RSA_WITH_DES_CBC_SHA,SSL_CK_DES_64_CBC_WITH_MD5,SSL2_DES_64_CBC_WITH_MD5,SSL_DHE_RSA_EXPORT_WITH_DES40_CBC_SHA,TLS_DHE_RSA_EXPORT_WITH_DES40_CBC_SHA,SSL_DHE_DSS_EXPORT_WITH_DES40_CBC_SHA,TLS_DHE]_DSS_EXPORT_WITH_DES...> but was:<...SS_WITH_DES_CBC_SHA,[SSL_DH_RSA_WITH_DES_CBC_SHA,TLS_DH_RSA_WITH_DES_CBC_SHA,SSL_DH_DSS_WITH_DES_CBC_SHA,TLS_DH_DSS_WITH_DES_CBC_SHA,TLS_DH_anon_WITH_DES_CBC_SHA,SSL_DH_anon_WITH_DES_CBC_SHA,SSL_RSA_WITH_DES_CBC_SHA,TLS_RSA_WITH_DES_CBC_SHA,SSL_CK_DES_64_CBC_WITH_MD5,SSL2_DES_64_CBC_WITH_MD5,SSL_DHE_RSA_EXPORT_WITH_DES40_CBC_SHA,TLS_DHE_RSA_EXPORT_WITH_DES40_CBC_SHA,SSL_DHE_DSS_EXPORT_WITH_DES40_CBC_SHA,TLS_DHE_DSS_EXPORT_WITH_DES40_CBC_SHA,SSL_DH_RSA_EXPORT_WITH_DES40_CBC_SHA,TLS_DH_RSA_EXPORT_WITH_DES40_CBC_SHA,SSL_DH_DSS_EXPORT_WITH_DES40_CBC_SHA,TLS_DH]_DSS_EXPORT_WITH_DES...>
	at org.junit.Assert.assertEquals(Assert.java:115)
	at org.apache.tomcat.util.net.jsse.openssl.TestOpenSSLCipherConfigurationParser.testSpecification(TestOpenSSLCipherConfigurationParser.java:499)
	at org.apache.tomcat.util.net.jsse.openssl.TestOpenSSLCipherConfigurationParser.testDES(TestOpenSSLCipherConfigurationParser.java:358)
	at sun.reflect.NativeMethodAccessorImpl.invoke0(Native Method)
	at sun.reflect.NativeMethodAccessorImpl.invoke(NativeMethodAccessorImpl.java:62)
	at sun.reflect.DelegatingMethodAccessorImpl.invoke(DelegatingMethodAccessorImpl.java:43)
	at java.lang.reflect.Method.invoke(Method.java:483)
	at org.junit.runners.model.FrameworkMethod$1.runReflectiveCall(FrameworkMethod.java:50)
	at org.junit.internal.runners.model.ReflectiveCallable.run(ReflectiveCallable.java:12)
	at org.junit.runners.model.FrameworkMethod.invokeExplosively(FrameworkMethod.java:47)
	at org.junit.internal.runners.statements.InvokeMethod.evaluate(InvokeMethod.java:17)
	at org.junit.internal.runners.statements.RunBefores.evaluate(RunBefores.java:26)
	at org.junit.runners.ParentRunner.runLeaf(ParentRunner.java:325)
	at org.junit.runners.BlockJUnit4ClassRunner.runChild(BlockJUnit4ClassRunner.java:78)
	at org.junit.runners.BlockJUnit4ClassRunner.runChild(BlockJUnit4ClassRunner.java:57)
	at org.junit.runners.ParentRunner$3.run(ParentRunner.java:290)
	at org.junit.runners.ParentRunner$1.schedule(ParentRunner.java:71)
	at org.junit.runners.ParentRunner.runChildren(ParentRunner.java:288)
	at org.junit.runners.ParentRunner.access$000(ParentRunner.java:58)
	at org.junit.runners.ParentRunner$2.evaluate(ParentRunner.java:268)
	at org.junit.runners.ParentRunner.run(ParentRunner.java:363)
	at org.apache.maven.surefire.junit4.JUnit4TestSet.execute(JUnit4TestSet.java:53)
	at org.apache.maven.surefire.junit4.JUnit4Provider.executeTestSet(JUnit4Provider.java:123)
	at org.apache.maven.surefire.junit4.JUnit4Provider.invoke(JUnit4Provider.java:104)
	at sun.reflect.NativeMethodAccessorImpl.invoke0(Native Method)
	at sun.reflect.NativeMethodAccessorImpl.invoke(NativeMethodAccessorImpl.java:62)
	at sun.reflect.DelegatingMethodAccessorImpl.invoke(DelegatingMethodAccessorImpl.java:43)
	at java.lang.reflect.Method.invoke(Method.java:483)
	at org.apache.maven.surefire.util.ReflectionUtils.invokeMethodWithArray(ReflectionUtils.java:164)
	at org.apache.maven.surefire.booter.ProviderFactory$ProviderProxy.invoke(ProviderFactory.java:110)
	at org.apache.maven.surefire.booter.SurefireStarter.invokeProvider(SurefireStarter.java:175)
	at org.apache.maven.surefire.booter.SurefireStarter.runSuitesInProcessWhenForked(SurefireStarter.java:107)
	at org.apache.maven.surefire.booter.ForkedBooter.main(ForkedBooter.java:68)
testDHE(org.apache.tomcat.util.net.jsse.openssl.TestOpenSSLCipherConfigurationParser)  Time elapsed: 0.005 sec  <<< FAILURE!
org.junit.ComparisonFailure: Tested 'DHE':  expected:<[]> but was:<[TLS_DHE_DSS_WITH_AES_256_GCM_SHA384,TLS_DHE_RSA_WITH_AES_256_GCM_SHA384,TLS_DHE_RSA_WITH_AES_256_CBC_SHA256,TLS_DHE_DSS_WITH_AES_256_CBC_SHA256,TLS_DHE_RSA_WITH_AES_256_CBC_SHA,TLS_DHE_DSS_WITH_AES_256_CBC_SHA,TLS_DHE_RSA_WITH_CAMELLIA_256_CBC_SHA,TLS_DHE_DSS_WITH_CAMELLIA_256_CBC_SHA,SSL_DHE_RSA_WITH_3DES_EDE_CBC_SHA,TLS_DHE_RSA_WITH_3DES_EDE_CBC_SHA,TLS_DHE_DSS_WITH_3DES_EDE_CBC_SHA,SSL_DHE_DSS_WITH_3DES_EDE_CBC_SHA,TLS_DHE_DSS_WITH_AES_128_GCM_SHA256,TLS_DHE_RSA_WITH_AES_128_GCM_SHA256,TLS_DHE_RSA_WITH_AES_128_CBC_SHA256,TLS_DHE_DSS_WITH_AES_128_CBC_SHA256,TLS_DHE_RSA_WITH_AES_128_CBC_SHA,TLS_DHE_DSS_WITH_AES_128_CBC_SHA,TLS_DHE_RSA_WITH_SEED_CBC_SHA,TLS_DHE_DSS_WITH_SEED_CBC_SHA,TLS_DHE_RSA_WITH_CAMELLIA_128_CBC_SHA,TLS_DHE_DSS_WITH_CAMELLIA_128_CBC_SHA,SSL_DHE_RSA_WITH_DES_CBC_SHA,TLS_DHE_RSA_WITH_DES_CBC_SHA,SSL_DHE_DSS_WITH_DES_CBC_SHA,TLS_DHE_DSS_WITH_DES_CBC_SHA,SSL_DHE_RSA_EXPORT_WITH_DES40_CBC_SHA,TLS_DHE_RSA_EXPORT_WITH_DES40_CBC_SHA,SSL_DHE_DSS_EXPORT_WITH_DES40_CBC_SHA,TLS_DHE_DSS_EXPORT_WITH_DES40_CBC_SHA,]>
	at org.junit.Assert.assertEquals(Assert.java:115)
	at org.apache.tomcat.util.net.jsse.openssl.TestOpenSSLCipherConfigurationParser.testSpecification(TestOpenSSLCipherConfigurationParser.java:499)
	at org.apache.tomcat.util.net.jsse.openssl.TestOpenSSLCipherConfigurationParser.testDHE(TestOpenSSLCipherConfigurationParser.java:139)
	at sun.reflect.NativeMethodAccessorImpl.invoke0(Native Method)
	at sun.reflect.NativeMethodAccessorImpl.invoke(NativeMethodAccessorImpl.java:62)
	at sun.reflect.DelegatingMethodAccessorImpl.invoke(DelegatingMethodAccessorImpl.java:43)
	at java.lang.reflect.Method.invoke(Method.java:483)
	at org.junit.runners.model.FrameworkMethod$1.runReflectiveCall(FrameworkMethod.java:50)
	at org.junit.internal.runners.model.ReflectiveCallable.run(ReflectiveCallable.java:12)
	at org.junit.runners.model.FrameworkMethod.invokeExplosively(FrameworkMethod.java:47)
	at org.junit.internal.runners.statements.InvokeMethod.evaluate(InvokeMethod.java:17)
	at org.junit.internal.runners.statements.RunBefores.evaluate(RunBefores.java:26)
	at org.junit.runners.ParentRunner.runLeaf(ParentRunner.java:325)
	at org.junit.runners.BlockJUnit4ClassRunner.runChild(BlockJUnit4ClassRunner.java:78)
	at org.junit.runners.BlockJUnit4ClassRunner.runChild(BlockJUnit4ClassRunner.java:57)
	at org.junit.runners.ParentRunner$3.run(ParentRunner.java:290)
	at org.junit.runners.ParentRunner$1.schedule(ParentRunner.java:71)
	at org.junit.runners.ParentRunner.runChildren(ParentRunner.java:288)
	at org.junit.runners.ParentRunner.access$000(ParentRunner.java:58)
	at org.junit.runners.ParentRunner$2.evaluate(ParentRunner.java:268)
	at org.junit.runners.ParentRunner.run(ParentRunner.java:363)
	at org.apache.maven.surefire.junit4.JUnit4TestSet.execute(JUnit4TestSet.java:53)
	at org.apache.maven.surefire.junit4.JUnit4Provider.executeTestSet(JUnit4Provider.java:123)
	at org.apache.maven.surefire.junit4.JUnit4Provider.invoke(JUnit4Provider.java:104)
	at sun.reflect.NativeMethodAccessorImpl.invoke0(Native Method)
	at sun.reflect.NativeMethodAccessorImpl.invoke(NativeMethodAccessorImpl.java:62)
	at sun.reflect.DelegatingMethodAccessorImpl.invoke(DelegatingMethodAccessorImpl.java:43)
	at java.lang.reflect.Method.invoke(Method.java:483)
	at org.apache.maven.surefire.util.ReflectionUtils.invokeMethodWithArray(ReflectionUtils.java:164)
	at org.apache.maven.surefire.booter.ProviderFactory$ProviderProxy.invoke(ProviderFactory.java:110)
	at org.apache.maven.surefire.booter.SurefireStarter.invokeProvider(SurefireStarter.java:175)
	at org.apache.maven.surefire.booter.SurefireStarter.runSuitesInProcessWhenForked(SurefireStarter.java:107)
	at org.apache.maven.surefire.booter.ForkedBooter.main(ForkedBooter.java:68)
testEDH(org.apache.tomcat.util.net.jsse.openssl.TestOpenSSLCipherConfigurationParser)  Time elapsed: 0.006 sec  <<< FAILURE!
org.junit.ComparisonFailure: Tested 'EDH':  expected:<[]> but was:<[TLS_DHE_DSS_WITH_AES_256_GCM_SHA384,TLS_DHE_RSA_WITH_AES_256_GCM_SHA384,TLS_DHE_RSA_WITH_AES_256_CBC_SHA256,TLS_DHE_DSS_WITH_AES_256_CBC_SHA256,TLS_DHE_RSA_WITH_AES_256_CBC_SHA,TLS_DHE_DSS_WITH_AES_256_CBC_SHA,TLS_DHE_RSA_WITH_CAMELLIA_256_CBC_SHA,TLS_DHE_DSS_WITH_CAMELLIA_256_CBC_SHA,SSL_DHE_RSA_WITH_3DES_EDE_CBC_SHA,TLS_DHE_RSA_WITH_3DES_EDE_CBC_SHA,TLS_DHE_DSS_WITH_3DES_EDE_CBC_SHA,SSL_DHE_DSS_WITH_3DES_EDE_CBC_SHA,TLS_DHE_DSS_WITH_AES_128_GCM_SHA256,TLS_DHE_RSA_WITH_AES_128_GCM_SHA256,TLS_DHE_RSA_WITH_AES_128_CBC_SHA256,TLS_DHE_DSS_WITH_AES_128_CBC_SHA256,TLS_DHE_RSA_WITH_AES_128_CBC_SHA,TLS_DHE_DSS_WITH_AES_128_CBC_SHA,TLS_DHE_RSA_WITH_SEED_CBC_SHA,TLS_DHE_DSS_WITH_SEED_CBC_SHA,TLS_DHE_RSA_WITH_CAMELLIA_128_CBC_SHA,TLS_DHE_DSS_WITH_CAMELLIA_128_CBC_SHA,SSL_DHE_RSA_WITH_DES_CBC_SHA,TLS_DHE_RSA_WITH_DES_CBC_SHA,SSL_DHE_DSS_WITH_DES_CBC_SHA,TLS_DHE_DSS_WITH_DES_CBC_SHA,SSL_DHE_RSA_EXPORT_WITH_DES40_CBC_SHA,TLS_DHE_RSA_EXPORT_WITH_DES40_CBC_SHA,SSL_DHE_DSS_EXPORT_WITH_DES40_CBC_SHA,TLS_DHE_DSS_EXPORT_WITH_DES40_CBC_SHA,]>
	at org.junit.Assert.assertEquals(Assert.java:115)
	at org.apache.tomcat.util.net.jsse.openssl.TestOpenSSLCipherConfigurationParser.testSpecification(TestOpenSSLCipherConfigurationParser.java:499)
	at org.apache.tomcat.util.net.jsse.openssl.TestOpenSSLCipherConfigurationParser.testEDH(TestOpenSSLCipherConfigurationParser.java:133)
	at sun.reflect.NativeMethodAccessorImpl.invoke0(Native Method)
	at sun.reflect.NativeMethodAccessorImpl.invoke(NativeMethodAccessorImpl.java:62)
	at sun.reflect.DelegatingMethodAccessorImpl.invoke(DelegatingMethodAccessorImpl.java:43)
	at java.lang.reflect.Method.invoke(Method.java:483)
	at org.junit.runners.model.FrameworkMethod$1.runReflectiveCall(FrameworkMethod.java:50)
	at org.junit.internal.runners.model.ReflectiveCallable.run(ReflectiveCallable.java:12)
	at org.junit.runners.model.FrameworkMethod.invokeExplosively(FrameworkMethod.java:47)
	at org.junit.internal.runners.statements.InvokeMethod.evaluate(InvokeMethod.java:17)
	at org.junit.internal.runners.statements.RunBefores.evaluate(RunBefores.java:26)
	at org.junit.runners.ParentRunner.runLeaf(ParentRunner.java:325)
	at org.junit.runners.BlockJUnit4ClassRunner.runChild(BlockJUnit4ClassRunner.java:78)
	at org.junit.runners.BlockJUnit4ClassRunner.runChild(BlockJUnit4ClassRunner.java:57)
	at org.junit.runners.ParentRunner$3.run(ParentRunner.java:290)
	at org.junit.runners.ParentRunner$1.schedule(ParentRunner.java:71)
	at org.junit.runners.ParentRunner.runChildren(ParentRunner.java:288)
	at org.junit.runners.ParentRunner.access$000(ParentRunner.java:58)
	at org.junit.runners.ParentRunner$2.evaluate(ParentRunner.java:268)
	at org.junit.runners.ParentRunner.run(ParentRunner.java:363)
	at org.apache.maven.surefire.junit4.JUnit4TestSet.execute(JUnit4TestSet.java:53)
	at org.apache.maven.surefire.junit4.JUnit4Provider.executeTestSet(JUnit4Provider.java:123)
	at org.apache.maven.surefire.junit4.JUnit4Provider.invoke(JUnit4Provider.java:104)
	at sun.reflect.NativeMethodAccessorImpl.invoke0(Native Method)
	at sun.reflect.NativeMethodAccessorImpl.invoke(NativeMethodAccessorImpl.java:62)
	at sun.reflect.DelegatingMethodAccessorImpl.invoke(DelegatingMethodAccessorImpl.java:43)
	at java.lang.reflect.Method.invoke(Method.java:483)
	at org.apache.maven.surefire.util.ReflectionUtils.invokeMethodWithArray(ReflectionUtils.java:164)
	at org.apache.maven.surefire.booter.ProviderFactory$ProviderProxy.invoke(ProviderFactory.java:110)
	at org.apache.maven.surefire.booter.SurefireStarter.invokeProvider(SurefireStarter.java:175)
	at org.apache.maven.surefire.booter.SurefireStarter.runSuitesInProcessWhenForked(SurefireStarter.java:107)
	at org.apache.maven.surefire.booter.ForkedBooter.main(ForkedBooter.java:68)
testLOW(org.apache.tomcat.util.net.jsse.openssl.TestOpenSSLCipherConfigurationParser)  Time elapsed: 0.005 sec  <<< FAILURE!
org.junit.ComparisonFailure: Tested 'LOW':  expected:<...SS_WITH_DES_CBC_SHA,[]TLS_DH_anon_WITH_DES...> but was:<...SS_WITH_DES_CBC_SHA,[SSL_DH_RSA_WITH_DES_CBC_SHA,TLS_DH_RSA_WITH_DES_CBC_SHA,SSL_DH_DSS_WITH_DES_CBC_SHA,TLS_DH_DSS_WITH_DES_CBC_SHA,]TLS_DH_anon_WITH_DES...>
	at org.junit.Assert.assertEquals(Assert.java:115)
	at org.apache.tomcat.util.net.jsse.openssl.TestOpenSSLCipherConfigurationParser.testSpecification(TestOpenSSLCipherConfigurationParser.java:499)
	at org.apache.tomcat.util.net.jsse.openssl.TestOpenSSLCipherConfigurationParser.testLOW(TestOpenSSLCipherConfigurationParser.java:85)
	at sun.reflect.NativeMethodAccessorImpl.invoke0(Native Method)
	at sun.reflect.NativeMethodAccessorImpl.invoke(NativeMethodAccessorImpl.java:62)
	at sun.reflect.DelegatingMethodAccessorImpl.invoke(DelegatingMethodAccessorImpl.java:43)
	at java.lang.reflect.Method.invoke(Method.java:483)
	at org.junit.runners.model.FrameworkMethod$1.runReflectiveCall(FrameworkMethod.java:50)
	at org.junit.internal.runners.model.ReflectiveCallable.run(ReflectiveCallable.java:12)
	at org.junit.runners.model.FrameworkMethod.invokeExplosively(FrameworkMethod.java:47)
	at org.junit.internal.runners.statements.InvokeMethod.evaluate(InvokeMethod.java:17)
	at org.junit.internal.runners.statements.RunBefores.evaluate(RunBefores.java:26)
	at org.junit.runners.ParentRunner.runLeaf(ParentRunner.java:325)
	at org.junit.runners.BlockJUnit4ClassRunner.runChild(BlockJUnit4ClassRunner.java:78)
	at org.junit.runners.BlockJUnit4ClassRunner.runChild(BlockJUnit4ClassRunner.java:57)
	at org.junit.runners.ParentRunner$3.run(ParentRunner.java:290)
	at org.junit.runners.ParentRunner$1.schedule(ParentRunner.java:71)
	at org.junit.runners.ParentRunner.runChildren(ParentRunner.java:288)
	at org.junit.runners.ParentRunner.access$000(ParentRunner.java:58)
	at org.junit.runners.ParentRunner$2.evaluate(ParentRunner.java:268)
	at org.junit.runners.ParentRunner.run(ParentRunner.java:363)
	at org.apache.maven.surefire.junit4.JUnit4TestSet.execute(JUnit4TestSet.java:53)
	at org.apache.maven.surefire.junit4.JUnit4Provider.executeTestSet(JUnit4Provider.java:123)
	at org.apache.maven.surefire.junit4.JUnit4Provider.invoke(JUnit4Provider.java:104)
	at sun.reflect.NativeMethodAccessorImpl.invoke0(Native Method)
	at sun.reflect.NativeMethodAccessorImpl.invoke(NativeMethodAccessorImpl.java:62)
	at sun.reflect.DelegatingMethodAccessorImpl.invoke(DelegatingMethodAccessorImpl.java:43)
	at java.lang.reflect.Method.invoke(Method.java:483)
	at org.apache.maven.surefire.util.ReflectionUtils.invokeMethodWithArray(ReflectionUtils.java:164)
	at org.apache.maven.surefire.booter.ProviderFactory$ProviderProxy.invoke(ProviderFactory.java:110)
	at org.apache.maven.surefire.booter.SurefireStarter.invokeProvider(SurefireStarter.java:175)
	at org.apache.maven.surefire.booter.SurefireStarter.runSuitesInProcessWhenForked(SurefireStarter.java:107)
	at org.apache.maven.surefire.booter.ForkedBooter.main(ForkedBooter.java:68)
testMD5(org.apache.tomcat.util.net.jsse.openssl.TestOpenSSLCipherConfigurationParser)  Time elapsed: 0.015 sec  <<< FAILURE!
org.junit.ComparisonFailure: Tested 'MD5':  expected:<...DE3_CBC_WITH_MD5,SSL[]2_RC2_CBC_128_CBC_WI...> but was:<...DE3_CBC_WITH_MD5,SSL[_CK_IDEA_128_CBC_WITH_MD5,SSL2_IDEA_128_CBC_WITH_MD5,SSL]2_RC2_CBC_128_CBC_WI...>
	at org.junit.Assert.assertEquals(Assert.java:115)
	at org.apache.tomcat.util.net.jsse.openssl.TestOpenSSLCipherConfigurationParser.testSpecification(TestOpenSSLCipherConfigurationParser.java:499)
	at org.apache.tomcat.util.net.jsse.openssl.TestOpenSSLCipherConfigurationParser.testMD5(TestOpenSSLCipherConfigurationParser.java:388)
	at sun.reflect.NativeMethodAccessorImpl.invoke0(Native Method)
	at sun.reflect.NativeMethodAccessorImpl.invoke(NativeMethodAccessorImpl.java:62)
	at sun.reflect.DelegatingMethodAccessorImpl.invoke(DelegatingMethodAccessorImpl.java:43)
	at java.lang.reflect.Method.invoke(Method.java:483)
	at org.junit.runners.model.FrameworkMethod$1.runReflectiveCall(FrameworkMethod.java:50)
	at org.junit.internal.runners.model.ReflectiveCallable.run(ReflectiveCallable.java:12)
	at org.junit.runners.model.FrameworkMethod.invokeExplosively(FrameworkMethod.java:47)
	at org.junit.internal.runners.statements.InvokeMethod.evaluate(InvokeMethod.java:17)
	at org.junit.internal.runners.statements.RunBefores.evaluate(RunBefores.java:26)
	at org.junit.runners.ParentRunner.runLeaf(ParentRunner.java:325)
	at org.junit.runners.BlockJUnit4ClassRunner.runChild(BlockJUnit4ClassRunner.java:78)
	at org.junit.runners.BlockJUnit4ClassRunner.runChild(BlockJUnit4ClassRunner.java:57)
	at org.junit.runners.ParentRunner$3.run(ParentRunner.java:290)
	at org.junit.runners.ParentRunner$1.schedule(ParentRunner.java:71)
	at org.junit.runners.ParentRunner.runChildren(ParentRunner.java:288)
	at org.junit.runners.ParentRunner.access$000(ParentRunner.java:58)
	at org.junit.runners.ParentRunner$2.evaluate(ParentRunner.java:268)
	at org.junit.runners.ParentRunner.run(ParentRunner.java:363)
	at org.apache.maven.surefire.junit4.JUnit4TestSet.execute(JUnit4TestSet.java:53)
	at org.apache.maven.surefire.junit4.JUnit4Provider.executeTestSet(JUnit4Provider.java:123)
	at org.apache.maven.surefire.junit4.JUnit4Provider.invoke(JUnit4Provider.java:104)
	at sun.reflect.NativeMethodAccessorImpl.invoke0(Native Method)
	at sun.reflect.NativeMethodAccessorImpl.invoke(NativeMethodAccessorImpl.java:62)
	at sun.reflect.DelegatingMethodAccessorImpl.invoke(DelegatingMethodAccessorImpl.java:43)
	at java.lang.reflect.Method.invoke(Method.java:483)
	at org.apache.maven.surefire.util.ReflectionUtils.invokeMethodWithArray(ReflectionUtils.java:164)
	at org.apache.maven.surefire.booter.ProviderFactory$ProviderProxy.invoke(ProviderFactory.java:110)
	at org.apache.maven.surefire.booter.SurefireStarter.invokeProvider(SurefireStarter.java:175)
	at org.apache.maven.surefire.booter.SurefireStarter.runSuitesInProcessWhenForked(SurefireStarter.java:107)
	at org.apache.maven.surefire.booter.ForkedBooter.main(ForkedBooter.java:68)
testPSK(org.apache.tomcat.util.net.jsse.openssl.TestOpenSSLCipherConfigurationParser)  Time elapsed: 0.005 sec  <<< FAILURE!
org.junit.ComparisonFailure: Tested 'PSK':  expected:<[]> but was:<[TLS_PSK_WITH_AES_256_CBC_SHA,TLS_PSK_WITH_3DES_EDE_CBC_SHA,TLS_PSK_WITH_AES_128_CBC_SHA,TLS_PSK_WITH_RC4_128_SHA,]>
	at org.junit.Assert.assertEquals(Assert.java:115)
	at org.apache.tomcat.util.net.jsse.openssl.TestOpenSSLCipherConfigurationParser.testSpecification(TestOpenSSLCipherConfigurationParser.java:499)
	at org.apache.tomcat.util.net.jsse.openssl.TestOpenSSLCipherConfigurationParser.testPSK(TestOpenSSLCipherConfigurationParser.java:460)
	at sun.reflect.NativeMethodAccessorImpl.invoke0(Native Method)
	at sun.reflect.NativeMethodAccessorImpl.invoke(NativeMethodAccessorImpl.java:62)
	at sun.reflect.DelegatingMethodAccessorImpl.invoke(DelegatingMethodAccessorImpl.java:43)
	at java.lang.reflect.Method.invoke(Method.java:483)
	at org.junit.runners.model.FrameworkMethod$1.runReflectiveCall(FrameworkMethod.java:50)
	at org.junit.internal.runners.model.ReflectiveCallable.run(ReflectiveCallable.java:12)
	at org.junit.runners.model.FrameworkMethod.invokeExplosively(FrameworkMethod.java:47)
	at org.junit.internal.runners.statements.InvokeMethod.evaluate(InvokeMethod.java:17)
	at org.junit.internal.runners.statements.RunBefores.evaluate(RunBefores.java:26)
	at org.junit.runners.ParentRunner.runLeaf(ParentRunner.java:325)
	at org.junit.runners.BlockJUnit4ClassRunner.runChild(BlockJUnit4ClassRunner.java:78)
	at org.junit.runners.BlockJUnit4ClassRunner.runChild(BlockJUnit4ClassRunner.java:57)
	at org.junit.runners.ParentRunner$3.run(ParentRunner.java:290)
	at org.junit.runners.ParentRunner$1.schedule(ParentRunner.java:71)
	at org.junit.runners.ParentRunner.runChildren(ParentRunner.java:288)
	at org.junit.runners.ParentRunner.access$000(ParentRunner.java:58)
	at org.junit.runners.ParentRunner$2.evaluate(ParentRunner.java:268)
	at org.junit.runners.ParentRunner.run(ParentRunner.java:363)
	at org.apache.maven.surefire.junit4.JUnit4TestSet.execute(JUnit4TestSet.java:53)
	at org.apache.maven.surefire.junit4.JUnit4Provider.executeTestSet(JUnit4Provider.java:123)
	at org.apache.maven.surefire.junit4.JUnit4Provider.invoke(JUnit4Provider.java:104)
	at sun.reflect.NativeMethodAccessorImpl.invoke0(Native Method)
	at sun.reflect.NativeMethodAccessorImpl.invoke(NativeMethodAccessorImpl.java:62)
	at sun.reflect.DelegatingMethodAccessorImpl.invoke(DelegatingMethodAccessorImpl.java:43)
	at java.lang.reflect.Method.invoke(Method.java:483)
	at org.apache.maven.surefire.util.ReflectionUtils.invokeMethodWithArray(ReflectionUtils.java:164)
	at org.apache.maven.surefire.booter.ProviderFactory$ProviderProxy.invoke(ProviderFactory.java:110)
	at org.apache.maven.surefire.booter.SurefireStarter.invokeProvider(SurefireStarter.java:175)
	at org.apache.maven.surefire.booter.SurefireStarter.runSuitesInProcessWhenForked(SurefireStarter.java:107)
	at org.apache.maven.surefire.booter.ForkedBooter.main(ForkedBooter.java:68)
testRC4(org.apache.tomcat.util.net.jsse.openssl.TestOpenSSLCipherConfigurationParser)  Time elapsed: 0.006 sec  <<< FAILURE!
org.junit.ComparisonFailure: Tested 'RC4':  expected:<[SSL_DH_anon_WITH_RC4_128_MD5,TLS_DH_anon_WITH_RC4_128_MD5,TLS_RSA_WITH_RC4_128_SHA,SSL_RSA_WITH_RC4_128_SHA,SSL_RSA_WITH_RC4_128_MD5,TLS_RSA_WITH_RC4_128_MD5,SSL_CK_RC4_128_WITH_MD5],SSL_DH_anon_EXPORT_...> but was:<[TLS_ECDHE_RSA_WITH_RC4_128_SHA,TLS_ECDHE_ECDSA_WITH_RC4_128_SHA,TLS_ECDH_anon_WITH_RC4_128_SHA,SSL_DH_anon_WITH_RC4_128_MD5,TLS_DH_anon_WITH_RC4_128_MD5,TLS_ECDH_RSA_WITH_RC4_128_SHA,TLS_ECDH_ECDSA_WITH_RC4_128_SHA,TLS_RSA_WITH_RC4_128_SHA,SSL_RSA_WITH_RC4_128_SHA,SSL_RSA_WITH_RC4_128_MD5,TLS_RSA_WITH_RC4_128_MD5,SSL_CK_RC4_128_WITH_MD5,TLS_PSK_WITH_RC4_128_SHA],SSL_DH_anon_EXPORT_...>
	at org.junit.Assert.assertEquals(Assert.java:115)
	at org.apache.tomcat.util.net.jsse.openssl.TestOpenSSLCipherConfigurationParser.testSpecification(TestOpenSSLCipherConfigurationParser.java:499)
	at org.apache.tomcat.util.net.jsse.openssl.TestOpenSSLCipherConfigurationParser.testRC4(TestOpenSSLCipherConfigurationParser.java:364)
	at sun.reflect.NativeMethodAccessorImpl.invoke0(Native Method)
	at sun.reflect.NativeMethodAccessorImpl.invoke(NativeMethodAccessorImpl.java:62)
	at sun.reflect.DelegatingMethodAccessorImpl.invoke(DelegatingMethodAccessorImpl.java:43)
	at java.lang.reflect.Method.invoke(Method.java:483)
	at org.junit.runners.model.FrameworkMethod$1.runReflectiveCall(FrameworkMethod.java:50)
	at org.junit.internal.runners.model.ReflectiveCallable.run(ReflectiveCallable.java:12)
	at org.junit.runners.model.FrameworkMethod.invokeExplosively(FrameworkMethod.java:47)
	at org.junit.internal.runners.statements.InvokeMethod.evaluate(InvokeMethod.java:17)
	at org.junit.internal.runners.statements.RunBefores.evaluate(RunBefores.java:26)
	at org.junit.runners.ParentRunner.runLeaf(ParentRunner.java:325)
	at org.junit.runners.BlockJUnit4ClassRunner.runChild(BlockJUnit4ClassRunner.java:78)
	at org.junit.runners.BlockJUnit4ClassRunner.runChild(BlockJUnit4ClassRunner.java:57)
	at org.junit.runners.ParentRunner$3.run(ParentRunner.java:290)
	at org.junit.runners.ParentRunner$1.schedule(ParentRunner.java:71)
	at org.junit.runners.ParentRunner.runChildren(ParentRunner.java:288)
	at org.junit.runners.ParentRunner.access$000(ParentRunner.java:58)
	at org.junit.runners.ParentRunner$2.evaluate(ParentRunner.java:268)
	at org.junit.runners.ParentRunner.run(ParentRunner.java:363)
	at org.apache.maven.surefire.junit4.JUnit4TestSet.execute(JUnit4TestSet.java:53)
	at org.apache.maven.surefire.junit4.JUnit4Provider.executeTestSet(JUnit4Provider.java:123)
	at org.apache.maven.surefire.junit4.JUnit4Provider.invoke(JUnit4Provider.java:104)
	at sun.reflect.NativeMethodAccessorImpl.invoke0(Native Method)
	at sun.reflect.NativeMethodAccessorImpl.invoke(NativeMethodAccessorImpl.java:62)
	at sun.reflect.DelegatingMethodAccessorImpl.invoke(DelegatingMethodAccessorImpl.java:43)
	at java.lang.reflect.Method.invoke(Method.java:483)
	at org.apache.maven.surefire.util.ReflectionUtils.invokeMethodWithArray(ReflectionUtils.java:164)
	at org.apache.maven.surefire.booter.ProviderFactory$ProviderProxy.invoke(ProviderFactory.java:110)
	at org.apache.maven.surefire.booter.SurefireStarter.invokeProvider(SurefireStarter.java:175)
	at org.apache.maven.surefire.booter.SurefireStarter.runSuitesInProcessWhenForked(SurefireStarter.java:107)
	at org.apache.maven.surefire.booter.ForkedBooter.main(ForkedBooter.java:68)
testRSA(org.apache.tomcat.util.net.jsse.openssl.TestOpenSSLCipherConfigurationParser)  Time elapsed: 0.006 sec  <<< FAILURE!
org.junit.ComparisonFailure: Tested 'RSA':  expected:<...LS_RSA_WITH_AES_256_[CBC_SHA,TLS_RSA_WITH_3DES_EDE_CBC_SHA,SSL_RSA_WITH_3DES_EDE_CBC_SHA,SSL2_DES_192_EDE3_CBC_WITH_MD5,SSL_CK_DES_192_EDE3_CBC_WITH_MD5,TLS_RSA_WITH_AES_128_CBC_SHA,TLS_RSA_WITH_SEED_CBC_SHA,SSL2_RC2_CBC_128_CBC_WITH_MD5,TLS_RSA_WITH_RC4_128_SHA,SSL_RSA_WITH_RC4_128_SHA,SSL_RSA_WITH_RC4_128_MD5,TLS_RSA_WITH_RC4_128_MD5,SSL_CK_RC4_128_WITH_MD5,SSL_RSA_WITH_DES_CBC_SHA,TLS_RSA_WITH_DES_CBC_SHA,SSL_CK_DES_64_CBC_WITH_MD5,SSL2_DES_64_CBC_WITH_MD5,TLS_RSA_EXPORT_WITH_DES40_CBC_SHA,SSL_RSA_EXPORT_WITH_DES40_CBC_SHA,SSL_RSA_EXPORT_WITH_RC2_CBC_40_MD5,TLS_RSA_EXPORT_WITH_RC2_CBC_40_MD5,SSL_CK_RC2_128_CBC_EXPORT40_WITH_MD5,TLS_RSA_EXPORT_WITH_RC4_40_MD5,SSL_RSA_EXPORT_WITH_RC4_40_MD5,SSL2_RC4_128_EXPORT40_WITH_MD5,SSL_RC4_128_EXPORT40_WITH_MD5],SSL_RSA_WITH_NULL_S...> but was:<...LS_RSA_WITH_AES_256_[GCM_SHA384,TLS_RSA_WITH_AES_256_CBC_SHA256,TLS_RSA_WITH_AES_256_CBC_SHA,TLS_RSA_WITH_CAMELLIA_256_CBC_SHA,TLS_RSA_WITH_3DES_EDE_CBC_SHA,SSL_RSA_WITH_3DES_EDE_CBC_SHA,SSL2_DES_192_EDE3_CBC_WITH_MD5,SSL_CK_DES_192_EDE3_CBC_WITH_MD5,TLS_RSA_WITH_AES_128_GCM_SHA256,TLS_RSA_WITH_AES_128_CBC_SHA256,TLS_RSA_WITH_AES_128_CBC_SHA,TLS_RSA_WITH_SEED_CBC_SHA,TLS_RSA_WITH_CAMELLIA_128_CBC_SHA,SSL_RSA_WITH_IDEA_CBC_SHA,TLS_RSA_WITH_IDEA_CBC_SHA,SSL_CK_IDEA_128_CBC_WITH_MD5,SSL2_IDEA_128_CBC_WITH_MD5,SSL2_RC2_CBC_128_CBC_WITH_MD5,TLS_RSA_WITH_RC4_128_SHA,SSL_RSA_WITH_RC4_128_SHA,SSL_RSA_WITH_RC4_128_MD5,TLS_RSA_WITH_RC4_128_MD5,SSL_CK_RC4_128_WITH_MD5,SSL_RSA_WITH_DES_CBC_SHA,TLS_RSA_WITH_DES_CBC_SHA,SSL_CK_DES_64_CBC_WITH_MD5,SSL2_DES_64_CBC_WITH_MD5,TLS_RSA_EXPORT_WITH_DES40_CBC_SHA,SSL_RSA_EXPORT_WITH_DES40_CBC_SHA,SSL_RSA_EXPORT_WITH_RC2_CBC_40_MD5,TLS_RSA_EXPORT_WITH_RC2_CBC_40_MD5,SSL_CK_RC2_128_CBC_EXPORT40_WITH_MD5,TLS_RSA_EXPORT_WITH_RC4_40_MD5,SSL_RSA_EXPORT_WITH_RC4_40_MD5,SSL2_RC4_128_EXPORT40_WITH_MD5,SSL_RC4_128_EXPORT40_WITH_MD5,TLS_RSA_WITH_NULL_SHA256],SSL_RSA_WITH_NULL_S...>
	at org.junit.Assert.assertEquals(Assert.java:115)
	at org.apache.tomcat.util.net.jsse.openssl.TestOpenSSLCipherConfigurationParser.testSpecification(TestOpenSSLCipherConfigurationParser.java:499)
	at org.apache.tomcat.util.net.jsse.openssl.TestOpenSSLCipherConfigurationParser.testRSA(TestOpenSSLCipherConfigurationParser.java:103)
	at sun.reflect.NativeMethodAccessorImpl.invoke0(Native Method)
	at sun.reflect.NativeMethodAccessorImpl.invoke(NativeMethodAccessorImpl.java:62)
	at sun.reflect.DelegatingMethodAccessorImpl.invoke(DelegatingMethodAccessorImpl.java:43)
	at java.lang.reflect.Method.invoke(Method.java:483)
	at org.junit.runners.model.FrameworkMethod$1.runReflectiveCall(FrameworkMethod.java:50)
	at org.junit.internal.runners.model.ReflectiveCallable.run(ReflectiveCallable.java:12)
	at org.junit.runners.model.FrameworkMethod.invokeExplosively(FrameworkMethod.java:47)
	at org.junit.internal.runners.statements.InvokeMethod.evaluate(InvokeMethod.java:17)
	at org.junit.internal.runners.statements.RunBefores.evaluate(RunBefores.java:26)
	at org.junit.runners.ParentRunner.runLeaf(ParentRunner.java:325)
	at org.junit.runners.BlockJUnit4ClassRunner.runChild(BlockJUnit4ClassRunner.java:78)
	at org.junit.runners.BlockJUnit4ClassRunner.runChild(BlockJUnit4ClassRunner.java:57)
	at org.junit.runners.ParentRunner$3.run(ParentRunner.java:290)
	at org.junit.runners.ParentRunner$1.schedule(ParentRunner.java:71)
	at org.junit.runners.ParentRunner.runChildren(ParentRunner.java:288)
	at org.junit.runners.ParentRunner.access$000(ParentRunner.java:58)
	at org.junit.runners.ParentRunner$2.evaluate(ParentRunner.java:268)
	at org.junit.runners.ParentRunner.run(ParentRunner.java:363)
	at org.apache.maven.surefire.junit4.JUnit4TestSet.execute(JUnit4TestSet.java:53)
	at org.apache.maven.surefire.junit4.JUnit4Provider.executeTestSet(JUnit4Provider.java:123)
	at org.apache.maven.surefire.junit4.JUnit4Provider.invoke(JUnit4Provider.java:104)
	at sun.reflect.NativeMethodAccessorImpl.invoke0(Native Method)
	at sun.reflect.NativeMethodAccessorImpl.invoke(NativeMethodAccessorImpl.java:62)
	at sun.reflect.DelegatingMethodAccessorImpl.invoke(DelegatingMethodAccessorImpl.java:43)
	at java.lang.reflect.Method.invoke(Method.java:483)
	at org.apache.maven.surefire.util.ReflectionUtils.invokeMethodWithArray(ReflectionUtils.java:164)
	at org.apache.maven.surefire.booter.ProviderFactory$ProviderProxy.invoke(ProviderFactory.java:110)
	at org.apache.maven.surefire.booter.SurefireStarter.invokeProvider(SurefireStarter.java:175)
	at org.apache.maven.surefire.booter.SurefireStarter.runSuitesInProcessWhenForked(SurefireStarter.java:107)
	at org.apache.maven.surefire.booter.ForkedBooter.main(ForkedBooter.java:68)
testSHA(org.apache.tomcat.util.net.jsse.openssl.TestOpenSSLCipherConfigurationParser)  Time elapsed: 0.013 sec  <<< FAILURE!
org.junit.ComparisonFailure: Tested 'SHA':  expected:<TLS_[DHE_RSA_WITH_AES_256_CBC_SHA,TLS_DHE_DSS_WITH_AES_256_CBC_SHA,TLS_DH_anon_WITH_AES_256_CBC_SHA,TLS_RSA_WITH_AES_256_CBC_SHA,SSL_DHE_RSA_WITH_3DES_EDE_CBC_SHA,TLS_DHE_RSA_WITH_3DES_EDE_CBC_SHA,TLS_DHE_DSS_WITH_3DES_EDE_CBC_SHA,SSL_DHE_DSS_WITH_3DES_EDE_CBC_SHA,TLS_DH_anon_WITH_3DES_EDE_CBC_SHA,SSL_DH_anon_WITH_3DES_EDE_CBC_SHA,TLS_RSA_WITH_3DES_EDE_CBC_SHA,SSL_RSA_WITH_3DES_EDE_CBC_SHA,TLS_DHE_RSA_WITH_AES_128_CBC_SHA,TLS_DHE_DSS_WITH_AES_128_CBC_SHA,TLS_DHE_RSA_WITH_SEED_CBC_SHA,TLS_DHE_DSS_WITH_SEED_CBC_SHA,TLS_DH_anon_WITH_AES_128_CBC_SHA,TLS_DH_anon_WITH_SEED_CBC_SHA,TLS_RSA_WITH_AES_128_CBC_SHA,TLS_RSA_WITH_SEED_CBC_SHA,TLS_RSA_WITH_RC4_128_SHA,SSL_RSA_WITH_RC4_128_SHA,SSL_DHE_RSA_WITH_DES_CBC_SHA,TLS_DHE_RSA_WITH_DES_CBC_SHA,SSL_DHE_DSS_WITH_DES_CBC_SHA,TLS_DHE_DSS_WITH_DES_CBC_SHA,TLS_DH_anon_WITH_DES_CBC_SHA,SSL_DH_anon_WITH_DES_CBC_SHA,SSL_RSA_WITH_DES_CBC_SHA,TLS_RSA_WITH_DES_CBC_SHA,SSL_DHE_RSA_EXPORT_WITH_DES40_CBC_SHA,TLS_DHE_RSA_EXPORT_WITH_DES40_CBC_SHA,SSL_DHE_DSS_EXPORT_WITH_DES40_CBC_SHA,TLS_DHE_DSS_EXPORT_WITH_DES40_CBC_SHA,TLS_DH_anon_EXPORT_WITH_DES40_CBC_SHA,SSL_DH_anon_EXPORT_WITH_DES40_CBC_SHA,TLS_RSA_EXPORT_WITH_DES40_CBC_SHA,SSL_RSA_EXPORT_WITH_DES40_CBC]_SHA,SSL_RSA_WITH_NU...> but was:<TLS_[ECDHE_RSA_WITH_AES_256_CBC_SHA,TLS_ECDHE_ECDSA_WITH_AES_256_CBC_SHA,TLS_SRP_SHA_DSS_WITH_AES_256_CBC_SHA,TLS_SRP_SHA_RSA_WITH_AES_256_CBC_SHA,TLS_SRP_SHA_WITH_AES_256_CBC_SHA,TLS_DHE_RSA_WITH_AES_256_CBC_SHA,TLS_DHE_DSS_WITH_AES_256_CBC_SHA,TLS_DH_RSA_WITH_AES_256_CBC_SHA,TLS_DH_DSS_WITH_AES_256_CBC_SHA,TLS_DHE_RSA_WITH_CAMELLIA_256_CBC_SHA,TLS_DHE_DSS_WITH_CAMELLIA_256_CBC_SHA,TLS_DH_RSA_WITH_CAMELLIA_256_CBC_SHA,TLS_DH_DSS_WITH_CAMELLIA_256_CBC_SHA,TLS_ECDH_anon_WITH_AES_256_CBC_SHA,TLS_DH_anon_WITH_AES_256_CBC_SHA,TLS_DH_anon_WITH_CAMELLIA_256_CBC_SHA,TLS_ECDH_RSA_WITH_AES_256_CBC_SHA,TLS_ECDH_ECDSA_WITH_AES_256_CBC_SHA,TLS_RSA_WITH_AES_256_CBC_SHA,TLS_RSA_WITH_CAMELLIA_256_CBC_SHA,TLS_PSK_WITH_AES_256_CBC_SHA,TLS_ECDHE_RSA_WITH_3DES_EDE_CBC_SHA,TLS_ECDHE_ECDSA_WITH_3DES_EDE_CBC_SHA,TLS_SRP_SHA_DSS_WITH_3DES_EDE_CBC_SHA,TLS_SRP_SHA_RSA_WITH_3DES_EDE_CBC_SHA,TLS_SRP_SHA_WITH_3DES_EDE_CBC_SHA,SSL_DHE_RSA_WITH_3DES_EDE_CBC_SHA,TLS_DHE_RSA_WITH_3DES_EDE_CBC_SHA,TLS_DHE_DSS_WITH_3DES_EDE_CBC_SHA,SSL_DHE_DSS_WITH_3DES_EDE_CBC_SHA,TLS_DH_RSA_WITH_3DES_EDE_CBC_SHA,SSL_DH_RSA_WITH_3DES_EDE_CBC_SHA,TLS_DH_DSS_WITH_3DES_EDE_CBC_SHA,SSL_DH_DSS_WITH_3DES_EDE_CBC_SHA,TLS_ECDH_anon_WITH_3DES_EDE_CBC_SHA,TLS_DH_anon_WITH_3DES_EDE_CBC_SHA,SSL_DH_anon_WITH_3DES_EDE_CBC_SHA,TLS_ECDH_RSA_WITH_3DES_EDE_CBC_SHA,TLS_ECDH_ECDSA_WITH_3DES_EDE_CBC_SHA,TLS_RSA_WITH_3DES_EDE_CBC_SHA,SSL_RSA_WITH_3DES_EDE_CBC_SHA,TLS_PSK_WITH_3DES_EDE_CBC_SHA,TLS_ECDHE_RSA_WITH_AES_128_CBC_SHA,TLS_ECDHE_ECDSA_WITH_AES_128_CBC_SHA,TLS_SRP_SHA_DSS_WITH_AES_128_CBC_SHA,TLS_SRP_SHA_RSA_WITH_AES_128_CBC_SHA,TLS_SRP_SHA_WITH_AES_128_CBC_SHA,TLS_DHE_RSA_WITH_AES_128_CBC_SHA,TLS_DHE_DSS_WITH_AES_128_CBC_SHA,TLS_DH_RSA_WITH_AES_128_CBC_SHA,TLS_DH_DSS_WITH_AES_128_CBC_SHA,TLS_DHE_RSA_WITH_SEED_CBC_SHA,TLS_DHE_DSS_WITH_SEED_CBC_SHA,TLS_DH_RSA_WITH_SEED_CBC_SHA,TLS_DH_DSS_WITH_SEED_CBC_SHA,TLS_DHE_RSA_WITH_CAMELLIA_128_CBC_SHA,TLS_DHE_DSS_WITH_CAMELLIA_128_CBC_SHA,TLS_DH_RSA_WITH_CAMELLIA_128_CBC_SHA,TLS_DH_DSS_WITH_CAMELLIA_128_CBC_SHA,TLS_ECDH_anon_WITH_AES_128_CBC_SHA,TLS_DH_anon_WITH_AES_128_CBC_SHA,TLS_DH_anon_WITH_SEED_CBC_SHA,TLS_DH_anon_WITH_CAMELLIA_128_CBC_SHA,TLS_ECDH_RSA_WITH_AES_128_CBC_SHA,TLS_ECDH_ECDSA_WITH_AES_128_CBC_SHA,TLS_RSA_WITH_AES_128_CBC_SHA,TLS_RSA_WITH_SEED_CBC_SHA,TLS_RSA_WITH_CAMELLIA_128_CBC_SHA,SSL_RSA_WITH_IDEA_CBC_SHA,TLS_RSA_WITH_IDEA_CBC_SHA,TLS_PSK_WITH_AES_128_CBC_SHA,TLS_ECDHE_RSA_WITH_RC4_128_SHA,TLS_ECDHE_ECDSA_WITH_RC4_128_SHA,TLS_ECDH_anon_WITH_RC4_128_SHA,TLS_ECDH_RSA_WITH_RC4_128_SHA,TLS_ECDH_ECDSA_WITH_RC4_128_SHA,TLS_RSA_WITH_RC4_128_SHA,SSL_RSA_WITH_RC4_128_SHA,TLS_PSK_WITH_RC4_128_SHA,SSL_DHE_RSA_WITH_DES_CBC_SHA,TLS_DHE_RSA_WITH_DES_CBC_SHA,SSL_DHE_DSS_WITH_DES_CBC_SHA,TLS_DHE_DSS_WITH_DES_CBC_SHA,SSL_DH_RSA_WITH_DES_CBC_SHA,TLS_DH_RSA_WITH_DES_CBC_SHA,SSL_DH_DSS_WITH_DES_CBC_SHA,TLS_DH_DSS_WITH_DES_CBC_SHA,TLS_DH_anon_WITH_DES_CBC_SHA,SSL_DH_anon_WITH_DES_CBC_SHA,SSL_RSA_WITH_DES_CBC_SHA,TLS_RSA_WITH_DES_CBC_SHA,SSL_DHE_RSA_EXPORT_WITH_DES40_CBC_SHA,TLS_DHE_RSA_EXPORT_WITH_DES40_CBC_SHA,SSL_DHE_DSS_EXPORT_WITH_DES40_CBC_SHA,TLS_DHE_DSS_EXPORT_WITH_DES40_CBC_SHA,SSL_DH_RSA_EXPORT_WITH_DES40_CBC_SHA,TLS_DH_RSA_EXPORT_WITH_DES40_CBC_SHA,SSL_DH_DSS_EXPORT_WITH_DES40_CBC_SHA,TLS_DH_DSS_EXPORT_WITH_DES40_CBC_SHA,TLS_DH_anon_EXPORT_WITH_DES40_CBC_SHA,SSL_DH_anon_EXPORT_WITH_DES40_CBC_SHA,TLS_RSA_EXPORT_WITH_DES40_CBC_SHA,SSL_RSA_EXPORT_WITH_DES40_CBC_SHA,TLS_ECDHE_RSA_WITH_NULL_SHA,TLS_ECDHE_ECDSA_WITH_NULL_SHA,TLS_ECDH_anon_WITH_NULL_SHA,TLS_ECDH_RSA_WITH_NULL_SHA,TLS_ECDH_ECDSA_WITH_NULL]_SHA,SSL_RSA_WITH_NU...>
	at org.junit.Assert.assertEquals(Assert.java:115)
	at org.apache.tomcat.util.net.jsse.openssl.TestOpenSSLCipherConfigurationParser.testSpecification(TestOpenSSLCipherConfigurationParser.java:499)
	at org.apache.tomcat.util.net.jsse.openssl.TestOpenSSLCipherConfigurationParser.testSHA(TestOpenSSLCipherConfigurationParser.java:400)
	at sun.reflect.NativeMethodAccessorImpl.invoke0(Native Method)
	at sun.reflect.NativeMethodAccessorImpl.invoke(NativeMethodAccessorImpl.java:62)
	at sun.reflect.DelegatingMethodAccessorImpl.invoke(DelegatingMethodAccessorImpl.java:43)
	at java.lang.reflect.Method.invoke(Method.java:483)
	at org.junit.runners.model.FrameworkMethod$1.runReflectiveCall(FrameworkMethod.java:50)
	at org.junit.internal.runners.model.ReflectiveCallable.run(ReflectiveCallable.java:12)
	at org.junit.runners.model.FrameworkMethod.invokeExplosively(FrameworkMethod.java:47)
	at org.junit.internal.runners.statements.InvokeMethod.evaluate(InvokeMethod.java:17)
	at org.junit.internal.runners.statements.RunBefores.evaluate(RunBefores.java:26)
	at org.junit.runners.ParentRunner.runLeaf(ParentRunner.java:325)
	at org.junit.runners.BlockJUnit4ClassRunner.runChild(BlockJUnit4ClassRunner.java:78)
	at org.junit.runners.BlockJUnit4ClassRunner.runChild(BlockJUnit4ClassRunner.java:57)
	at org.junit.runners.ParentRunner$3.run(ParentRunner.java:290)
	at org.junit.runners.ParentRunner$1.schedule(ParentRunner.java:71)
	at org.junit.runners.ParentRunner.runChildren(ParentRunner.java:288)
	at org.junit.runners.ParentRunner.access$000(ParentRunner.java:58)
	at org.junit.runners.ParentRunner$2.evaluate(ParentRunner.java:268)
	at org.junit.runners.ParentRunner.run(ParentRunner.java:363)
	at org.apache.maven.surefire.junit4.JUnit4TestSet.execute(JUnit4TestSet.java:53)
	at org.apache.maven.surefire.junit4.JUnit4Provider.executeTestSet(JUnit4Provider.java:123)
	at org.apache.maven.surefire.junit4.JUnit4Provider.invoke(JUnit4Provider.java:104)
	at sun.reflect.NativeMethodAccessorImpl.invoke0(Native Method)
	at sun.reflect.NativeMethodAccessorImpl.invoke(NativeMethodAccessorImpl.java:62)
	at sun.reflect.DelegatingMethodAccessorImpl.invoke(DelegatingMethodAccessorImpl.java:43)
	at java.lang.reflect.Method.invoke(Method.java:483)
	at org.apache.maven.surefire.util.ReflectionUtils.invokeMethodWithArray(ReflectionUtils.java:164)
	at org.apache.maven.surefire.booter.ProviderFactory$ProviderProxy.invoke(ProviderFactory.java:110)
	at org.apache.maven.surefire.booter.SurefireStarter.invokeProvider(SurefireStarter.java:175)
	at org.apache.maven.surefire.booter.SurefireStarter.runSuitesInProcessWhenForked(SurefireStarter.java:107)
	at org.apache.maven.surefire.booter.ForkedBooter.main(ForkedBooter.java:68)
testaDH(org.apache.tomcat.util.net.jsse.openssl.TestOpenSSLCipherConfigurationParser)  Time elapsed: 0.005 sec  <<< FAILURE!
org.junit.ComparisonFailure: Tested 'aDH':  expected:<[]> but was:<[TLS_DH_DSS_WITH_AES_256_GCM_SHA384,TLS_DH_RSA_WITH_AES_256_GCM_SHA384,TLS_DH_RSA_WITH_AES_256_CBC_SHA256,TLS_DH_DSS_WITH_AES_256_CBC_SHA256,TLS_DH_RSA_WITH_AES_256_CBC_SHA,TLS_DH_DSS_WITH_AES_256_CBC_SHA,TLS_DH_RSA_WITH_CAMELLIA_256_CBC_SHA,TLS_DH_DSS_WITH_CAMELLIA_256_CBC_SHA,TLS_DH_RSA_WITH_3DES_EDE_CBC_SHA,SSL_DH_RSA_WITH_3DES_EDE_CBC_SHA,TLS_DH_DSS_WITH_3DES_EDE_CBC_SHA,SSL_DH_DSS_WITH_3DES_EDE_CBC_SHA,TLS_DH_DSS_WITH_AES_128_GCM_SHA256,TLS_DH_RSA_WITH_AES_128_GCM_SHA256,TLS_DH_RSA_WITH_AES_128_CBC_SHA256,TLS_DH_DSS_WITH_AES_128_CBC_SHA256,TLS_DH_RSA_WITH_AES_128_CBC_SHA,TLS_DH_DSS_WITH_AES_128_CBC_SHA,TLS_DH_RSA_WITH_SEED_CBC_SHA,TLS_DH_DSS_WITH_SEED_CBC_SHA,TLS_DH_RSA_WITH_CAMELLIA_128_CBC_SHA,TLS_DH_DSS_WITH_CAMELLIA_128_CBC_SHA,SSL_DH_RSA_WITH_DES_CBC_SHA,TLS_DH_RSA_WITH_DES_CBC_SHA,SSL_DH_DSS_WITH_DES_CBC_SHA,TLS_DH_DSS_WITH_DES_CBC_SHA,SSL_DH_RSA_EXPORT_WITH_DES40_CBC_SHA,TLS_DH_RSA_EXPORT_WITH_DES40_CBC_SHA,SSL_DH_DSS_EXPORT_WITH_DES40_CBC_SHA,TLS_DH_DSS_EXPORT_WITH_DES40_CBC_SHA,]>
	at org.junit.Assert.assertEquals(Assert.java:115)
	at org.apache.tomcat.util.net.jsse.openssl.TestOpenSSLCipherConfigurationParser.testSpecification(TestOpenSSLCipherConfigurationParser.java:499)
	at org.apache.tomcat.util.net.jsse.openssl.TestOpenSSLCipherConfigurationParser.testaDH(TestOpenSSLCipherConfigurationParser.java:226)
	at sun.reflect.NativeMethodAccessorImpl.invoke0(Native Method)
	at sun.reflect.NativeMethodAccessorImpl.invoke(NativeMethodAccessorImpl.java:62)
	at sun.reflect.DelegatingMethodAccessorImpl.invoke(DelegatingMethodAccessorImpl.java:43)
	at java.lang.reflect.Method.invoke(Method.java:483)
	at org.junit.runners.model.FrameworkMethod$1.runReflectiveCall(FrameworkMethod.java:50)
	at org.junit.internal.runners.model.ReflectiveCallable.run(ReflectiveCallable.java:12)
	at org.junit.runners.model.FrameworkMethod.invokeExplosively(FrameworkMethod.java:47)
	at org.junit.internal.runners.statements.InvokeMethod.evaluate(InvokeMethod.java:17)
	at org.junit.internal.runners.statements.RunBefores.evaluate(RunBefores.java:26)
	at org.junit.runners.ParentRunner.runLeaf(ParentRunner.java:325)
	at org.junit.runners.BlockJUnit4ClassRunner.runChild(BlockJUnit4ClassRunner.java:78)
	at org.junit.runners.BlockJUnit4ClassRunner.runChild(BlockJUnit4ClassRunner.java:57)
	at org.junit.runners.ParentRunner$3.run(ParentRunner.java:290)
	at org.junit.runners.ParentRunner$1.schedule(ParentRunner.java:71)
	at org.junit.runners.ParentRunner.runChildren(ParentRunner.java:288)
	at org.junit.runners.ParentRunner.access$000(ParentRunner.java:58)
	at org.junit.runners.ParentRunner$2.evaluate(ParentRunner.java:268)
	at org.junit.runners.ParentRunner.run(ParentRunner.java:363)
	at org.apache.maven.surefire.junit4.JUnit4TestSet.execute(JUnit4TestSet.java:53)
	at org.apache.maven.surefire.junit4.JUnit4Provider.executeTestSet(JUnit4Provider.java:123)
	at org.apache.maven.surefire.junit4.JUnit4Provider.invoke(JUnit4Provider.java:104)
	at sun.reflect.NativeMethodAccessorImpl.invoke0(Native Method)
	at sun.reflect.NativeMethodAccessorImpl.invoke(NativeMethodAccessorImpl.java:62)
	at sun.reflect.DelegatingMethodAccessorImpl.invoke(DelegatingMethodAccessorImpl.java:43)
	at java.lang.reflect.Method.invoke(Method.java:483)
	at org.apache.maven.surefire.util.ReflectionUtils.invokeMethodWithArray(ReflectionUtils.java:164)
	at org.apache.maven.surefire.booter.ProviderFactory$ProviderProxy.invoke(ProviderFactory.java:110)
	at org.apache.maven.surefire.booter.SurefireStarter.invokeProvider(SurefireStarter.java:175)
	at org.apache.maven.surefire.booter.SurefireStarter.runSuitesInProcessWhenForked(SurefireStarter.java:107)
	at org.apache.maven.surefire.booter.ForkedBooter.main(ForkedBooter.java:68)
testkDH(org.apache.tomcat.util.net.jsse.openssl.TestOpenSSLCipherConfigurationParser)  Time elapsed: 0.006 sec  <<< FAILURE!
org.junit.ComparisonFailure: Tested 'kDH':  expected:<[]> but was:<[TLS_DH_DSS_WITH_AES_256_GCM_SHA384,TLS_DH_RSA_WITH_AES_256_GCM_SHA384,TLS_DH_RSA_WITH_AES_256_CBC_SHA256,TLS_DH_DSS_WITH_AES_256_CBC_SHA256,TLS_DH_RSA_WITH_AES_256_CBC_SHA,TLS_DH_DSS_WITH_AES_256_CBC_SHA,TLS_DH_RSA_WITH_CAMELLIA_256_CBC_SHA,TLS_DH_DSS_WITH_CAMELLIA_256_CBC_SHA,TLS_DH_RSA_WITH_3DES_EDE_CBC_SHA,SSL_DH_RSA_WITH_3DES_EDE_CBC_SHA,TLS_DH_DSS_WITH_3DES_EDE_CBC_SHA,SSL_DH_DSS_WITH_3DES_EDE_CBC_SHA,TLS_DH_DSS_WITH_AES_128_GCM_SHA256,TLS_DH_RSA_WITH_AES_128_GCM_SHA256,TLS_DH_RSA_WITH_AES_128_CBC_SHA256,TLS_DH_DSS_WITH_AES_128_CBC_SHA256,TLS_DH_RSA_WITH_AES_128_CBC_SHA,TLS_DH_DSS_WITH_AES_128_CBC_SHA,TLS_DH_RSA_WITH_SEED_CBC_SHA,TLS_DH_DSS_WITH_SEED_CBC_SHA,TLS_DH_RSA_WITH_CAMELLIA_128_CBC_SHA,TLS_DH_DSS_WITH_CAMELLIA_128_CBC_SHA,SSL_DH_RSA_WITH_DES_CBC_SHA,TLS_DH_RSA_WITH_DES_CBC_SHA,SSL_DH_DSS_WITH_DES_CBC_SHA,TLS_DH_DSS_WITH_DES_CBC_SHA,SSL_DH_RSA_EXPORT_WITH_DES40_CBC_SHA,TLS_DH_RSA_EXPORT_WITH_DES40_CBC_SHA,SSL_DH_DSS_EXPORT_WITH_DES40_CBC_SHA,TLS_DH_DSS_EXPORT_WITH_DES40_CBC_SHA,]>
	at org.junit.Assert.assertEquals(Assert.java:115)
	at org.apache.tomcat.util.net.jsse.openssl.TestOpenSSLCipherConfigurationParser.testSpecification(TestOpenSSLCipherConfigurationParser.java:499)
	at org.apache.tomcat.util.net.jsse.openssl.TestOpenSSLCipherConfigurationParser.testkDH(TestOpenSSLCipherConfigurationParser.java:157)
	at sun.reflect.NativeMethodAccessorImpl.invoke0(Native Method)
	at sun.reflect.NativeMethodAccessorImpl.invoke(NativeMethodAccessorImpl.java:62)
	at sun.reflect.DelegatingMethodAccessorImpl.invoke(DelegatingMethodAccessorImpl.java:43)
	at java.lang.reflect.Method.invoke(Method.java:483)
	at org.junit.runners.model.FrameworkMethod$1.runReflectiveCall(FrameworkMethod.java:50)
	at org.junit.internal.runners.model.ReflectiveCallable.run(ReflectiveCallable.java:12)
	at org.junit.runners.model.FrameworkMethod.invokeExplosively(FrameworkMethod.java:47)
	at org.junit.internal.runners.statements.InvokeMethod.evaluate(InvokeMethod.java:17)
	at org.junit.internal.runners.statements.RunBefores.evaluate(RunBefores.java:26)
	at org.junit.runners.ParentRunner.runLeaf(ParentRunner.java:325)
	at org.junit.runners.BlockJUnit4ClassRunner.runChild(BlockJUnit4ClassRunner.java:78)
	at org.junit.runners.BlockJUnit4ClassRunner.runChild(BlockJUnit4ClassRunner.java:57)
	at org.junit.runners.ParentRunner$3.run(ParentRunner.java:290)
	at org.junit.runners.ParentRunner$1.schedule(ParentRunner.java:71)
	at org.junit.runners.ParentRunner.runChildren(ParentRunner.java:288)
	at org.junit.runners.ParentRunner.access$000(ParentRunner.java:58)
	at org.junit.runners.ParentRunner$2.evaluate(ParentRunner.java:268)
	at org.junit.runners.ParentRunner.run(ParentRunner.java:363)
	at org.apache.maven.surefire.junit4.JUnit4TestSet.execute(JUnit4TestSet.java:53)
	at org.apache.maven.surefire.junit4.JUnit4Provider.executeTestSet(JUnit4Provider.java:123)
	at org.apache.maven.surefire.junit4.JUnit4Provider.invoke(JUnit4Provider.java:104)
	at sun.reflect.NativeMethodAccessorImpl.invoke0(Native Method)
	at sun.reflect.NativeMethodAccessorImpl.invoke(NativeMethodAccessorImpl.java:62)
	at sun.reflect.DelegatingMethodAccessorImpl.invoke(DelegatingMethodAccessorImpl.java:43)
	at java.lang.reflect.Method.invoke(Method.java:483)
	at org.apache.maven.surefire.util.ReflectionUtils.invokeMethodWithArray(ReflectionUtils.java:164)
	at org.apache.maven.surefire.booter.ProviderFactory$ProviderProxy.invoke(ProviderFactory.java:110)
	at org.apache.maven.surefire.booter.SurefireStarter.invokeProvider(SurefireStarter.java:175)
	at org.apache.maven.surefire.booter.SurefireStarter.runSuitesInProcessWhenForked(SurefireStarter.java:107)
	at org.apache.maven.surefire.booter.ForkedBooter.main(ForkedBooter.java:68)
testAECDH(org.apache.tomcat.util.net.jsse.openssl.TestOpenSSLCipherConfigurationParser)  Time elapsed: 0.005 sec  <<< FAILURE!
org.junit.ComparisonFailure: Tested 'AECDH':  expected:<[]> but was:<[TLS_ECDH_anon_WITH_AES_256_CBC_SHA,TLS_ECDH_anon_WITH_3DES_EDE_CBC_SHA,TLS_ECDH_anon_WITH_AES_128_CBC_SHA,TLS_ECDH_anon_WITH_RC4_128_SHA,TLS_ECDH_anon_WITH_NULL_SHA,]>
	at org.junit.Assert.assertEquals(Assert.java:115)
	at org.apache.tomcat.util.net.jsse.openssl.TestOpenSSLCipherConfigurationParser.testSpecification(TestOpenSSLCipherConfigurationParser.java:499)
	at org.apache.tomcat.util.net.jsse.openssl.TestOpenSSLCipherConfigurationParser.testAECDH(TestOpenSSLCipherConfigurationParser.java:214)
	at sun.reflect.NativeMethodAccessorImpl.invoke0(Native Method)
	at sun.reflect.NativeMethodAccessorImpl.invoke(NativeMethodAccessorImpl.java:62)
	at sun.reflect.DelegatingMethodAccessorImpl.invoke(DelegatingMethodAccessorImpl.java:43)
	at java.lang.reflect.Method.invoke(Method.java:483)
	at org.junit.runners.model.FrameworkMethod$1.runReflectiveCall(FrameworkMethod.java:50)
	at org.junit.internal.runners.model.ReflectiveCallable.run(ReflectiveCallable.java:12)
	at org.junit.runners.model.FrameworkMethod.invokeExplosively(FrameworkMethod.java:47)
	at org.junit.internal.runners.statements.InvokeMethod.evaluate(InvokeMethod.java:17)
	at org.junit.internal.runners.statements.RunBefores.evaluate(RunBefores.java:26)
	at org.junit.runners.ParentRunner.runLeaf(ParentRunner.java:325)
	at org.junit.runners.BlockJUnit4ClassRunner.runChild(BlockJUnit4ClassRunner.java:78)
	at org.junit.runners.BlockJUnit4ClassRunner.runChild(BlockJUnit4ClassRunner.java:57)
	at org.junit.runners.ParentRunner$3.run(ParentRunner.java:290)
	at org.junit.runners.ParentRunner$1.schedule(ParentRunner.java:71)
	at org.junit.runners.ParentRunner.runChildren(ParentRunner.java:288)
	at org.junit.runners.ParentRunner.access$000(ParentRunner.java:58)
	at org.junit.runners.ParentRunner$2.evaluate(ParentRunner.java:268)
	at org.junit.runners.ParentRunner.run(ParentRunner.java:363)
	at org.apache.maven.surefire.junit4.JUnit4TestSet.execute(JUnit4TestSet.java:53)
	at org.apache.maven.surefire.junit4.JUnit4Provider.executeTestSet(JUnit4Provider.java:123)
	at org.apache.maven.surefire.junit4.JUnit4Provider.invoke(JUnit4Provider.java:104)
	at sun.reflect.NativeMethodAccessorImpl.invoke0(Native Method)
	at sun.reflect.NativeMethodAccessorImpl.invoke(NativeMethodAccessorImpl.java:62)
	at sun.reflect.DelegatingMethodAccessorImpl.invoke(DelegatingMethodAccessorImpl.java:43)
	at java.lang.reflect.Method.invoke(Method.java:483)
	at org.apache.maven.surefire.util.ReflectionUtils.invokeMethodWithArray(ReflectionUtils.java:164)
	at org.apache.maven.surefire.booter.ProviderFactory$ProviderProxy.invoke(ProviderFactory.java:110)
	at org.apache.maven.surefire.booter.SurefireStarter.invokeProvider(SurefireStarter.java:175)
	at org.apache.maven.surefire.booter.SurefireStarter.runSuitesInProcessWhenForked(SurefireStarter.java:107)
	at org.apache.maven.surefire.booter.ForkedBooter.main(ForkedBooter.java:68)
testECDSA(org.apache.tomcat.util.net.jsse.openssl.TestOpenSSLCipherConfigurationParser)  Time elapsed: 0.006 sec  <<< FAILURE!
org.junit.ComparisonFailure: Tested 'ECDSA':  expected:<[]> but was:<[TLS_ECDHE_ECDSA_WITH_AES_256_GCM_SHA384,TLS_ECDHE_ECDSA_WITH_AES_256_CBC_SHA384,TLS_ECDHE_ECDSA_WITH_AES_256_CBC_SHA,TLS_ECDHE_ECDSA_WITH_3DES_EDE_CBC_SHA,TLS_ECDHE_ECDSA_WITH_AES_128_GCM_SHA256,TLS_ECDHE_ECDSA_WITH_AES_128_CBC_SHA256,TLS_ECDHE_ECDSA_WITH_AES_128_CBC_SHA,TLS_ECDHE_ECDSA_WITH_RC4_128_SHA,TLS_ECDHE_ECDSA_WITH_NULL_SHA,]>
	at org.junit.Assert.assertEquals(Assert.java:115)
	at org.apache.tomcat.util.net.jsse.openssl.TestOpenSSLCipherConfigurationParser.testSpecification(TestOpenSSLCipherConfigurationParser.java:499)
	at org.apache.tomcat.util.net.jsse.openssl.TestOpenSSLCipherConfigurationParser.testECDSA(TestOpenSSLCipherConfigurationParser.java:244)
	at sun.reflect.NativeMethodAccessorImpl.invoke0(Native Method)
	at sun.reflect.NativeMethodAccessorImpl.invoke(NativeMethodAccessorImpl.java:62)
	at sun.reflect.DelegatingMethodAccessorImpl.invoke(DelegatingMethodAccessorImpl.java:43)
	at java.lang.reflect.Method.invoke(Method.java:483)
	at org.junit.runners.model.FrameworkMethod$1.runReflectiveCall(FrameworkMethod.java:50)
	at org.junit.internal.runners.model.ReflectiveCallable.run(ReflectiveCallable.java:12)
	at org.junit.runners.model.FrameworkMethod.invokeExplosively(FrameworkMethod.java:47)
	at org.junit.internal.runners.statements.InvokeMethod.evaluate(InvokeMethod.java:17)
	at org.junit.internal.runners.statements.RunBefores.evaluate(RunBefores.java:26)
	at org.junit.runners.ParentRunner.runLeaf(ParentRunner.java:325)
	at org.junit.runners.BlockJUnit4ClassRunner.runChild(BlockJUnit4ClassRunner.java:78)
	at org.junit.runners.BlockJUnit4ClassRunner.runChild(BlockJUnit4ClassRunner.java:57)
	at org.junit.runners.ParentRunner$3.run(ParentRunner.java:290)
	at org.junit.runners.ParentRunner$1.schedule(ParentRunner.java:71)
	at org.junit.runners.ParentRunner.runChildren(ParentRunner.java:288)
	at org.junit.runners.ParentRunner.access$000(ParentRunner.java:58)
	at org.junit.runners.ParentRunner$2.evaluate(ParentRunner.java:268)
	at org.junit.runners.ParentRunner.run(ParentRunner.java:363)
	at org.apache.maven.surefire.junit4.JUnit4TestSet.execute(JUnit4TestSet.java:53)
	at org.apache.maven.surefire.junit4.JUnit4Provider.executeTestSet(JUnit4Provider.java:123)
	at org.apache.maven.surefire.junit4.JUnit4Provider.invoke(JUnit4Provider.java:104)
	at sun.reflect.NativeMethodAccessorImpl.invoke0(Native Method)
	at sun.reflect.NativeMethodAccessorImpl.invoke(NativeMethodAccessorImpl.java:62)
	at sun.reflect.DelegatingMethodAccessorImpl.invoke(DelegatingMethodAccessorImpl.java:43)
	at java.lang.reflect.Method.invoke(Method.java:483)
	at org.apache.maven.surefire.util.ReflectionUtils.invokeMethodWithArray(ReflectionUtils.java:164)
	at org.apache.maven.surefire.booter.ProviderFactory$ProviderProxy.invoke(ProviderFactory.java:110)
	at org.apache.maven.surefire.booter.SurefireStarter.invokeProvider(SurefireStarter.java:175)
[...]
_RSA_WITH_3DES_EDE_CBC_SHA,TLS_DHE_RSA_WITH_3DES_EDE_CBC_SHA,TLS_DHE_DSS_WITH_3DES_EDE_CBC_SHA,SSL_DHE_DSS_WITH_3DES_EDE_CBC_SHA,TLS_RSA_WITH_3DES_EDE_CBC_SHA,SSL_RSA_WITH_3DES_EDE_CBC_SHA,TLS_DHE_RSA_WITH_AES_128_CBC_SHA,TLS_DHE_DSS_WITH_AES_128_CBC_SHA,TLS_RSA]_WITH_AES_128_CBC_SH...> but was:<TLS_[ECDHE_RSA_WITH_AES_256_GCM_SHA384,TLS_ECDHE_ECDSA_WITH_AES_256_GCM_SHA384,TLS_ECDHE_RSA_WITH_AES_256_CBC_SHA384,TLS_ECDHE_ECDSA_WITH_AES_256_CBC_SHA384,TLS_ECDHE_RSA_WITH_AES_256_CBC_SHA,TLS_ECDHE_ECDSA_WITH_AES_256_CBC_SHA,TLS_SRP_SHA_DSS_WITH_AES_256_CBC_SHA,TLS_SRP_SHA_RSA_WITH_AES_256_CBC_SHA,TLS_SRP_SHA_WITH_AES_256_CBC_SHA,TLS_DH_DSS_WITH_AES_256_GCM_SHA384,TLS_DHE_DSS_WITH_AES_256_GCM_SHA384,TLS_DH_RSA_WITH_AES_256_GCM_SHA384,TLS_DHE_RSA_WITH_AES_256_GCM_SHA384,TLS_DHE_RSA_WITH_AES_256_CBC_SHA256,TLS_DHE_DSS_WITH_AES_256_CBC_SHA256,TLS_DH_RSA_WITH_AES_256_CBC_SHA256,TLS_DH_DSS_WITH_AES_256_CBC_SHA256,TLS_DHE_RSA_WITH_AES_256_CBC_SHA,TLS_DHE_DSS_WITH_AES_256_CBC_SHA,TLS_DH_RSA_WITH_AES_256_CBC_SHA,TLS_DH_DSS_WITH_AES_256_CBC_SHA,TLS_DHE_RSA_WITH_CAMELLIA_256_CBC_SHA,TLS_DHE_DSS_WITH_CAMELLIA_256_CBC_SHA,TLS_DH_RSA_WITH_CAMELLIA_256_CBC_SHA,TLS_DH_DSS_WITH_CAMELLIA_256_CBC_SHA,TLS_ECDH_RSA_WITH_AES_256_GCM_SHA384,TLS_ECDH_ECDSA_WITH_AES_256_GCM_SHA384,TLS_ECDH_RSA_WITH_AES_256_CBC_SHA384,TLS_ECDH_ECDSA_WITH_AES_256_CBC_SHA384,TLS_ECDH_RSA_WITH_AES_256_CBC_SHA,TLS_ECDH_ECDSA_WITH_AES_256_CBC_SHA,TLS_RSA_WITH_AES_256_GCM_SHA384,TLS_RSA_WITH_AES_256_CBC_SHA256,TLS_RSA_WITH_AES_256_CBC_SHA,TLS_RSA_WITH_CAMELLIA_256_CBC_SHA,TLS_PSK_WITH_AES_256_CBC_SHA,TLS_ECDHE_RSA_WITH_3DES_EDE_CBC_SHA,TLS_ECDHE_ECDSA_WITH_3DES_EDE_CBC_SHA,TLS_SRP_SHA_DSS_WITH_3DES_EDE_CBC_SHA,TLS_SRP_SHA_RSA_WITH_3DES_EDE_CBC_SHA,TLS_SRP_SHA_WITH_3DES_EDE_CBC_SHA,SSL_DHE_RSA_WITH_3DES_EDE_CBC_SHA,TLS_DHE_RSA_WITH_3DES_EDE_CBC_SHA,TLS_DHE_DSS_WITH_3DES_EDE_CBC_SHA,SSL_DHE_DSS_WITH_3DES_EDE_CBC_SHA,TLS_DH_RSA_WITH_3DES_EDE_CBC_SHA,SSL_DH_RSA_WITH_3DES_EDE_CBC_SHA,TLS_DH_DSS_WITH_3DES_EDE_CBC_SHA,SSL_DH_DSS_WITH_3DES_EDE_CBC_SHA,TLS_ECDH_RSA_WITH_3DES_EDE_CBC_SHA,TLS_ECDH_ECDSA_WITH_3DES_EDE_CBC_SHA,TLS_RSA_WITH_3DES_EDE_CBC_SHA,SSL_RSA_WITH_3DES_EDE_CBC_SHA,TLS_PSK_WITH_3DES_EDE_CBC_SHA,TLS_ECDHE_RSA_WITH_AES_128_GCM_SHA256,TLS_ECDHE_ECDSA_WITH_AES_128_GCM_SHA256,TLS_ECDHE_RSA_WITH_AES_128_CBC_SHA256,TLS_ECDHE_ECDSA_WITH_AES_128_CBC_SHA256,TLS_ECDHE_RSA_WITH_AES_128_CBC_SHA,TLS_ECDHE_ECDSA_WITH_AES_128_CBC_SHA,TLS_SRP_SHA_DSS_WITH_AES_128_CBC_SHA,TLS_SRP_SHA_RSA_WITH_AES_128_CBC_SHA,TLS_SRP_SHA_WITH_AES_128_CBC_SHA,TLS_DH_DSS_WITH_AES_128_GCM_SHA256,TLS_DHE_DSS_WITH_AES_128_GCM_SHA256,TLS_DH_RSA_WITH_AES_128_GCM_SHA256,TLS_DHE_RSA_WITH_AES_128_GCM_SHA256,TLS_DHE_RSA_WITH_AES_128_CBC_SHA256,TLS_DHE_DSS_WITH_AES_128_CBC_SHA256,TLS_DH_RSA_WITH_AES_128_CBC_SHA256,TLS_DH_DSS_WITH_AES_128_CBC_SHA256,TLS_DHE_RSA_WITH_AES_128_CBC_SHA,TLS_DHE_DSS_WITH_AES_128_CBC_SHA,TLS_DH_RSA_WITH_AES_128_CBC_SHA,TLS_DH_DSS_WITH_AES_128_CBC_SHA,TLS_DHE_RSA_WITH_CAMELLIA_128_CBC_SHA,TLS_DHE_DSS_WITH_CAMELLIA_128_CBC_SHA,TLS_DH_RSA_WITH_CAMELLIA_128_CBC_SHA,TLS_DH_DSS_WITH_CAMELLIA_128_CBC_SHA,TLS_ECDH_RSA_WITH_AES_128_GCM_SHA256,TLS_ECDH_ECDSA_WITH_AES_128_GCM_SHA256,TLS_ECDH_RSA_WITH_AES_128_CBC_SHA256,TLS_ECDH_ECDSA_WITH_AES_128_CBC_SHA256,TLS_ECDH_RSA_WITH_AES_128_CBC_SHA,TLS_ECDH_ECDSA_WITH_AES_128_CBC_SHA,TLS_RSA_WITH_AES_128_GCM_SHA256,TLS_RSA_WITH_AES_128_CBC_SHA256,TLS_RSA_WITH_AES_128_CBC_SHA,TLS_RSA_WITH_CAMELLIA_128_CBC_SHA,TLS_PSK]_WITH_AES_128_CBC_SH...>
	at org.junit.Assert.assertEquals(Assert.java:115)
	at org.apache.tomcat.util.net.jsse.openssl.TestOpenSSLCipherConfigurationParser.testSpecification(TestOpenSSLCipherConfigurationParser.java:499)
	at org.apache.tomcat.util.net.jsse.openssl.TestOpenSSLCipherConfigurationParser.testSpecification01(TestOpenSSLCipherConfigurationParser.java:471)
	at sun.reflect.NativeMethodAccessorImpl.invoke0(Native Method)
	at sun.reflect.NativeMethodAccessorImpl.invoke(NativeMethodAccessorImpl.java:62)
	at sun.reflect.DelegatingMethodAccessorImpl.invoke(DelegatingMethodAccessorImpl.java:43)
	at java.lang.reflect.Method.invoke(Method.java:483)
	at org.junit.runners.model.FrameworkMethod$1.runReflectiveCall(FrameworkMethod.java:50)
	at org.junit.internal.runners.model.ReflectiveCallable.run(ReflectiveCallable.java:12)
	at org.junit.runners.model.FrameworkMethod.invokeExplosively(FrameworkMethod.java:47)
	at org.junit.internal.runners.statements.InvokeMethod.evaluate(InvokeMethod.java:17)
	at org.junit.internal.runners.statements.RunBefores.evaluate(RunBefores.java:26)
	at org.junit.runners.ParentRunner.runLeaf(ParentRunner.java:325)
	at org.junit.runners.BlockJUnit4ClassRunner.runChild(BlockJUnit4ClassRunner.java:78)
	at org.junit.runners.BlockJUnit4ClassRunner.runChild(BlockJUnit4ClassRunner.java:57)
	at org.junit.runners.ParentRunner$3.run(ParentRunner.java:290)
	at org.junit.runners.ParentRunner$1.schedule(ParentRunner.java:71)
	at org.junit.runners.ParentRunner.runChildren(ParentRunner.java:288)
	at org.junit.runners.ParentRunner.access$000(ParentRunner.java:58)
	at org.junit.runners.ParentRunner$2.evaluate(ParentRunner.java:268)
	at org.junit.runners.ParentRunner.run(ParentRunner.java:363)
	at org.apache.maven.surefire.junit4.JUnit4TestSet.execute(JUnit4TestSet.java:53)
	at org.apache.maven.surefire.junit4.JUnit4Provider.executeTestSet(JUnit4Provider.java:123)
	at org.apache.maven.surefire.junit4.JUnit4Provider.invoke(JUnit4Provider.java:104)
	at sun.reflect.NativeMethodAccessorImpl.invoke0(Native Method)
	at sun.reflect.NativeMethodAccessorImpl.invoke(NativeMethodAccessorImpl.java:62)
	at sun.reflect.DelegatingMethodAccessorImpl.invoke(DelegatingMethodAccessorImpl.java:43)
	at java.lang.reflect.Method.invoke(Method.java:483)
	at org.apache.maven.surefire.util.ReflectionUtils.invokeMethodWithArray(ReflectionUtils.java:164)
	at org.apache.maven.surefire.booter.ProviderFactory$ProviderProxy.invoke(ProviderFactory.java:110)
	at org.apache.maven.surefire.booter.SurefireStarter.invokeProvider(SurefireStarter.java:175)
	at org.apache.maven.surefire.booter.SurefireStarter.runSuitesInProcessWhenForked(SurefireStarter.java:107)
	at org.apache.maven.surefire.booter.ForkedBooter.main(ForkedBooter.java:68)
testSpecification02(org.apache.tomcat.util.net.jsse.openssl.TestOpenSSLCipherConfigurationParser)  Time elapsed: 0.005 sec  <<< FAILURE!
org.junit.ComparisonFailure: Tested '!aNULL:!eNULL:!EXPORT:!DSS:!DES:!SSLv2:kEECDH:ECDH:EDH:AES256-GCM-SHA384:AES128-GCM-SHA256:+RC4:HIGH:MEDIUM':  expected:<TLS_[DHE_RSA_WITH_AES_256_CBC_SHA,TLS_RSA_WITH_AES_256_CBC_SHA,SSL_DHE_RSA_WITH_3DES_EDE_CBC_SHA,TLS_DHE_RSA_WITH_3DES_EDE_CBC_SHA,TLS_RSA_WITH_3DES_EDE_CBC_SHA,SSL_RSA_WITH_3DES_EDE_CBC_SHA,TLS_DHE_RSA_WITH_AES_128_CBC_SHA,TLS_DHE_RSA_WITH_SEED_CBC_SHA,TLS_RSA_WITH_AES_128_CBC_SHA,TLS_RSA_WITH_SEED_CBC_SHA,TLS_RSA_WITH_RC4_128_SHA,SSL_RSA_WITH_RC4_128_SHA,SSL_RSA_WITH_RC4_128_MD5,TLS_RSA_WITH_RC4_128_MD5],> but was:<TLS_[ECDHE_RSA_WITH_AES_256_GCM_SHA384,TLS_ECDHE_ECDSA_WITH_AES_256_GCM_SHA384,TLS_ECDHE_RSA_WITH_AES_256_CBC_SHA384,TLS_ECDHE_ECDSA_WITH_AES_256_CBC_SHA384,TLS_ECDHE_RSA_WITH_AES_256_CBC_SHA,TLS_ECDHE_ECDSA_WITH_AES_256_CBC_SHA,TLS_DHE_RSA_WITH_AES_256_GCM_SHA384,TLS_DHE_RSA_WITH_AES_256_CBC_SHA256,TLS_DHE_RSA_WITH_AES_256_CBC_SHA,TLS_SRP_SHA_RSA_WITH_AES_256_CBC_SHA,TLS_SRP_SHA_WITH_AES_256_CBC_SHA,TLS_DH_DSS_WITH_AES_256_GCM_SHA384,TLS_DH_RSA_WITH_AES_256_GCM_SHA384,TLS_DH_RSA_WITH_AES_256_CBC_SHA256,TLS_DH_DSS_WITH_AES_256_CBC_SHA256,TLS_DH_RSA_WITH_AES_256_CBC_SHA,TLS_DH_DSS_WITH_AES_256_CBC_SHA,TLS_DHE_RSA_WITH_CAMELLIA_256_CBC_SHA,TLS_DH_RSA_WITH_CAMELLIA_256_CBC_SHA,TLS_DH_DSS_WITH_CAMELLIA_256_CBC_SHA,TLS_ECDH_RSA_WITH_AES_256_GCM_SHA384,TLS_ECDH_ECDSA_WITH_AES_256_GCM_SHA384,TLS_ECDH_RSA_WITH_AES_256_CBC_SHA384,TLS_ECDH_ECDSA_WITH_AES_256_CBC_SHA384,TLS_ECDH_RSA_WITH_AES_256_CBC_SHA,TLS_ECDH_ECDSA_WITH_AES_256_CBC_SHA,TLS_RSA_WITH_AES_256_GCM_SHA384,TLS_RSA_WITH_AES_256_CBC_SHA256,TLS_RSA_WITH_AES_256_CBC_SHA,TLS_RSA_WITH_CAMELLIA_256_CBC_SHA,TLS_PSK_WITH_AES_256_CBC_SHA,TLS_ECDHE_RSA_WITH_3DES_EDE_CBC_SHA,TLS_ECDHE_ECDSA_WITH_3DES_EDE_CBC_SHA,SSL_DHE_RSA_WITH_3DES_EDE_CBC_SHA,TLS_DHE_RSA_WITH_3DES_EDE_CBC_SHA,TLS_SRP_SHA_RSA_WITH_3DES_EDE_CBC_SHA,TLS_SRP_SHA_WITH_3DES_EDE_CBC_SHA,TLS_DH_RSA_WITH_3DES_EDE_CBC_SHA,SSL_DH_RSA_WITH_3DES_EDE_CBC_SHA,TLS_DH_DSS_WITH_3DES_EDE_CBC_SHA,SSL_DH_DSS_WITH_3DES_EDE_CBC_SHA,TLS_ECDH_RSA_WITH_3DES_EDE_CBC_SHA,TLS_ECDH_ECDSA_WITH_3DES_EDE_CBC_SHA,TLS_RSA_WITH_3DES_EDE_CBC_SHA,SSL_RSA_WITH_3DES_EDE_CBC_SHA,TLS_PSK_WITH_3DES_EDE_CBC_SHA,TLS_ECDHE_RSA_WITH_AES_128_GCM_SHA256,TLS_ECDHE_ECDSA_WITH_AES_128_GCM_SHA256,TLS_ECDHE_RSA_WITH_AES_128_CBC_SHA256,TLS_ECDHE_ECDSA_WITH_AES_128_CBC_SHA256,TLS_ECDHE_RSA_WITH_AES_128_CBC_SHA,TLS_ECDHE_ECDSA_WITH_AES_128_CBC_SHA,TLS_DHE_RSA_WITH_AES_128_GCM_SHA256,TLS_DHE_RSA_WITH_AES_128_CBC_SHA256,TLS_DHE_RSA_WITH_AES_128_CBC_SHA,TLS_SRP_SHA_RSA_WITH_AES_128_CBC_SHA,TLS_SRP_SHA_WITH_AES_128_CBC_SHA,TLS_DH_DSS_WITH_AES_128_GCM_SHA256,TLS_DH_RSA_WITH_AES_128_GCM_SHA256,TLS_DH_RSA_WITH_AES_128_CBC_SHA256,TLS_DH_DSS_WITH_AES_128_CBC_SHA256,TLS_DH_RSA_WITH_AES_128_CBC_SHA,TLS_DH_DSS_WITH_AES_128_CBC_SHA,TLS_DHE_RSA_WITH_SEED_CBC_SHA,TLS_DHE_RSA_WITH_CAMELLIA_128_CBC_SHA,TLS_DH_RSA_WITH_CAMELLIA_128_CBC_SHA,TLS_DH_DSS_WITH_CAMELLIA_128_CBC_SHA,TLS_DH_RSA_WITH_SEED_CBC_SHA,TLS_DH_DSS_WITH_SEED_CBC_SHA,TLS_ECDH_RSA_WITH_AES_128_GCM_SHA256,TLS_ECDH_ECDSA_WITH_AES_128_GCM_SHA256,TLS_ECDH_RSA_WITH_AES_128_CBC_SHA256,TLS_ECDH_ECDSA_WITH_AES_128_CBC_SHA256,TLS_ECDH_RSA_WITH_AES_128_CBC_SHA,TLS_ECDH_ECDSA_WITH_AES_128_CBC_SHA,TLS_RSA_WITH_AES_128_GCM_SHA256,TLS_RSA_WITH_AES_128_CBC_SHA256,TLS_RSA_WITH_AES_128_CBC_SHA,TLS_RSA_WITH_CAMELLIA_128_CBC_SHA,TLS_RSA_WITH_SEED_CBC_SHA,SSL_RSA_WITH_IDEA_CBC_SHA,TLS_RSA_WITH_IDEA_CBC_SHA,TLS_PSK_WITH_AES_128_CBC_SHA,TLS_ECDHE_RSA_WITH_RC4_128_SHA,TLS_ECDHE_ECDSA_WITH_RC4_128_SHA,TLS_ECDH_RSA_WITH_RC4_128_SHA,TLS_ECDH_ECDSA_WITH_RC4_128_SHA,TLS_RSA_WITH_RC4_128_SHA,SSL_RSA_WITH_RC4_128_SHA,SSL_RSA_WITH_RC4_128_MD5,TLS_RSA_WITH_RC4_128_MD5,TLS_PSK_WITH_RC4_128_SHA],>
	at org.junit.Assert.assertEquals(Assert.java:115)
	at org.apache.tomcat.util.net.jsse.openssl.TestOpenSSLCipherConfigurationParser.testSpecification(TestOpenSSLCipherConfigurationParser.java:499)
	at org.apache.tomcat.util.net.jsse.openssl.TestOpenSSLCipherConfigurationParser.testSpecification02(TestOpenSSLCipherConfigurationParser.java:478)
	at sun.reflect.NativeMethodAccessorImpl.invoke0(Native Method)
	at sun.reflect.NativeMethodAccessorImpl.invoke(NativeMethodAccessorImpl.java:62)
	at sun.reflect.DelegatingMethodAccessorImpl.invoke(DelegatingMethodAccessorImpl.java:43)
	at java.lang.reflect.Method.invoke(Method.java:483)
	at org.junit.runners.model.FrameworkMethod$1.runReflectiveCall(FrameworkMethod.java:50)
	at org.junit.internal.runners.model.ReflectiveCallable.run(ReflectiveCallable.java:12)
	at org.junit.runners.model.FrameworkMethod.invokeExplosively(FrameworkMethod.java:47)
	at org.junit.internal.runners.statements.InvokeMethod.evaluate(InvokeMethod.java:17)
	at org.junit.internal.runners.statements.RunBefores.evaluate(RunBefores.java:26)
	at org.junit.runners.ParentRunner.runLeaf(ParentRunner.java:325)
	at org.junit.runners.BlockJUnit4ClassRunner.runChild(BlockJUnit4ClassRunner.java:78)
	at org.junit.runners.BlockJUnit4ClassRunner.runChild(BlockJUnit4ClassRunner.java:57)
	at org.junit.runners.ParentRunner$3.run(ParentRunner.java:290)
	at org.junit.runners.ParentRunner$1.schedule(ParentRunner.java:71)
	at org.junit.runners.ParentRunner.runChildren(ParentRunner.java:288)
	at org.junit.runners.ParentRunner.access$000(ParentRunner.java:58)
	at org.junit.runners.ParentRunner$2.evaluate(ParentRunner.java:268)
	at org.junit.runners.ParentRunner.run(ParentRunner.java:363)
	at org.apache.maven.surefire.junit4.JUnit4TestSet.execute(JUnit4TestSet.java:53)
	at org.apache.maven.surefire.junit4.JUnit4Provider.executeTestSet(JUnit4Provider.java:123)
	at org.apache.maven.surefire.junit4.JUnit4Provider.invoke(JUnit4Provider.java:104)
	at sun.reflect.NativeMethodAccessorImpl.invoke0(Native Method)
	at sun.reflect.NativeMethodAccessorImpl.invoke(NativeMethodAccessorImpl.java:62)
	at sun.reflect.DelegatingMethodAccessorImpl.invoke(DelegatingMethodAccessorImpl.java:43)
	at java.lang.reflect.Method.invoke(Method.java:483)
	at org.apache.maven.surefire.util.ReflectionUtils.invokeMethodWithArray(ReflectionUtils.java:164)
	at org.apache.maven.surefire.booter.ProviderFactory$ProviderProxy.invoke(ProviderFactory.java:110)
	at org.apache.maven.surefire.booter.SurefireStarter.invokeProvider(SurefireStarter.java:175)
	at org.apache.maven.surefire.booter.SurefireStarter.runSuitesInProcessWhenForked(SurefireStarter.java:107)
	at org.apache.maven.surefire.booter.ForkedBooter.main(ForkedBooter.java:68)
testSpecification03(org.apache.tomcat.util.net.jsse.openssl.TestOpenSSLCipherConfigurationParser)  Time elapsed: 0.005 sec  <<< FAILURE!
org.junit.ComparisonFailure: Tested 'EECDH+aRSA+SHA384:EECDH:EDH+aRSA:RC4:!aNULL:!eNULL:!LOW:!3DES:!MD5:!EXP:!PSK:!SRP:!DSS':  expected:<TLS_[]RSA_WITH_RC4_128_SHA...> but was:<TLS_[ECDHE_RSA_WITH_AES_256_CBC_SHA384,TLS_ECDHE_RSA_WITH_AES_256_GCM_SHA384,TLS_ECDHE_ECDSA_WITH_AES_256_GCM_SHA384,TLS_ECDHE_ECDSA_WITH_AES_256_CBC_SHA384,TLS_ECDHE_RSA_WITH_AES_256_CBC_SHA,TLS_ECDHE_ECDSA_WITH_AES_256_CBC_SHA,TLS_DHE_RSA_WITH_AES_256_GCM_SHA384,TLS_DHE_RSA_WITH_AES_256_CBC_SHA256,TLS_DHE_RSA_WITH_AES_256_CBC_SHA,TLS_DHE_RSA_WITH_CAMELLIA_256_CBC_SHA,TLS_ECDHE_RSA_WITH_AES_128_GCM_SHA256,TLS_ECDHE_ECDSA_WITH_AES_128_GCM_SHA256,TLS_ECDHE_RSA_WITH_AES_128_CBC_SHA256,TLS_ECDHE_ECDSA_WITH_AES_128_CBC_SHA256,TLS_ECDHE_RSA_WITH_AES_128_CBC_SHA,TLS_ECDHE_ECDSA_WITH_AES_128_CBC_SHA,TLS_DHE_RSA_WITH_AES_128_GCM_SHA256,TLS_DHE_RSA_WITH_AES_128_CBC_SHA256,TLS_DHE_RSA_WITH_AES_128_CBC_SHA,TLS_DHE_RSA_WITH_SEED_CBC_SHA,TLS_DHE_RSA_WITH_CAMELLIA_128_CBC_SHA,TLS_ECDHE_RSA_WITH_RC4_128_SHA,TLS_ECDHE_ECDSA_WITH_RC4_128_SHA,TLS_ECDH_RSA_WITH_RC4_128_SHA,TLS_ECDH_ECDSA_WITH_RC4_128_SHA,TLS_]RSA_WITH_RC4_128_SHA...>
	at org.junit.Assert.assertEquals(Assert.java:115)
	at org.apache.tomcat.util.net.jsse.openssl.TestOpenSSLCipherConfigurationParser.testSpecification(TestOpenSSLCipherConfigurationParser.java:499)
	at org.apache.tomcat.util.net.jsse.openssl.TestOpenSSLCipherConfigurationParser.testSpecification03(TestOpenSSLCipherConfigurationParser.java:485)
	at sun.reflect.NativeMethodAccessorImpl.invoke0(Native Method)
	at sun.reflect.NativeMethodAccessorImpl.invoke(NativeMethodAccessorImpl.java:62)
	at sun.reflect.DelegatingMethodAccessorImpl.invoke(DelegatingMethodAccessorImpl.java:43)
	at java.lang.reflect.Method.invoke(Method.java:483)
	at org.junit.runners.model.FrameworkMethod$1.runReflectiveCall(FrameworkMethod.java:50)
	at org.junit.internal.runners.model.ReflectiveCallable.run(ReflectiveCallable.java:12)
	at org.junit.runners.model.FrameworkMethod.invokeExplosively(FrameworkMethod.java:47)
	at org.junit.internal.runners.statements.InvokeMethod.evaluate(InvokeMethod.java:17)
	at org.junit.internal.runners.statements.RunBefores.evaluate(RunBefores.java:26)
	at org.junit.runners.ParentRunner.runLeaf(ParentRunner.java:325)
	at org.junit.runners.BlockJUnit4ClassRunner.runChild(BlockJUnit4ClassRunner.java:78)
	at org.junit.runners.BlockJUnit4ClassRunner.runChild(BlockJUnit4ClassRunner.java:57)
	at org.junit.runners.ParentRunner$3.run(ParentRunner.java:290)
	at org.junit.runners.ParentRunner$1.schedule(ParentRunner.java:71)
	at org.junit.runners.ParentRunner.runChildren(ParentRunner.java:288)
	at org.junit.runners.ParentRunner.access$000(ParentRunner.java:58)
	at org.junit.runners.ParentRunner$2.evaluate(ParentRunner.java:268)
	at org.junit.runners.ParentRunner.run(ParentRunner.java:363)
	at org.apache.maven.surefire.junit4.JUnit4TestSet.execute(JUnit4TestSet.java:53)
	at org.apache.maven.surefire.junit4.JUnit4Provider.executeTestSet(JUnit4Provider.java:123)
	at org.apache.maven.surefire.junit4.JUnit4Provider.invoke(JUnit4Provider.java:104)
	at sun.reflect.NativeMethodAccessorImpl.invoke0(Native Method)
	at sun.reflect.NativeMethodAccessorImpl.invoke(NativeMethodAccessorImpl.java:62)
	at sun.reflect.DelegatingMethodAccessorImpl.invoke(DelegatingMethodAccessorImpl.java:43)
	at java.lang.reflect.Method.invoke(Method.java:483)
	at org.apache.maven.surefire.util.ReflectionUtils.invokeMethodWithArray(ReflectionUtils.java:164)
	at org.apache.maven.surefire.booter.ProviderFactory$ProviderProxy.invoke(ProviderFactory.java:110)
	at org.apache.maven.surefire.booter.SurefireStarter.invokeProvider(SurefireStarter.java:175)
	at org.apache.maven.surefire.booter.SurefireStarter.runSuitesInProcessWhenForked(SurefireStarter.java:107)
	at org.apache.maven.surefire.booter.ForkedBooter.main(ForkedBooter.java:68)
testaECDSA(org.apache.tomcat.util.net.jsse.openssl.TestOpenSSLCipherConfigurationParser)  Time elapsed: 0.006 sec  <<< FAILURE!
org.junit.ComparisonFailure: Tested 'aECDSA':  expected:<[]> but was:<[TLS_ECDHE_ECDSA_WITH_AES_256_GCM_SHA384,TLS_ECDHE_ECDSA_WITH_AES_256_CBC_SHA384,TLS_ECDHE_ECDSA_WITH_AES_256_CBC_SHA,TLS_ECDHE_ECDSA_WITH_3DES_EDE_CBC_SHA,TLS_ECDHE_ECDSA_WITH_AES_128_GCM_SHA256,TLS_ECDHE_ECDSA_WITH_AES_128_CBC_SHA256,TLS_ECDHE_ECDSA_WITH_AES_128_CBC_SHA,TLS_ECDHE_ECDSA_WITH_RC4_128_SHA,TLS_ECDHE_ECDSA_WITH_NULL_SHA,]>
	at org.junit.Assert.assertEquals(Assert.java:115)
	at org.apache.tomcat.util.net.jsse.openssl.TestOpenSSLCipherConfigurationParser.testSpecification(TestOpenSSLCipherConfigurationParser.java:499)
	at org.apache.tomcat.util.net.jsse.openssl.TestOpenSSLCipherConfigurationParser.testaECDSA(TestOpenSSLCipherConfigurationParser.java:238)
	at sun.reflect.NativeMethodAccessorImpl.invoke0(Native Method)
	at sun.reflect.NativeMethodAccessorImpl.invoke(NativeMethodAccessorImpl.java:62)
	at sun.reflect.DelegatingMethodAccessorImpl.invoke(DelegatingMethodAccessorImpl.java:43)
	at java.lang.reflect.Method.invoke(Method.java:483)
	at org.junit.runners.model.FrameworkMethod$1.runReflectiveCall(FrameworkMethod.java:50)
	at org.junit.internal.runners.model.ReflectiveCallable.run(ReflectiveCallable.java:12)
	at org.junit.runners.model.FrameworkMethod.invokeExplosively(FrameworkMethod.java:47)
	at org.junit.internal.runners.statements.InvokeMethod.evaluate(InvokeMethod.java:17)
	at org.junit.internal.runners.statements.RunBefores.evaluate(RunBefores.java:26)
	at org.junit.runners.ParentRunner.runLeaf(ParentRunner.java:325)
	at org.junit.runners.BlockJUnit4ClassRunner.runChild(BlockJUnit4ClassRunner.java:78)
	at org.junit.runners.BlockJUnit4ClassRunner.runChild(BlockJUnit4ClassRunner.java:57)
	at org.junit.runners.ParentRunner$3.run(ParentRunner.java:290)
	at org.junit.runners.ParentRunner$1.schedule(ParentRunner.java:71)
	at org.junit.runners.ParentRunner.runChildren(ParentRunner.java:288)
	at org.junit.runners.ParentRunner.access$000(ParentRunner.java:58)
	at org.junit.runners.ParentRunner$2.evaluate(ParentRunner.java:268)
	at org.junit.runners.ParentRunner.run(ParentRunner.java:363)
	at org.apache.maven.surefire.junit4.JUnit4TestSet.execute(JUnit4TestSet.java:53)
	at org.apache.maven.surefire.junit4.JUnit4Provider.executeTestSet(JUnit4Provider.java:123)
	at org.apache.maven.surefire.junit4.JUnit4Provider.invoke(JUnit4Provider.java:104)
	at sun.reflect.NativeMethodAccessorImpl.invoke0(Native Method)
	at sun.reflect.NativeMethodAccessorImpl.invoke(NativeMethodAccessorImpl.java:62)
	at sun.reflect.DelegatingMethodAccessorImpl.invoke(DelegatingMethodAccessorImpl.java:43)
	at java.lang.reflect.Method.invoke(Method.java:483)
	at org.apache.maven.surefire.util.ReflectionUtils.invokeMethodWithArray(ReflectionUtils.java:164)
	at org.apache.maven.surefire.booter.ProviderFactory$ProviderProxy.invoke(ProviderFactory.java:110)
	at org.apache.maven.surefire.booter.SurefireStarter.invokeProvider(SurefireStarter.java:175)
	at org.apache.maven.surefire.booter.SurefireStarter.runSuitesInProcessWhenForked(SurefireStarter.java:107)
	at org.apache.maven.surefire.booter.ForkedBooter.main(ForkedBooter.java:68)
