-------------------------------------------------------------------------------
Test set: org.apache.tomcat.util.net.jsse.openssl.TestCipher
-------------------------------------------------------------------------------
Tests run: 3, Failures: 1, Errors: 0, Skipped: 0, Time elapsed: 0.101 sec <<< FAILURE!
testOpenSSLCipherAvailability(org.apache.tomcat.util.net.jsse.openssl.TestCipher)  Time elapsed: 0.006 sec  <<< FAILURE!
java.lang.AssertionError: SRP-RSA-AES-256-CBC-SHA+SSLv3 DH-RSA-AES128-SHA256+TLSv1.2 DH-RSA-AES256-SHA256+TLSv1.2 DH-RSA-DES-CBC3-SHA+SSLv3 AES256-GCM-SHA384+TLSv1.2 DHE-RSA-AES128-SHA256+TLSv1.2 ECDHE-ECDSA-AES256-SHA384+TLSv1.2 ADH-CAMELLIA256-SHA+SSLv3 DH-RSA-CAMELLIA256-SHA+SSLv3 AECDH-NULL-SHA+SSLv3 DH-DSS-AES128-SHA+SSLv3 DH-DSS-SEED-SHA+SSLv3 DHE-RSA-AES256-SHA256+TLSv1.2 ADH-AES256-SHA256+TLSv1.2 IDEA-CBC-SHA+SSLv3 ECDH-ECDSA-AES128-SHA256+TLSv1.2 DHE-DSS-AES128-GCM-SHA256+TLSv1.2 PSK-3DES-EDE-CBC-SHA+SSLv3 SRP-DSS-3DES-EDE-CBC-SHA+SSLv3 ECDHE-ECDSA-AES256-GCM-SHA384+TLSv1.2 ECDHE-RSA-AES128-GCM-SHA256+TLSv1.2 AECDH-DES-CBC3-SHA+SSLv3 ECDHE-RSA-AES256-SHA+SSLv3 ECDH-ECDSA-AES128-GCM-SHA256+TLSv1.2 NULL-SHA256+TLSv1.2 DHE-DSS-CAMELLIA128-SHA+SSLv3 DH-RSA-AES256-SHA+SSLv3 AES128-GCM-SHA256+TLSv1.2 DH-RSA-AES256-GCM-SHA384+TLSv1.2 IDEA-CBC-MD5+SSLv2 ECDHE-RSA-RC4-SHA+SSLv3 EXP-DH-DSS-DES-CBC-SHA+SSLv3 CAMELLIA128-SHA+SSLv3 DH-DSS-AES128-GCM-SHA256+TLSv1.2 SRP-AES-256-CBC-SHA+SSLv3 SRP-DSS-AES-128-CBC-SHA+SSLv3 DH-DSS-CAMELLIA128-SHA+SSLv3 SRP-AES-128-CBC-SHA+SSLv3 DHE-RSA-AES256-GCM-SHA384+TLSv1.2 DHE-DSS-AES256-GCM-SHA384+TLSv1.2 ECDH-RSA-AES128-SHA+SSLv3 ECDHE-RSA-AES256-GCM-SHA384+TLSv1.2 EXP-DH-RSA-DES-CBC-SHA+SSLv3 ECDH-RSA-AES256-SHA+SSLv3 DH-RSA-AES128-GCM-SHA256+TLSv1.2 ECDH-ECDSA-RC4-SHA+SSLv3 DH-DSS-DES-CBC3-SHA+SSLv3 DH-RSA-AES128-SHA+SSLv3 ECDH-ECDSA-AES128-SHA+SSLv3 CAMELLIA256-SHA+SSLv3 AES256-SHA256+TLSv1.2 DH-DSS-DES-CBC-SHA+SSLv3 DHE-DSS-CAMELLIA256-SHA+SSLv3 PSK-RC4-SHA+SSLv3 DH-DSS-AES256-GCM-SHA384+TLSv1.2 AES128-SHA256+TLSv1.2 SRP-3DES-EDE-CBC-SHA+SSLv3 ECDH-ECDSA-NULL-SHA+SSLv3 PSK-AES256-CBC-SHA+SSLv3 ECDH-RSA-AES128-GCM-SHA256+TLSv1.2 ECDHE-ECDSA-NULL-SHA+SSLv3 ECDHE-RSA-AES128-SHA+SSLv3 DHE-DSS-AES128-SHA256+TLSv1.2 DH-DSS-CAMELLIA256-SHA+SSLv3 ADH-AES128-GCM-SHA256+TLSv1.2 DHE-RSA-AES128-GCM-SHA256+TLSv1.2 ECDH-RSA-NULL-SHA+SSLv3 ECDH-RSA-DES-CBC3-SHA+SSLv3 DH-DSS-AES256-SHA+SSLv3 ECDH-ECDSA-DES-CBC3-SHA+SSLv3 ECDHE-ECDSA-RC4-SHA+SSLv3 ECDH-RSA-RC4-SHA+SSLv3 ECDHE-RSA-DES-CBC3-SHA+SSLv3 ECDHE-RSA-NULL-SHA+SSLv3 ADH-CAMELLIA128-SHA+SSLv3 ECDHE-ECDSA-DES-CBC3-SHA+SSLv3 ECDH-ECDSA-AES256-SHA384+TLSv1.2 DH-DSS-AES128-SHA256+TLSv1.2 DH-RSA-SEED-SHA+SSLv3 SRP-RSA-3DES-EDE-CBC-SHA+SSLv3 ECDH-RSA-AES128-SHA256+TLSv1.2 ECDH-RSA-AES256-GCM-SHA384+TLSv1.2 AECDH-AES256-SHA+SSLv3 PSK-AES128-CBC-SHA+SSLv3 SRP-DSS-AES-256-CBC-SHA+SSLv3 ECDHE-RSA-AES128-SHA256+TLSv1.2 DHE-RSA-CAMELLIA256-SHA+SSLv3 DH-RSA-CAMELLIA128-SHA+SSLv3 ECDHE-ECDSA-AES128-GCM-SHA256+TLSv1.2 AECDH-AES128-SHA+SSLv3 ADH-AES256-GCM-SHA384+TLSv1.2 ECDHE-ECDSA-AES256-SHA+SSLv3 DH-RSA-DES-CBC-SHA+SSLv3 DH-DSS-AES256-SHA256+TLSv1.2 DHE-RSA-CAMELLIA128-SHA+SSLv3 AECDH-RC4-SHA+SSLv3 ADH-AES128-SHA256+TLSv1.2 DHE-DSS-AES256-SHA256+TLSv1.2 ECDH-RSA-AES256-SHA384+TLSv1.2 ECDHE-RSA-AES256-SHA384+TLSv1.2 ECDHE-ECDSA-AES128-SHA+SSLv3 ECDH-ECDSA-AES256-SHA+SSLv3 SRP-RSA-AES-128-CBC-SHA+SSLv3 ECDHE-ECDSA-AES128-SHA256+TLSv1.2 ECDH-ECDSA-AES256-GCM-SHA384+TLSv1.2  expected:<0> but was:<105>
	at org.junit.Assert.fail(Assert.java:88)
	at org.junit.Assert.failNotEquals(Assert.java:834)
	at org.junit.Assert.assertEquals(Assert.java:645)
	at org.apache.tomcat.util.net.jsse.openssl.TestCipher.testOpenSSLCipherAvailability(TestCipher.java:128)
	at sun.reflect.NativeMethodAccessorImpl.invoke0(Native Method)
	at sun.reflect.NativeMethodAccessorImpl.invoke(NativeMethodAccessorImpl.java:62)
	at sun.reflect.DelegatingMethodAccessorImpl.invoke(DelegatingMethodAccessorImpl.java:43)
	at java.lang.reflect.Method.invoke(Method.java:483)
	at org.junit.runners.model.FrameworkMethod$1.runReflectiveCall(FrameworkMethod.java:50)
	at org.junit.internal.runners.model.ReflectiveCallable.run(ReflectiveCallable.java:12)
	at org.junit.runners.model.FrameworkMethod.invokeExplosively(FrameworkMethod.java:47)
	at org.junit.internal.runners.statements.InvokeMethod.evaluate(InvokeMethod.java:17)
	at org.junit.internal.runners.statements.RunBefores.evaluate(RunBefores.java:26)
	at org.junit.runners.ParentRunner.runLeaf(ParentRunner.java:325)
	at org.junit.runners.BlockJUnit4ClassRunner.runChild(BlockJUnit4ClassRunner.java:78)
	at org.junit.runners.BlockJUnit4ClassRunner.runChild(BlockJUnit4ClassRunner.java:57)
	at org.junit.runners.ParentRunner$3.run(ParentRunner.java:290)
	at org.junit.runners.ParentRunner$1.schedule(ParentRunner.java:71)
	at org.junit.runners.ParentRunner.runChildren(ParentRunner.java:288)
	at org.junit.runners.ParentRunner.access$000(ParentRunner.java:58)
	at org.junit.runners.ParentRunner$2.evaluate(ParentRunner.java:268)
	at org.junit.runners.ParentRunner.run(ParentRunner.java:363)
	at org.apache.maven.surefire.junit4.JUnit4TestSet.execute(JUnit4TestSet.java:53)
	at org.apache.maven.surefire.junit4.JUnit4Provider.executeTestSet(JUnit4Provider.java:123)
	at org.apache.maven.surefire.junit4.JUnit4Provider.invoke(JUnit4Provider.java:104)
	at sun.reflect.NativeMethodAccessorImpl.invoke0(Native Method)
	at sun.reflect.NativeMethodAccessorImpl.invoke(NativeMethodAccessorImpl.java:62)
	at sun.reflect.DelegatingMethodAccessorImpl.invoke(DelegatingMethodAccessorImpl.java:43)
	at java.lang.reflect.Method.invoke(Method.java:483)
	at org.apache.maven.surefire.util.ReflectionUtils.invokeMethodWithArray(ReflectionUtils.java:164)
	at org.apache.maven.surefire.booter.ProviderFactory$ProviderProxy.invoke(ProviderFactory.java:110)
	at org.apache.maven.surefire.booter.SurefireStarter.invokeProvider(SurefireStarter.java:175)
	at org.apache.maven.surefire.booter.SurefireStarter.runSuitesInProcessWhenForked(SurefireStarter.java:107)
	at org.apache.maven.surefire.booter.ForkedBooter.main(ForkedBooter.java:68)
