<?xml version="1.0" encoding="UTF-8" ?>
<testsuite tests="6" failures="3" name="org.apache.catalina.tribes.test.channel.TestUdpPackages" time="83.29" errors="0" skipped="0">
  <properties>
[...]
</properties>
  <testcase classname="org.apache.catalina.tribes.test.channel.TestUdpPackages" name="testDataSendASYNCM" time="29.551">
    <failure message="Checking success messages. expected:&lt;10000&gt; but was:&lt;6358&gt;" type="java.lang.AssertionError">java.lang.AssertionError: Checking success messages. expected:&lt;10000&gt; but was:&lt;6358&gt;
	at org.junit.Assert.fail(Assert.java:88)
	at org.junit.Assert.failNotEquals(Assert.java:834)
	at org.junit.Assert.assertEquals(Assert.java:645)
	at org.apache.catalina.tribes.test.channel.TestUdpPackages.testDataSendASYNCM(TestUdpPackages.java:185)
	at sun.reflect.NativeMethodAccessorImpl.invoke0(Native Method)
	at sun.reflect.NativeMethodAccessorImpl.invoke(NativeMethodAccessorImpl.java:62)
	at sun.reflect.DelegatingMethodAccessorImpl.invoke(DelegatingMethodAccessorImpl.java:43)
	at java.lang.reflect.Method.invoke(Method.java:483)
	at org.junit.runners.model.FrameworkMethod$1.runReflectiveCall(FrameworkMethod.java:50)
	at org.junit.internal.runners.model.ReflectiveCallable.run(ReflectiveCallable.java:12)
	at org.junit.runners.model.FrameworkMethod.invokeExplosively(FrameworkMethod.java:47)
	at org.junit.internal.runners.statements.InvokeMethod.evaluate(InvokeMethod.java:17)
	at org.junit.internal.runners.statements.RunBefores.evaluate(RunBefores.java:26)
	at org.junit.internal.runners.statements.RunAfters.evaluate(RunAfters.java:27)
	at org.junit.runners.ParentRunner.runLeaf(ParentRunner.java:325)
	at org.junit.runners.BlockJUnit4ClassRunner.runChild(BlockJUnit4ClassRunner.java:78)
	at org.junit.runners.BlockJUnit4ClassRunner.runChild(BlockJUnit4ClassRunner.java:57)
	at org.junit.runners.ParentRunner$3.run(ParentRunner.java:290)
	at org.junit.runners.ParentRunner$1.schedule(ParentRunner.java:71)
	at org.junit.runners.ParentRunner.runChildren(ParentRunner.java:288)
	at org.junit.runners.ParentRunner.access$000(ParentRunner.java:58)
	at org.junit.runners.ParentRunner$2.evaluate(ParentRunner.java:268)
	at org.junit.runners.ParentRunner.run(ParentRunner.java:363)
	at org.apache.maven.surefire.junit4.JUnit4TestSet.execute(JUnit4TestSet.java:53)
	at org.apache.maven.surefire.junit4.JUnit4Provider.executeTestSet(JUnit4Provider.java:123)
	at org.apache.maven.surefire.junit4.JUnit4Provider.invoke(JUnit4Provider.java:104)
	at sun.reflect.NativeMethodAccessorImpl.invoke0(Native Method)
	at sun.reflect.NativeMethodAccessorImpl.invoke(NativeMethodAccessorImpl.java:62)
	at sun.reflect.DelegatingMethodAccessorImpl.invoke(DelegatingMethodAccessorImpl.java:43)
	at java.lang.reflect.Method.invoke(Method.java:483)
	at org.apache.maven.surefire.util.ReflectionUtils.invokeMethodWithArray(ReflectionUtils.java:164)
	at org.apache.maven.surefire.booter.ProviderFactory$ProviderProxy.invoke(ProviderFactory.java:110)
	at org.apache.maven.surefire.booter.SurefireStarter.invokeProvider(SurefireStarter.java:175)
	at org.apache.maven.surefire.booter.SurefireStarter.runSuitesInProcessWhenForked(SurefireStarter.java:107)
	at org.apache.maven.surefire.booter.ForkedBooter.main(ForkedBooter.java:68)
</failure>
    <system-out>Thread[Thread-930] sent 500 messages in 13 ms.
Thread[Thread-934] sent 500 messages in 15 ms.
Thread[Thread-923] sent 500 messages in 19 ms.
Thread[Thread-925] sent 500 messages in 21 ms.
Thread[Thread-928] sent 500 messages in 27 ms.
Thread[Thread-933] sent 500 messages in 31 ms.
Thread[Thread-940] sent 500 messages in 31 ms.
Thread[Thread-937] sent 500 messages in 34 ms.
Thread[Thread-931] sent 500 messages in 36 ms.
Thread[Thread-941] sent 500 messages in 37 ms.
Thread[Thread-936] sent 500 messages in 42 ms.
Thread[Thread-932] sent 500 messages in 46 ms.
Thread[Thread-927] sent 500 messages in 52 ms.
Thread[Thread-924] sent 500 messages in 56 ms.
Thread[Thread-929] sent 500 messages in 56 ms.
Thread[Thread-922] sent 500 messages in 59 ms.
Thread[Thread-935] sent 500 messages in 58 ms.
Thread[Thread-939] sent 500 messages in 58 ms.
Thread[Thread-938] sent 500 messages in 58 ms.
Thread[Thread-926] sent 500 messages in 59 ms.
Sent 10000 messages. Received 6358 Highest msg received:9999
Missing messages:0, 3, 7, 8, 10, 12, 13, 15, 16, 17, 18, 19, 21, 27, 61, 72, 74, 75, 76, 77, 79, 80, 81, 82, 83, 84, 85, 86, 87, 88, 89, 90, 91, 92, 93, 94, 95, 96, 98, 99, 100, 101, 102, 103, 104, 105, 106, 107, 108, 109, 110, 111, 112, 113, 114, 115, 116, 117, 118, 119, 120, 121, 122, 123, 124, 125, 126, 127, 128, 129, 130, 131, 132, 133, 134, 135, 136, 137, 138, 139, 140, 141, 142, 143, 144, 145, 146, 147, 148, 149, 150, 151, 152, 153, 154, 155, 156, 157, 158, 159, 160, 161, 162, 163, 164, 165, 166, 167, 168, 169, 170, 171, 172, 173, 174, 175, 176, 177, 178, 179, 180, 181, 182, 183, 184, 185, 186, 187, 188, 189, 190, 191, 192, 193, 194, 195, 196, 197, 198, 199, 200, 201, 202, 203, 204, 205, 206, 207, 208, 209, 210, 211, 212, 213, 214, 215, 216, 217, 218, 219, 220, 221, 222, 223, 224, 225, 226, 227, 228, 229, 230, 231, 232, 233, 234, 235, 236, 237, 238, 239, 240, 241, 242, 243, 244, 245, 246, 249, 250, 251, 252, 253, 254, 255, 256, 257, 258, 259, 260, 261, 262, 263, 264, 265, 266, 267, 268, 269, 270, 271, 272, 273, 274, 275, 276, 277, 278, 279, 280, 281, 282, 283, 284, 285, 286, 287, 288, 289, 290, 291, 292, 293, 294, 295, 296, 297, 298, 299, 300, 301, 302, 303, 304, 305, 306, 307, 308, 309, 310, 311, 312, 313, 314, 315, 316, 317, 318, 319, 320, 321, 322, 323, 324, 325, 326, 327, 328, 329, 330, 331, 332, 333, 334, 335, 336, 337, 338, 339, 340, 341, 342, 343, 344, 345, 346, 347, 348, 349, 350, 351, 352, 354, 355, 356, 358, 359, 360, 361, 362, 363, 364, 365, 366, 367, 368, 369, 370, 371, 372, 373, 374, 375, 376, 377, 378, 379, 380, 381, 382, 383, 384, 385, 386, 387, 388, 389, 390, 391, 392, 393, 394, 395, 396, 397, 398, 399, 400, 401, 402, 403, 404, 405, 406, 407, 408, 409, 410, 411, 412, 413, 414, 415, 416, 417, 418, 419, 420, 421, 422, 423, 424, 425, 426, 427, 428, 429, 430, 431, 432, 433, 434, 435, 436, 437, 438, 439, 440, 441, 442, 443, 444, 445, 446, 447, 448, 449, 450, 451, 452, 453, 454, 455, 456, 457, 458, 459, 460, 461, 462, 463, 464, 465, 466, 467, 468, 469, 470, 471, 472, 473, 474, 475, 476, 477, 478, 479, 480, 481, 482, 483, 484, 485, 486, 487, 488, 489, 490, 491, 492, 493, 494, 495, 497, 498, 499, 500, 501, 502, 503, 504, 505, 506, 507, 508, 510, 511, 512, 513, 514, 515, 516, 517, 518, 525, 528, 548, 554, 562, 564, 566, 569, 570, 571, 572, 573, 574, 575, 576, 577, 578, 579, 580, 581, 582, 583, 584, 585, 586, 587, 589, 590, 591, 592, 593, 594, 595, 597, 598, 599, 600, 601, 602, 604, 605, 606, 607, 608, 609, 610, 611, 612, 613, 614, 615, 616, 617, 618, 619, 620, 621, 622, 623, 624, 625, 626, 627, 628, 629, 630, 631, 632, 633, 634, 635, 636, 637, 638, 639, 640, 641, 642, 643, 644, 645, 647, 648, 649, 650, 651, 652, 653, 654, 655, 656, 657, 658, 659, 660, 661, 662, 663, 664, 665, 666, 667, 668, 669, 670, 671, 672, 673, 674, 675, 676, 677, 678, 679, 680, 681, 682, 683, 684, 685, 686, 687, 688, 689, 690, 691, 692, 693, 694, 695, 696, 697, 698, 699, 700, 701, 702, 703, 704, 705, 706, 707, 708, 709, 710, 711, 712, 713, 714, 715, 716, 717, 718, 719, 720, 721, 722, 723, 724, 725, 726, 727, 728, 729, 730, 731, 732, 733, 734, 735, 736, 737, 738, 739, 740, 741, 742, 743, 744, 745, 746, 747, 748, 749, 750, 751, 752, 753, 754, 755, 756, 757, 758, 759, 760, 761, 762, 763, 764, 765, 766, 767, 768, 769, 770, 771, 772, 773, 774, 775, 776, 777, 778, 779, 781, 782, 783, 784, 831, 832, 836, 838, 839, 840, 841, 842, 843, 844, 845, 846, 847, 848, 849, 850, 851, 852, 853, 854, 855, 856, 857, 858, 859, 860, 861, 862, 863, 864, 865, 866, 867, 868, 869, 870, 871, 872, 873, 874, 875, 876, 877, 878, 879, 880, 881, 882, 883, 884, 885, 886, 887, 888, 889, 890, 891, 892, 893, 894, 895, 896, 897, 898, 899, 900, 901, 902, 903, 904, 905, 906, 907, 908, 909, 910, 911, 912, 913, 914, 915, 916, 917, 918, 919, 920, 921, 922, 923, 924, 925, 926, 927, 928, 929, 930, 931, 932, 933, 934, 935, 936, 937, 938, 939, 940, 941, 942, 943, 944, 946, 947, 981, 1063, 1087, 1201, 1776, 1797, 1835, 1850, 1851, 1852, 1854, 1855, 1856, 1857, 1858, 1859, 1860, 1861, 1862, 1863, 1864, 1865, 1866, 1867, 1868, 1869, 1870, 1871, 1872, 1873, 1874, 1875, 1876, 1877, 1878, 1879, 1880, 1881, 1882, 1883, 1884, 1885, 1886, 1887, 1888, 1889, 1890, 1891, 1892, 1893, 1894, 1895, 1896, 1897, 1898, 1899, 1900, 1901, 1902, 1903, 1904, 1905, 1906, 1907, 1908, 1909, 1910, 1911, 1912, 1913, 1914, 1915, 1916, 1917, 1918, 1919, 1920, 1921, 1922, 1923, 1924, 1925, 1926, 1927, 1928, 1929, 1930, 1931, 1932, 1933, 1934, 1935, 1936, 1937, 1938, 1939, 1940, 1941, 1942, 1943, 1944, 1945, 1946, 1947, 1948, 1949, 1950, 1951, 1952, 1953, 1954, 1955, 1956, 1957, 1958, 1959, 1960, 1961, 1962, 1963, 1964, 1965, 1966, 1967, 1968, 1969, 1970, 1971, 1972, 1973, 1974, 1975, 1976, 1977, 1978, 1979, 1980, 1981, 1982, 1983, 1984, 1985, 1986, 1987, 1988, 1989, 1990, 1991, 1992, 1993, 1994, 1995, 1996, 1997, 1998, 1999, 2000, 2001, 2002, 2003, 2004, 2005, 2006, 2007, 2008, 2009, 2010, 2011, 2012, 2013, 2014, 2015, 2016, 2017, 2018, 2019, 2020, 2021, 2022, 2023, 2024, 2025, 2026, 2027, 2028, 2029, 2030, 2031, 2032, 2033, 2034, 2035, 2036, 2037, 2038, 2039, 2040, 2041, 2042, 2043, 2044, 2045, 2046, 2047, 2049, 2050, 2051, 2052, 2053, 2054, 2055, 2056, 2057, 2058, 2059, 2060, 2061, 2062, 2063, 2064, 2065, 2066, 2067, 2068, 2069, 2070, 2071, 2072, 2073, 2074, 2075, 2076, 2077, 2078, 2079, 2080, 2081, 2082, 2083, 2084, 2085, 2086, 2087, 2088, 2089, 2090, 2091, 2092, 2093, 2094, 2095, 2096, 2097, 2098, 2099, 2100, 2101, 2102, 2103, 2104, 2105, 2106, 2107, 2108, 2109, 2110, 2111, 2112, 2113, 2114, 2115, 2116, 2117, 2118, 2119, 2120, 2121, 2122, 2123, 2124, 2125, 2126, 2127, 2128, 2129, 2130, 2131, 2132, 2133, 2134, 2135, 2136, 2137, 2138, 2139, 2140, 2141, 2142, 2143, 2144, 2145, 2146, 2147, 2148, 2149, 2150, 2151, 2152, 2153, 2154, 2155, 2156, 2157, 2158, 2159, 2160, 2161, 2162, 2163, 2164, 2165, 2166, 2167, 2168, 2169, 2170, 2171, 2172, 2173, 2174, 2175, 2176, 2177, 2178, 2179, 2183, 2185, 2186, 2189, 2197, 2199, 2203, 2204, 2205, 2207, 2208, 2209, 2210, 2211, 2212, 2213, 2214, 2215, 2216, 2217, 2218, 2219, 2220, 2221, 2222, 2223, 2224, 2225, 2226, 2227, 2229, 2230, 2231, 2232, 2233, 2235, 2236, 2237, 2238, 2239, 2240, 2241, 2242, 2243, 2244, 2245, 2247, 2248, 2249, 2250, 2251, 2252, 2253, 2254, 2255, 2256, 2257, 2258, 2259, 2260, 2261, 2262, 2263, 2264, 2265, 2266, 2267, 2268, 2269, 2270, 2271, 2272, 2273, 2274, 2275, 2276, 2277, 2278, 2279, 2280, 2281, 2282, 2283, 2284, 2285, 2286, 2287, 2288, 2289, 2290, 2291, 2292, 2293, 2294, 2296, 2297, 2298, 2299, 2300, 2301, 2302, 2303, 2304, 2305, 2306, 2307, 2308, 2309, 2310, 2311, 2312, 2313, 2314, 2315, 2316, 2317, 2318, 2319, 2320, 2321, 2323, 2324, 2325, 2326, 2327, 2328, 2329, 2330, 2331, 2332, 2333, 2334, 2335, 2336, 2337, 2338, 2339, 2340, 2341, 2342, 2343, 2344, 2345, 2346, 2347, 2348, 2349, 2350, 2351, 2352, 2353, 2354, 2355, 2356, 2357, 2358, 2359, 2360, 2361, 2362, 2363, 2364, 2365, 2366, 2367, 2368, 2369, 2370, 2371, 2372, 2373, 2374, 2375, 2376, 2377, 2378, 2379, 2380, 2381, 2382, 2383, 2384, 2385, 2386, 2387, 2388, 2389, 2390, 2391, 2392, 2393, 2394, 2395, 2396, 2397, 2398, 2399, 2400, 2401, 2402, 2403, 2404, 2405, 2406, 2407, 2408, 2409, 2410, 2411, 2412, 2413, 2414, 2415, 2416, 2417, 2418, 2419, 2420, 2421, 2422, 2423, 2424, 2425, 2426, 2427, 2428, 2429, 2430, 2431, 2432, 2433, 2434, 2435, 2436, 2437, 2438, 2439, 2440, 2441, 2442, 2443, 2444, 2445, 2446, 2447, 2448, 2449, 2450, 2451, 2452, 2453, 2454, 2455, 2456, 2457, 2458, 2459, 2460, 2461, 2462, 2463, 2464, 2465, 2466, 2467, 2468, 2469, 2470, 2471, 2472, 2473, 2474, 2475, 2476, 2477, 2478, 2479, 2480, 2481, 2482, 2483, 2484, 2485, 2486, 2487, 2488, 2489, 2490, 2491, 2492, 2493, 2494, 2495, 2496, 2497, 2498, 2499, 2500, 2501, 2502, 2504, 2505, 2506, 2507, 2508, 2509, 2510, 2511, 2512, 2513, 2514, 2515, 2516, 2517, 2518, 2519, 2520, 2521, 2522, 2523, 2524, 2525, 2526, 2527, 2528, 2529, 2530, 2531, 2532, 2533, 2534, 2535, 2536, 2537, 2538, 2539, 2540, 2541, 2542, 2543, 2544, 2545, 2546, 2547, 2548, 2549, 2550, 2551, 2552, 2553, 2554, 2555, 2556, 2557, 2558, 2559, 2560, 2561, 2562, 2563, 2564, 2565, 2566, 2567, 2568, 2569, 2570, 2571, 2572, 2573, 2574, 2575, 2576, 2577, 2578, 2579, 2580, 2581, 2582, 2583, 2584, 2585, 2586, 2587, 2588, 2589, 2590, 2591, 2592, 2593, 2594, 2595, 2596, 2597, 2598, 2599, 2600, 2601, 2602, 2603, 2604, 2605, 2606, 2607, 2608, 2609, 2610, 2611, 2612, 2613, 2614, 2615, 2616, 2617, 2618, 2619, 2620, 2621, 2622, 2623, 2624, 2625, 2626, 2627, 2628, 2629, 2630, 2631, 2632, 2633, 2634, 2635, 2636, 2637, 2638, 2639, 2640, 2641, 2642, 2643, 2644, 2645, 2646, 2647, 2648, 2649, 2650, 2651, 2652, 2653, 2654, 2655, 2656, 2657, 2658, 2659, 2660, 2661, 2662, 2663, 2664, 2665, 2666, 2667, 2668, 2669, 2670, 2671, 2672, 2673, 2674, 2675, 2676, 2677, 2678, 2680, 2681, 2682, 2683, 2684, 2685, 2686, 2687, 2688, 2689, 2690, 2691, 2692, 2693, 2694, 2695, 2696, 2697, 2698, 2699, 2700, 2701, 2702, 2703, 2704, 2705, 2706, 2707, 2708, 2709, 2710, 2711, 2712, 2713, 2714, 2715, 2716, 2717, 2718, 2719, 2720, 2721, 2722, 2723, 2724, 2725, 2726, 2727, 2728, 2729, 2730, 2731, 2732, 2733, 2734, 2735, 2736, 2737, 2738, 2739, 2740, 2741, 2742, 2743, 2744, 2745, 2746, 2747, 2748, 2749, 2750, 2751, 2752, 2753, 2754, 2755, 2756, 2757, 2758, 2759, 2760, 2761, 2762, 2763, 2764, 2765, 2766, 2767, 2768, 2769, 2770, 2771, 2772, 2773, 2774, 2776, 2777, 2778, 2780, 2783, 2784, 2785, 2786, 2787, 2788, 2789, 2790, 2791, 2792, 2793, 2794, 2795, 2796, 2797, 2798, 2799, 2800, 2801, 2802, 2803, 2804, 2805, 2806, 2807, 2808, 2809, 2811, 2812, 2813, 2814, 2815, 2816, 2817, 2818, 2819, 2820, 2821, 2822, 2823, 2824, 2825, 2826, 2827, 2828, 2829, 2830, 2831, 2833, 2834, 2836, 2837, 2838, 2839, 2840, 2841, 2842, 2843, 2845, 2846, 2847, 2848, 2849, 2850, 2851, 2852, 2853, 2854, 2855, 2856, 2857, 2859, 2860, 2862, 2863, 2865, 2866, 2867, 2868, 2869, 2870, 2871, 2872, 2873, 2874, 2877, 2878, 2879, 2880, 2882, 2883, 2886, 2888, 2890, 2891, 2892, 2893, 2894, 2895, 2897, 2898, 2899, 2900, 2901, 2902, 2903, 2904, 2906, 2908, 2910, 2911, 2912, 2913, 2915, 2916, 2918, 2919, 2920, 2921, 2922, 2924, 2925, 2926, 2927, 2928, 2929, 2930, 2931, 2933, 2934, 2936, 2937, 2938, 2939, 2942, 2943, 2944, 2945, 2946, 2948, 2949, 2950, 2951, 2952, 2953, 2954, 2955, 2958, 2959, 2962, 2963, 2965, 2966, 2968, 2970, 2971, 2972, 2973, 2974, 2975, 2977, 2979, 2980, 2981, 2982, 2983, 2984, 2985, 2986, 2987, 2989, 2990, 2991, 2992, 2993, 2995, 2996, 2997, 3001, 3002, 3003, 3005, 3006, 3007, 3009, 3010, 3011, 3012, 3013, 3014, 3015, 3017, 3018, 3019, 3020, 3022, 3023, 3024, 3025, 3027, 3028, 3029, 3030, 3032, 3033, 3035, 3037, 3038, 3039, 3040, 3041, 3042, 3043, 3045, 3046, 3047, 3049, 3051, 3053, 3054, 3055, 3056, 3058, 3059, 3060, 3061, 3062, 3064, 3065, 3066, 3068, 3069, 3070, 3071, 3073, 3075, 3076, 3077, 3079, 3080, 3082, 3083, 3084, 3087, 3088, 3089, 3091, 3092, 3094, 3098, 3101, 3102, 3103, 3105, 3109, 3112, 3116, 3118, 3119, 3120, 3121, 3127, 3128, 3129, 3130, 3131, 3133, 3135, 3139, 3140, 3141, 3143, 3144, 3147, 3148, 3152, 3154, 3156, 3158, 3162, 3163, 3167, 3169, 3173, 3176, 3177, 3179, 3180, 3183, 3184, 3185, 3186, 3188, 3190, 3191, 3192, 3194, 3196, 3197, 3205, 3208, 3209, 3212, 3213, 3215, 3217, 3222, 3227, 3234, 3237, 3242, 3244, 3247, 3250, 3252, 3253, 3256, 3260, 3262, 3263, 3264, 3266, 3268, 3269, 3270, 3273, 3274, 3276, 3277, 3281, 3282, 3284, 3285, 3287, 3291, 3292, 3293, 3296, 3298, 3299, 3303, 3306, 3307, 3308, 3309, 3311, 3313, 3316, 3318, 3322, 3324, 3325, 3327, 3328, 3330, 3331, 3332, 3333, 3338, 3339, 3343, 3344, 3345, 3346, 3350, 3353, 3355, 3356, 3357, 3359, 3360, 3361, 3362, 3363, 3365, 3367, 3368, 3370, 3372, 3375, 3376, 3379, 3380, 3381, 3382, 3383, 3384, 3386, 3387, 3388, 3389, 3390, 3392, 3393, 3396, 3397, 3399, 3404, 3405, 3406, 3407, 3413, 3415, 3418, 3420, 3421, 3423, 3424, 3427, 3428, 3430, 3431, 3432, 3436, 3437, 3438, 3441, 3442, 3444, 3449, 3450, 3451, 3453, 3454, 3455, 3457, 3458, 3459, 3462, 3464, 3467, 3468, 3470, 3472, 3473, 3476, 3479, 3480, 3481, 3483, 3485, 3487, 3488, 3490, 3494, 3495, 3497, 3499, 3501, 3502, 3508, 3509, 3511, 3513, 3515, 3517, 3518, 3522, 3525, 3526, 3527, 3528, 3529, 3532, 3533, 3538, 3539, 3540, 3541, 3543, 3548, 3549, 3550, 3558, 3562, 3563, 3564, 3568, 3569, 3570, 3574, 3575, 3578, 3580, 3581, 3582, 3584, 3590, 3593, 3595, 3598, 3599, 3600, 3605, 3607, 3609, 3613, 3616, 3618, 3619, 3621, 3627, 3634, 3635, 3636, 3639, 3640, 3644, 3645, 3648, 3650, 3652, 3653, 3654, 3655, 3656, 3657, 3662, 3663, 3664, 3665, 3667, 3671, 3672, 3673, 3674, 3679, 3680, 3681, 3682, 3684, 3687, 3688, 3690, 3692, 3693, 3694, 3698, 3701, 3703, 3704, 3706, 3708, 3710, 3712, 3714, 3718, 3719, 3720, 3721, 3722, 3724, 3726, 3729, 3730, 3732, 3733, 3734, 3735, 3736, 3738, 3740, 3742, 3746, 3747, 3749, 3753, 3754, 3755, 3756, 3759, 3762, 3764, 3765, 3767, 3768, 3769, 3771, 3775, 3776, 3777, 3778, 3780, 3782, 3783, 3784, 3786, 3787, 3793, 3794, 3798, 3800, 3801, 3803, 3804, 3806, 3810, 3812, 3813, 3814, 3815, 3819, 3820, 3821, 3822, 3824, 3827, 3829, 3831, 3832, 3833, 3835, 3836, 3837, 3839, 3840, 3841, 3842, 3843, 3844, 3846, 3850, 3852, 3853, 3854, 3856, 3860, 3861, 3862, 3870, 3873, 3875, 3877, 3880, 3883, 3886, 3887, 3888, 3889, 3891, 3892, 3894, 3896, 3897, 3899, 3902, 3903, 3904, 3907, 3909, 3911, 3912, 3913, 3915, 3917, 3918, 3926, 3927, 3934, 3935, 3937, 3938, 3941, 3945, 3947, 3948, 3949, 3951, 3952, 3955, 3957, 3958, 3959, 3961, 3962, 3964, 3965, 3969, 3971, 3973, 3974, 3977, 3979, 3980, 3982, 3984, 3986, 3989, 3991, 3994, 3996, 3999, 4002, 4003, 4004, 4006, 4007, 4009, 4017, 4018, 4024, 4025, 4026, 4031, 4034, 4035, 4039, 4041, 4042, 4043, 4044, 4047, 4050, 4052, 4054, 4056, 4058, 4059, 4060, 4062, 4063, 4065, 4071, 4072, 4074, 4077, 4078, 4082, 4084, 4085, 4088, 4090, 4093, 4094, 4095, 4097, 4098, 4099, 4101, 4102, 4106, 4112, 4122, 4126, 4128, 4132, 4133, 4135, 4136, 4137, 4138, 4139, 4141, 4143, 4144, 4145, 4148, 4152, 4154, 4159, 4161, 4162, 4163, 4164, 4168, 4170, 4173, 4174, 4175, 4177, 4178, 4181, 4183, 4185, 4187, 4189, 4191, 4192, 4193, 4195, 4197, 4200, 4201, 4205, 4206, 4208, 4211, 4212, 4213, 4217, 4218, 4219, 4222, 4223, 4224, 4229, 4232, 4239, 4240, 4241, 4242, 4250, 4293, 4296, 4297, 4298, 4299, 4301, 4302, 4303, 4305, 4306, 4310, 4312, 4313, 4314, 4316, 4318, 4320, 4323, 4324, 4328, 4335, 4336, 4341, 4343, 4346, 4348, 4354, 4355, 4356, 4357, 4358, 4360, 4361, 4362, 4363, 4365, 4366, 4368, 4369, 4370, 4372, 4375, 4376, 4377, 4378, 4387, 4390, 4391, 4392, 4397, 4400, 4408, 4409, 4410, 4412, 4418, 4420, 4422, 4425, 4426, 4430, 4432, 4434, 4435, 4437, 4438, 4445, 4447, 4451, 4462, 4463, 4467, 4469, 4470, 4471, 4473, 4474, 4476, 4477, 4478, 4482, 4485, 4487, 4488, 4489, 4497, 4499, 4501, 4502, 4507, 4508, 4511, 4513, 4516, 4517, 4521, 4523, 4526, 4528, 4529, 4530, 4531, 4532, 4534, 4538, 4539, 4544, 4545, 4548, 4549, 4550, 4553, 4554, 4556, 4557, 4560, 4564, 4565, 4573, 4578, 4580, 4581, 4582, 4588, 4592, 4593, 4594, 4597, 4598, 4599, 4600, 4601, 4602, 4603, 4604, 4605, 4606, 4607, 4608, 4609, 4610, 4611, 4612, 4613, 4619, 4620, 4624, 4626, 4628, 4629, 4631, 4634, 4636, 4639, 4642, 4643, 4644, 4645, 4646, 4647, 4649, 4650, 4652, 4655, 4657, 4659, 4660, 4661, 4662, 4665, 4667, 4669, 4670, 4671, 4672, 4674, 4676, 4678, 4679, 4680, 4682, 4683, 4685, 4687, 4688, 4689, 4690, 4691, 4692, 4693, 4697, 4698, 4700, 4701, 4702, 4703, 4704, 4705, 4707, 4708, 4709, 4710, 4711, 4712, 4714, 4715, 4717, 4718, 4719, 4720, 4721, 4723, 4725, 4726, 4727, 4728, 4729, 4730, 4731, 4734, 4735, 4736, 4739, 4740, 4741, 4742, 4744, 4745, 4747, 4750, 4751, 4752, 4754, 4755, 4756, 4757, 4758, 4759, 4760, 4761, 4762, 4763, 4764, 4766, 4767, 4768, 4769, 4770, 4772, 4775, 4776, 4777, 4779, 4781, 4783, 4784, 4786, 4788, 4789, 4790, 4791, 4792, 4794, 4795, 4797, 4798, 4801, 4802, 4803, 4804, 4805, 4807, 4809, 4810, 4811, 4813, 4815, 4817, 4818, 4820, 4821, 4824, 4827, 4828, 4829, 4830, 4831, 4832, 4833, 4835, 4836, 4837, 4840, 4841, 4842, 4843, 4845, 4846, 4847, 4849, 4850, 4851, 4855, 4857, 4859, 4860, 4861, 4862, 4864, 4865, 4866, 4867, 4869, 4870, 4871, 4873, 4874, 4879, 4880, 4881, 4882, 4883, 4884, 4885, 4886, 4887, 4888, 4893, 4895, 4897, 4898, 4899, 4900, 4901, 4903, 4904, 4905, 4906, 4908, 4909, 4910, 4913, 4917, 4919, 4921, 4922, 4923, 4926, 4927, 4929, 4930, 4931, 4932, 4933, 4934, 4935, 4937, 4938, 4939, 4942, 4943, 4945, 4946, 4947, 4948, 4949, 4950, 4951, 4953, 4954, 4955, 4958, 4959, 4961, 4963, 4965, 4966, 4969, 4971, 4972, 4973, 4974, 4975, 4977, 4978, 4979, 4982, 4983, 4984, 4985, 4988, 4990, 4991, 4992, 4993, 4995, 4996, 4997, 4998, 4999, 5001, 5002, 5003, 5004, 5005, 5008, 5009, 5010, 5011, 5012, 5013, 5014, 5015, 5016, 5017, 5020, 5022, 5026, 5027, 5028, 5029, 5032, 5033, 5034, 5039, 5040, 5042, 5043, 5045, 5046, 5048, 5049, 5052, 5056, 5057, 5058, 5060, 5063, 5064, 5067, 5068, 5069, 5070, 5071, 5077, 5078, 5079, 5081, 5082, 5084, 5088, 5089, 5090, 5091, 5094, 5095, 5097, 5098, 5100, 5101, 5102, 5103, 5104, 5105, 5106, 5107, 5110, 5111, 5113, 5114, 5115, 5116, 5117, 5118, 5121, 5122, 5123, 5125, 5127, 5128, 5129, 5130, 5131, 5133, 5134, 5136, 5137, 5138, 5139, 5141, 5146, 5147, 5149, 5150, 5152, 5154, 5157, 5158, 5161, 5162, 5163, 5164, 5166, 5167, 5169, 5170, 5171, 5172, 5175, 5176, 5177, 5178, 5183, 5184, 5185, 5186, 5189, 5191, 5193, 5195, 5196, 5197, 5198, 5201, 5202, 5207, 5209, 5210, 5211, 5212, 5213, 5215, 5218, 5219, 5221, 5222, 5224, 5225, 5226, 5232, 5234, 5235, 5236, 5238, 5241, 5243, 5244, 5247, 5250, 5251, 5252, 5257, 5258, 5259, 5261, 5264, 5268, 5270, 5272, 5273, 5274, 5275, 5276, 5278, 5279, 5281, 5282, 5284, 5286, 5290, 5291, 5292, 5294, 5295, 5296, 5298, 5299, 5300, 5301, 5302, 5303, 5305, 5307, 5308, 5309, 5312, 5314, 5317, 5319, 5321, 5324, 5325, 5329, 5331, 5332, 5334, 5335, 5337, 5339, 5340, 5345, 5347, 5348, 5350, 5351, 5352, 5356, 5357, 5359, 5361, 5362, 5363, 5364, 5365, 5368, 5369, 5376, 5377, 5378, 5379, 5381, 5383, 5384, 5385, 5386, 5387, 5389, 5392, 5394, 5397, 5398, 5402, 5405, 5406, 5409, 5411, 5412, 5413, 5414, 5417, 5421, 5423, 5425, 5427, 5428, 5429, 5430, 5432, 5433, 5434, 5437, 5439, 5440, 5444, 5445, 5446, 5450, 5451, 5452, 5454, 5455, 5456, 5458, 5459, 5461, 5462, 5467, 5470, 5471, 5473, 5474, 5475, 5477, 5479, 5480, 5482, 5484, 5485, 5486, 5488, 5490, 5492, 5494, 5498, 5499, 5500, 5501, 5503, 5504, 5507, 5510, 5512, 5513, 5515, 5517, 5518, 5519, 5522, 5523, 5525, 5529, 5530, 5531, 5532, 5533, 5536, 5537, 5538, 5541, 5542, 5544, 5545, 5546, 5548, 5550, 5551, 5553, 5555, 5556, 5557, 5560, 5561, 5563, 5564, 5565, 5567, 5569, 5571, 5576, 5577, 5578, 5579, 5581, 5582, 5585, 5587, 5588, 5589, 5590, 5593, 5599, 5601, 5604, 5606, 5607, 5609, 5612, 5613, 5615, 5618, 5621, 5624, 5627, 5629, 5630, 5632, 5634, 5639, 5640, 5641, 5642, 5650, 5651, 5653, 5655, 5656, 5657, 5658, 5660, 5661, 5663, 5664, 5670, 5671, 5673, 5674, 5677, 5678, 5682, 5685, 5686, 5688, 5689, 5690, 5691, 5692, 5693, 5694, 5695, 5696, 5698, 5700, 5702, 5707, 5708, 5711, 5713, 5715, 5716, 5717, 5718, 5719, 5722, 5723, 5724, 5725, 5726, 5728, 5730, 5733, 5734, 5737, 5738, 5739, 5741, 5744, 5745, 5747, 5749, 5754, 5756, 5761, 5762, 5763, 5766, 5768, 5769, 5771, 5775, 5782, 5783, 5789, 5790, 5793, 5794, 5795, 5796, 5799, 5802, 5805, 5806, 5809, 5811, 5814, 5820, 5821, 5823, 5824, 5829, 5834, 5835, 5838, 5842, 5843, 5844, 5847, 5849, 5852, 5854, 5858, 5859, 5861, 5864, 5865, 5878, 5884, 5885, 5886, 5887, 5888, 5889, 5892, 5894, 5896, 5897, 5899, 5902, 5903, 5909, 5910, 5912, 5914, 5916, 5919, 5923, 5926, 5929, 5935, 5939, 5944, 5945, 5947, 5948, 5949, 5952, 5953, 5956, 5957, 5959, 5961, 5962, 5963, 5964, 5965, 5966, 5967, 5968, 5969, 5970, 5971, 5972, 5973, 5974, 5976, 5977, 5978, 5979, 5980, 5981, 5982, 5983, 5984, 5986, 5992, 6005, 6006, 6008, 6012, 6023, 6027, 6031, 6033, 6043, 6048, 6049, 6051, 6053, 6055, 6056, 6061, 6063, 6066, 6073, 6074, 6077, 6083, 6087, 6088, 6103, 6108, 6110, 6112, 6133, 6134, 6139, 6148, 6150, 6152, 6154, 6157, 6160, 6161, 6163, 6170, 6171, 6184, 6196, 6203, 6209, 6213, 6217, 6219, 6226, 6227, 6228, 6230, 6233, 6245, 6247, 6252, 6259, 6260, 6262, 6264, 6266, 6269, 6272, 6274, 6277, 6281, 6283, 6284, 6286, 6287, 6291, 6295, 6297, 6298, 6300, 6301, 6304, 6309, 6313, 6314, 6319, 6322, 6330, 6332, 6335, 6337, 6341, 6351, 6354, 6363, 6372, 6375, 6378, 6387, 6389, 6392, 6394, 6395, 6396, 6397, 6398, 6399, 6400, 6401, 6402, 6403, 6404, 6405, 6406, 6407, 6408, 6409, 6410, 6411, 6412, 6416, 6417, 6418, 6419, 6420, 6425, 6440, 6446, 6448, 6449, 6450, 6453, 6455, 6470, 6472, 6473, 6476, 6479, 6480, 6486, 6500, 6503, 6506, 6509, 6518, 6521, 6523, 6524, 6525, 6539, 6541, 6542, 6545, 6556, 6561, 6568, 6574, 6585, 6587, 6589, 6590, 6591, 6604, 6608, 6610, 6620, 6645, 6646, 6647, 6649, 6652, 6657, 6658, 6661, 6662, 6663, 6664, 6665, 6666, 6667, 6668, 6669, 6671, 6672, 6673, 6674, 6675, 6677, 6678, 6679, 6680, 6685, 6687, 6688, 6689, 6690, 6691, 6692, 6693, 6694, 6696, 6697, 6698, 6700, 6701, 6702, 6703, 6704, 6705, 6706, 6707, 6708, 6709, 6710, 6711, 6712, 6713, 6714, 6715, 6716, 6717, 6718, 6719, 6720, 6727, 6729, 6732, 6733, 6735, 
</system-out>
    <system-err>Starting NO_ACK
SUCCESS:1000
SUCCESS:2000
SUCCESS:3000
SUCCESS:4000
SUCCESS:5000
SUCCESS:6000
Finished NO_ACK [6358]
</system-err>
  </testcase>
  <testcase classname="org.apache.catalina.tribes.test.channel.TestUdpPackages" name="testDataSendNO_ACK" time="30.545">
    <failure message="Checking success messages. expected:&lt;10000&gt; but was:&lt;5014&gt;" type="java.lang.AssertionError">java.lang.AssertionError: Checking success messages. expected:&lt;10000&gt; but was:&lt;5014&gt;
	at org.junit.Assert.fail(Assert.java:88)
	at org.junit.Assert.failNotEquals(Assert.java:834)
	at org.junit.Assert.assertEquals(Assert.java:645)
	at org.apache.catalina.tribes.test.channel.TestUdpPackages.testDataSendNO_ACK(TestUdpPackages.java:136)
	at sun.reflect.NativeMethodAccessorImpl.invoke0(Native Method)
	at sun.reflect.NativeMethodAccessorImpl.invoke(NativeMethodAccessorImpl.java:62)
	at sun.reflect.DelegatingMethodAccessorImpl.invoke(DelegatingMethodAccessorImpl.java:43)
	at java.lang.reflect.Method.invoke(Method.java:483)
	at org.junit.runners.model.FrameworkMethod$1.runReflectiveCall(FrameworkMethod.java:50)
	at org.junit.internal.runners.model.ReflectiveCallable.run(ReflectiveCallable.java:12)
	at org.junit.runners.model.FrameworkMethod.invokeExplosively(FrameworkMethod.java:47)
	at org.junit.internal.runners.statements.InvokeMethod.evaluate(InvokeMethod.java:17)
	at org.junit.internal.runners.statements.RunBefores.evaluate(RunBefores.java:26)
	at org.junit.internal.runners.statements.RunAfters.evaluate(RunAfters.java:27)
	at org.junit.runners.ParentRunner.runLeaf(ParentRunner.java:325)
	at org.junit.runners.BlockJUnit4ClassRunner.runChild(BlockJUnit4ClassRunner.java:78)
	at org.junit.runners.BlockJUnit4ClassRunner.runChild(BlockJUnit4ClassRunner.java:57)
	at org.junit.runners.ParentRunner$3.run(ParentRunner.java:290)
	at org.junit.runners.ParentRunner$1.schedule(ParentRunner.java:71)
	at org.junit.runners.ParentRunner.runChildren(ParentRunner.java:288)
	at org.junit.runners.ParentRunner.access$000(ParentRunner.java:58)
	at org.junit.runners.ParentRunner$2.evaluate(ParentRunner.java:268)
	at org.junit.runners.ParentRunner.run(ParentRunner.java:363)
	at org.apache.maven.surefire.junit4.JUnit4TestSet.execute(JUnit4TestSet.java:53)
	at org.apache.maven.surefire.junit4.JUnit4Provider.executeTestSet(JUnit4Provider.java:123)
	at org.apache.maven.surefire.junit4.JUnit4Provider.invoke(JUnit4Provider.java:104)
	at sun.reflect.NativeMethodAccessorImpl.invoke0(Native Method)
	at sun.reflect.NativeMethodAccessorImpl.invoke(NativeMethodAccessorImpl.java:62)
	at sun.reflect.DelegatingMethodAccessorImpl.invoke(DelegatingMethodAccessorImpl.java:43)
	at java.lang.reflect.Method.invoke(Method.java:483)
	at org.apache.maven.surefire.util.ReflectionUtils.invokeMethodWithArray(ReflectionUtils.java:164)
	at org.apache.maven.surefire.booter.ProviderFactory$ProviderProxy.invoke(ProviderFactory.java:110)
	at org.apache.maven.surefire.booter.SurefireStarter.invokeProvider(SurefireStarter.java:175)
	at org.apache.maven.surefire.booter.SurefireStarter.runSuitesInProcessWhenForked(SurefireStarter.java:107)
	at org.apache.maven.surefire.booter.ForkedBooter.main(ForkedBooter.java:68)
</failure>
    <system-out>Thread[Thread-956] sent 500 messages in 262 ms.
Thread[Thread-965] sent 500 messages in 384 ms.
Thread[Thread-948] sent 500 messages in 619 ms.
Thread[Thread-960] sent 500 messages in 750 ms.
Thread[Thread-955] sent 500 messages in 783 ms.
Thread[Thread-952] sent 500 messages in 792 ms.
Thread[Thread-962] sent 500 messages in 880 ms.
Thread[Thread-954] sent 500 messages in 898 ms.
Thread[Thread-961] sent 500 messages in 936 ms.
Thread[Thread-950] sent 500 messages in 940 ms.
Thread[Thread-964] sent 500 messages in 997 ms.
Thread[Thread-953] sent 500 messages in 1019 ms.
Thread[Thread-959] sent 500 messages in 1028 ms.
Thread[Thread-949] sent 500 messages in 1035 ms.
Thread[Thread-958] sent 500 messages in 1036 ms.
Thread[Thread-957] sent 500 messages in 1040 ms.
Thread[Thread-963] sent 500 messages in 1046 ms.
Thread[Thread-966] sent 500 messages in 1073 ms.
Thread[Thread-967] sent 500 messages in 1077 ms.
Thread[Thread-951] sent 500 messages in 1086 ms.
Sent 10000 messages. Received 5014 Highest msg received:9999
Missing messages:0, 4, 5, 10, 12, 16, 17, 57, 59, 60, 61, 62, 64, 65, 66, 67, 68, 69, 70, 71, 72, 73, 74, 75, 76, 77, 78, 79, 80, 81, 82, 83, 84, 85, 86, 87, 88, 89, 90, 91, 92, 93, 94, 95, 96, 97, 98, 99, 100, 101, 102, 103, 104, 105, 106, 107, 108, 109, 110, 111, 112, 113, 114, 115, 116, 117, 118, 119, 120, 121, 122, 123, 124, 125, 126, 127, 128, 129, 130, 131, 132, 133, 134, 135, 136, 137, 138, 139, 140, 141, 142, 143, 144, 145, 146, 147, 148, 149, 150, 151, 152, 153, 154, 155, 156, 157, 158, 159, 160, 161, 162, 163, 164, 165, 166, 167, 168, 169, 170, 171, 172, 173, 174, 175, 176, 177, 178, 179, 180, 181, 182, 183, 184, 185, 186, 187, 188, 189, 190, 191, 192, 193, 194, 195, 196, 197, 198, 199, 200, 201, 202, 203, 204, 205, 206, 207, 208, 209, 210, 211, 212, 213, 214, 215, 216, 217, 218, 219, 220, 221, 222, 223, 224, 225, 226, 227, 228, 229, 230, 231, 232, 233, 234, 235, 236, 237, 238, 239, 240, 241, 242, 243, 244, 245, 246, 247, 248, 249, 250, 251, 252, 253, 254, 255, 256, 257, 258, 259, 260, 261, 262, 263, 264, 265, 266, 267, 268, 269, 270, 271, 272, 273, 274, 275, 276, 277, 278, 279, 280, 281, 282, 283, 284, 285, 286, 287, 288, 289, 290, 291, 292, 293, 294, 295, 296, 297, 298, 299, 300, 301, 302, 303, 304, 305, 306, 307, 308, 309, 310, 311, 312, 313, 314, 315, 316, 317, 318, 319, 320, 321, 322, 323, 324, 325, 326, 327, 328, 329, 330, 331, 332, 333, 334, 335, 336, 337, 338, 339, 340, 341, 342, 343, 344, 345, 346, 347, 348, 349, 350, 351, 352, 353, 354, 355, 356, 357, 358, 359, 360, 361, 362, 363, 364, 365, 366, 367, 368, 369, 370, 371, 372, 373, 374, 375, 376, 377, 378, 379, 380, 381, 382, 383, 384, 385, 386, 387, 388, 389, 390, 391, 392, 393, 394, 395, 396, 397, 398, 399, 400, 401, 402, 403, 404, 405, 406, 407, 408, 409, 410, 411, 412, 413, 414, 415, 416, 417, 418, 419, 420, 421, 422, 423, 424, 425, 426, 427, 428, 429, 430, 431, 432, 433, 434, 435, 436, 437, 438, 439, 440, 441, 442, 443, 444, 445, 446, 447, 448, 449, 450, 451, 452, 453, 454, 455, 456, 457, 458, 459, 460, 461, 462, 463, 464, 465, 466, 467, 468, 469, 470, 471, 472, 473, 474, 475, 476, 477, 478, 479, 480, 481, 482, 483, 484, 485, 486, 487, 488, 489, 490, 491, 492, 493, 494, 495, 496, 497, 498, 499, 500, 501, 502, 503, 504, 505, 506, 507, 508, 509, 510, 511, 512, 513, 514, 515, 516, 517, 518, 519, 520, 521, 522, 523, 524, 525, 526, 527, 528, 529, 530, 531, 532, 533, 534, 535, 536, 537, 538, 539, 540, 541, 542, 543, 544, 545, 546, 547, 548, 549, 550, 551, 552, 553, 554, 555, 556, 557, 558, 559, 560, 561, 562, 563, 564, 565, 566, 567, 568, 569, 570, 571, 572, 573, 574, 575, 576, 577, 578, 579, 580, 581, 582, 583, 584, 585, 586, 587, 588, 589, 590, 591, 592, 593, 594, 595, 596, 597, 598, 599, 600, 601, 602, 603, 604, 605, 606, 607, 608, 609, 610, 611, 612, 613, 614, 615, 616, 617, 618, 619, 620, 621, 622, 623, 624, 625, 626, 627, 628, 629, 630, 631, 632, 633, 634, 635, 636, 637, 638, 639, 640, 641, 642, 643, 644, 645, 646, 647, 648, 649, 650, 651, 652, 653, 654, 655, 656, 657, 658, 659, 660, 661, 662, 663, 664, 665, 666, 667, 668, 669, 670, 671, 672, 673, 674, 675, 676, 677, 678, 679, 680, 681, 682, 683, 684, 685, 686, 687, 688, 689, 690, 691, 692, 693, 694, 695, 696, 697, 698, 699, 700, 701, 702, 703, 704, 705, 706, 707, 708, 709, 710, 711, 712, 713, 714, 715, 716, 717, 718, 719, 720, 721, 722, 723, 724, 725, 726, 727, 728, 729, 730, 731, 732, 733, 734, 735, 736, 737, 738, 739, 740, 741, 742, 743, 744, 745, 746, 747, 748, 749, 750, 751, 752, 753, 754, 755, 756, 757, 758, 759, 760, 761, 762, 763, 764, 765, 766, 767, 768, 769, 770, 771, 772, 773, 774, 775, 776, 777, 778, 779, 780, 781, 782, 783, 784, 785, 786, 787, 788, 789, 790, 791, 792, 793, 794, 795, 796, 797, 798, 799, 800, 801, 802, 803, 804, 805, 806, 807, 808, 809, 810, 811, 812, 813, 814, 815, 816, 817, 818, 819, 820, 821, 822, 823, 824, 825, 826, 827, 828, 829, 830, 831, 832, 833, 834, 835, 836, 837, 838, 839, 840, 841, 842, 843, 844, 845, 846, 847, 848, 849, 850, 851, 852, 853, 854, 855, 856, 857, 858, 859, 860, 861, 862, 863, 864, 865, 866, 867, 868, 869, 870, 871, 872, 873, 874, 875, 876, 877, 878, 879, 880, 881, 882, 883, 884, 885, 886, 887, 888, 889, 890, 891, 892, 893, 894, 895, 896, 897, 898, 899, 900, 901, 902, 903, 904, 905, 906, 907, 908, 909, 910, 911, 912, 913, 914, 915, 916, 917, 918, 919, 920, 921, 922, 923, 924, 925, 926, 927, 928, 929, 930, 931, 932, 933, 934, 935, 936, 937, 938, 939, 940, 941, 942, 943, 944, 945, 946, 947, 948, 949, 950, 951, 952, 953, 954, 955, 956, 957, 958, 959, 960, 961, 962, 963, 964, 965, 966, 967, 968, 969, 970, 971, 972, 973, 974, 975, 976, 977, 978, 979, 980, 981, 982, 983, 984, 985, 986, 987, 988, 989, 990, 991, 992, 993, 994, 995, 996, 997, 998, 999, 1000, 1001, 1002, 1003, 1004, 1005, 1006, 1007, 1008, 1009, 1010, 1011, 1012, 1013, 1014, 1015, 1016, 1017, 1018, 1019, 1020, 1021, 1022, 1023, 1024, 1025, 1026, 1027, 1028, 1029, 1030, 1031, 1032, 1033, 1034, 1035, 1036, 1037, 1038, 1039, 1040, 1041, 1042, 1043, 1044, 1045, 1046, 1047, 1048, 1049, 1050, 1051, 1052, 1053, 1054, 1055, 1056, 1057, 1058, 1059, 1060, 1061, 1062, 1063, 1064, 1065, 1066, 1067, 1068, 1069, 1070, 1071, 1072, 1073, 1074, 1075, 1076, 1077, 1078, 1079, 1080, 1081, 1082, 1083, 1084, 1085, 1086, 1087, 1088, 1089, 1090, 1091, 1092, 1093, 1094, 1095, 1096, 1097, 1098, 1099, 1100, 1101, 1102, 1103, 1104, 1105, 1106, 1107, 1108, 1109, 1110, 1111, 1112, 1113, 1114, 1115, 1116, 1117, 1118, 1119, 1120, 1121, 1122, 1123, 1124, 1125, 1126, 1127, 1128, 1129, 1130, 1131, 1132, 1133, 1134, 1135, 1136, 1137, 1138, 1139, 1140, 1141, 1142, 1143, 1144, 1145, 1146, 1147, 1148, 1149, 1150, 1151, 1152, 1153, 1154, 1155, 1156, 1157, 1158, 1159, 1160, 1161, 1162, 1163, 1164, 1165, 1166, 1167, 1168, 1169, 1170, 1171, 1172, 1173, 1174, 1175, 1176, 1177, 1178, 1179, 1180, 1181, 1182, 1183, 1184, 1185, 1186, 1187, 1188, 1189, 1190, 1191, 1192, 1193, 1194, 1195, 1196, 1197, 1198, 1199, 1200, 1201, 1202, 1203, 1204, 1205, 1206, 1207, 1208, 1209, 1210, 1211, 1212, 1213, 1214, 1215, 1216, 1217, 1218, 1219, 1220, 1221, 1222, 1223, 1224, 1225, 1226, 1227, 1228, 1229, 1230, 1231, 1232, 1233, 1234, 1235, 1236, 1237, 1238, 1239, 1240, 1241, 1242, 1243, 1244, 1245, 1246, 1247, 1248, 1249, 1250, 1251, 1252, 1253, 1254, 1255, 1256, 1257, 1258, 1259, 1260, 1261, 1262, 1263, 1264, 1265, 1266, 1267, 1268, 1269, 1270, 1271, 1272, 1273, 1274, 1275, 1276, 1277, 1278, 1279, 1280, 1281, 1282, 1283, 1284, 1285, 1286, 1287, 1288, 1289, 1290, 1291, 1292, 1293, 1294, 1295, 1296, 1297, 1298, 1299, 1300, 1301, 1302, 1303, 1304, 1305, 1306, 1307, 1308, 1309, 1310, 1311, 1312, 1313, 1314, 1315, 1316, 1317, 1318, 1319, 1320, 1321, 1322, 1323, 1324, 1325, 1326, 1327, 1328, 1329, 1330, 1331, 1332, 1333, 1334, 1335, 1336, 1337, 1338, 1339, 1340, 1341, 1342, 1343, 1344, 1345, 1346, 1347, 1348, 1349, 1350, 1351, 1352, 1353, 1354, 1355, 1356, 1357, 1358, 1359, 1360, 1361, 1362, 1363, 1364, 1365, 1366, 1367, 1368, 1369, 1370, 1371, 1372, 1373, 1374, 1375, 1376, 1377, 1378, 1379, 1380, 1381, 1382, 1383, 1384, 1385, 1386, 1387, 1388, 1389, 1390, 1391, 1392, 1393, 1394, 1395, 1396, 1397, 1398, 1399, 1400, 1401, 1402, 1403, 1404, 1405, 1406, 1407, 1408, 1409, 1410, 1411, 1412, 1413, 1414, 1415, 1416, 1417, 1418, 1419, 1420, 1421, 1422, 1423, 1424, 1425, 1426, 1427, 1428, 1429, 1430, 1431, 1432, 1433, 1434, 1435, 1436, 1437, 1438, 1439, 1440, 1441, 1442, 1443, 1444, 1445, 1446, 1447, 1448, 1449, 1450, 1451, 1452, 1453, 1454, 1455, 1456, 1457, 1458, 1459, 1460, 1461, 1462, 1463, 1464, 1465, 1466, 1467, 1468, 1469, 1470, 1471, 1472, 1473, 1474, 1475, 1476, 1477, 1478, 1479, 1480, 1481, 1482, 1483, 1484, 1485, 1486, 1487, 1488, 1489, 1490, 1491, 1492, 1493, 1494, 1495, 1496, 1497, 1498, 1499, 1500, 1501, 1502, 1503, 1504, 1505, 1506, 1507, 1508, 1509, 1510, 1511, 1512, 1513, 1514, 1515, 1516, 1517, 1518, 1519, 1520, 1521, 1522, 1523, 1524, 1525, 1526, 1527, 1528, 1529, 1530, 1531, 1532, 1533, 1534, 1535, 1536, 1537, 1538, 1539, 1540, 1541, 1542, 1543, 1544, 1545, 1546, 1547, 1548, 1549, 1550, 1551, 1552, 1553, 1554, 1555, 1556, 1557, 1558, 1559, 1560, 1561, 1562, 1563, 1564, 1565, 1566, 1567, 1568, 1569, 1570, 1571, 1572, 1573, 1574, 1575, 1576, 1577, 1578, 1579, 1580, 1581, 1582, 1583, 1584, 1585, 1586, 1587, 1588, 1589, 1590, 1591, 1592, 1593, 1594, 1595, 1596, 1597, 1598, 1599, 1600, 1601, 1602, 1603, 1604, 1605, 1606, 1607, 1608, 1609, 1610, 1611, 1612, 1613, 1614, 1615, 1616, 1617, 1618, 1619, 1620, 1621, 1622, 1623, 1624, 1625, 1626, 1627, 1628, 1629, 1630, 1631, 1632, 1633, 1634, 1635, 1636, 1637, 1638, 1639, 1640, 1641, 1642, 1643, 1644, 1645, 1646, 1647, 1648, 1649, 1650, 1651, 1652, 1653, 1654, 1655, 1656, 1657, 1658, 1659, 1660, 1661, 1662, 1663, 1664, 1665, 1666, 1667, 1668, 1669, 1670, 1671, 1672, 1673, 1674, 1675, 1676, 1677, 1678, 1679, 1680, 1681, 1682, 1683, 1684, 1685, 1686, 1687, 1688, 1689, 1690, 1691, 1692, 1693, 1694, 1695, 1696, 1697, 1698, 1699, 1700, 1701, 1702, 1703, 1704, 1705, 1706, 1707, 1708, 1709, 1710, 1711, 1712, 1713, 1714, 1715, 1716, 1717, 1718, 1719, 1720, 1721, 1722, 1723, 1724, 1725, 1726, 1727, 1728, 1729, 1730, 1731, 1732, 1733, 1734, 1735, 1736, 1737, 1738, 1739, 1740, 1741, 1742, 1743, 1744, 1745, 1746, 1747, 1748, 1749, 1750, 1751, 1752, 1753, 1754, 1755, 1756, 1757, 1758, 1759, 1760, 1761, 1762, 1763, 1764, 1765, 1766, 1767, 1768, 1769, 1770, 1771, 1772, 1773, 1774, 1775, 1776, 1777, 1778, 1779, 1780, 1781, 1782, 1783, 1784, 1785, 1786, 1787, 1788, 1789, 1790, 1791, 1792, 1793, 1794, 1795, 1796, 1797, 1798, 1799, 1800, 1801, 1802, 1803, 1804, 1805, 1806, 1807, 1808, 1809, 1810, 1811, 1812, 1813, 1814, 1815, 1816, 1817, 1818, 1819, 1820, 1821, 1822, 1823, 1824, 1825, 1826, 1827, 1828, 1829, 1830, 1831, 1832, 1833, 1834, 1835, 1836, 1837, 1838, 1839, 1840, 1841, 1842, 1843, 1844, 1845, 1846, 1847, 1848, 1849, 1850, 1851, 1852, 1853, 1854, 1855, 1856, 1857, 1858, 1859, 1860, 1861, 1862, 1863, 1864, 1865, 1866, 1867, 1868, 1869, 1870, 1871, 1872, 1873, 1874, 1875, 1876, 1877, 1878, 1879, 1880, 1881, 1882, 1883, 1884, 1885, 1886, 1887, 1888, 1889, 1890, 1891, 1892, 1893, 1894, 1895, 1896, 1897, 1898, 1899, 1900, 1901, 1902, 1903, 1904, 1905, 1906, 1907, 1908, 1909, 1910, 1911, 1912, 1913, 1914, 1915, 1916, 1917, 1918, 1919, 1920, 1921, 1922, 1923, 1924, 1925, 1926, 1927, 1928, 1929, 1930, 1931, 1932, 1933, 1934, 1935, 1936, 1937, 1938, 1939, 1940, 1941, 1942, 1943, 1944, 1945, 1946, 1947, 1948, 1949, 1950, 1951, 1952, 1953, 1954, 1955, 1956, 1957, 1958, 1959, 1960, 1961, 1962, 1963, 1964, 1965, 1966, 1967, 1968, 1969, 1970, 1971, 1972, 1973, 1974, 1975, 1976, 1977, 1978, 1979, 1980, 1981, 1982, 1983, 1984, 1985, 1986, 1987, 1988, 1989, 1990, 1991, 1992, 1993, 1994, 1995, 1996, 1997, 1998, 1999, 2000, 2001, 2002, 2003, 2004, 2005, 2006, 2007, 2008, 2009, 2010, 2011, 2012, 2013, 2014, 2015, 2016, 2017, 2018, 2019, 2020, 2021, 2022, 2023, 2024, 2025, 2026, 2027, 2028, 2029, 2030, 2031, 2032, 2033, 2034, 2035, 2036, 2037, 2038, 2039, 2040, 2041, 2042, 2043, 2044, 2045, 2046, 2047, 2048, 2049, 2050, 2051, 2052, 2053, 2054, 2055, 2056, 2057, 2058, 2059, 2060, 2061, 2062, 2063, 2064, 2065, 2066, 2067, 2068, 2069, 2070, 2071, 2072, 2073, 2074, 2075, 2076, 2077, 2078, 2079, 2080, 2081, 2082, 2083, 2084, 2085, 2086, 2087, 2088, 2089, 2090, 2091, 2092, 2093, 2094, 2095, 2096, 2097, 2098, 2099, 2100, 2101, 2102, 2103, 2104, 2105, 2106, 2107, 2108, 2109, 2110, 2111, 2112, 2113, 2114, 2115, 2116, 2117, 2118, 2119, 2120, 2121, 2122, 2123, 2124, 2125, 2126, 2127, 2128, 2129, 2130, 2131, 2132, 2133, 2134, 2135, 2136, 2137, 2138, 2139, 2140, 2141, 2142, 2143, 2144, 2145, 2146, 2147, 2148, 2149, 2150, 2151, 2152, 2153, 2154, 2155, 2156, 2157, 2158, 2159, 2160, 2161, 2162, 2163, 2164, 2165, 2166, 2167, 2168, 2169, 2170, 2171, 2172, 2173, 2174, 2175, 2176, 2177, 2178, 2179, 2180, 2181, 2182, 2183, 2184, 2185, 2186, 2187, 2188, 2189, 2190, 2191, 2192, 2193, 2194, 2195, 2196, 2197, 2198, 2199, 2200, 2201, 2202, 2203, 2204, 2205, 2206, 2207, 2208, 2209, 2210, 2211, 2212, 2213, 2214, 2215, 2216, 2217, 2218, 2219, 2220, 2221, 2222, 2223, 2224, 2225, 2226, 2227, 2228, 2229, 2230, 2231, 2232, 2233, 2234, 2235, 2236, 2237, 2238, 2239, 2240, 2241, 2242, 2243, 2244, 2245, 2246, 2247, 2248, 2249, 2250, 2251, 2252, 2253, 2254, 2255, 2256, 2257, 2258, 2259, 2260, 2261, 2262, 2263, 2264, 2265, 2266, 2267, 2268, 2269, 2270, 2271, 2272, 2273, 2274, 2275, 2276, 2277, 2278, 2279, 2280, 2281, 2282, 2283, 2284, 2285, 2286, 2287, 2288, 2289, 2290, 2291, 2292, 2293, 2294, 2295, 2296, 2297, 2298, 2299, 2300, 2301, 2302, 2303, 2304, 2305, 2306, 2307, 2308, 2309, 2310, 2311, 2312, 2313, 2314, 2315, 2316, 2317, 2318, 2319, 2320, 2321, 2322, 2323, 2324, 2325, 2326, 2327, 2328, 2329, 2330, 2331, 2332, 2333, 2334, 2335, 2336, 2337, 2338, 2339, 2340, 2341, 2342, 2343, 2344, 2345, 2346, 2347, 2348, 2349, 2350, 2351, 2352, 2353, 2354, 2355, 2356, 2357, 2358, 2359, 2360, 2361, 2362, 2363, 2364, 2365, 2366, 2367, 2368, 2369, 2370, 2371, 2372, 2373, 2374, 2375, 2376, 2377, 2378, 2379, 2380, 2381, 2382, 2383, 2384, 2385, 2386, 2387, 2388, 2389, 2390, 2391, 2392, 2393, 2394, 2395, 2396, 2397, 2398, 2399, 2400, 2401, 2402, 2403, 2404, 2405, 2406, 2407, 2408, 2409, 2410, 2411, 2412, 2413, 2414, 2415, 2416, 2417, 2418, 2419, 2420, 2421, 2422, 2423, 2424, 2425, 2426, 2427, 2428, 2429, 2430, 2431, 2432, 2433, 2434, 2435, 2436, 2437, 2438, 2439, 2440, 2441, 2442, 2443, 2444, 2445, 2446, 2447, 2448, 2449, 2450, 2451, 2452, 2453, 2454, 2455, 2456, 2457, 2458, 2459, 2460, 2461, 2462, 2463, 2464, 2465, 2466, 2467, 2468, 2469, 2470, 2471, 2472, 2473, 2474, 2475, 2476, 2477, 2478, 2479, 2480, 2481, 2482, 2483, 2484, 2485, 2486, 2487, 2488, 2489, 2490, 2491, 2492, 2493, 2494, 2495, 2496, 2497, 2498, 2499, 2500, 2501, 2502, 2503, 2504, 2505, 2506, 2507, 2508, 2509, 2510, 2511, 2512, 2513, 2514, 2515, 2516, 2517, 2518, 2519, 2520, 2521, 2522, 2523, 2524, 2525, 2526, 2527, 2528, 2529, 2530, 2531, 2532, 2533, 2534, 2535, 2536, 2537, 2538, 2539, 2540, 2541, 2542, 2543, 2544, 2545, 2546, 2547, 2548, 2549, 2550, 2551, 2552, 2553, 2554, 2555, 2556, 2557, 2558, 2559, 2560, 2561, 2562, 2563, 2564, 2565, 2566, 2567, 2568, 2569, 2570, 2571, 2572, 2573, 2574, 2575, 2576, 2577, 2578, 2579, 2580, 2581, 2582, 2583, 2584, 2585, 2586, 2587, 2588, 2589, 2590, 2591, 2592, 2593, 2594, 2595, 2596, 2597, 2598, 2599, 2600, 2601, 2602, 2603, 2604, 2605, 2606, 2607, 2608, 2609, 2610, 2611, 2612, 2613, 2614, 2615, 2616, 2617, 2618, 2619, 2620, 2621, 2622, 2623, 2624, 2625, 2626, 2627, 2628, 2629, 2630, 2631, 2632, 2633, 2634, 2635, 2636, 2637, 2638, 2639, 2640, 2641, 2642, 2643, 2644, 2645, 2646, 2647, 2648, 2649, 2650, 2651, 2652, 2653, 2654, 2655, 2656, 2657, 2658, 2659, 2660, 2662, 2663, 2664, 2665, 2666, 2667, 2668, 2669, 2670, 2671, 2672, 2673, 2674, 2677, 2679, 2680, 2681, 2683, 2684, 2685, 2686, 2687, 2688, 2689, 2690, 2691, 2693, 2694, 2695, 2696, 2697, 2698, 2699, 2700, 2702, 2703, 2704, 2705, 2706, 2707, 2708, 2709, 2710, 2711, 2712, 2714, 2716, 2717, 2718, 2719, 2720, 2721, 2722, 2724, 2725, 2933, 3095, 3107, 3109, 3110, 3111, 3112, 3113, 3114, 3115, 3116, 3117, 3118, 3119, 3120, 3121, 3122, 3123, 3126, 3127, 3128, 3129, 3130, 3131, 3132, 3133, 3134, 3137, 3138, 3140, 3141, 3142, 3143, 3144, 3145, 3146, 3147, 3148, 3149, 3150, 3151, 3152, 3153, 3154, 3155, 3156, 3157, 3158, 3159, 3160, 3161, 3162, 3163, 3164, 3165, 3166, 3167, 3168, 3169, 3170, 3171, 3172, 3173, 3174, 3176, 3177, 3178, 3179, 3180, 3181, 3182, 3183, 3184, 3185, 3186, 3189, 3190, 3191, 3192, 3193, 3194, 3195, 3196, 3197, 3198, 3199, 3200, 3201, 3202, 3203, 3204, 3205, 3206, 3207, 3208, 3209, 3210, 3211, 3214, 3215, 3216, 3218, 3219, 3220, 3221, 3222, 3223, 3224, 3225, 3226, 3227, 3228, 3229, 3230, 3231, 3232, 3233, 3234, 3235, 3236, 3237, 3238, 3239, 3240, 3241, 3242, 3243, 3244, 3245, 3246, 3247, 3248, 3249, 3250, 3251, 3252, 3253, 3254, 3255, 3256, 3257, 3258, 3260, 3262, 3263, 3264, 3265, 3266, 3267, 3269, 3270, 3271, 3272, 3274, 3275, 3276, 3277, 3278, 3279, 3280, 3281, 3282, 3283, 3284, 3285, 3286, 3287, 3288, 3289, 3290, 3291, 3292, 3293, 3295, 3296, 3297, 3298, 3299, 3300, 3301, 3302, 3303, 3304, 3305, 3306, 3307, 3308, 3309, 3310, 3311, 3312, 3313, 3314, 3315, 3316, 3317, 3318, 3319, 3320, 3321, 3322, 3323, 3325, 3326, 3327, 3328, 3329, 3330, 3331, 3332, 3333, 3334, 3335, 3336, 3337, 3338, 3339, 3340, 3341, 3342, 3343, 3344, 3345, 3346, 3347, 3348, 3349, 3350, 3351, 3352, 3353, 3354, 3355, 3356, 3357, 3358, 3359, 3362, 3363, 3364, 3365, 3366, 3367, 3369, 3370, 3371, 3372, 3373, 3375, 3376, 3377, 3378, 3379, 3380, 3381, 3382, 3383, 3385, 3386, 3387, 3388, 3389, 3390, 3391, 3392, 3393, 3394, 3395, 3396, 3397, 3398, 3399, 3400, 3401, 3402, 3403, 3404, 3405, 3406, 3407, 3408, 3409, 3410, 3411, 3412, 3414, 3415, 3416, 3417, 3418, 3419, 3420, 3421, 3422, 3423, 3424, 3425, 3426, 3427, 3428, 3429, 3430, 3431, 3432, 3433, 3434, 3435, 3436, 3437, 3438, 3440, 3441, 3442, 3443, 3444, 3445, 3446, 3447, 3448, 3449, 3450, 3451, 3452, 3453, 3455, 3456, 3457, 3458, 3459, 3460, 3461, 3462, 3463, 3464, 3465, 3466, 3467, 3468, 3469, 3470, 3471, 3472, 3473, 3474, 3475, 3476, 3477, 3478, 3480, 3481, 3482, 3483, 3484, 3485, 3486, 3487, 3488, 3489, 3490, 3491, 3492, 3493, 3494, 3495, 3496, 3497, 3498, 3499, 3500, 3502, 3503, 3504, 3505, 3506, 3507, 3508, 3509, 3510, 3512, 3513, 3514, 3515, 3516, 3517, 3518, 3519, 3520, 3521, 3522, 3523, 3525, 3526, 3527, 3528, 3529, 3530, 3531, 3532, 3533, 3534, 3535, 3537, 3538, 3539, 3540, 3541, 3542, 3543, 3544, 3545, 3546, 3547, 3548, 3549, 3551, 3552, 3553, 3554, 3555, 3556, 3557, 3558, 3559, 3560, 3561, 3562, 3563, 3564, 3565, 3566, 3567, 3568, 3569, 3570, 3571, 3572, 3573, 3574, 3576, 3578, 3579, 3580, 3581, 3584, 3585, 3586, 3587, 3590, 3591, 3592, 3594, 3595, 3596, 3597, 3598, 3599, 3600, 3601, 3602, 3603, 3604, 3605, 3606, 3607, 3608, 3609, 3610, 3611, 3612, 3613, 3614, 3615, 3616, 3617, 3618, 3619, 3620, 3621, 3622, 3623, 3624, 3625, 3626, 3627, 3628, 3629, 3630, 3631, 3632, 3633, 3634, 3635, 3636, 3637, 3638, 3639, 3640, 3641, 3642, 3643, 3644, 3645, 3646, 3647, 3648, 3649, 3650, 3651, 3652, 3653, 3654, 3655, 3656, 3659, 3660, 3979, 3980, 3982, 3985, 3986, 3987, 3988, 3989, 3991, 3992, 3993, 3994, 3995, 3996, 3997, 3998, 4000, 4001, 4002, 4003, 4004, 4005, 4006, 4007, 4009, 4010, 4011, 4013, 4014, 4015, 4016, 4017, 4019, 4021, 4022, 4023, 4024, 4025, 4026, 4028, 4029, 4031, 4034, 4038, 4049, 4236, 4237, 4238, 4239, 4275, 4277, 4278, 4279, 4281, 4282, 4285, 4286, 4287, 4288, 4289, 4291, 4292, 4293, 4294, 4295, 4296, 4297, 4299, 4300, 4301, 4302, 4303, 4304, 4305, 4306, 4308, 4309, 4311, 4313, 4315, 4316, 4317, 4319, 4321, 4322, 4323, 4324, 4325, 4326, 4327, 4329, 4331, 4332, 4333, 4334, 4335, 4336, 4338, 4339, 4340, 4341, 4342, 4345, 4346, 4347, 4348, 4349, 4350, 4353, 4354, 4356, 4357, 4358, 4359, 4360, 4361, 4363, 4364, 4365, 4366, 4367, 4370, 4371, 4372, 4373, 4375, 4378, 4379, 4381, 4382, 4383, 4385, 4386, 4387, 4388, 4389, 4391, 4392, 4393, 4394, 4397, 4398, 4400, 4401, 4402, 4405, 4406, 4407, 4408, 4409, 4410, 4411, 4412, 4413, 4414, 4415, 4416, 4417, 4420, 4423, 4424, 4427, 4428, 4429, 4430, 4432, 4433, 4435, 4437, 4438, 4439, 4440, 4442, 4443, 4444, 4446, 4448, 4450, 4451, 4452, 4453, 4454, 4455, 4456, 4458, 4459, 4460, 4461, 4462, 4463, 4466, 4467, 4469, 4470, 4472, 4473, 4474, 4475, 4476, 4477, 4478, 4479, 4480, 4482, 4483, 4484, 4486, 4487, 4488, 4489, 4491, 4492, 4494, 4495, 4496, 4499, 4501, 4502, 4503, 4506, 4508, 4509, 4510, 4511, 4514, 4516, 4517, 4518, 4519, 4521, 4523, 4524, 4528, 4530, 4531, 4532, 4533, 4534, 4535, 4538, 4539, 4540, 4541, 4543, 4544, 4545, 4546, 4547, 4548, 4549, 4550, 4551, 4552, 4555, 4556, 4557, 4558, 4559, 4560, 4562, 4563, 4566, 4568, 4569, 4571, 4572, 4573, 4574, 4576, 4577, 4578, 4579, 4580, 4581, 4582, 4583, 4585, 4588, 4590, 4591, 4592, 4593, 4594, 4595, 4596, 4597, 4598, 4599, 4600, 4601, 4603, 4604, 4607, 4609, 4610, 4611, 4612, 4613, 4614, 4617, 4618, 4619, 4621, 4622, 4623, 4624, 4625, 4626, 4629, 4630, 4631, 4632, 4633, 4634, 4635, 4636, 4637, 4638, 4639, 4640, 4642, 4643, 4644, 4645, 4646, 4648, 4651, 4652, 4655, 4656, 4659, 4661, 4662, 4663, 4664, 4665, 4666, 4667, 4668, 4670, 4673, 4678, 4681, 4682, 4683, 4684, 4685, 4686, 4687, 4688, 4689, 4690, 4691, 4692, 4694, 4697, 4699, 4700, 4701, 4702, 4703, 4704, 4705, 4706, 4707, 4708, 4709, 4710, 4711, 4712, 4713, 4714, 4715, 4716, 4717, 4720, 4721, 4722, 4723, 4724, 4727, 4729, 4731, 4733, 4734, 4735, 4738, 4739, 4741, 4742, 4743, 4744, 4745, 4746, 4747, 4748, 4749, 4750, 4752, 4753, 4754, 4755, 4756, 4757, 4758, 4759, 4760, 4761, 4762, 4763, 4764, 4765, 4766, 4767, 4768, 4769, 4771, 4772, 4773, 4774, 4775, 4777, 4780, 4781, 4783, 4785, 4788, 4789, 4790, 4791, 4792, 4796, 4797, 4798, 4799, 4801, 4803, 4804, 4807, 4808, 4809, 4811, 4812, 4816, 4817, 4818, 4819, 4821, 4822, 4824, 4825, 4826, 4827, 4829, 4830, 4833, 4836, 4838, 4841, 4843, 4844, 4846, 4847, 4848, 4849, 4850, 4851, 4852, 4853, 4855, 4857, 4858, 4859, 4860, 4862, 4865, 4866, 4868, 4869, 4871, 4872, 4875, 4876, 4877, 4878, 4879, 4880, 4882, 4883, 4884, 4885, 4887, 4889, 4890, 4892, 4893, 4894, 4895, 4896, 4897, 4898, 4900, 4902, 4906, 4907, 4911, 4912, 4913, 4914, 4915, 4916, 4917, 4918, 4919, 4920, 4922, 4923, 4925, 4928, 4930, 4934, 4935, 4936, 4937, 4938, 4940, 4941, 4942, 4943, 4944, 4945, 4946, 4947, 4949, 4950, 4951, 4954, 4955, 4956, 4959, 4961, 4964, 4965, 4972, 4973, 4975, 4976, 4977, 4980, 4982, 4983, 4987, 4994, 4996, 4999, 5002, 5006, 5007, 5011, 5013, 5016, 5019, 5023, 5024, 5026, 5027, 5028, 5032, 5033, 5034, 5036, 5038, 5044, 5045, 5048, 5051, 5052, 5056, 5057, 5059, 5060, 5062, 5064, 5065, 5066, 5067, 5068, 5069, 5070, 5071, 5073, 5074, 5075, 5076, 5078, 5079, 5080, 5081, 5082, 5083, 5084, 5089, 5091, 5094, 5096, 5098, 5100, 5101, 5102, 5103, 5108, 5110, 5113, 5116, 5117, 5124, 5133, 5137, 5138, 5139, 5145, 5147, 5151, 5152, 5153, 5154, 5158, 5162, 5164, 5165, 5166, 5169, 5170, 5173, 5174, 5183, 5195, 5196, 5200, 5201, 5203, 5204, 5208, 5210, 5213, 5215, 5216, 5219, 5220, 5221, 5223, 5225, 5226, 5227, 5228, 5229, 5231, 5232, 5233, 5234, 5235, 5236, 5237, 5238, 5239, 5240, 5243, 5246, 5252, 5254, 5263, 5270, 5271, 5272, 5275, 5276, 5280, 5281, 5282, 5284, 5287, 5290, 5291, 5300, 5302, 5303, 5306, 5307, 5308, 5309, 5312, 5313, 5314, 5315, 5317, 5318, 5319, 5320, 5321, 5322, 5323, 5324, 5325, 5326, 5327, 5328, 5330, 5331, 5332, 5333, 5334, 5335, 5336, 5337, 5338, 5339, 5340, 5341, 5342, 5343, 5344, 5345, 5346, 5347, 5348, 5349, 5350, 5351, 5352, 5353, 5354, 5355, 5356, 5357, 5358, 5359, 5360, 5361, 5362, 5363, 5364, 5365, 5366, 5367, 5368, 5369, 5370, 5371, 5372, 5373, 5374, 5375, 5376, 5377, 5378, 5379, 5380, 5381, 5382, 5383, 5384, 5385, 5386, 5387, 5388, 5389, 5390, 5391, 5392, 5393, 5394, 5395, 5396, 5397, 5398, 5399, 5400, 5401, 5402, 5403, 5404, 5405, 5406, 5407, 5408, 5409, 5410, 5411, 5412, 5413, 5414, 5415, 5416, 5417, 5418, 5419, 5420, 5421, 5422, 5423, 5424, 5425, 5426, 5427, 5428, 5429, 5430, 5431, 5432, 5433, 5434, 5435, 5436, 5437, 5438, 5439, 5440, 5441, 5442, 5443, 5444, 5445, 5446, 5447, 5448, 5449, 5450, 5451, 5452, 5453, 5454, 5455, 5456, 5457, 5458, 5459, 5460, 5461, 5462, 5463, 5464, 5465, 5466, 5467, 5468, 5469, 5470, 5471, 5472, 5473, 5474, 5475, 5476, 5477, 5478, 5479, 5480, 5481, 5482, 5483, 5484, 5485, 5486, 5487, 5488, 5489, 5490, 5491, 5492, 5493, 5494, 5495, 5496, 5497, 5498, 5499, 5500, 5501, 5502, 5503, 5504, 5505, 5507, 5508, 5510, 5511, 5512, 5513, 5514, 5515, 5516, 5517, 5518, 5519, 5520, 5521, 5522, 5523, 5524, 5525, 5526, 5527, 5528, 5529, 5530, 5531, 5532, 5533, 5534, 5535, 5536, 5537, 5538, 5539, 5540, 5541, 5542, 5543, 5544, 5545, 5546, 5547, 5548, 5549, 5550, 5551, 5552, 5553, 5554, 5555, 5556, 5557, 5558, 5559, 5560, 5561, 5562, 5563, 5564, 5565, 5566, 5567, 5568, 5569, 5570, 5571, 5572, 5573, 5574, 5575, 5576, 5577, 5578, 5579, 5580, 5581, 5582, 5583, 5584, 5585, 5586, 5587, 5588, 5589, 5590, 5591, 5592, 5593, 5594, 5595, 5596, 5597, 5598, 5599, 5600, 5601, 5602, 5603, 5604, 5605, 5606, 5607, 5608, 5609, 5610, 5611, 5612, 5613, 5614, 5615, 5616, 5617, 5618, 5619, 5620, 5621, 5622, 5623, 5624, 5625, 5626, 5627, 5629, 5630, 5631, 5632, 5633, 5634, 5636, 5637, 5638, 5639, 5640, 5641, 5642, 5643, 5644, 5645, 5646, 5647, 5648, 5649, 5650, 5651, 5652, 5653, 5654, 5655, 5656, 5657, 5658, 5659, 5660, 5661, 5662, 5663, 5664, 5665, 5666, 5667, 5668, 5669, 5670, 5671, 5672, 5673, 5674, 5675, 5676, 5677, 5678, 5679, 5680, 5681, 5682, 5683, 5684, 5685, 5686, 5687, 5688, 5689, 5690, 5691, 5692, 5693, 5694, 5695, 5696, 5697, 5698, 5699, 5700, 5701, 5702, 5703, 5704, 5705, 5706, 5707, 5708, 5709, 5710, 5711, 5712, 5713, 5714, 5715, 5716, 5717, 5718, 5719, 5720, 5721, 5722, 5723, 5724, 5725, 5726, 5727, 5728, 5729, 5730, 5731, 5732, 5733, 5734, 5735, 5736, 5737, 5738, 5739, 5740, 5741, 5742, 5743, 5744, 5745, 5746, 5747, 5748, 5749, 5750, 5751, 5752, 5753, 5754, 5755, 5756, 5757, 5758, 5759, 5760, 5761, 5762, 5763, 5764, 5765, 5766, 5767, 5768, 5769, 5770, 5771, 5772, 5773, 5774, 5775, 5776, 5777, 5778, 5779, 5780, 5781, 5782, 5783, 5784, 5785, 5786, 5787, 5788, 5789, 5790, 5791, 5792, 5793, 5794, 5795, 5796, 5797, 5798, 5799, 5800, 5801, 5802, 5803, 5804, 5805, 5806, 5807, 5808, 5809, 5810, 5811, 5812, 5813, 5814, 5815, 5816, 5817, 5818, 5819, 5820, 5821, 5822, 5823, 5824, 5825, 5826, 5827, 5828, 5829, 5831, 5832, 5833, 5834, 5835, 5836, 5837, 5838, 5839, 5840, 5841, 5842, 5843, 5844, 5845, 5846, 5847, 5848, 5849, 5850, 5851, 5852, 5853, 5854, 5855, 5856, 5857, 5858, 5859, 5860, 5861, 5862, 5863, 5864, 5865, 5866, 5867, 5868, 5869, 5870, 5871, 5872, 5873, 5874, 5875, 5876, 5877, 5878, 5879, 5880, 5881, 5882, 5883, 5884, 5885, 5886, 5887, 5888, 5889, 5890, 5891, 5892, 5893, 5894, 5895, 5896, 5897, 5898, 5899, 5900, 5901, 5902, 5903, 5904, 5905, 5906, 5907, 5908, 5909, 5910, 5911, 5912, 5913, 5914, 5915, 5916, 5917, 5918, 5919, 5920, 5921, 5922, 5923, 5924, 5925, 5926, 5927, 5928, 5929, 5930, 5931, 5932, 5933, 5934, 5935, 5936, 5937, 5938, 5939, 5940, 5941, 5942, 5943, 5944, 5945, 5946, 5947, 5948, 5949, 5950, 5951, 5952, 5953, 5954, 5955, 5956, 5957, 5958, 5959, 5960, 5961, 5962, 5963, 5964, 5965, 5966, 5967, 5968, 5969, 5970, 5971, 5972, 5973, 5974, 5975, 5976, 5977, 5978, 5979, 5980, 5981, 5982, 5983, 5984, 5985, 5986, 5987, 5988, 5989, 5990, 5991, 5992, 5993, 5994, 5995, 5996, 5997, 5998, 5999, 6000, 6001, 6002, 6003, 6004, 6005, 6006, 6007, 6008, 6009, 6010, 6011, 6012, 6013, 6014, 6015, 6016, 6017, 6018, 6019, 6020, 6021, 6022, 6023, 6024, 6025, 6026, 6027, 6028, 6029, 6030, 6031, 6032, 6033, 6034, 6035, 6036, 6037, 6038, 6039, 6040, 6041, 6042, 6043, 6044, 6045, 6046, 6047, 6048, 6049, 6050, 6051, 6052, 6053, 6054, 6055, 6056, 6057, 6058, 6059, 6060, 6061, 6062, 6063, 6064, 6065, 6066, 6067, 6068, 6069, 6070, 6071, 6072, 6073, 6074, 6075, 6076, 6077, 6078, 6079, 6080, 6081, 6082, 6083, 6084, 6085, 6086, 6087, 6088, 6089, 6090, 6091, 6092, 6093, 6094, 6095, 6096, 6097, 6098, 6099, 6100, 6101, 6102, 6103, 6104, 6105, 6106, 6107, 6108, 6109, 6110, 6111, 6112, 6113, 6114, 6115, 6116, 6117, 6118, 6119, 6120, 6121, 6122, 6123, 6124, 6125, 6126, 6127, 6128, 6129, 6130, 6131, 6132, 6133, 6134, 6135, 6136, 6137, 6138, 6139, 6140, 6141, 6142, 6143, 6144, 6145, 6146, 6147, 6148, 6149, 6150, 6151, 6152, 6153, 6154, 6155, 6156, 6157, 6158, 6159, 6160, 6161, 6162, 6163, 6164, 6165, 6166, 6167, 6168, 6169, 6170, 6171, 6172, 6173, 6174, 6175, 6176, 6177, 6178, 6179, 6180, 6181, 6182, 6183, 6184, 6185, 6186, 6187, 6188, 6189, 6190, 6191, 6192, 6193, 6194, 6195, 6196, 6197, 6198, 6199, 6200, 6201, 6202, 6203, 6204, 6205, 6206, 6207, 6208, 6209, 6210, 6211, 6212, 6213, 6214, 6215, 6216, 6217, 6218, 6219, 6220, 6221, 6222, 6223, 6224, 6225, 6226, 6227, 6228, 6229, 6230, 6231, 6232, 6233, 6234, 6235, 6236, 6237, 6238, 6239, 6240, 6241, 6242, 6243, 6244, 6245, 6246, 6247, 6248, 6249, 6250, 6251, 6252, 6253, 6254, 6255, 6256, 6257, 6258, 6259, 6260, 6261, 6262, 6263, 6264, 6265, 6266, 6267, 6269, 6270, 6271, 6272, 6273, 6275, 6276, 6277, 6278, 6279, 6280, 6281, 6282, 6283, 6284, 6285, 6286, 6287, 6288, 6289, 6290, 6291, 6292, 6293, 6294, 6295, 6296, 6297, 6298, 6299, 6300, 6301, 6302, 6303, 6304, 6305, 6306, 6308, 6309, 6310, 6311, 6312, 6313, 6314, 6315, 6316, 6317, 6319, 6320, 6321, 6322, 6324, 6325, 6326, 6327, 6328, 6329, 6330, 6331, 6332, 6333, 6334, 6335, 6336, 6337, 6338, 6339, 6340, 6341, 6342, 6343, 6344, 6345, 6346, 6347, 6348, 6349, 6350, 6351, 6352, 6353, 6354, 6355, 6356, 6357, 6358, 6359, 6360, 6361, 6362, 6363, 6364, 6365, 6366, 6367, 6368, 6369, 6370, 6371, 6372, 6373, 6374, 6375, 6376, 6377, 6378, 6379, 6380, 6381, 6382, 6383, 6384, 6385, 6386, 6387, 6388, 6389, 6390, 6391, 6392, 6393, 6394, 6395, 6396, 6397, 6398, 6399, 6400, 6401, 6402, 6403, 6404, 6405, 6406, 6407, 6408, 6409, 6410, 6411, 6412, 6413, 6414, 6415, 6416, 6417, 6418, 6419, 6420, 6421, 6423, 6424, 6425, 6426, 6427, 6428, 6429, 6430, 6431, 6432, 6433, 6434, 6435, 6436, 6437, 6438, 6439, 6440, 6441, 6443, 
</system-out>
    <system-err>Starting NO_ACK
SUCCESS:1000
SUCCESS:2000
SUCCESS:3000
SUCCESS:4000
SUCCESS:5000
Finished NO_ACK [5014]
</system-err>
  </testcase>
  <testcase classname="org.apache.catalina.tribes.test.channel.TestUdpPackages" name="testDataSendACK" time="4.577"/>
  <testcase classname="org.apache.catalina.tribes.test.channel.TestUdpPackages" name="testDataSendASYNC" time="9.277">
    <failure message="Checking success messages. expected:&lt;500&gt; but was:&lt;55&gt;" type="java.lang.AssertionError">java.lang.AssertionError: Checking success messages. expected:&lt;500&gt; but was:&lt;55&gt;
	at org.junit.Assert.fail(Assert.java:88)
	at org.junit.Assert.failNotEquals(Assert.java:834)
	at org.junit.Assert.assertEquals(Assert.java:645)
	at org.apache.catalina.tribes.test.channel.TestUdpPackages.testDataSendASYNC(TestUdpPackages.java:196)
	at sun.reflect.NativeMethodAccessorImpl.invoke0(Native Method)
	at sun.reflect.NativeMethodAccessorImpl.invoke(NativeMethodAccessorImpl.java:62)
	at sun.reflect.DelegatingMethodAccessorImpl.invoke(DelegatingMethodAccessorImpl.java:43)
	at java.lang.reflect.Method.invoke(Method.java:483)
	at org.junit.runners.model.FrameworkMethod$1.runReflectiveCall(FrameworkMethod.java:50)
	at org.junit.internal.runners.model.ReflectiveCallable.run(ReflectiveCallable.java:12)
	at org.junit.runners.model.FrameworkMethod.invokeExplosively(FrameworkMethod.java:47)
	at org.junit.internal.runners.statements.InvokeMethod.evaluate(InvokeMethod.java:17)
	at org.junit.internal.runners.statements.RunBefores.evaluate(RunBefores.java:26)
	at org.junit.internal.runners.statements.RunAfters.evaluate(RunAfters.java:27)
	at org.junit.runners.ParentRunner.runLeaf(ParentRunner.java:325)
	at org.junit.runners.BlockJUnit4ClassRunner.runChild(BlockJUnit4ClassRunner.java:78)
	at org.junit.runners.BlockJUnit4ClassRunner.runChild(BlockJUnit4ClassRunner.java:57)
	at org.junit.runners.ParentRunner$3.run(ParentRunner.java:290)
	at org.junit.runners.ParentRunner$1.schedule(ParentRunner.java:71)
	at org.junit.runners.ParentRunner.runChildren(ParentRunner.java:288)
	at org.junit.runners.ParentRunner.access$000(ParentRunner.java:58)
	at org.junit.runners.ParentRunner$2.evaluate(ParentRunner.java:268)
	at org.junit.runners.ParentRunner.run(ParentRunner.java:363)
	at org.apache.maven.surefire.junit4.JUnit4TestSet.execute(JUnit4TestSet.java:53)
	at org.apache.maven.surefire.junit4.JUnit4Provider.executeTestSet(JUnit4Provider.java:123)
	at org.apache.maven.surefire.junit4.JUnit4Provider.invoke(JUnit4Provider.java:104)
	at sun.reflect.NativeMethodAccessorImpl.invoke0(Native Method)
	at sun.reflect.NativeMethodAccessorImpl.invoke(NativeMethodAccessorImpl.java:62)
	at sun.reflect.DelegatingMethodAccessorImpl.invoke(DelegatingMethodAccessorImpl.java:43)
	at java.lang.reflect.Method.invoke(Method.java:483)
	at org.apache.maven.surefire.util.ReflectionUtils.invokeMethodWithArray(ReflectionUtils.java:164)
	at org.apache.maven.surefire.booter.ProviderFactory$ProviderProxy.invoke(ProviderFactory.java:110)
	at org.apache.maven.surefire.booter.SurefireStarter.invokeProvider(SurefireStarter.java:175)
	at org.apache.maven.surefire.booter.SurefireStarter.runSuitesInProcessWhenForked(SurefireStarter.java:107)
	at org.apache.maven.surefire.booter.ForkedBooter.main(ForkedBooter.java:68)
</failure>
    <system-err>Starting ASYNC
Finished ASYNC
</system-err>
  </testcase>
  <testcase classname="org.apache.catalina.tribes.test.channel.TestUdpPackages" name="testDataSendSYNCACK" time="4.6"/>
  <testcase classname="org.apache.catalina.tribes.test.channel.TestUdpPackages" name="testSingleDataSendNO_ACK" time="4.738"/>
</testsuite>