<?xml version="1.0" encoding="UTF-8" ?>
<testsuite tests="137" failures="0" name="org.apache.catalina.startup.TestHostConfigAutomaticDeployment" time="22.104" errors="0" skipped="0">
  <properties>
[...]
</properties>
  <testcase classname="org.apache.catalina.startup.TestHostConfigAutomaticDeployment" name="testDeleteXmlDirRemoveDir" time="0.627"/>
  <testcase classname="org.apache.catalina.startup.TestHostConfigAutomaticDeployment" name="testDeleteXmlDirRemoveXml" time="0.583"/>
  <testcase classname="org.apache.catalina.startup.TestHostConfigAutomaticDeployment" name="testAdditionDirAddXmlExtwar" time="0.09"/>
  <testcase classname="org.apache.catalina.startup.TestHostConfigAutomaticDeployment" name="testDeleteXmlWarDirRemoveDir" time="0.584"/>
  <testcase classname="org.apache.catalina.startup.TestHostConfigAutomaticDeployment" name="testDeleteXmlWarDirRemoveWar" time="0.575"/>
  <testcase classname="org.apache.catalina.startup.TestHostConfigAutomaticDeployment" name="testDeleteXmlWarDirRemoveXml" time="0.584"/>
  <testcase classname="org.apache.catalina.startup.TestHostConfigAutomaticDeployment" name="testDeleteXmlDirRemoveXmlCopyXml" time="0.584"/>
  <testcase classname="org.apache.catalina.startup.TestHostConfigAutomaticDeployment" name="testAdditionXmlAddDir" time="0.063"/>
  <testcase classname="org.apache.catalina.startup.TestHostConfigAutomaticDeployment" name="testAdditionXmlAddWar" time="0.07"/>
  <testcase classname="org.apache.catalina.startup.TestHostConfigAutomaticDeployment" name="testModifyXmlExtwarUpdateExtwar" time="0.076"/>
  <testcase classname="org.apache.catalina.startup.TestHostConfigAutomaticDeployment" name="testCopyXMLFFF" time="0.074"/>
  <testcase classname="org.apache.catalina.startup.TestHostConfigAutomaticDeployment" name="testCopyXMLFFT" time="0.072"/>
  <testcase classname="org.apache.catalina.startup.TestHostConfigAutomaticDeployment" name="testCopyXMLFTF" time="0.073"/>
  <testcase classname="org.apache.catalina.startup.TestHostConfigAutomaticDeployment" name="testCopyXMLFTT" time="0.07"/>
  <testcase classname="org.apache.catalina.startup.TestHostConfigAutomaticDeployment" name="testCopyXMLTFF" time="0.074"/>
  <testcase classname="org.apache.catalina.startup.TestHostConfigAutomaticDeployment" name="testCopyXMLTFT" time="0.07"/>
  <testcase classname="org.apache.catalina.startup.TestHostConfigAutomaticDeployment" name="testCopyXMLTTF" time="0.072"/>
  <testcase classname="org.apache.catalina.startup.TestHostConfigAutomaticDeployment" name="testCopyXMLTTT" time="0.069"/>
  <testcase classname="org.apache.catalina.startup.TestHostConfigAutomaticDeployment" name="testAdditionDirAddWar" time="0.077"/>
  <testcase classname="org.apache.catalina.startup.TestHostConfigAutomaticDeployment" name="testAdditionDirAddXml" time="0.078"/>
  <testcase classname="org.apache.catalina.startup.TestHostConfigAutomaticDeployment" name="testUnpackWARFFF" time="0.067"/>
  <testcase classname="org.apache.catalina.startup.TestHostConfigAutomaticDeployment" name="testUnpackWARFFT" time="0.07"/>
  <testcase classname="org.apache.catalina.startup.TestHostConfigAutomaticDeployment" name="testUnpackWARFTF" time="0.071"/>
  <testcase classname="org.apache.catalina.startup.TestHostConfigAutomaticDeployment" name="testUnpackWARFTT" time="0.109"/>
  <testcase classname="org.apache.catalina.startup.TestHostConfigAutomaticDeployment" name="testUnpackWARTFF" time="0.065"/>
  <testcase classname="org.apache.catalina.startup.TestHostConfigAutomaticDeployment" name="testUnpackWARTFT" time="0.069"/>
  <testcase classname="org.apache.catalina.startup.TestHostConfigAutomaticDeployment" name="testUnpackWARTTF" time="0.066"/>
  <testcase classname="org.apache.catalina.startup.TestHostConfigAutomaticDeployment" name="testUnpackWARTTT" time="0.067"/>
  <testcase classname="org.apache.catalina.startup.TestHostConfigAutomaticDeployment" name="testBrokenAppWithAntiLockingF" time="0.072"/>
  <testcase classname="org.apache.catalina.startup.TestHostConfigAutomaticDeployment" name="testBrokenAppWithAntiLockingT" time="0.07"/>
  <testcase classname="org.apache.catalina.startup.TestHostConfigAutomaticDeployment" name="testModifyXmlExtwarUpdateXml" time="0.07"/>
  <testcase classname="org.apache.catalina.startup.TestHostConfigAutomaticDeployment" name="testDeleteXmlWarRemoveXmlCopyXml" time="0.581"/>
  <testcase classname="org.apache.catalina.startup.TestHostConfigAutomaticDeployment" name="testDeploymentXmlExternalWarXmlFFF" time="0.07"/>
  <testcase classname="org.apache.catalina.startup.TestHostConfigAutomaticDeployment" name="testDeploymentXmlExternalWarXmlFFT" time="0.068"/>
  <testcase classname="org.apache.catalina.startup.TestHostConfigAutomaticDeployment" name="testDeploymentXmlExternalWarXmlFTF" time="0.065"/>
  <testcase classname="org.apache.catalina.startup.TestHostConfigAutomaticDeployment" name="testDeploymentXmlExternalWarXmlFTT" time="0.075"/>
  <testcase classname="org.apache.catalina.startup.TestHostConfigAutomaticDeployment" name="testDeploymentXmlExternalWarXmlTFF" time="0.069"/>
  <testcase classname="org.apache.catalina.startup.TestHostConfigAutomaticDeployment" name="testDeploymentXmlExternalWarXmlTFT" time="0.068"/>
  <testcase classname="org.apache.catalina.startup.TestHostConfigAutomaticDeployment" name="testDeploymentXmlExternalWarXmlTTF" time="0.069"/>
  <testcase classname="org.apache.catalina.startup.TestHostConfigAutomaticDeployment" name="testDeploymentXmlExternalWarXmlTTT" time="0.07"/>
  <testcase classname="org.apache.catalina.startup.TestHostConfigAutomaticDeployment" name="testModifyXmlExtdirUpdateXml" time="0.078"/>
  <testcase classname="org.apache.catalina.startup.TestHostConfigAutomaticDeployment" name="testAdditionDirAddDirXmlFF" time="0.077"/>
  <testcase classname="org.apache.catalina.startup.TestHostConfigAutomaticDeployment" name="testAdditionDirAddDirXmlFT" time="0.074"/>
  <testcase classname="org.apache.catalina.startup.TestHostConfigAutomaticDeployment" name="testAdditionDirAddDirXmlTF" time="0.071"/>
  <testcase classname="org.apache.catalina.startup.TestHostConfigAutomaticDeployment" name="testAdditionDirAddDirXmlTT" time="0.076"/>
  <testcase classname="org.apache.catalina.startup.TestHostConfigAutomaticDeployment" name="testModifyWarDirUpdateDir" time="0.068"/>
  <testcase classname="org.apache.catalina.startup.TestHostConfigAutomaticDeployment" name="testModifyWarDirUpdateWar" time="0.082"/>
  <testcase classname="org.apache.catalina.startup.TestHostConfigAutomaticDeployment" name="testModifyWarUpdateWar" time="0.075"/>
  <testcase classname="org.apache.catalina.startup.TestHostConfigAutomaticDeployment" name="testModifyXmlExtwarDirUpdateDir" time="0.068"/>
  <testcase classname="org.apache.catalina.startup.TestHostConfigAutomaticDeployment" name="testModifyXmlExtwarDirUpdateExt" time="0.075"/>
  <testcase classname="org.apache.catalina.startup.TestHostConfigAutomaticDeployment" name="testModifyXmlExtwarDirUpdateXml" time="0.078"/>
  <testcase classname="org.apache.catalina.startup.TestHostConfigAutomaticDeployment" name="testAdditionXmlExtwarAddDir" time="0.068"/>
  <testcase classname="org.apache.catalina.startup.TestHostConfigAutomaticDeployment" name="testAdditionXmlExtwarAddWar" time="0.065"/>
  <testcase classname="org.apache.catalina.startup.TestHostConfigAutomaticDeployment" name="testDeploymentWarXmlFFF" time="0.06"/>
  <testcase classname="org.apache.catalina.startup.TestHostConfigAutomaticDeployment" name="testDeploymentWarXmlFFT" time="0.063"/>
  <testcase classname="org.apache.catalina.startup.TestHostConfigAutomaticDeployment" name="testDeploymentWarXmlFTF" time="0.063"/>
  <testcase classname="org.apache.catalina.startup.TestHostConfigAutomaticDeployment" name="testDeploymentWarXmlFTT" time="0.064"/>
  <testcase classname="org.apache.catalina.startup.TestHostConfigAutomaticDeployment" name="testDeploymentWarXmlTFF" time="0.067"/>
  <testcase classname="org.apache.catalina.startup.TestHostConfigAutomaticDeployment" name="testDeploymentWarXmlTFT" time="0.071"/>
  <testcase classname="org.apache.catalina.startup.TestHostConfigAutomaticDeployment" name="testDeploymentWarXmlTTF" time="0.067"/>
  <testcase classname="org.apache.catalina.startup.TestHostConfigAutomaticDeployment" name="testDeploymentWarXmlTTT" time="0.069"/>
  <testcase classname="org.apache.catalina.startup.TestHostConfigAutomaticDeployment" name="testDeleteWarRemoveWar" time="0.573"/>
  <testcase classname="org.apache.catalina.startup.TestHostConfigAutomaticDeployment" name="testModifyDirUpdateDir" time="0.069"/>
  <testcase classname="org.apache.catalina.startup.TestHostConfigAutomaticDeployment" name="testDeleteXmlWarDirRemoveXmlCopyXml" time="0.578"/>
  <testcase classname="org.apache.catalina.startup.TestHostConfigAutomaticDeployment" name="testDeleteXmlWarDirRemoveDirCopyXml" time="0.579"/>
  <testcase classname="org.apache.catalina.startup.TestHostConfigAutomaticDeployment" name="testAdditionWarDirAddXml" time="0.083"/>
  <testcase classname="org.apache.catalina.startup.TestHostConfigAutomaticDeployment" name="testDeleteDirRemoveDir" time="0.573"/>
  <testcase classname="org.apache.catalina.startup.TestHostConfigAutomaticDeployment" name="testDeploymentXmlExternalDirXmlFFF" time="0.069"/>
  <testcase classname="org.apache.catalina.startup.TestHostConfigAutomaticDeployment" name="testDeploymentXmlExternalDirXmlFFT" time="0.066"/>
  <testcase classname="org.apache.catalina.startup.TestHostConfigAutomaticDeployment" name="testDeploymentXmlExternalDirXmlFTF" time="0.068"/>
  <testcase classname="org.apache.catalina.startup.TestHostConfigAutomaticDeployment" name="testDeploymentXmlExternalDirXmlFTT" time="0.071"/>
  <testcase classname="org.apache.catalina.startup.TestHostConfigAutomaticDeployment" name="testDeploymentXmlExternalDirXmlTFF" time="0.068"/>
  <testcase classname="org.apache.catalina.startup.TestHostConfigAutomaticDeployment" name="testDeploymentXmlExternalDirXmlTFT" time="0.068"/>
  <testcase classname="org.apache.catalina.startup.TestHostConfigAutomaticDeployment" name="testDeploymentXmlExternalDirXmlTTF" time="0.416"/>
  <testcase classname="org.apache.catalina.startup.TestHostConfigAutomaticDeployment" name="testDeploymentXmlExternalDirXmlTTT" time="0.068"/>
  <testcase classname="org.apache.catalina.startup.TestHostConfigAutomaticDeployment" name="testModifyXmlWarDirUpdateDir" time="0.067"/>
  <testcase classname="org.apache.catalina.startup.TestHostConfigAutomaticDeployment" name="testModifyXmlWarDirUpdateWar" time="0.069"/>
  <testcase classname="org.apache.catalina.startup.TestHostConfigAutomaticDeployment" name="testModifyXmlWarDirUpdateXml" time="0.075"/>
  <testcase classname="org.apache.catalina.startup.TestHostConfigAutomaticDeployment" name="testAdditionXmlWarAddDir" time="0.069"/>
  <testcase classname="org.apache.catalina.startup.TestHostConfigAutomaticDeployment" name="testModifyXmlExtdirUpdateExtdir" time="0.068"/>
  <testcase classname="org.apache.catalina.startup.TestHostConfigAutomaticDeployment" name="testModifyXmlWarUpdateWar" time="0.068"/>
  <testcase classname="org.apache.catalina.startup.TestHostConfigAutomaticDeployment" name="testModifyXmlWarUpdateXml" time="0.069"/>
  <testcase classname="org.apache.catalina.startup.TestHostConfigAutomaticDeployment" name="testDeploymentDirFFF" time="0.065"/>
  <testcase classname="org.apache.catalina.startup.TestHostConfigAutomaticDeployment" name="testDeploymentDirFFT" time="0.067"/>
  <testcase classname="org.apache.catalina.startup.TestHostConfigAutomaticDeployment" name="testDeploymentDirFTF" time="0.067"/>
  <testcase classname="org.apache.catalina.startup.TestHostConfigAutomaticDeployment" name="testDeploymentDirFTT" time="0.066"/>
  <testcase classname="org.apache.catalina.startup.TestHostConfigAutomaticDeployment" name="testDeploymentDirTFF" time="0.066"/>
  <testcase classname="org.apache.catalina.startup.TestHostConfigAutomaticDeployment" name="testDeploymentDirTFT" time="0.064"/>
  <testcase classname="org.apache.catalina.startup.TestHostConfigAutomaticDeployment" name="testDeploymentDirTTF" time="0.067"/>
  <testcase classname="org.apache.catalina.startup.TestHostConfigAutomaticDeployment" name="testDeploymentDirTTT" time="0.066"/>
  <testcase classname="org.apache.catalina.startup.TestHostConfigAutomaticDeployment" name="testAdditionXmlExtdirAddDir" time="0.067"/>
  <testcase classname="org.apache.catalina.startup.TestHostConfigAutomaticDeployment" name="testAdditionXmlExtdirAddWar" time="0.067"/>
  <testcase classname="org.apache.catalina.startup.TestHostConfigAutomaticDeployment" name="testModifyXmlUpdateXml" time="0.065"/>
  <testcase classname="org.apache.catalina.startup.TestHostConfigAutomaticDeployment" name="testDeploymentDirXmlFFF" time="0.06"/>
  <testcase classname="org.apache.catalina.startup.TestHostConfigAutomaticDeployment" name="testDeploymentDirXmlFFT" time="0.064"/>
  <testcase classname="org.apache.catalina.startup.TestHostConfigAutomaticDeployment" name="testDeploymentDirXmlFTF" time="0.063"/>
  <testcase classname="org.apache.catalina.startup.TestHostConfigAutomaticDeployment" name="testDeploymentDirXmlFTT" time="0.06"/>
  <testcase classname="org.apache.catalina.startup.TestHostConfigAutomaticDeployment" name="testDeploymentDirXmlTFF" time="0.067"/>
  <testcase classname="org.apache.catalina.startup.TestHostConfigAutomaticDeployment" name="testDeploymentDirXmlTFT" time="0.063"/>
  <testcase classname="org.apache.catalina.startup.TestHostConfigAutomaticDeployment" name="testDeploymentDirXmlTTF" time="0.07"/>
  <testcase classname="org.apache.catalina.startup.TestHostConfigAutomaticDeployment" name="testDeploymentDirXmlTTT" time="0.07"/>
  <testcase classname="org.apache.catalina.startup.TestHostConfigAutomaticDeployment" name="testDeleteXmlRemoveXml" time="0.567"/>
  <testcase classname="org.apache.catalina.startup.TestHostConfigAutomaticDeployment" name="testModifyXmlDirUpdateDir" time="0.069"/>
  <testcase classname="org.apache.catalina.startup.TestHostConfigAutomaticDeployment" name="testModifyXmlDirUpdateXml" time="0.074"/>
  <testcase classname="org.apache.catalina.startup.TestHostConfigAutomaticDeployment" name="testAdditionWarAddXmlExtwar" time="0.083"/>
  <testcase classname="org.apache.catalina.startup.TestHostConfigAutomaticDeployment" name="testDeploymentWarFFF" time="0.064"/>
  <testcase classname="org.apache.catalina.startup.TestHostConfigAutomaticDeployment" name="testDeploymentWarFFT" time="0.065"/>
  <testcase classname="org.apache.catalina.startup.TestHostConfigAutomaticDeployment" name="testDeploymentWarFTF" time="0.064"/>
  <testcase classname="org.apache.catalina.startup.TestHostConfigAutomaticDeployment" name="testDeploymentWarFTT" time="0.066"/>
  <testcase classname="org.apache.catalina.startup.TestHostConfigAutomaticDeployment" name="testDeploymentWarTFF" time="0.067"/>
  <testcase classname="org.apache.catalina.startup.TestHostConfigAutomaticDeployment" name="testDeploymentWarTFT" time="0.066"/>
  <testcase classname="org.apache.catalina.startup.TestHostConfigAutomaticDeployment" name="testDeploymentWarTTF" time="0.065"/>
  <testcase classname="org.apache.catalina.startup.TestHostConfigAutomaticDeployment" name="testDeploymentWarTTT" time="0.067"/>
  <testcase classname="org.apache.catalina.startup.TestHostConfigAutomaticDeployment" name="testDeleteWarDirRemoveDir" time="0.585"/>
  <testcase classname="org.apache.catalina.startup.TestHostConfigAutomaticDeployment" name="testDeleteWarDirRemoveWar" time="0.573"/>
  <testcase classname="org.apache.catalina.startup.TestHostConfigAutomaticDeployment" name="testDeploymentXmlFFF" time="0.063"/>
  <testcase classname="org.apache.catalina.startup.TestHostConfigAutomaticDeployment" name="testDeploymentXmlFFT" time="0.062"/>
  <testcase classname="org.apache.catalina.startup.TestHostConfigAutomaticDeployment" name="testDeploymentXmlFTF" time="0.06"/>
  <testcase classname="org.apache.catalina.startup.TestHostConfigAutomaticDeployment" name="testDeploymentXmlFTT" time="0.062"/>
  <testcase classname="org.apache.catalina.startup.TestHostConfigAutomaticDeployment" name="testDeploymentXmlTFF" time="0.062"/>
  <testcase classname="org.apache.catalina.startup.TestHostConfigAutomaticDeployment" name="testDeploymentXmlTFT" time="0.063"/>
  <testcase classname="org.apache.catalina.startup.TestHostConfigAutomaticDeployment" name="testDeploymentXmlTTF" time="0.063"/>
  <testcase classname="org.apache.catalina.startup.TestHostConfigAutomaticDeployment" name="testDeploymentXmlTTT" time="0.062"/>
  <testcase classname="org.apache.catalina.startup.TestHostConfigAutomaticDeployment" name="testSetContextClassName" time="0.074"/>
  <testcase classname="org.apache.catalina.startup.TestHostConfigAutomaticDeployment" name="testDeleteXmlExtwarDirRemoveDir" time="0.603"/>
  <testcase classname="org.apache.catalina.startup.TestHostConfigAutomaticDeployment" name="testDeleteXmlExtwarDirRemoveExt" time="0.579"/>
  <testcase classname="org.apache.catalina.startup.TestHostConfigAutomaticDeployment" name="testDeleteXmlExtwarDirRemoveXml" time="0.575"/>
  <testcase classname="org.apache.catalina.startup.TestHostConfigAutomaticDeployment" name="testAdditionXmlDirAddWar" time="0.08"/>
  <testcase classname="org.apache.catalina.startup.TestHostConfigAutomaticDeployment" name="testDeleteXmlExtwarRemoveExt" time="0.577"/>
  <testcase classname="org.apache.catalina.startup.TestHostConfigAutomaticDeployment" name="testDeleteXmlExtwarRemoveXml" time="0.572"/>
  <testcase classname="org.apache.catalina.startup.TestHostConfigAutomaticDeployment" name="testDeleteXmlExtdirRemoveExt" time="0.577"/>
  <testcase classname="org.apache.catalina.startup.TestHostConfigAutomaticDeployment" name="testDeleteXmlExtdirRemoveXml" time="0.574"/>
  <testcase classname="org.apache.catalina.startup.TestHostConfigAutomaticDeployment" name="testAdditionWarAddDir" time="0.067"/>
  <testcase classname="org.apache.catalina.startup.TestHostConfigAutomaticDeployment" name="testAdditionWarAddXml" time="0.072"/>
  <testcase classname="org.apache.catalina.startup.TestHostConfigAutomaticDeployment" name="testDeleteXmlWarDirRemoveWarCopyXml" time="0.574"/>
  <testcase classname="org.apache.catalina.startup.TestHostConfigAutomaticDeployment" name="testDeleteXmlWarRemoveWar" time="0.572"/>
  <testcase classname="org.apache.catalina.startup.TestHostConfigAutomaticDeployment" name="testDeleteXmlWarRemoveXml" time="0.577"/>
</testsuite>