<?xml version="1.0" encoding="UTF-8" ?>
<testsuite tests="3" failures="1" name="org.apache.tomcat.util.net.jsse.openssl.TestCipher" time="0.102" errors="0" skipped="0">
  <properties>
    <property name="idea.version" value="14.1"/>
    <property name="java.runtime.name" value="Java(TM) SE Runtime Environment"/>
    <property name="sun.boot.library.path" value="/Library/Java/JavaVirtualMachines/jdk8/Contents/Home/jre/lib"/>
    <property name="java.vm.version" value="25.25-b02"/>
    <property name="user.country.format" value="CN"/>
    <property name="gopherProxySet" value="false"/>
    <property name="java.vm.vendor" value="Oracle Corporation"/>
    <property name="java.vendor.url" value="http://java.oracle.com/"/>
    <property name="path.separator" value=":"/>
    <property name="guice.disable.misplaced.annotation.check" value="true"/>
    <property name="java.vm.name" value="Java HotSpot(TM) 64-Bit Server VM"/>
    <property name="file.encoding.pkg" value="sun.io"/>
    <property name="idea.launcher.port" value="7535"/>
    <property name="user.country" value="US"/>
    <property name="sun.java.launcher" value="SUN_STANDARD"/>
    <property name="sun.os.patch.level" value="unknown"/>
    <property name="java.vm.specification.name" value="Java Virtual Machine Specification"/>
    <property name="user.dir" value="/Users/Frank/Developer/idea/tomcat-source-research"/>
    <property name="java.runtime.version" value="1.8.0_25-b17"/>
    <property name="java.awt.graphicsenv" value="sun.awt.CGraphicsEnvironment"/>
    <property name="java.endorsed.dirs" value="/Library/Java/JavaVirtualMachines/jdk8/Contents/Home/jre/lib/endorsed"/>
    <property name="os.arch" value="x86_64"/>
    <property name="java.io.tmpdir" value="/var/folders/t0/cyfyyjr10xjf9rxyjch8ftnm0000gn/T/"/>
    <property name="line.separator" value="
"/>
    <property name="java.vm.specification.vendor" value="Oracle Corporation"/>
    <property name="os.name" value="Mac OS X"/>
    <property name="classworlds.conf" value="/Applications/IntelliJ IDEA 14.app/Contents/plugins/maven/lib/maven3/bin/m2.conf"/>
    <property name="sun.jnu.encoding" value="UTF-8"/>
    <property name="java.library.path" value="/Users/Frank/Library/Java/Extensions:/Library/Java/Extensions:/Network/Library/Java/Extensions:/System/Library/Java/Extensions:/usr/lib/java:."/>
    <property name="java.specification.name" value="Java Platform API Specification"/>
    <property name="java.class.version" value="52.0"/>
    <property name="sun.management.compiler" value="HotSpot 64-Bit Tiered Compilers"/>
    <property name="os.version" value="10.10.2"/>
    <property name="user.home" value="/Users/Frank"/>
    <property name="user.timezone" value="Asia/Shanghai"/>
    <property name="java.awt.printerjob" value="sun.lwawt.macosx.CPrinterJob"/>
    <property name="java.specification.version" value="1.8"/>
    <property name="idea.launcher.bin.path" value="/Applications/IntelliJ IDEA 14.app/Contents/bin"/>
    <property name="file.encoding" value="UTF-8"/>
    <property name="user.name" value="Frank"/>
    <property name="java.class.path" value="/Applications/IntelliJ IDEA 14.app/Contents/plugins/maven/lib/maven3/boot/plexus-classworlds-2.4.jar:/Applications/IntelliJ IDEA 14.app/Contents/lib/idea_rt.jar"/>
    <property name="java.vm.specification.version" value="1.8"/>
    <property name="sun.arch.data.model" value="64"/>
    <property name="java.home" value="/Library/Java/JavaVirtualMachines/jdk8/Contents/Home/jre"/>
    <property name="sun.java.command" value="com.intellij.rt.execution.application.AppMain org.codehaus.classworlds.Launcher -Didea.version=14.1 test"/>
    <property name="java.specification.vendor" value="Oracle Corporation"/>
    <property name="user.language" value="en"/>
    <property name="awt.toolkit" value="sun.lwawt.macosx.LWCToolkit"/>
    <property name="java.vm.info" value="mixed mode"/>
    <property name="java.version" value="1.8.0_25"/>
    <property name="java.ext.dirs" value="/Users/Frank/Library/Java/Extensions:/Library/Java/JavaVirtualMachines/jdk8/Contents/Home/jre/lib/ext:/Library/Java/Extensions:/Network/Library/Java/Extensions:/System/Library/Java/Extensions:/usr/lib/java"/>
    <property name="sun.boot.class.path" value="/Library/Java/JavaVirtualMachines/jdk8/Contents/Home/jre/lib/resources.jar:/Library/Java/JavaVirtualMachines/jdk8/Contents/Home/jre/lib/rt.jar:/Library/Java/JavaVirtualMachines/jdk8/Contents/Home/jre/lib/sunrsasign.jar:/Library/Java/JavaVirtualMachines/jdk8/Contents/Home/jre/lib/jsse.jar:/Library/Java/JavaVirtualMachines/jdk8/Contents/Home/jre/lib/jce.jar:/Library/Java/JavaVirtualMachines/jdk8/Contents/Home/jre/lib/charsets.jar:/Library/Java/JavaVirtualMachines/jdk8/Contents/Home/jre/lib/jfr.jar:/Library/Java/JavaVirtualMachines/jdk8/Contents/Home/jre/classes"/>
    <property name="java.vendor" value="Oracle Corporation"/>
    <property name="maven.home" value="/Applications/IntelliJ IDEA 14.app/Contents/plugins/maven/lib/maven3"/>
    <property name="file.separator" value="/"/>
    <property name="java.vendor.url.bug" value="http://bugreport.sun.com/bugreport/"/>
    <property name="sun.cpu.endian" value="little"/>
    <property name="sun.io.unicode.encoding" value="UnicodeBig"/>
    <property name="sun.cpu.isalist" value=""/>
  </properties>
  <testcase classname="org.apache.tomcat.util.net.jsse.openssl.TestCipher" name="testNames" time="0.042"/>
  <testcase classname="org.apache.tomcat.util.net.jsse.openssl.TestCipher" name="testAllOpenSSLCiphersMapped" time="0.052"/>
  <testcase classname="org.apache.tomcat.util.net.jsse.openssl.TestCipher" name="testOpenSSLCipherAvailability" time="0.006">
    <failure message="SRP-RSA-AES-256-CBC-SHA+SSLv3 DH-RSA-AES128-SHA256+TLSv1.2 DH-RSA-AES256-SHA256+TLSv1.2 DH-RSA-DES-CBC3-SHA+SSLv3 AES256-GCM-SHA384+TLSv1.2 DHE-RSA-AES128-SHA256+TLSv1.2 ECDHE-ECDSA-AES256-SHA384+TLSv1.2 ADH-CAMELLIA256-SHA+SSLv3 DH-RSA-CAMELLIA256-SHA+SSLv3 AECDH-NULL-SHA+SSLv3 DH-DSS-AES128-SHA+SSLv3 DH-DSS-SEED-SHA+SSLv3 DHE-RSA-AES256-SHA256+TLSv1.2 ADH-AES256-SHA256+TLSv1.2 IDEA-CBC-SHA+SSLv3 ECDH-ECDSA-AES128-SHA256+TLSv1.2 DHE-DSS-AES128-GCM-SHA256+TLSv1.2 PSK-3DES-EDE-CBC-SHA+SSLv3 SRP-DSS-3DES-EDE-CBC-SHA+SSLv3 ECDHE-ECDSA-AES256-GCM-SHA384+TLSv1.2 ECDHE-RSA-AES128-GCM-SHA256+TLSv1.2 AECDH-DES-CBC3-SHA+SSLv3 ECDHE-RSA-AES256-SHA+SSLv3 ECDH-ECDSA-AES128-GCM-SHA256+TLSv1.2 NULL-SHA256+TLSv1.2 DHE-DSS-CAMELLIA128-SHA+SSLv3 DH-RSA-AES256-SHA+SSLv3 AES128-GCM-SHA256+TLSv1.2 DH-RSA-AES256-GCM-SHA384+TLSv1.2 IDEA-CBC-MD5+SSLv2 ECDHE-RSA-RC4-SHA+SSLv3 EXP-DH-DSS-DES-CBC-SHA+SSLv3 CAMELLIA128-SHA+SSLv3 DH-DSS-AES128-GCM-SHA256+TLSv1.2 SRP-AES-256-CBC-SHA+SSLv3 SRP-DSS-AES-128-CBC-SHA+SSLv3 DH-DSS-CAMELLIA128-SHA+SSLv3 SRP-AES-128-CBC-SHA+SSLv3 DHE-RSA-AES256-GCM-SHA384+TLSv1.2 DHE-DSS-AES256-GCM-SHA384+TLSv1.2 ECDH-RSA-AES128-SHA+SSLv3 ECDHE-RSA-AES256-GCM-SHA384+TLSv1.2 EXP-DH-RSA-DES-CBC-SHA+SSLv3 ECDH-RSA-AES256-SHA+SSLv3 DH-RSA-AES128-GCM-SHA256+TLSv1.2 ECDH-ECDSA-RC4-SHA+SSLv3 DH-DSS-DES-CBC3-SHA+SSLv3 DH-RSA-AES128-SHA+SSLv3 ECDH-ECDSA-AES128-SHA+SSLv3 CAMELLIA256-SHA+SSLv3 AES256-SHA256+TLSv1.2 DH-DSS-DES-CBC-SHA+SSLv3 DHE-DSS-CAMELLIA256-SHA+SSLv3 PSK-RC4-SHA+SSLv3 DH-DSS-AES256-GCM-SHA384+TLSv1.2 AES128-SHA256+TLSv1.2 SRP-3DES-EDE-CBC-SHA+SSLv3 ECDH-ECDSA-NULL-SHA+SSLv3 PSK-AES256-CBC-SHA+SSLv3 ECDH-RSA-AES128-GCM-SHA256+TLSv1.2 ECDHE-ECDSA-NULL-SHA+SSLv3 ECDHE-RSA-AES128-SHA+SSLv3 DHE-DSS-AES128-SHA256+TLSv1.2 DH-DSS-CAMELLIA256-SHA+SSLv3 ADH-AES128-GCM-SHA256+TLSv1.2 DHE-RSA-AES128-GCM-SHA256+TLSv1.2 ECDH-RSA-NULL-SHA+SSLv3 ECDH-RSA-DES-CBC3-SHA+SSLv3 DH-DSS-AES256-SHA+SSLv3 ECDH-ECDSA-DES-CBC3-SHA+SSLv3 ECDHE-ECDSA-RC4-SHA+SSLv3 ECDH-RSA-RC4-SHA+SSLv3 ECDHE-RSA-DES-CBC3-SHA+SSLv3 ECDHE-RSA-NULL-SHA+SSLv3 ADH-CAMELLIA128-SHA+SSLv3 ECDHE-ECDSA-DES-CBC3-SHA+SSLv3 ECDH-ECDSA-AES256-SHA384+TLSv1.2 DH-DSS-AES128-SHA256+TLSv1.2 DH-RSA-SEED-SHA+SSLv3 SRP-RSA-3DES-EDE-CBC-SHA+SSLv3 ECDH-RSA-AES128-SHA256+TLSv1.2 ECDH-RSA-AES256-GCM-SHA384+TLSv1.2 AECDH-AES256-SHA+SSLv3 PSK-AES128-CBC-SHA+SSLv3 SRP-DSS-AES-256-CBC-SHA+SSLv3 ECDHE-RSA-AES128-SHA256+TLSv1.2 DHE-RSA-CAMELLIA256-SHA+SSLv3 DH-RSA-CAMELLIA128-SHA+SSLv3 ECDHE-ECDSA-AES128-GCM-SHA256+TLSv1.2 AECDH-AES128-SHA+SSLv3 ADH-AES256-GCM-SHA384+TLSv1.2 ECDHE-ECDSA-AES256-SHA+SSLv3 DH-RSA-DES-CBC-SHA+SSLv3 DH-DSS-AES256-SHA256+TLSv1.2 DHE-RSA-CAMELLIA128-SHA+SSLv3 AECDH-RC4-SHA+SSLv3 ADH-AES128-SHA256+TLSv1.2 DHE-DSS-AES256-SHA256+TLSv1.2 ECDH-RSA-AES256-SHA384+TLSv1.2 ECDHE-RSA-AES256-SHA384+TLSv1.2 ECDHE-ECDSA-AES128-SHA+SSLv3 ECDH-ECDSA-AES256-SHA+SSLv3 SRP-RSA-AES-128-CBC-SHA+SSLv3 ECDHE-ECDSA-AES128-SHA256+TLSv1.2 ECDH-ECDSA-AES256-GCM-SHA384+TLSv1.2  expected:&lt;0&gt; but was:&lt;105&gt;" type="java.lang.AssertionError">java.lang.AssertionError: SRP-RSA-AES-256-CBC-SHA+SSLv3 DH-RSA-AES128-SHA256+TLSv1.2 DH-RSA-AES256-SHA256+TLSv1.2 DH-RSA-DES-CBC3-SHA+SSLv3 AES256-GCM-SHA384+TLSv1.2 DHE-RSA-AES128-SHA256+TLSv1.2 ECDHE-ECDSA-AES256-SHA384+TLSv1.2 ADH-CAMELLIA256-SHA+SSLv3 DH-RSA-CAMELLIA256-SHA+SSLv3 AECDH-NULL-SHA+SSLv3 DH-DSS-AES128-SHA+SSLv3 DH-DSS-SEED-SHA+SSLv3 DHE-RSA-AES256-SHA256+TLSv1.2 ADH-AES256-SHA256+TLSv1.2 IDEA-CBC-SHA+SSLv3 ECDH-ECDSA-AES128-SHA256+TLSv1.2 DHE-DSS-AES128-GCM-SHA256+TLSv1.2 PSK-3DES-EDE-CBC-SHA+SSLv3 SRP-DSS-3DES-EDE-CBC-SHA+SSLv3 ECDHE-ECDSA-AES256-GCM-SHA384+TLSv1.2 ECDHE-RSA-AES128-GCM-SHA256+TLSv1.2 AECDH-DES-CBC3-SHA+SSLv3 ECDHE-RSA-AES256-SHA+SSLv3 ECDH-ECDSA-AES128-GCM-SHA256+TLSv1.2 NULL-SHA256+TLSv1.2 DHE-DSS-CAMELLIA128-SHA+SSLv3 DH-RSA-AES256-SHA+SSLv3 AES128-GCM-SHA256+TLSv1.2 DH-RSA-AES256-GCM-SHA384+TLSv1.2 IDEA-CBC-MD5+SSLv2 ECDHE-RSA-RC4-SHA+SSLv3 EXP-DH-DSS-DES-CBC-SHA+SSLv3 CAMELLIA128-SHA+SSLv3 DH-DSS-AES128-GCM-SHA256+TLSv1.2 SRP-AES-256-CBC-SHA+SSLv3 SRP-DSS-AES-128-CBC-SHA+SSLv3 DH-DSS-CAMELLIA128-SHA+SSLv3 SRP-AES-128-CBC-SHA+SSLv3 DHE-RSA-AES256-GCM-SHA384+TLSv1.2 DHE-DSS-AES256-GCM-SHA384+TLSv1.2 ECDH-RSA-AES128-SHA+SSLv3 ECDHE-RSA-AES256-GCM-SHA384+TLSv1.2 EXP-DH-RSA-DES-CBC-SHA+SSLv3 ECDH-RSA-AES256-SHA+SSLv3 DH-RSA-AES128-GCM-SHA256+TLSv1.2 ECDH-ECDSA-RC4-SHA+SSLv3 DH-DSS-DES-CBC3-SHA+SSLv3 DH-RSA-AES128-SHA+SSLv3 ECDH-ECDSA-AES128-SHA+SSLv3 CAMELLIA256-SHA+SSLv3 AES256-SHA256+TLSv1.2 DH-DSS-DES-CBC-SHA+SSLv3 DHE-DSS-CAMELLIA256-SHA+SSLv3 PSK-RC4-SHA+SSLv3 DH-DSS-AES256-GCM-SHA384+TLSv1.2 AES128-SHA256+TLSv1.2 SRP-3DES-EDE-CBC-SHA+SSLv3 ECDH-ECDSA-NULL-SHA+SSLv3 PSK-AES256-CBC-SHA+SSLv3 ECDH-RSA-AES128-GCM-SHA256+TLSv1.2 ECDHE-ECDSA-NULL-SHA+SSLv3 ECDHE-RSA-AES128-SHA+SSLv3 DHE-DSS-AES128-SHA256+TLSv1.2 DH-DSS-CAMELLIA256-SHA+SSLv3 ADH-AES128-GCM-SHA256+TLSv1.2 DHE-RSA-AES128-GCM-SHA256+TLSv1.2 ECDH-RSA-NULL-SHA+SSLv3 ECDH-RSA-DES-CBC3-SHA+SSLv3 DH-DSS-AES256-SHA+SSLv3 ECDH-ECDSA-DES-CBC3-SHA+SSLv3 ECDHE-ECDSA-RC4-SHA+SSLv3 ECDH-RSA-RC4-SHA+SSLv3 ECDHE-RSA-DES-CBC3-SHA+SSLv3 ECDHE-RSA-NULL-SHA+SSLv3 ADH-CAMELLIA128-SHA+SSLv3 ECDHE-ECDSA-DES-CBC3-SHA+SSLv3 ECDH-ECDSA-AES256-SHA384+TLSv1.2 DH-DSS-AES128-SHA256+TLSv1.2 DH-RSA-SEED-SHA+SSLv3 SRP-RSA-3DES-EDE-CBC-SHA+SSLv3 ECDH-RSA-AES128-SHA256+TLSv1.2 ECDH-RSA-AES256-GCM-SHA384+TLSv1.2 AECDH-AES256-SHA+SSLv3 PSK-AES128-CBC-SHA+SSLv3 SRP-DSS-AES-256-CBC-SHA+SSLv3 ECDHE-RSA-AES128-SHA256+TLSv1.2 DHE-RSA-CAMELLIA256-SHA+SSLv3 DH-RSA-CAMELLIA128-SHA+SSLv3 ECDHE-ECDSA-AES128-GCM-SHA256+TLSv1.2 AECDH-AES128-SHA+SSLv3 ADH-AES256-GCM-SHA384+TLSv1.2 ECDHE-ECDSA-AES256-SHA+SSLv3 DH-RSA-DES-CBC-SHA+SSLv3 DH-DSS-AES256-SHA256+TLSv1.2 DHE-RSA-CAMELLIA128-SHA+SSLv3 AECDH-RC4-SHA+SSLv3 ADH-AES128-SHA256+TLSv1.2 DHE-DSS-AES256-SHA256+TLSv1.2 ECDH-RSA-AES256-SHA384+TLSv1.2 ECDHE-RSA-AES256-SHA384+TLSv1.2 ECDHE-ECDSA-AES128-SHA+SSLv3 ECDH-ECDSA-AES256-SHA+SSLv3 SRP-RSA-AES-128-CBC-SHA+SSLv3 ECDHE-ECDSA-AES128-SHA256+TLSv1.2 ECDH-ECDSA-AES256-GCM-SHA384+TLSv1.2  expected:&lt;0&gt; but was:&lt;105&gt;
	at org.junit.Assert.fail(Assert.java:88)
	at org.junit.Assert.failNotEquals(Assert.java:834)
	at org.junit.Assert.assertEquals(Assert.java:645)
	at org.apache.tomcat.util.net.jsse.openssl.TestCipher.testOpenSSLCipherAvailability(TestCipher.java:128)
	at sun.reflect.NativeMethodAccessorImpl.invoke0(Native Method)
	at sun.reflect.NativeMethodAccessorImpl.invoke(NativeMethodAccessorImpl.java:62)
	at sun.reflect.DelegatingMethodAccessorImpl.invoke(DelegatingMethodAccessorImpl.java:43)
	at java.lang.reflect.Method.invoke(Method.java:483)
	at org.junit.runners.model.FrameworkMethod$1.runReflectiveCall(FrameworkMethod.java:50)
	at org.junit.internal.runners.model.ReflectiveCallable.run(ReflectiveCallable.java:12)
	at org.junit.runners.model.FrameworkMethod.invokeExplosively(FrameworkMethod.java:47)
	at org.junit.internal.runners.statements.InvokeMethod.evaluate(InvokeMethod.java:17)
	at org.junit.internal.runners.statements.RunBefores.evaluate(RunBefores.java:26)
	at org.junit.runners.ParentRunner.runLeaf(ParentRunner.java:325)
	at org.junit.runners.BlockJUnit4ClassRunner.runChild(BlockJUnit4ClassRunner.java:78)
	at org.junit.runners.BlockJUnit4ClassRunner.runChild(BlockJUnit4ClassRunner.java:57)
	at org.junit.runners.ParentRunner$3.run(ParentRunner.java:290)
	at org.junit.runners.ParentRunner$1.schedule(ParentRunner.java:71)
	at org.junit.runners.ParentRunner.runChildren(ParentRunner.java:288)
	at org.junit.runners.ParentRunner.access$000(ParentRunner.java:58)
	at org.junit.runners.ParentRunner$2.evaluate(ParentRunner.java:268)
	at org.junit.runners.ParentRunner.run(ParentRunner.java:363)
	at org.apache.maven.surefire.junit4.JUnit4TestSet.execute(JUnit4TestSet.java:53)
	at org.apache.maven.surefire.junit4.JUnit4Provider.executeTestSet(JUnit4Provider.java:123)
	at org.apache.maven.surefire.junit4.JUnit4Provider.invoke(JUnit4Provider.java:104)
	at sun.reflect.NativeMethodAccessorImpl.invoke0(Native Method)
	at sun.reflect.NativeMethodAccessorImpl.invoke(NativeMethodAccessorImpl.java:62)
	at sun.reflect.DelegatingMethodAccessorImpl.invoke(DelegatingMethodAccessorImpl.java:43)
	at java.lang.reflect.Method.invoke(Method.java:483)
	at org.apache.maven.surefire.util.ReflectionUtils.invokeMethodWithArray(ReflectionUtils.java:164)
	at org.apache.maven.surefire.booter.ProviderFactory$ProviderProxy.invoke(ProviderFactory.java:110)
	at org.apache.maven.surefire.booter.SurefireStarter.invokeProvider(SurefireStarter.java:175)
	at org.apache.maven.surefire.booter.SurefireStarter.runSuitesInProcessWhenForked(SurefireStarter.java:107)
	at org.apache.maven.surefire.booter.ForkedBooter.main(ForkedBooter.java:68)
</failure>
  </testcase>
</testsuite>