<?xml version="1.0" encoding="UTF-8" ?>
<testsuite tests="36" failures="0" name="org.apache.catalina.webresources.TestFileResourceSetReadOnly" time="0.009" errors="0" skipped="0">
  <properties>
[...]
</properties>
  <testcase classname="org.apache.catalina.webresources.TestFileResourceSetReadOnly" name="testNoArgConstructor" time="0.001"/>
  <testcase classname="org.apache.catalina.webresources.TestFileResourceSetReadOnly" name="testGetCanonicalPathExists" time="0"/>
  <testcase classname="org.apache.catalina.webresources.TestFileResourceSetReadOnly" name="testWriteEmpty" time="0"/>
  <testcase classname="org.apache.catalina.webresources.TestFileResourceSetReadOnly" name="testGetResourceEmpty" time="0"/>
  <testcase classname="org.apache.catalina.webresources.TestFileResourceSetReadOnly" name="testGetCanonicalPathDoesNotExist" time="0"/>
  <testcase classname="org.apache.catalina.webresources.TestFileResourceSetReadOnly" name="testWrite" time="0.002"/>
  <testcase classname="org.apache.catalina.webresources.TestFileResourceSetReadOnly" name="testWriteNew" time="0"/>
  <testcase classname="org.apache.catalina.webresources.TestFileResourceSetReadOnly" name="testListWebAppPathsDirA" time="0"/>
  <testcase classname="org.apache.catalina.webresources.TestFileResourceSetReadOnly" name="testListWebAppPathsDirB" time="0.001"/>
  <testcase classname="org.apache.catalina.webresources.TestFileResourceSetReadOnly" name="testListWebAppPathsFile" time="0.001"/>
  <testcase classname="org.apache.catalina.webresources.TestFileResourceSetReadOnly" name="testListWebAppPathsRoot" time="0"/>
  <testcase classname="org.apache.catalina.webresources.TestFileResourceSetReadOnly" name="testWriteDirA" time="0"/>
  <testcase classname="org.apache.catalina.webresources.TestFileResourceSetReadOnly" name="testWriteDirB" time="0"/>
  <testcase classname="org.apache.catalina.webresources.TestFileResourceSetReadOnly" name="testWriteFile" time="0"/>
  <testcase classname="org.apache.catalina.webresources.TestFileResourceSetReadOnly" name="testWriteRoot" time="0"/>
  <testcase classname="org.apache.catalina.webresources.TestFileResourceSetReadOnly" name="testListEmpty" time="0"/>
  <testcase classname="org.apache.catalina.webresources.TestFileResourceSetReadOnly" name="testMkdirEmpty" time="0"/>
  <testcase classname="org.apache.catalina.webresources.TestFileResourceSetReadOnly" name="testGetResourceCaseSensitive" time="0"/>
  <testcase classname="org.apache.catalina.webresources.TestFileResourceSetReadOnly" name="testListRootNoSlash" time="0"/>
  <testcase classname="org.apache.catalina.webresources.TestFileResourceSetReadOnly" name="testListWebAppPathsEmpty" time="0"/>
  <testcase classname="org.apache.catalina.webresources.TestFileResourceSetReadOnly" name="testMkdirDirA" time="0"/>
  <testcase classname="org.apache.catalina.webresources.TestFileResourceSetReadOnly" name="testMkdirDirB" time="0"/>
  <testcase classname="org.apache.catalina.webresources.TestFileResourceSetReadOnly" name="testMkdirFile" time="0.001"/>
  <testcase classname="org.apache.catalina.webresources.TestFileResourceSetReadOnly" name="testMkdirRoot" time="0"/>
  <testcase classname="org.apache.catalina.webresources.TestFileResourceSetReadOnly" name="testMkdirNew" time="0"/>
  <testcase classname="org.apache.catalina.webresources.TestFileResourceSetReadOnly" name="testGetResourceDirA" time="0"/>
  <testcase classname="org.apache.catalina.webresources.TestFileResourceSetReadOnly" name="testGetResourceDirB" time="0.001"/>
  <testcase classname="org.apache.catalina.webresources.TestFileResourceSetReadOnly" name="testGetResourceFile" time="0"/>
  <testcase classname="org.apache.catalina.webresources.TestFileResourceSetReadOnly" name="testGetResourceRoot" time="0"/>
  <testcase classname="org.apache.catalina.webresources.TestFileResourceSetReadOnly" name="testGetResourceRootNoSlash" time="0"/>
  <testcase classname="org.apache.catalina.webresources.TestFileResourceSetReadOnly" name="testListWebAppPathsRootNoSlash" time="0"/>
  <testcase classname="org.apache.catalina.webresources.TestFileResourceSetReadOnly" name="testGetResourceTraversal" time="0"/>
  <testcase classname="org.apache.catalina.webresources.TestFileResourceSetReadOnly" name="testListDirA" time="0"/>
  <testcase classname="org.apache.catalina.webresources.TestFileResourceSetReadOnly" name="testListDirB" time="0"/>
  <testcase classname="org.apache.catalina.webresources.TestFileResourceSetReadOnly" name="testListFile" time="0"/>
  <testcase classname="org.apache.catalina.webresources.TestFileResourceSetReadOnly" name="testListRoot" time="0"/>
</testsuite>