<?xml version="1.0" encoding="UTF-8" ?>
<testsuite tests="20" failures="0" name="org.apache.catalina.authenticator.TestFormAuthenticator" time="174.356" errors="0" skipped="0">
  <properties>
[...]
</properties>
  <testcase classname="org.apache.catalina.authenticator.TestFormAuthenticator" name="testPostNoContinueNoClientCookies" time="7.825"/>
  <testcase classname="org.apache.catalina.authenticator.TestFormAuthenticator" name="testGetNoClientCookies" time="1.389"/>
  <testcase classname="org.apache.catalina.authenticator.TestFormAuthenticator" name="testPostWithContinuePostRedirectNoServerCookies" time="8.368"/>
  <testcase classname="org.apache.catalina.authenticator.TestFormAuthenticator" name="testTimeoutWithoutCookies" time="71.348"/>
  <testcase classname="org.apache.catalina.authenticator.TestFormAuthenticator" name="testPostWithContinueNoClientCookies" time="7.357"/>
  <testcase classname="org.apache.catalina.authenticator.TestFormAuthenticator" name="testPostNoContinueNoServerCookies" time="7.287"/>
  <testcase classname="org.apache.catalina.authenticator.TestFormAuthenticator" name="testGetNoServerCookies" time="1.27"/>
  <testcase classname="org.apache.catalina.authenticator.TestFormAuthenticator" name="doTestSelectedMethods" time="1.092"/>
  <testcase classname="org.apache.catalina.authenticator.TestFormAuthenticator" name="testPostWithContinueNoServerCookies" time="7.308"/>
  <testcase classname="org.apache.catalina.authenticator.TestFormAuthenticator" name="testNoChangedSessidWithoutCookies" time="1.333"/>
  <testcase classname="org.apache.catalina.authenticator.TestFormAuthenticator" name="testNoChangedSessidWithCookies" time="1.291"/>
  <testcase classname="org.apache.catalina.authenticator.TestFormAuthenticator" name="testGetWithCookiesHttp10" time="1.264"/>
  <testcase classname="org.apache.catalina.authenticator.TestFormAuthenticator" name="testGetWithCookies" time="1.258"/>
  <testcase classname="org.apache.catalina.authenticator.TestFormAuthenticator" name="testPostNoContinueWithCookies" time="7.263"/>
  <testcase classname="org.apache.catalina.authenticator.TestFormAuthenticator" name="testPostNoContinuePostRedirectNoClientCookies" time="8.288"/>
  <testcase classname="org.apache.catalina.authenticator.TestFormAuthenticator" name="testPostWithContinueAndCookies" time="7.285"/>
  <testcase classname="org.apache.catalina.authenticator.TestFormAuthenticator" name="testPostNoContinuePostRedirectNoServerCookies" time="8.247"/>
  <testcase classname="org.apache.catalina.authenticator.TestFormAuthenticator" name="testPostNoContinuePostRedirectWithCookies" time="8.289"/>
  <testcase classname="org.apache.catalina.authenticator.TestFormAuthenticator" name="testPostWithContinuePostRedirectWithCookies" time="8.347"/>
  <testcase classname="org.apache.catalina.authenticator.TestFormAuthenticator" name="testPostWithContinuePostRedirectNoClientCookies" time="8.243"/>
</testsuite>