<?xml version="1.0" encoding="UTF-8" ?>
<testsuite tests="5" failures="3" name="org.apache.catalina.tribes.test.channel.TestDataIntegrity" time="78.703" errors="0" skipped="0">
  <properties>
[...]
</properties>
  <testcase classname="org.apache.catalina.tribes.test.channel.TestDataIntegrity" name="testDataSendASYNCM" time="35.524">
    <failure message="Checking success messages. expected:&lt;10000&gt; but was:&lt;4290&gt;" type="java.lang.AssertionError">java.lang.AssertionError: Checking success messages. expected:&lt;10000&gt; but was:&lt;4290&gt;
	at org.junit.Assert.fail(Assert.java:88)
	at org.junit.Assert.failNotEquals(Assert.java:834)
	at org.junit.Assert.assertEquals(Assert.java:645)
	at org.apache.catalina.tribes.test.channel.TestDataIntegrity.testDataSendASYNCM(TestDataIntegrity.java:116)
	at sun.reflect.NativeMethodAccessorImpl.invoke0(Native Method)
	at sun.reflect.NativeMethodAccessorImpl.invoke(NativeMethodAccessorImpl.java:62)
	at sun.reflect.DelegatingMethodAccessorImpl.invoke(DelegatingMethodAccessorImpl.java:43)
	at java.lang.reflect.Method.invoke(Method.java:483)
	at org.junit.runners.model.FrameworkMethod$1.runReflectiveCall(FrameworkMethod.java:50)
	at org.junit.internal.runners.model.ReflectiveCallable.run(ReflectiveCallable.java:12)
	at org.junit.runners.model.FrameworkMethod.invokeExplosively(FrameworkMethod.java:47)
	at org.junit.internal.runners.statements.InvokeMethod.evaluate(InvokeMethod.java:17)
	at org.junit.internal.runners.statements.RunBefores.evaluate(RunBefores.java:26)
	at org.junit.internal.runners.statements.RunAfters.evaluate(RunAfters.java:27)
	at org.junit.runners.ParentRunner.runLeaf(ParentRunner.java:325)
	at org.junit.runners.BlockJUnit4ClassRunner.runChild(BlockJUnit4ClassRunner.java:78)
	at org.junit.runners.BlockJUnit4ClassRunner.runChild(BlockJUnit4ClassRunner.java:57)
	at org.junit.runners.ParentRunner$3.run(ParentRunner.java:290)
	at org.junit.runners.ParentRunner$1.schedule(ParentRunner.java:71)
	at org.junit.runners.ParentRunner.runChildren(ParentRunner.java:288)
	at org.junit.runners.ParentRunner.access$000(ParentRunner.java:58)
	at org.junit.runners.ParentRunner$2.evaluate(ParentRunner.java:268)
	at org.junit.runners.ParentRunner.run(ParentRunner.java:363)
	at org.apache.maven.surefire.junit4.JUnit4TestSet.execute(JUnit4TestSet.java:53)
	at org.apache.maven.surefire.junit4.JUnit4Provider.executeTestSet(JUnit4Provider.java:123)
	at org.apache.maven.surefire.junit4.JUnit4Provider.invoke(JUnit4Provider.java:104)
	at sun.reflect.NativeMethodAccessorImpl.invoke0(Native Method)
	at sun.reflect.NativeMethodAccessorImpl.invoke(NativeMethodAccessorImpl.java:62)
	at sun.reflect.DelegatingMethodAccessorImpl.invoke(DelegatingMethodAccessorImpl.java:43)
	at java.lang.reflect.Method.invoke(Method.java:483)
	at org.apache.maven.surefire.util.ReflectionUtils.invokeMethodWithArray(ReflectionUtils.java:164)
	at org.apache.maven.surefire.booter.ProviderFactory$ProviderProxy.invoke(ProviderFactory.java:110)
	at org.apache.maven.surefire.booter.SurefireStarter.invokeProvider(SurefireStarter.java:175)
	at org.apache.maven.surefire.booter.SurefireStarter.runSuitesInProcessWhenForked(SurefireStarter.java:107)
	at org.apache.maven.surefire.booter.ForkedBooter.main(ForkedBooter.java:68)
</failure>
    <system-out>Thread[Thread-800] sent 500 messages in 917 ms.
Thread[Thread-809] sent 500 messages in 970 ms.
Thread[Thread-796] sent 500 messages in 1081 ms.
Thread[Thread-804] sent 500 messages in 1082 ms.
</system-out>
    <system-err>Starting ASYNC MULTI THREAD
SUCCESS:1000
SUCCESS:2000
org.apache.catalina.tribes.ChannelException: Unable to retrieve a data sender, time out(3000 ms) error.; Faulty members:tcp://172.16.0.26:4001; 
	at org.apache.catalina.tribes.transport.nio.PooledParallelSender.sendMessage(PooledParallelSender.java:39)
	at org.apache.catalina.tribes.transport.ReplicationTransmitter.sendMessage(ReplicationTransmitter.java:54)
	at org.apache.catalina.tribes.group.ChannelCoordinator.sendMessage(ChannelCoordinator.java:79)
	at org.apache.catalina.tribes.group.ChannelInterceptorBase.sendMessage(ChannelInterceptorBase.java:76)
	at org.apache.catalina.tribes.group.ChannelInterceptorBase.sendMessage(ChannelInterceptorBase.java:76)
	at org.apache.catalina.tribes.group.interceptors.MessageDispatchInterceptor.sendMessage(MessageDispatchInterceptor.java:63)
	at org.apache.catalina.tribes.group.ChannelInterceptorBase.sendMessage(ChannelInterceptorBase.java:76)
	at org.apache.catalina.tribes.group.GroupChannel.send(GroupChannel.java:230)
	at org.apache.catalina.tribes.group.GroupChannel.send(GroupChannel.java:183)
	at org.apache.catalina.tribes.test.channel.TestDataIntegrity$2.run(TestDataIntegrity.java:101)
org.apache.catalina.tribes.ChannelException: Operation has timed out(3000 ms.).; Faulty members:tcp://172.16.0.26:4001; 
	at org.apache.catalina.tribes.transport.nio.ParallelNioSender.sendMessage(ParallelNioSender.java:105)
	at org.apache.catalina.tribes.transport.nio.PooledParallelSender.sendMessage(PooledParallelSender.java:44)
	at org.apache.catalina.tribes.transport.ReplicationTransmitter.sendMessage(ReplicationTransmitter.java:54)
	at org.apache.catalina.tribes.group.ChannelCoordinator.sendMessage(ChannelCoordinator.java:79)
	at org.apache.catalina.tribes.group.ChannelInterceptorBase.sendMessage(ChannelInterceptorBase.java:76)
	at org.apache.catalina.tribes.group.ChannelInterceptorBase.sendMessage(ChannelInterceptorBase.java:76)
	at org.apache.catalina.tribes.group.interceptors.MessageDispatchInterceptor.sendMessage(MessageDispatchInterceptor.java:63)
	at org.apache.catalina.tribes.group.ChannelInterceptorBase.sendMessage(ChannelInterceptorBase.java:76)
	at org.apache.catalina.tribes.group.GroupChannel.send(GroupChannel.java:230)
	at org.apache.catalina.tribes.group.GroupChannel.send(GroupChannel.java:183)
	at org.apache.catalina.tribes.test.channel.TestDataIntegrity$2.run(TestDataIntegrity.java:101)
org.apache.catalina.tribes.ChannelException: Operation has timed out(3000 ms.).; Faulty members:tcp://172.16.0.26:4001; 
	at org.apache.catalina.tribes.transport.nio.ParallelNioSender.sendMessage(ParallelNioSender.java:105)
	at org.apache.catalina.tribes.transport.nio.PooledParallelSender.sendMessage(PooledParallelSender.java:44)
	at org.apache.catalina.tribes.transport.ReplicationTransmitter.sendMessage(ReplicationTransmitter.java:54)
	at org.apache.catalina.tribes.group.ChannelCoordinator.sendMessage(ChannelCoordinator.java:79)
	at org.apache.catalina.tribes.group.ChannelInterceptorBase.sendMessage(ChannelInterceptorBase.java:76)
	at org.apache.catalina.tribes.group.ChannelInterceptorBase.sendMessage(ChannelInterceptorBase.java:76)
	at org.apache.catalina.tribes.group.interceptors.MessageDispatchInterceptor.sendMessage(MessageDispatchInterceptor.java:63)
	at org.apache.catalina.tribes.group.ChannelInterceptorBase.sendMessage(ChannelInterceptorBase.java:76)
	at org.apache.catalina.tribes.group.GroupChannel.send(GroupChannel.java:230)
	at org.apache.catalina.tribes.group.GroupChannel.send(GroupChannel.java:183)
	at org.apache.catalina.tribes.test.channel.TestDataIntegrity$2.run(TestDataIntegrity.java:101)
org.apache.catalina.tribes.ChannelException: Operation has timed out(3000 ms.).; Faulty members:tcp://172.16.0.26:4001; 
	at org.apache.catalina.tribes.transport.nio.ParallelNioSender.sendMessage(ParallelNioSender.java:105)
	at org.apache.catalina.tribes.transport.nio.PooledParallelSender.sendMessage(PooledParallelSender.java:44)
	at org.apache.catalina.tribes.transport.ReplicationTransmitter.sendMessage(ReplicationTransmitter.java:54)
	at org.apache.catalina.tribes.group.ChannelCoordinator.sendMessage(ChannelCoordinator.java:79)
	at org.apache.catalina.tribes.group.ChannelInterceptorBase.sendMessage(ChannelInterceptorBase.java:76)
	at org.apache.catalina.tribes.group.ChannelInterceptorBase.sendMessage(ChannelInterceptorBase.java:76)
	at org.apache.catalina.tribes.group.interceptors.MessageDispatchInterceptor.sendMessage(MessageDispatchInterceptor.java:63)
	at org.apache.catalina.tribes.group.ChannelInterceptorBase.sendMessage(ChannelInterceptorBase.java:76)
	at org.apache.catalina.tribes.group.GroupChannel.send(GroupChannel.java:230)
	at org.apache.catalina.tribes.group.GroupChannel.send(GroupChannel.java:183)
	at org.apache.catalina.tribes.test.channel.TestDataIntegrity$2.run(TestDataIntegrity.java:101)
org.apache.catalina.tribes.ChannelException: Operation has timed out(3000 ms.).; Faulty members:tcp://172.16.0.26:4001; 
	at org.apache.catalina.tribes.transport.nio.ParallelNioSender.sendMessage(ParallelNioSender.java:105)
	at org.apache.catalina.tribes.transport.nio.PooledParallelSender.sendMessage(PooledParallelSender.java:44)
	at org.apache.catalina.tribes.transport.ReplicationTransmitter.sendMessage(ReplicationTransmitter.java:54)
	at org.apache.catalina.tribes.group.ChannelCoordinator.sendMessage(ChannelCoordinator.java:79)
	at org.apache.catalina.tribes.group.ChannelInterceptorBase.sendMessage(ChannelInterceptorBase.java:76)
	at org.apache.catalina.tribes.group.ChannelInterceptorBase.sendMessage(ChannelInterceptorBase.java:76)
	at org.apache.catalina.tribes.group.interceptors.MessageDispatchInterceptor.sendMessage(MessageDispatchInterceptor.java:63)
	at org.apache.catalina.tribes.group.ChannelInterceptorBase.sendMessage(ChannelInterceptorBase.java:76)
	at org.apache.catalina.tribes.group.GroupChannel.send(GroupChannel.java:230)
	at org.apache.catalina.tribes.group.GroupChannel.send(GroupChannel.java:183)
	at org.apache.catalina.tribes.test.channel.TestDataIntegrity$2.run(TestDataIntegrity.java:101)
org.apache.catalina.tribes.ChannelException: Operation has timed out(3000 ms.).; Faulty members:tcp://172.16.0.26:4001; 
	at org.apache.catalina.tribes.transport.nio.ParallelNioSender.sendMessage(ParallelNioSender.java:105)
	at org.apache.catalina.tribes.transport.nio.PooledParallelSender.sendMessage(PooledParallelSender.java:44)
	at org.apache.catalina.tribes.transport.ReplicationTransmitter.sendMessage(ReplicationTransmitter.java:54)
	at org.apache.catalina.tribes.group.ChannelCoordinator.sendMessage(ChannelCoordinator.java:79)
	at org.apache.catalina.tribes.group.ChannelInterceptorBase.sendMessage(ChannelInterceptorBase.java:76)
	at org.apache.catalina.tribes.group.ChannelInterceptorBase.sendMessage(ChannelInterceptorBase.java:76)
	at org.apache.catalina.tribes.group.interceptors.MessageDispatchInterceptor.sendMessage(MessageDispatchInterceptor.java:63)
	at org.apache.catalina.tribes.group.ChannelInterceptorBase.sendMessage(ChannelInterceptorBase.java:76)
	at org.apache.catalina.tribes.group.GroupChannel.send(GroupChannel.java:230)
	at org.apache.catalina.tribes.group.GroupChannel.send(GroupChannel.java:183)
	at org.apache.catalina.tribes.test.channel.TestDataIntegrity$2.run(TestDataIntegrity.java:101)
org.apache.catalina.tribes.ChannelException: Operation has timed out(3000 ms.).; Faulty members:tcp://172.16.0.26:4001; 
	at org.apache.catalina.tribes.transport.nio.ParallelNioSender.sendMessage(ParallelNioSender.java:105)
	at org.apache.catalina.tribes.transport.nio.PooledParallelSender.sendMessage(PooledParallelSender.java:44)
	at org.apache.catalina.tribes.transport.ReplicationTransmitter.sendMessage(ReplicationTransmitter.java:54)
	at org.apache.catalina.tribes.group.ChannelCoordinator.sendMessage(ChannelCoordinator.java:79)
	at org.apache.catalina.tribes.group.ChannelInterceptorBase.sendMessage(ChannelInterceptorBase.java:76)
	at org.apache.catalina.tribes.group.ChannelInterceptorBase.sendMessage(ChannelInterceptorBase.java:76)
	at org.apache.catalina.tribes.group.interceptors.MessageDispatchInterceptor.sendMessage(MessageDispatchInterceptor.java:63)
	at org.apache.catalina.tribes.group.ChannelInterceptorBase.sendMessage(ChannelInterceptorBase.java:76)
	at org.apache.catalina.tribes.group.GroupChannel.send(GroupChannel.java:230)
	at org.apache.catalina.tribes.group.GroupChannel.send(GroupChannel.java:183)
	at org.apache.catalina.tribes.test.channel.TestDataIntegrity$2.run(TestDataIntegrity.java:101)
org.apache.catalina.tribes.ChannelException: Operation has timed out(3000 ms.).; Faulty members:tcp://172.16.0.26:4001; 
	at org.apache.catalina.tribes.transport.nio.ParallelNioSender.sendMessage(ParallelNioSender.java:105)
	at org.apache.catalina.tribes.transport.nio.PooledParallelSender.sendMessage(PooledParallelSender.java:44)
	at org.apache.catalina.tribes.transport.ReplicationTransmitter.sendMessage(ReplicationTransmitter.java:54)
	at org.apache.catalina.tribes.group.ChannelCoordinator.sendMessage(ChannelCoordinator.java:79)
	at org.apache.catalina.tribes.group.ChannelInterceptorBase.sendMessage(ChannelInterceptorBase.java:76)
	at org.apache.catalina.tribes.group.ChannelInterceptorBase.sendMessage(ChannelInterceptorBase.java:76)
	at org.apache.catalina.tribes.group.interceptors.MessageDispatchInterceptor.sendMessage(MessageDispatchInterceptor.java:63)
	at org.apache.catalina.tribes.group.ChannelInterceptorBase.sendMessage(ChannelInterceptorBase.java:76)
	at org.apache.catalina.tribes.group.GroupChannel.send(GroupChannel.java:230)
	at org.apache.catalina.tribes.group.GroupChannel.send(GroupChannel.java:183)
	at org.apache.catalina.tribes.test.channel.TestDataIntegrity$2.run(TestDataIntegrity.java:101)
org.apache.catalina.tribes.ChannelException: Operation has timed out(3000 ms.).; Faulty members:tcp://172.16.0.26:4001; 
	at org.apache.catalina.tribes.transport.nio.ParallelNioSender.sendMessage(ParallelNioSender.java:105)
	at org.apache.catalina.tribes.transport.nio.PooledParallelSender.sendMessage(PooledParallelSender.java:44)
	at org.apache.catalina.tribes.transport.ReplicationTransmitter.sendMessage(ReplicationTransmitter.java:54)
	at org.apache.catalina.tribes.group.ChannelCoordinator.sendMessage(ChannelCoordinator.java:79)
	at org.apache.catalina.tribes.group.ChannelInterceptorBase.sendMessage(ChannelInterceptorBase.java:76)
	at org.apache.catalina.tribes.group.ChannelInterceptorBase.sendMessage(ChannelInterceptorBase.java:76)
	at org.apache.catalina.tribes.group.interceptors.MessageDispatchInterceptor.sendMessage(MessageDispatchInterceptor.java:63)
	at org.apache.catalina.tribes.group.ChannelInterceptorBase.sendMessage(ChannelInterceptorBase.java:76)
	at org.apache.catalina.tribes.group.GroupChannel.send(GroupChannel.java:230)
	at org.apache.catalina.tribes.group.GroupChannel.send(GroupChannel.java:183)
	at org.apache.catalina.tribes.test.channel.TestDataIntegrity$2.run(TestDataIntegrity.java:101)
org.apache.catalina.tribes.ChannelException: Operation has timed out(3000 ms.).; Faulty members:tcp://172.16.0.26:4001; 
	at org.apache.catalina.tribes.transport.nio.ParallelNioSender.sendMessage(ParallelNioSender.java:105)
	at org.apache.catalina.tribes.transport.nio.PooledParallelSender.sendMessage(PooledParallelSender.java:44)
	at org.apache.catalina.tribes.transport.ReplicationTransmitter.sendMessage(ReplicationTransmitter.java:54)
	at org.apache.catalina.tribes.group.ChannelCoordinator.sendMessage(ChannelCoordinator.java:79)
	at org.apache.catalina.tribes.group.ChannelInterceptorBase.sendMessage(ChannelInterceptorBase.java:76)
	at org.apache.catalina.tribes.group.ChannelInterceptorBase.sendMessage(ChannelInterceptorBase.java:76)
	at org.apache.catalina.tribes.group.interceptors.MessageDispatchInterceptor.sendMessage(MessageDispatchInterceptor.java:63)
	at org.apache.catalina.tribes.group.ChannelInterceptorBase.sendMessage(ChannelInterceptorBase.java:76)
	at org.apache.catalina.tribes.group.GroupChannel.send(GroupChannel.java:230)
	at org.apache.catalina.tribes.group.GroupChannel.send(GroupChannel.java:183)
	at org.apache.catalina.tribes.test.channel.TestDataIntegrity$2.run(TestDataIntegrity.java:101)
org.apache.catalina.tribes.ChannelException: Operation has timed out(3000 ms.).; Faulty members:tcp://172.16.0.26:4001; 
	at org.apache.catalina.tribes.transport.nio.ParallelNioSender.sendMessage(ParallelNioSender.java:105)
	at org.apache.catalina.tribes.transport.nio.PooledParallelSender.sendMessage(PooledParallelSender.java:44)
	at org.apache.catalina.tribes.transport.ReplicationTransmitter.sendMessage(ReplicationTransmitter.java:54)
	at org.apache.catalina.tribes.group.ChannelCoordinator.sendMessage(ChannelCoordinator.java:79)
	at org.apache.catalina.tribes.group.ChannelInterceptorBase.sendMessage(ChannelInterceptorBase.java:76)
	at org.apache.catalina.tribes.group.ChannelInterceptorBase.sendMessage(ChannelInterceptorBase.java:76)
	at org.apache.catalina.tribes.group.interceptors.MessageDispatchInterceptor.sendMessage(MessageDispatchInterceptor.java:63)
	at org.apache.catalina.tribes.group.ChannelInterceptorBase.sendMessage(ChannelInterceptorBase.java:76)
	at org.apache.catalina.tribes.group.GroupChannel.send(GroupChannel.java:230)
	at org.apache.catalina.tribes.group.GroupChannel.send(GroupChannel.java:183)
	at org.apache.catalina.tribes.test.channel.TestDataIntegrity$2.run(TestDataIntegrity.java:101)
org.apache.catalina.tribes.ChannelException: Operation has timed out(3000 ms.).; Faulty members:tcp://172.16.0.26:4001; 
	at org.apache.catalina.tribes.transport.nio.ParallelNioSender.sendMessage(ParallelNioSender.java:105)
	at org.apache.catalina.tribes.transport.nio.PooledParallelSender.sendMessage(PooledParallelSender.java:44)
	at org.apache.catalina.tribes.transport.ReplicationTransmitter.sendMessage(ReplicationTransmitter.java:54)
	at org.apache.catalina.tribes.group.ChannelCoordinator.sendMessage(ChannelCoordinator.java:79)
	at org.apache.catalina.tribes.group.ChannelInterceptorBase.sendMessage(ChannelInterceptorBase.java:76)
	at org.apache.catalina.tribes.group.ChannelInterceptorBase.sendMessage(ChannelInterceptorBase.java:76)
	at org.apache.catalina.tribes.group.interceptors.MessageDispatchInterceptor.sendMessage(MessageDispatchInterceptor.java:63)
	at org.apache.catalina.tribes.group.ChannelInterceptorBase.sendMessage(ChannelInterceptorBase.java:76)
	at org.apache.catalina.tribes.group.GroupChannel.send(GroupChannel.java:230)
	at org.apache.catalina.tribes.group.GroupChannel.send(GroupChannel.java:183)
	at org.apache.catalina.tribes.test.channel.TestDataIntegrity$2.run(TestDataIntegrity.java:101)
SUCCESS:3000
org.apache.catalina.tribes.ChannelException: Operation has timed out(3000 ms.).; Faulty members:tcp://172.16.0.26:4001; 
	at org.apache.catalina.tribes.transport.nio.ParallelNioSender.sendMessage(ParallelNioSender.java:105)
	at org.apache.catalina.tribes.transport.nio.PooledParallelSender.sendMessage(PooledParallelSender.java:44)
	at org.apache.catalina.tribes.transport.ReplicationTransmitter.sendMessage(ReplicationTransmitter.java:54)
	at org.apache.catalina.tribes.group.ChannelCoordinator.sendMessage(ChannelCoordinator.java:79)
	at org.apache.catalina.tribes.group.ChannelInterceptorBase.sendMessage(ChannelInterceptorBase.java:76)
	at org.apache.catalina.tribes.group.ChannelInterceptorBase.sendMessage(ChannelInterceptorBase.java:76)
	at org.apache.catalina.tribes.group.interceptors.MessageDispatchInterceptor.sendMessage(MessageDispatchInterceptor.java:63)
	at org.apache.catalina.tribes.group.ChannelInterceptorBase.sendMessage(ChannelInterceptorBase.java:76)
	at org.apache.catalina.tribes.group.GroupChannel.send(GroupChannel.java:230)
	at org.apache.catalina.tribes.group.GroupChannel.send(GroupChannel.java:183)
	at org.apache.catalina.tribes.test.channel.TestDataIntegrity$2.run(TestDataIntegrity.java:101)
org.apache.catalina.tribes.ChannelException: Operation has timed out(3000 ms.).; Faulty members:tcp://172.16.0.26:4001; 
	at org.apache.catalina.tribes.transport.nio.ParallelNioSender.sendMessage(ParallelNioSender.java:105)
	at org.apache.catalina.tribes.transport.nio.PooledParallelSender.sendMessage(PooledParallelSender.java:44)
	at org.apache.catalina.tribes.transport.ReplicationTransmitter.sendMessage(ReplicationTransmitter.java:54)
	at org.apache.catalina.tribes.group.ChannelCoordinator.sendMessage(ChannelCoordinator.java:79)
	at org.apache.catalina.tribes.group.ChannelInterceptorBase.sendMessage(ChannelInterceptorBase.java:76)
	at org.apache.catalina.tribes.group.ChannelInterceptorBase.sendMessage(ChannelInterceptorBase.java:76)
	at org.apache.catalina.tribes.group.interceptors.MessageDispatchInterceptor.sendMessage(MessageDispatchInterceptor.java:63)
	at org.apache.catalina.tribes.group.ChannelInterceptorBase.sendMessage(ChannelInterceptorBase.java:76)
	at org.apache.catalina.tribes.group.GroupChannel.send(GroupChannel.java:230)
	at org.apache.catalina.tribes.group.GroupChannel.send(GroupChannel.java:183)
	at org.apache.catalina.tribes.test.channel.TestDataIntegrity$2.run(TestDataIntegrity.java:101)
SUCCESS:4000
org.apache.catalina.tribes.ChannelException: Operation has timed out(3000 ms.).; Faulty members:tcp://172.16.0.26:4001; 
	at org.apache.catalina.tribes.transport.nio.ParallelNioSender.sendMessage(ParallelNioSender.java:105)
	at org.apache.catalina.tribes.transport.nio.PooledParallelSender.sendMessage(PooledParallelSender.java:44)
	at org.apache.catalina.tribes.transport.ReplicationTransmitter.sendMessage(ReplicationTransmitter.java:54)
	at org.apache.catalina.tribes.group.ChannelCoordinator.sendMessage(ChannelCoordinator.java:79)
	at org.apache.catalina.tribes.group.ChannelInterceptorBase.sendMessage(ChannelInterceptorBase.java:76)
	at org.apache.catalina.tribes.group.ChannelInterceptorBase.sendMessage(ChannelInterceptorBase.java:76)
	at org.apache.catalina.tribes.group.interceptors.MessageDispatchInterceptor.sendMessage(MessageDispatchInterceptor.java:63)
	at org.apache.catalina.tribes.group.ChannelInterceptorBase.sendMessage(ChannelInterceptorBase.java:76)
	at org.apache.catalina.tribes.group.GroupChannel.send(GroupChannel.java:230)
	at org.apache.catalina.tribes.group.GroupChannel.send(GroupChannel.java:183)
	at org.apache.catalina.tribes.test.channel.TestDataIntegrity$2.run(TestDataIntegrity.java:101)
org.apache.catalina.tribes.ChannelException: Operation has timed out(3000 ms.).; Faulty members:tcp://172.16.0.26:4001; 
	at org.apache.catalina.tribes.transport.nio.ParallelNioSender.sendMessage(ParallelNioSender.java:105)
	at org.apache.catalina.tribes.transport.nio.PooledParallelSender.sendMessage(PooledParallelSender.java:44)
	at org.apache.catalina.tribes.transport.ReplicationTransmitter.sendMessage(ReplicationTransmitter.java:54)
	at org.apache.catalina.tribes.group.ChannelCoordinator.sendMessage(ChannelCoordinator.java:79)
	at org.apache.catalina.tribes.group.ChannelInterceptorBase.sendMessage(ChannelInterceptorBase.java:76)
	at org.apache.catalina.tribes.group.ChannelInterceptorBase.sendMessage(ChannelInterceptorBase.java:76)
	at org.apache.catalina.tribes.group.interceptors.MessageDispatchInterceptor.sendMessage(MessageDispatchInterceptor.java:63)
	at org.apache.catalina.tribes.group.ChannelInterceptorBase.sendMessage(ChannelInterceptorBase.java:76)
	at org.apache.catalina.tribes.group.GroupChannel.send(GroupChannel.java:230)
	at org.apache.catalina.tribes.group.GroupChannel.send(GroupChannel.java:183)
	at org.apache.catalina.tribes.test.channel.TestDataIntegrity$2.run(TestDataIntegrity.java:101)
Finished ASYNC MULTI THREAD [4290]
</system-err>
  </testcase>
  <testcase classname="org.apache.catalina.tribes.test.channel.TestDataIntegrity" name="testDataSendNO_ACK" time="24.584">
    <failure message="Checking success messages. expected:&lt;10000&gt; but was:&lt;1014&gt;" type="java.lang.AssertionError">java.lang.AssertionError: Checking success messages. expected:&lt;10000&gt; but was:&lt;1014&gt;
	at org.junit.Assert.fail(Assert.java:88)
	at org.junit.Assert.failNotEquals(Assert.java:834)
	at org.junit.Assert.assertEquals(Assert.java:645)
	at org.apache.catalina.tribes.test.channel.TestDataIntegrity.testDataSendNO_ACK(TestDataIntegrity.java:88)
	at sun.reflect.NativeMethodAccessorImpl.invoke0(Native Method)
	at sun.reflect.NativeMethodAccessorImpl.invoke(NativeMethodAccessorImpl.java:62)
	at sun.reflect.DelegatingMethodAccessorImpl.invoke(DelegatingMethodAccessorImpl.java:43)
	at java.lang.reflect.Method.invoke(Method.java:483)
	at org.junit.runners.model.FrameworkMethod$1.runReflectiveCall(FrameworkMethod.java:50)
	at org.junit.internal.runners.model.ReflectiveCallable.run(ReflectiveCallable.java:12)
	at org.junit.runners.model.FrameworkMethod.invokeExplosively(FrameworkMethod.java:47)
	at org.junit.internal.runners.statements.InvokeMethod.evaluate(InvokeMethod.java:17)
	at org.junit.internal.runners.statements.RunBefores.evaluate(RunBefores.java:26)
	at org.junit.internal.runners.statements.RunAfters.evaluate(RunAfters.java:27)
	at org.junit.runners.ParentRunner.runLeaf(ParentRunner.java:325)
	at org.junit.runners.BlockJUnit4ClassRunner.runChild(BlockJUnit4ClassRunner.java:78)
	at org.junit.runners.BlockJUnit4ClassRunner.runChild(BlockJUnit4ClassRunner.java:57)
	at org.junit.runners.ParentRunner$3.run(ParentRunner.java:290)
	at org.junit.runners.ParentRunner$1.schedule(ParentRunner.java:71)
	at org.junit.runners.ParentRunner.runChildren(ParentRunner.java:288)
	at org.junit.runners.ParentRunner.access$000(ParentRunner.java:58)
	at org.junit.runners.ParentRunner$2.evaluate(ParentRunner.java:268)
	at org.junit.runners.ParentRunner.run(ParentRunner.java:363)
	at org.apache.maven.surefire.junit4.JUnit4TestSet.execute(JUnit4TestSet.java:53)
	at org.apache.maven.surefire.junit4.JUnit4Provider.executeTestSet(JUnit4Provider.java:123)
	at org.apache.maven.surefire.junit4.JUnit4Provider.invoke(JUnit4Provider.java:104)
	at sun.reflect.NativeMethodAccessorImpl.invoke0(Native Method)
	at sun.reflect.NativeMethodAccessorImpl.invoke(NativeMethodAccessorImpl.java:62)
	at sun.reflect.DelegatingMethodAccessorImpl.invoke(DelegatingMethodAccessorImpl.java:43)
	at java.lang.reflect.Method.invoke(Method.java:483)
	at org.apache.maven.surefire.util.ReflectionUtils.invokeMethodWithArray(ReflectionUtils.java:164)
	at org.apache.maven.surefire.booter.ProviderFactory$ProviderProxy.invoke(ProviderFactory.java:110)
	at org.apache.maven.surefire.booter.SurefireStarter.invokeProvider(SurefireStarter.java:175)
	at org.apache.maven.surefire.booter.SurefireStarter.runSuitesInProcessWhenForked(SurefireStarter.java:107)
	at org.apache.maven.surefire.booter.ForkedBooter.main(ForkedBooter.java:68)
</failure>
    <system-out>Thread[Thread-833] sent 500 messages in 439 ms.
</system-out>
    <system-err>Starting NO_ACK
org.apache.catalina.tribes.ChannelException: Operation has timed out(3000 ms.).; Faulty members:tcp://172.16.0.26:4001; 
	at org.apache.catalina.tribes.transport.nio.ParallelNioSender.sendMessage(ParallelNioSender.java:105)
	at org.apache.catalina.tribes.transport.nio.PooledParallelSender.sendMessage(PooledParallelSender.java:44)
	at org.apache.catalina.tribes.transport.ReplicationTransmitter.sendMessage(ReplicationTransmitter.java:54)
	at org.apache.catalina.tribes.group.ChannelCoordinator.sendMessage(ChannelCoordinator.java:79)
	at org.apache.catalina.tribes.group.ChannelInterceptorBase.sendMessage(ChannelInterceptorBase.java:76)
	at org.apache.catalina.tribes.group.ChannelInterceptorBase.sendMessage(ChannelInterceptorBase.java:76)
	at org.apache.catalina.tribes.group.interceptors.MessageDispatchInterceptor.sendMessage(MessageDispatchInterceptor.java:78)
	at org.apache.catalina.tribes.group.ChannelInterceptorBase.sendMessage(ChannelInterceptorBase.java:76)
	at org.apache.catalina.tribes.group.GroupChannel.send(GroupChannel.java:230)
	at org.apache.catalina.tribes.group.GroupChannel.send(GroupChannel.java:183)
	at org.apache.catalina.tribes.test.channel.TestDataIntegrity$1.run(TestDataIntegrity.java:73)
org.apache.catalina.tribes.ChannelException: Operation has timed out(3000 ms.).; Faulty members:tcp://172.16.0.26:4001; 
	at org.apache.catalina.tribes.transport.nio.ParallelNioSender.sendMessage(ParallelNioSender.java:105)
	at org.apache.catalina.tribes.transport.nio.PooledParallelSender.sendMessage(PooledParallelSender.java:44)
	at org.apache.catalina.tribes.transport.ReplicationTransmitter.sendMessage(ReplicationTransmitter.java:54)
	at org.apache.catalina.tribes.group.ChannelCoordinator.sendMessage(ChannelCoordinator.java:79)
	at org.apache.catalina.tribes.group.ChannelInterceptorBase.sendMessage(ChannelInterceptorBase.java:76)
	at org.apache.catalina.tribes.group.ChannelInterceptorBase.sendMessage(ChannelInterceptorBase.java:76)
	at org.apache.catalina.tribes.group.interceptors.MessageDispatchInterceptor.sendMessage(MessageDispatchInterceptor.java:78)
	at org.apache.catalina.tribes.group.ChannelInterceptorBase.sendMessage(ChannelInterceptorBase.java:76)
	at org.apache.catalina.tribes.group.GroupChannel.send(GroupChannel.java:230)
	at org.apache.catalina.tribes.group.GroupChannel.send(GroupChannel.java:183)
	at org.apache.catalina.tribes.test.channel.TestDataIntegrity$1.run(TestDataIntegrity.java:73)
org.apache.catalina.tribes.ChannelException: Operation has timed out(3000 ms.).; Faulty members:tcp://172.16.0.26:4001; 
	at org.apache.catalina.tribes.transport.nio.ParallelNioSender.sendMessage(ParallelNioSender.java:105)
	at org.apache.catalina.tribes.transport.nio.PooledParallelSender.sendMessage(PooledParallelSender.java:44)
	at org.apache.catalina.tribes.transport.ReplicationTransmitter.sendMessage(ReplicationTransmitter.java:54)
	at org.apache.catalina.tribes.group.ChannelCoordinator.sendMessage(ChannelCoordinator.java:79)
	at org.apache.catalina.tribes.group.ChannelInterceptorBase.sendMessage(ChannelInterceptorBase.java:76)
	at org.apache.catalina.tribes.group.ChannelInterceptorBase.sendMessage(ChannelInterceptorBase.java:76)
	at org.apache.catalina.tribes.group.interceptors.MessageDispatchInterceptor.sendMessage(MessageDispatchInterceptor.java:78)
	at org.apache.catalina.tribes.group.ChannelInterceptorBase.sendMessage(ChannelInterceptorBase.java:76)
	at org.apache.catalina.tribes.group.GroupChannel.send(GroupChannel.java:230)
	at org.apache.catalina.tribes.group.GroupChannel.send(GroupChannel.java:183)
	at org.apache.catalina.tribes.test.channel.TestDataIntegrity$1.run(TestDataIntegrity.java:73)
org.apache.catalina.tribes.ChannelException: Operation has timed out(3000 ms.).; Faulty members:tcp://172.16.0.26:4001; 
	at org.apache.catalina.tribes.transport.nio.ParallelNioSender.sendMessage(ParallelNioSender.java:105)
	at org.apache.catalina.tribes.transport.nio.PooledParallelSender.sendMessage(PooledParallelSender.java:44)
	at org.apache.catalina.tribes.transport.ReplicationTransmitter.sendMessage(ReplicationTransmitter.java:54)
	at org.apache.catalina.tribes.group.ChannelCoordinator.sendMessage(ChannelCoordinator.java:79)
	at org.apache.catalina.tribes.group.ChannelInterceptorBase.sendMessage(ChannelInterceptorBase.java:76)
	at org.apache.catalina.tribes.group.ChannelInterceptorBase.sendMessage(ChannelInterceptorBase.java:76)
	at org.apache.catalina.tribes.group.interceptors.MessageDispatchInterceptor.sendMessage(MessageDispatchInterceptor.java:78)
	at org.apache.catalina.tribes.group.ChannelInterceptorBase.sendMessage(ChannelInterceptorBase.java:76)
	at org.apache.catalina.tribes.group.GroupChannel.send(GroupChannel.java:230)
	at org.apache.catalina.tribes.group.GroupChannel.send(GroupChannel.java:183)
	at org.apache.catalina.tribes.test.channel.TestDataIntegrity$1.run(TestDataIntegrity.java:73)
org.apache.catalina.tribes.ChannelException: Operation has timed out(3000 ms.).; Faulty members:tcp://172.16.0.26:4001; 
	at org.apache.catalina.tribes.transport.nio.ParallelNioSender.sendMessage(ParallelNioSender.java:105)
	at org.apache.catalina.tribes.transport.nio.PooledParallelSender.sendMessage(PooledParallelSender.java:44)
	at org.apache.catalina.tribes.transport.ReplicationTransmitter.sendMessage(ReplicationTransmitter.java:54)
	at org.apache.catalina.tribes.group.ChannelCoordinator.sendMessage(ChannelCoordinator.java:79)
	at org.apache.catalina.tribes.group.ChannelInterceptorBase.sendMessage(ChannelInterceptorBase.java:76)
	at org.apache.catalina.tribes.group.ChannelInterceptorBase.sendMessage(ChannelInterceptorBase.java:76)
	at org.apache.catalina.tribes.group.interceptors.MessageDispatchInterceptor.sendMessage(MessageDispatchInterceptor.java:78)
	at org.apache.catalina.tribes.group.ChannelInterceptorBase.sendMessage(ChannelInterceptorBase.java:76)
	at org.apache.catalina.tribes.group.GroupChannel.send(GroupChannel.java:230)
	at org.apache.catalina.tribes.group.GroupChannel.send(GroupChannel.java:183)
	at org.apache.catalina.tribes.test.channel.TestDataIntegrity$1.run(TestDataIntegrity.java:73)
org.apache.catalina.tribes.ChannelException: Operation has timed out(3000 ms.).; Faulty members:tcp://172.16.0.26:4001; 
	at org.apache.catalina.tribes.transport.nio.ParallelNioSender.sendMessage(ParallelNioSender.java:105)
	at org.apache.catalina.tribes.transport.nio.PooledParallelSender.sendMessage(PooledParallelSender.java:44)
	at org.apache.catalina.tribes.transport.ReplicationTransmitter.sendMessage(ReplicationTransmitter.java:54)
	at org.apache.catalina.tribes.group.ChannelCoordinator.sendMessage(ChannelCoordinator.java:79)
	at org.apache.catalina.tribes.group.ChannelInterceptorBase.sendMessage(ChannelInterceptorBase.java:76)
	at org.apache.catalina.tribes.group.ChannelInterceptorBase.sendMessage(ChannelInterceptorBase.java:76)
	at org.apache.catalina.tribes.group.interceptors.MessageDispatchInterceptor.sendMessage(MessageDispatchInterceptor.java:78)
	at org.apache.catalina.tribes.group.ChannelInterceptorBase.sendMessage(ChannelInterceptorBase.java:76)
	at org.apache.catalina.tribes.group.GroupChannel.send(GroupChannel.java:230)
	at org.apache.catalina.tribes.group.GroupChannel.send(GroupChannel.java:183)
	at org.apache.catalina.tribes.test.channel.TestDataIntegrity$1.run(TestDataIntegrity.java:73)
org.apache.catalina.tribes.ChannelException: Operation has timed out(3000 ms.).; Faulty members:tcp://172.16.0.26:4001; 
	at org.apache.catalina.tribes.transport.nio.ParallelNioSender.sendMessage(ParallelNioSender.java:105)
	at org.apache.catalina.tribes.transport.nio.PooledParallelSender.sendMessage(PooledParallelSender.java:44)
	at org.apache.catalina.tribes.transport.ReplicationTransmitter.sendMessage(ReplicationTransmitter.java:54)
	at org.apache.catalina.tribes.group.ChannelCoordinator.sendMessage(ChannelCoordinator.java:79)
	at org.apache.catalina.tribes.group.ChannelInterceptorBase.sendMessage(ChannelInterceptorBase.java:76)
	at org.apache.catalina.tribes.group.ChannelInterceptorBase.sendMessage(ChannelInterceptorBase.java:76)
	at org.apache.catalina.tribes.group.interceptors.MessageDispatchInterceptor.sendMessage(MessageDispatchInterceptor.java:78)
	at org.apache.catalina.tribes.group.ChannelInterceptorBase.sendMessage(ChannelInterceptorBase.java:76)
	at org.apache.catalina.tribes.group.GroupChannel.send(GroupChannel.java:230)
	at org.apache.catalina.tribes.group.GroupChannel.send(GroupChannel.java:183)
	at org.apache.catalina.tribes.test.channel.TestDataIntegrity$1.run(TestDataIntegrity.java:73)
org.apache.catalina.tribes.ChannelException: Operation has timed out(3000 ms.).; Faulty members:tcp://172.16.0.26:4001; 
	at org.apache.catalina.tribes.transport.nio.ParallelNioSender.sendMessage(ParallelNioSender.java:105)
	at org.apache.catalina.tribes.transport.nio.PooledParallelSender.sendMessage(PooledParallelSender.java:44)
	at org.apache.catalina.tribes.transport.ReplicationTransmitter.sendMessage(ReplicationTransmitter.java:54)
	at org.apache.catalina.tribes.group.ChannelCoordinator.sendMessage(ChannelCoordinator.java:79)
	at org.apache.catalina.tribes.group.ChannelInterceptorBase.sendMessage(ChannelInterceptorBase.java:76)
	at org.apache.catalina.tribes.group.ChannelInterceptorBase.sendMessage(ChannelInterceptorBase.java:76)
	at org.apache.catalina.tribes.group.interceptors.MessageDispatchInterceptor.sendMessage(MessageDispatchInterceptor.java:78)
	at org.apache.catalina.tribes.group.ChannelInterceptorBase.sendMessage(ChannelInterceptorBase.java:76)
	at org.apache.catalina.tribes.group.GroupChannel.send(GroupChannel.java:230)
	at org.apache.catalina.tribes.group.GroupChannel.send(GroupChannel.java:183)
	at org.apache.catalina.tribes.test.channel.TestDataIntegrity$1.run(TestDataIntegrity.java:73)
org.apache.catalina.tribes.ChannelException: Operation has timed out(3000 ms.).; Faulty members:tcp://172.16.0.26:4001; 
	at org.apache.catalina.tribes.transport.nio.ParallelNioSender.sendMessage(ParallelNioSender.java:105)
	at org.apache.catalina.tribes.transport.nio.PooledParallelSender.sendMessage(PooledParallelSender.java:44)
	at org.apache.catalina.tribes.transport.ReplicationTransmitter.sendMessage(ReplicationTransmitter.java:54)
	at org.apache.catalina.tribes.group.ChannelCoordinator.sendMessage(ChannelCoordinator.java:79)
	at org.apache.catalina.tribes.group.ChannelInterceptorBase.sendMessage(ChannelInterceptorBase.java:76)
	at org.apache.catalina.tribes.group.ChannelInterceptorBase.sendMessage(ChannelInterceptorBase.java:76)
	at org.apache.catalina.tribes.group.interceptors.MessageDispatchInterceptor.sendMessage(MessageDispatchInterceptor.java:78)
	at org.apache.catalina.tribes.group.ChannelInterceptorBase.sendMessage(ChannelInterceptorBase.java:76)
	at org.apache.catalina.tribes.group.GroupChannel.send(GroupChannel.java:230)
	at org.apache.catalina.tribes.group.GroupChannel.send(GroupChannel.java:183)
	at org.apache.catalina.tribes.test.channel.TestDataIntegrity$1.run(TestDataIntegrity.java:73)
org.apache.catalina.tribes.ChannelException: Operation has timed out(3000 ms.).; Faulty members:tcp://172.16.0.26:4001; 
	at org.apache.catalina.tribes.transport.nio.ParallelNioSender.sendMessage(ParallelNioSender.java:105)
	at org.apache.catalina.tribes.transport.nio.PooledParallelSender.sendMessage(PooledParallelSender.java:44)
	at org.apache.catalina.tribes.transport.ReplicationTransmitter.sendMessage(ReplicationTransmitter.java:54)
	at org.apache.catalina.tribes.group.ChannelCoordinator.sendMessage(ChannelCoordinator.java:79)
	at org.apache.catalina.tribes.group.ChannelInterceptorBase.sendMessage(ChannelInterceptorBase.java:76)
	at org.apache.catalina.tribes.group.ChannelInterceptorBase.sendMessage(ChannelInterceptorBase.java:76)
	at org.apache.catalina.tribes.group.interceptors.MessageDispatchInterceptor.sendMessage(MessageDispatchInterceptor.java:78)
	at org.apache.catalina.tribes.group.ChannelInterceptorBase.sendMessage(ChannelInterceptorBase.java:76)
	at org.apache.catalina.tribes.group.GroupChannel.send(GroupChannel.java:230)
	at org.apache.catalina.tribes.group.GroupChannel.send(GroupChannel.java:183)
	at org.apache.catalina.tribes.test.channel.TestDataIntegrity$1.run(TestDataIntegrity.java:73)
org.apache.catalina.tribes.ChannelException: Operation has timed out(3000 ms.).; Faulty members:tcp://172.16.0.26:4001; 
	at org.apache.catalina.tribes.transport.nio.ParallelNioSender.sendMessage(ParallelNioSender.java:105)
	at org.apache.catalina.tribes.transport.nio.PooledParallelSender.sendMessage(PooledParallelSender.java:44)
	at org.apache.catalina.tribes.transport.ReplicationTransmitter.sendMessage(ReplicationTransmitter.java:54)
	at org.apache.catalina.tribes.group.ChannelCoordinator.sendMessage(ChannelCoordinator.java:79)
	at org.apache.catalina.tribes.group.ChannelInterceptorBase.sendMessage(ChannelInterceptorBase.java:76)
	at org.apache.catalina.tribes.group.ChannelInterceptorBase.sendMessage(ChannelInterceptorBase.java:76)
	at org.apache.catalina.tribes.group.interceptors.MessageDispatchInterceptor.sendMessage(MessageDispatchInterceptor.java:78)
	at org.apache.catalina.tribes.group.ChannelInterceptorBase.sendMessage(ChannelInterceptorBase.java:76)
	at org.apache.catalina.tribes.group.GroupChannel.send(GroupChannel.java:230)
	at org.apache.catalina.tribes.group.GroupChannel.send(GroupChannel.java:183)
	at org.apache.catalina.tribes.test.channel.TestDataIntegrity$1.run(TestDataIntegrity.java:73)
org.apache.catalina.tribes.ChannelException: Operation has timed out(3000 ms.).; Faulty members:tcp://172.16.0.26:4001; 
	at org.apache.catalina.tribes.transport.nio.ParallelNioSender.sendMessage(ParallelNioSender.java:105)
	at org.apache.catalina.tribes.transport.nio.PooledParallelSender.sendMessage(PooledParallelSender.java:44)
	at org.apache.catalina.tribes.transport.ReplicationTransmitter.sendMessage(ReplicationTransmitter.java:54)
	at org.apache.catalina.tribes.group.ChannelCoordinator.sendMessage(ChannelCoordinator.java:79)
	at org.apache.catalina.tribes.group.ChannelInterceptorBase.sendMessage(ChannelInterceptorBase.java:76)
	at org.apache.catalina.tribes.group.ChannelInterceptorBase.sendMessage(ChannelInterceptorBase.java:76)
	at org.apache.catalina.tribes.group.interceptors.MessageDispatchInterceptor.sendMessage(MessageDispatchInterceptor.java:78)
	at org.apache.catalina.tribes.group.ChannelInterceptorBase.sendMessage(ChannelInterceptorBase.java:76)
	at org.apache.catalina.tribes.group.GroupChannel.send(GroupChannel.java:230)
	at org.apache.catalina.tribes.group.GroupChannel.send(GroupChannel.java:183)
	at org.apache.catalina.tribes.test.channel.TestDataIntegrity$1.run(TestDataIntegrity.java:73)
org.apache.catalina.tribes.ChannelException: Operation has timed out(3000 ms.).; Faulty members:tcp://172.16.0.26:4001; 
	at org.apache.catalina.tribes.transport.nio.ParallelNioSender.sendMessage(ParallelNioSender.java:105)
	at org.apache.catalina.tribes.transport.nio.PooledParallelSender.sendMessage(PooledParallelSender.java:44)
	at org.apache.catalina.tribes.transport.ReplicationTransmitter.sendMessage(ReplicationTransmitter.java:54)
	at org.apache.catalina.tribes.group.ChannelCoordinator.sendMessage(ChannelCoordinator.java:79)
	at org.apache.catalina.tribes.group.ChannelInterceptorBase.sendMessage(ChannelInterceptorBase.java:76)
	at org.apache.catalina.tribes.group.ChannelInterceptorBase.sendMessage(ChannelInterceptorBase.java:76)
	at org.apache.catalina.tribes.group.interceptors.MessageDispatchInterceptor.sendMessage(MessageDispatchInterceptor.java:78)
	at org.apache.catalina.tribes.group.ChannelInterceptorBase.sendMessage(ChannelInterceptorBase.java:76)
	at org.apache.catalina.tribes.group.GroupChannel.send(GroupChannel.java:230)
	at org.apache.catalina.tribes.group.GroupChannel.send(GroupChannel.java:183)
	at org.apache.catalina.tribes.test.channel.TestDataIntegrity$1.run(TestDataIntegrity.java:73)
org.apache.catalina.tribes.ChannelException: Operation has timed out(3000 ms.).; Faulty members:tcp://172.16.0.26:4001; 
	at org.apache.catalina.tribes.transport.nio.ParallelNioSender.sendMessage(ParallelNioSender.java:105)
	at org.apache.catalina.tribes.transport.nio.PooledParallelSender.sendMessage(PooledParallelSender.java:44)
	at org.apache.catalina.tribes.transport.ReplicationTransmitter.sendMessage(ReplicationTransmitter.java:54)
	at org.apache.catalina.tribes.group.ChannelCoordinator.sendMessage(ChannelCoordinator.java:79)
	at org.apache.catalina.tribes.group.ChannelInterceptorBase.sendMessage(ChannelInterceptorBase.java:76)
	at org.apache.catalina.tribes.group.ChannelInterceptorBase.sendMessage(ChannelInterceptorBase.java:76)
	at org.apache.catalina.tribes.group.interceptors.MessageDispatchInterceptor.sendMessage(MessageDispatchInterceptor.java:78)
	at org.apache.catalina.tribes.group.ChannelInterceptorBase.sendMessage(ChannelInterceptorBase.java:76)
	at org.apache.catalina.tribes.group.GroupChannel.send(GroupChannel.java:230)
	at org.apache.catalina.tribes.group.GroupChannel.send(GroupChannel.java:183)
	at org.apache.catalina.tribes.test.channel.TestDataIntegrity$1.run(TestDataIntegrity.java:73)
org.apache.catalina.tribes.ChannelException: Operation has timed out(3000 ms.).; Faulty members:tcp://172.16.0.26:4001; 
	at org.apache.catalina.tribes.transport.nio.ParallelNioSender.sendMessage(ParallelNioSender.java:105)
	at org.apache.catalina.tribes.transport.nio.PooledParallelSender.sendMessage(PooledParallelSender.java:44)
	at org.apache.catalina.tribes.transport.ReplicationTransmitter.sendMessage(ReplicationTransmitter.java:54)
	at org.apache.catalina.tribes.group.ChannelCoordinator.sendMessage(ChannelCoordinator.java:79)
	at org.apache.catalina.tribes.group.ChannelInterceptorBase.sendMessage(ChannelInterceptorBase.java:76)
	at org.apache.catalina.tribes.group.ChannelInterceptorBase.sendMessage(ChannelInterceptorBase.java:76)
	at org.apache.catalina.tribes.group.interceptors.MessageDispatchInterceptor.sendMessage(MessageDispatchInterceptor.java:78)
	at org.apache.catalina.tribes.group.ChannelInterceptorBase.sendMessage(ChannelInterceptorBase.java:76)
	at org.apache.catalina.tribes.group.GroupChannel.send(GroupChannel.java:230)
	at org.apache.catalina.tribes.group.GroupChannel.send(GroupChannel.java:183)
	at org.apache.catalina.tribes.test.channel.TestDataIntegrity$1.run(TestDataIntegrity.java:73)
org.apache.catalina.tribes.ChannelException: Operation has timed out(3000 ms.).; Faulty members:tcp://172.16.0.26:4001; 
	at org.apache.catalina.tribes.transport.nio.ParallelNioSender.sendMessage(ParallelNioSender.java:105)
	at org.apache.catalina.tribes.transport.nio.PooledParallelSender.sendMessage(PooledParallelSender.java:44)
	at org.apache.catalina.tribes.transport.ReplicationTransmitter.sendMessage(ReplicationTransmitter.java:54)
	at org.apache.catalina.tribes.group.ChannelCoordinator.sendMessage(ChannelCoordinator.java:79)
	at org.apache.catalina.tribes.group.ChannelInterceptorBase.sendMessage(ChannelInterceptorBase.java:76)
	at org.apache.catalina.tribes.group.ChannelInterceptorBase.sendMessage(ChannelInterceptorBase.java:76)
	at org.apache.catalina.tribes.group.interceptors.MessageDispatchInterceptor.sendMessage(MessageDispatchInterceptor.java:78)
	at org.apache.catalina.tribes.group.ChannelInterceptorBase.sendMessage(ChannelInterceptorBase.java:76)
	at org.apache.catalina.tribes.group.GroupChannel.send(GroupChannel.java:230)
	at org.apache.catalina.tribes.group.GroupChannel.send(GroupChannel.java:183)
	at org.apache.catalina.tribes.test.channel.TestDataIntegrity$1.run(TestDataIntegrity.java:73)
org.apache.catalina.tribes.ChannelException: Operation has timed out(3000 ms.).; Faulty members:tcp://172.16.0.26:4001; 
	at org.apache.catalina.tribes.transport.nio.ParallelNioSender.sendMessage(ParallelNioSender.java:105)
	at org.apache.catalina.tribes.transport.nio.PooledParallelSender.sendMessage(PooledParallelSender.java:44)
	at org.apache.catalina.tribes.transport.ReplicationTransmitter.sendMessage(ReplicationTransmitter.java:54)
	at org.apache.catalina.tribes.group.ChannelCoordinator.sendMessage(ChannelCoordinator.java:79)
	at org.apache.catalina.tribes.group.ChannelInterceptorBase.sendMessage(ChannelInterceptorBase.java:76)
	at org.apache.catalina.tribes.group.ChannelInterceptorBase.sendMessage(ChannelInterceptorBase.java:76)
	at org.apache.catalina.tribes.group.interceptors.MessageDispatchInterceptor.sendMessage(MessageDispatchInterceptor.java:78)
	at org.apache.catalina.tribes.group.ChannelInterceptorBase.sendMessage(ChannelInterceptorBase.java:76)
	at org.apache.catalina.tribes.group.GroupChannel.send(GroupChannel.java:230)
	at org.apache.catalina.tribes.group.GroupChannel.send(GroupChannel.java:183)
	at org.apache.catalina.tribes.test.channel.TestDataIntegrity$1.run(TestDataIntegrity.java:73)
org.apache.catalina.tribes.ChannelException: Operation has timed out(3000 ms.).; Faulty members:tcp://172.16.0.26:4001; 
	at org.apache.catalina.tribes.transport.nio.ParallelNioSender.sendMessage(ParallelNioSender.java:105)
	at org.apache.catalina.tribes.transport.nio.PooledParallelSender.sendMessage(PooledParallelSender.java:44)
	at org.apache.catalina.tribes.transport.ReplicationTransmitter.sendMessage(ReplicationTransmitter.java:54)
	at org.apache.catalina.tribes.group.ChannelCoordinator.sendMessage(ChannelCoordinator.java:79)
	at org.apache.catalina.tribes.group.ChannelInterceptorBase.sendMessage(ChannelInterceptorBase.java:76)
	at org.apache.catalina.tribes.group.ChannelInterceptorBase.sendMessage(ChannelInterceptorBase.java:76)
	at org.apache.catalina.tribes.group.interceptors.MessageDispatchInterceptor.sendMessage(MessageDispatchInterceptor.java:78)
	at org.apache.catalina.tribes.group.ChannelInterceptorBase.sendMessage(ChannelInterceptorBase.java:76)
	at org.apache.catalina.tribes.group.GroupChannel.send(GroupChannel.java:230)
	at org.apache.catalina.tribes.group.GroupChannel.send(GroupChannel.java:183)
	at org.apache.catalina.tribes.test.channel.TestDataIntegrity$1.run(TestDataIntegrity.java:73)
org.apache.catalina.tribes.ChannelException: Operation has timed out(3000 ms.).; Faulty members:tcp://172.16.0.26:4001; 
	at org.apache.catalina.tribes.transport.nio.ParallelNioSender.sendMessage(ParallelNioSender.java:105)
	at org.apache.catalina.tribes.transport.nio.PooledParallelSender.sendMessage(PooledParallelSender.java:44)
	at org.apache.catalina.tribes.transport.ReplicationTransmitter.sendMessage(ReplicationTransmitter.java:54)
	at org.apache.catalina.tribes.group.ChannelCoordinator.sendMessage(ChannelCoordinator.java:79)
	at org.apache.catalina.tribes.group.ChannelInterceptorBase.sendMessage(ChannelInterceptorBase.java:76)
	at org.apache.catalina.tribes.group.ChannelInterceptorBase.sendMessage(ChannelInterceptorBase.java:76)
	at org.apache.catalina.tribes.group.interceptors.MessageDispatchInterceptor.sendMessage(MessageDispatchInterceptor.java:78)
	at org.apache.catalina.tribes.group.ChannelInterceptorBase.sendMessage(ChannelInterceptorBase.java:76)
	at org.apache.catalina.tribes.group.GroupChannel.send(GroupChannel.java:230)
	at org.apache.catalina.tribes.group.GroupChannel.send(GroupChannel.java:183)
	at org.apache.catalina.tribes.test.channel.TestDataIntegrity$1.run(TestDataIntegrity.java:73)
SUCCESS:1000
Finished NO_ACK [1014]
</system-err>
  </testcase>
  <testcase classname="org.apache.catalina.tribes.test.channel.TestDataIntegrity" name="testDataSendACK" time="4.613"/>
  <testcase classname="org.apache.catalina.tribes.test.channel.TestDataIntegrity" name="testDataSendASYNC" time="9.327">
    <failure message="Checking success messages. expected:&lt;500&gt; but was:&lt;483&gt;" type="java.lang.AssertionError">java.lang.AssertionError: Checking success messages. expected:&lt;500&gt; but was:&lt;483&gt;
	at org.junit.Assert.fail(Assert.java:88)
	at org.junit.Assert.failNotEquals(Assert.java:834)
	at org.junit.Assert.assertEquals(Assert.java:645)
	at org.apache.catalina.tribes.test.channel.TestDataIntegrity.testDataSendASYNC(TestDataIntegrity.java:127)
	at sun.reflect.NativeMethodAccessorImpl.invoke0(Native Method)
	at sun.reflect.NativeMethodAccessorImpl.invoke(NativeMethodAccessorImpl.java:62)
	at sun.reflect.DelegatingMethodAccessorImpl.invoke(DelegatingMethodAccessorImpl.java:43)
	at java.lang.reflect.Method.invoke(Method.java:483)
	at org.junit.runners.model.FrameworkMethod$1.runReflectiveCall(FrameworkMethod.java:50)
	at org.junit.internal.runners.model.ReflectiveCallable.run(ReflectiveCallable.java:12)
	at org.junit.runners.model.FrameworkMethod.invokeExplosively(FrameworkMethod.java:47)
	at org.junit.internal.runners.statements.InvokeMethod.evaluate(InvokeMethod.java:17)
	at org.junit.internal.runners.statements.RunBefores.evaluate(RunBefores.java:26)
	at org.junit.internal.runners.statements.RunAfters.evaluate(RunAfters.java:27)
	at org.junit.runners.ParentRunner.runLeaf(ParentRunner.java:325)
	at org.junit.runners.BlockJUnit4ClassRunner.runChild(BlockJUnit4ClassRunner.java:78)
	at org.junit.runners.BlockJUnit4ClassRunner.runChild(BlockJUnit4ClassRunner.java:57)
	at org.junit.runners.ParentRunner$3.run(ParentRunner.java:290)
	at org.junit.runners.ParentRunner$1.schedule(ParentRunner.java:71)
	at org.junit.runners.ParentRunner.runChildren(ParentRunner.java:288)
	at org.junit.runners.ParentRunner.access$000(ParentRunner.java:58)
	at org.junit.runners.ParentRunner$2.evaluate(ParentRunner.java:268)
	at org.junit.runners.ParentRunner.run(ParentRunner.java:363)
	at org.apache.maven.surefire.junit4.JUnit4TestSet.execute(JUnit4TestSet.java:53)
	at org.apache.maven.surefire.junit4.JUnit4Provider.executeTestSet(JUnit4Provider.java:123)
	at org.apache.maven.surefire.junit4.JUnit4Provider.invoke(JUnit4Provider.java:104)
	at sun.reflect.NativeMethodAccessorImpl.invoke0(Native Method)
	at sun.reflect.NativeMethodAccessorImpl.invoke(NativeMethodAccessorImpl.java:62)
	at sun.reflect.DelegatingMethodAccessorImpl.invoke(DelegatingMethodAccessorImpl.java:43)
	at java.lang.reflect.Method.invoke(Method.java:483)
	at org.apache.maven.surefire.util.ReflectionUtils.invokeMethodWithArray(ReflectionUtils.java:164)
	at org.apache.maven.surefire.booter.ProviderFactory$ProviderProxy.invoke(ProviderFactory.java:110)
	at org.apache.maven.surefire.booter.SurefireStarter.invokeProvider(SurefireStarter.java:175)
	at org.apache.maven.surefire.booter.SurefireStarter.runSuitesInProcessWhenForked(SurefireStarter.java:107)
	at org.apache.maven.surefire.booter.ForkedBooter.main(ForkedBooter.java:68)
</failure>
    <system-err>Starting ASYNC
Finished ASYNC
</system-err>
  </testcase>
  <testcase classname="org.apache.catalina.tribes.test.channel.TestDataIntegrity" name="testDataSendSYNCACK" time="4.654"/>
</testsuite>