<?xml version="1.0" encoding="UTF-8" ?>
<testsuite tests="53" failures="0" name="org.apache.tomcat.util.http.TestCookies" time="0.008" errors="0" skipped="0">
  <properties>
[...]
</properties>
  <testcase classname="org.apache.tomcat.util.http.TestCookies" name="v1EscapedDQuoteInValueOld" time="0"/>
  <testcase classname="org.apache.tomcat.util.http.TestCookies" name="allow8BitInV0Value" time="0"/>
  <testcase classname="org.apache.tomcat.util.http.TestCookies" name="v1DomainOnlyAffectsPrecedingCookieRfc6265" time="0"/>
  <testcase classname="org.apache.tomcat.util.http.TestCookies" name="v1DomainOnlyAffectsPrecedingCookieOld" time="0"/>
  <testcase classname="org.apache.tomcat.util.http.TestCookies" name="v1QuoteInQuotedValueRfc6265" time="0"/>
  <testcase classname="org.apache.tomcat.util.http.TestCookies" name="v1NameOnlyIsDroppedOld" time="0"/>
  <testcase classname="org.apache.tomcat.util.http.TestCookies" name="disallow8BitControlInV1UnquotedValue" time="0.001"/>
  <testcase classname="org.apache.tomcat.util.http.TestCookies" name="rfc2109Version0Old" time="0"/>
  <testcase classname="org.apache.tomcat.util.http.TestCookies" name="testJsonInV0" time="0"/>
  <testcase classname="org.apache.tomcat.util.http.TestCookies" name="testJsonInV1" time="0"/>
  <testcase classname="org.apache.tomcat.util.http.TestCookies" name="v1QuoteInValueOld" time="0"/>
  <testcase classname="org.apache.tomcat.util.http.TestCookies" name="v1SingleQuotesAreValidTokenCharactersOld" time="0"/>
  <testcase classname="org.apache.tomcat.util.http.TestCookies" name="disallowControlInV1UnquotedValue" time="0"/>
  <testcase classname="org.apache.tomcat.util.http.TestCookies" name="testSkipSemicolonOrComma" time="0"/>
  <testcase classname="org.apache.tomcat.util.http.TestCookies" name="v1PathAffectsPrecedingCookieOld" time="0"/>
  <testcase classname="org.apache.tomcat.util.http.TestCookies" name="testBasicCookieRfc6265" time="0"/>
  <testcase classname="org.apache.tomcat.util.http.TestCookies" name="v1DQuoteInValueRfc6265" time="0"/>
  <testcase classname="org.apache.tomcat.util.http.TestCookies" name="v1QuotedValueEndsInBackslashRfc6265" time="0"/>
  <testcase classname="org.apache.tomcat.util.http.TestCookies" name="v1DomainIsParsedOld" time="0.001"/>
  <testcase classname="org.apache.tomcat.util.http.TestCookies" name="v1EscapedDQuoteInValueRfc6265" time="0"/>
  <testcase classname="org.apache.tomcat.util.http.TestCookies" name="v1PortIsIgnoredOld" time="0"/>
  <testcase classname="org.apache.tomcat.util.http.TestCookies" name="v1QuotedValueEndsInBackslashOld" time="0"/>
  <testcase classname="org.apache.tomcat.util.http.TestCookies" name="v1PathAffectsPrecedingCookieRfc6265" time="0"/>
  <testcase classname="org.apache.tomcat.util.http.TestCookies" name="v1SingleQuotesAreValidTokenCharactersRfc6265" time="0"/>
  <testcase classname="org.apache.tomcat.util.http.TestCookies" name="v1MismatchedQuotesOld" time="0"/>
  <testcase classname="org.apache.tomcat.util.http.TestCookies" name="testEmptyPairsOld" time="0"/>
  <testcase classname="org.apache.tomcat.util.http.TestCookies" name="disallow8bitInName" time="0"/>
  <testcase classname="org.apache.tomcat.util.http.TestCookies" name="testSeparatorsInValueOld" time="0.002"/>
  <testcase classname="org.apache.tomcat.util.http.TestCookies" name="v1QuoteInValueRfc6265" time="0"/>
  <testcase classname="org.apache.tomcat.util.http.TestCookies" name="v1QuoteInQuotedValueOld" time="0"/>
  <testcase classname="org.apache.tomcat.util.http.TestCookies" name="testBasicCookieOld" time="0"/>
  <testcase classname="org.apache.tomcat.util.http.TestCookies" name="testEmptyPairsRfc6265" time="0"/>
  <testcase classname="org.apache.tomcat.util.http.TestCookies" name="v1DomainIsParsedRfc6265" time="0"/>
  <testcase classname="org.apache.tomcat.util.http.TestCookies" name="disallow8bitInV1UnquotedValue" time="0"/>
  <testcase classname="org.apache.tomcat.util.http.TestCookies" name="allow8bitInV1QuotedValue" time="0.001"/>
  <testcase classname="org.apache.tomcat.util.http.TestCookies" name="v1NameOnlyIsDroppedRfc6265" time="0"/>
  <testcase classname="org.apache.tomcat.util.http.TestCookies" name="testQuotedValueOld" time="0"/>
  <testcase classname="org.apache.tomcat.util.http.TestCookies" name="disallow8BitControlInName" time="0"/>
  <testcase classname="org.apache.tomcat.util.http.TestCookies" name="v1TokenValueOld" time="0"/>
  <testcase classname="org.apache.tomcat.util.http.TestCookies" name="disallowControlInName" time="0"/>
  <testcase classname="org.apache.tomcat.util.http.TestCookies" name="v1TokenValueRfc6265" time="0"/>
  <testcase classname="org.apache.tomcat.util.http.TestCookies" name="v1DQuoteInValueOld" time="0"/>
  <testcase classname="org.apache.tomcat.util.http.TestCookies" name="testSeparatorsInValueRfc6265" time="0.001"/>
  <testcase classname="org.apache.tomcat.util.http.TestCookies" name="testNameOnlyAreDroppedOld" time="0"/>
  <testcase classname="org.apache.tomcat.util.http.TestCookies" name="disallowControlInV1QuotedValue" time="0"/>
  <testcase classname="org.apache.tomcat.util.http.TestCookies" name="v1QuotedValueOld" time="0"/>
  <testcase classname="org.apache.tomcat.util.http.TestCookies" name="rfc2109Version0Rfc6265" time="0"/>
  <testcase classname="org.apache.tomcat.util.http.TestCookies" name="v1QuotedValueRfc6265" time="0"/>
  <testcase classname="org.apache.tomcat.util.http.TestCookies" name="disallowControlInV0Value" time="0"/>
  <testcase classname="org.apache.tomcat.util.http.TestCookies" name="testQuotedValueRfc6265" time="0"/>
  <testcase classname="org.apache.tomcat.util.http.TestCookies" name="v1PortIsIgnoredRfc6265" time="0"/>
  <testcase classname="org.apache.tomcat.util.http.TestCookies" name="v1MismatchedQuotesRfc6265" time="0"/>
  <testcase classname="org.apache.tomcat.util.http.TestCookies" name="testNameOnlyAreDroppedRfc6265" time="0"/>
</testsuite>