<?xml version="1.0" encoding="UTF-8" ?>
<testsuite tests="74" failures="59" name="org.apache.tomcat.util.net.jsse.openssl.TestOpenSSLCipherConfigurationParser" time="0.427" errors="0" skipped="3">
  <properties>
[...]
</properties>
  <testcase classname="org.apache.tomcat.util.net.jsse.openssl.TestOpenSSLCipherConfigurationParser" name="testkECDHE" time="0.007">
    <skipped/>
  </testcase>
  <testcase classname="org.apache.tomcat.util.net.jsse.openssl.TestOpenSSLCipherConfigurationParser" name="testkECDHe" time="0.006">
    <failure message="Tested &apos;kECDHe&apos;:  expected:&lt;[]&gt; but was:&lt;[TLS_ECDH_ECDSA_WITH_AES_256_GCM_SHA384,TLS_ECDH_ECDSA_WITH_AES_256_CBC_SHA384,TLS_ECDH_ECDSA_WITH_AES_256_CBC_SHA,TLS_ECDH_ECDSA_WITH_3DES_EDE_CBC_SHA,TLS_ECDH_ECDSA_WITH_AES_128_GCM_SHA256,TLS_ECDH_ECDSA_WITH_AES_128_CBC_SHA256,TLS_ECDH_ECDSA_WITH_AES_128_CBC_SHA,TLS_ECDH_ECDSA_WITH_RC4_128_SHA,TLS_ECDH_ECDSA_WITH_NULL_SHA,]&gt;" type="org.junit.ComparisonFailure">org.junit.ComparisonFailure: Tested &apos;kECDHe&apos;:  expected:&lt;[]&gt; but was:&lt;[TLS_ECDH_ECDSA_WITH_AES_256_GCM_SHA384,TLS_ECDH_ECDSA_WITH_AES_256_CBC_SHA384,TLS_ECDH_ECDSA_WITH_AES_256_CBC_SHA,TLS_ECDH_ECDSA_WITH_3DES_EDE_CBC_SHA,TLS_ECDH_ECDSA_WITH_AES_128_GCM_SHA256,TLS_ECDH_ECDSA_WITH_AES_128_CBC_SHA256,TLS_ECDH_ECDSA_WITH_AES_128_CBC_SHA,TLS_ECDH_ECDSA_WITH_RC4_128_SHA,TLS_ECDH_ECDSA_WITH_NULL_SHA,]&gt;
	at org.junit.Assert.assertEquals(Assert.java:115)
	at org.apache.tomcat.util.net.jsse.openssl.TestOpenSSLCipherConfigurationParser.testSpecification(TestOpenSSLCipherConfigurationParser.java:499)
	at org.apache.tomcat.util.net.jsse.openssl.TestOpenSSLCipherConfigurationParser.testkECDHe(TestOpenSSLCipherConfigurationParser.java:169)
	at sun.reflect.NativeMethodAccessorImpl.invoke0(Native Method)
	at sun.reflect.NativeMethodAccessorImpl.invoke(NativeMethodAccessorImpl.java:62)
	at sun.reflect.DelegatingMethodAccessorImpl.invoke(DelegatingMethodAccessorImpl.java:43)
	at java.lang.reflect.Method.invoke(Method.java:483)
	at org.junit.runners.model.FrameworkMethod$1.runReflectiveCall(FrameworkMethod.java:50)
	at org.junit.internal.runners.model.ReflectiveCallable.run(ReflectiveCallable.java:12)
	at org.junit.runners.model.FrameworkMethod.invokeExplosively(FrameworkMethod.java:47)
	at org.junit.internal.runners.statements.InvokeMethod.evaluate(InvokeMethod.java:17)
	at org.junit.internal.runners.statements.RunBefores.evaluate(RunBefores.java:26)
	at org.junit.runners.ParentRunner.runLeaf(ParentRunner.java:325)
	at org.junit.runners.BlockJUnit4ClassRunner.runChild(BlockJUnit4ClassRunner.java:78)
	at org.junit.runners.BlockJUnit4ClassRunner.runChild(BlockJUnit4ClassRunner.java:57)
	at org.junit.runners.ParentRunner$3.run(ParentRunner.java:290)
	at org.junit.runners.ParentRunner$1.schedule(ParentRunner.java:71)
	at org.junit.runners.ParentRunner.runChildren(ParentRunner.java:288)
	at org.junit.runners.ParentRunner.access$000(ParentRunner.java:58)
	at org.junit.runners.ParentRunner$2.evaluate(ParentRunner.java:268)
	at org.junit.runners.ParentRunner.run(ParentRunner.java:363)
	at org.apache.maven.surefire.junit4.JUnit4TestSet.execute(JUnit4TestSet.java:53)
	at org.apache.maven.surefire.junit4.JUnit4Provider.executeTestSet(JUnit4Provider.java:123)
	at org.apache.maven.surefire.junit4.JUnit4Provider.invoke(JUnit4Provider.java:104)
	at sun.reflect.NativeMethodAccessorImpl.invoke0(Native Method)
	at sun.reflect.NativeMethodAccessorImpl.invoke(NativeMethodAccessorImpl.java:62)
	at sun.reflect.DelegatingMethodAccessorImpl.invoke(DelegatingMethodAccessorImpl.java:43)
	at java.lang.reflect.Method.invoke(Method.java:483)
	at org.apache.maven.surefire.util.ReflectionUtils.invokeMethodWithArray(ReflectionUtils.java:164)
	at org.apache.maven.surefire.booter.ProviderFactory$ProviderProxy.invoke(ProviderFactory.java:110)
	at org.apache.maven.surefire.booter.SurefireStarter.invokeProvider(SurefireStarter.java:175)
	at org.apache.maven.surefire.booter.SurefireStarter.runSuitesInProcessWhenForked(SurefireStarter.java:107)
	at org.apache.maven.surefire.booter.ForkedBooter.main(ForkedBooter.java:68)
</failure>
    <system-err>Error in cipher list
5274:error:1410D0B9:SSL routines:SSL_CTX_set_cipher_list:no cipher match:/SourceCache/OpenSSL098/OpenSSL098-52.10.1/src/ssl/ssl_lib.c:1223:

</system-err>
  </testcase>
  <testcase classname="org.apache.tomcat.util.net.jsse.openssl.TestOpenSSLCipherConfigurationParser" name="testkECDHr" time="0.005">
    <failure message="Tested &apos;kECDHr&apos;:  expected:&lt;[]&gt; but was:&lt;[TLS_ECDH_RSA_WITH_AES_256_GCM_SHA384,TLS_ECDH_RSA_WITH_AES_256_CBC_SHA384,TLS_ECDH_RSA_WITH_AES_256_CBC_SHA,TLS_ECDH_RSA_WITH_3DES_EDE_CBC_SHA,TLS_ECDH_RSA_WITH_AES_128_GCM_SHA256,TLS_ECDH_RSA_WITH_AES_128_CBC_SHA256,TLS_ECDH_RSA_WITH_AES_128_CBC_SHA,TLS_ECDH_RSA_WITH_RC4_128_SHA,TLS_ECDH_RSA_WITH_NULL_SHA,]&gt;" type="org.junit.ComparisonFailure">org.junit.ComparisonFailure: Tested &apos;kECDHr&apos;:  expected:&lt;[]&gt; but was:&lt;[TLS_ECDH_RSA_WITH_AES_256_GCM_SHA384,TLS_ECDH_RSA_WITH_AES_256_CBC_SHA384,TLS_ECDH_RSA_WITH_AES_256_CBC_SHA,TLS_ECDH_RSA_WITH_3DES_EDE_CBC_SHA,TLS_ECDH_RSA_WITH_AES_128_GCM_SHA256,TLS_ECDH_RSA_WITH_AES_128_CBC_SHA256,TLS_ECDH_RSA_WITH_AES_128_CBC_SHA,TLS_ECDH_RSA_WITH_RC4_128_SHA,TLS_ECDH_RSA_WITH_NULL_SHA,]&gt;
	at org.junit.Assert.assertEquals(Assert.java:115)
	at org.apache.tomcat.util.net.jsse.openssl.TestOpenSSLCipherConfigurationParser.testSpecification(TestOpenSSLCipherConfigurationParser.java:499)
	at org.apache.tomcat.util.net.jsse.openssl.TestOpenSSLCipherConfigurationParser.testkECDHr(TestOpenSSLCipherConfigurationParser.java:163)
	at sun.reflect.NativeMethodAccessorImpl.invoke0(Native Method)
	at sun.reflect.NativeMethodAccessorImpl.invoke(NativeMethodAccessorImpl.java:62)
	at sun.reflect.DelegatingMethodAccessorImpl.invoke(DelegatingMethodAccessorImpl.java:43)
	at java.lang.reflect.Method.invoke(Method.java:483)
	at org.junit.runners.model.FrameworkMethod$1.runReflectiveCall(FrameworkMethod.java:50)
	at org.junit.internal.runners.model.ReflectiveCallable.run(ReflectiveCallable.java:12)
	at org.junit.runners.model.FrameworkMethod.invokeExplosively(FrameworkMethod.java:47)
	at org.junit.internal.runners.statements.InvokeMethod.evaluate(InvokeMethod.java:17)
	at org.junit.internal.runners.statements.RunBefores.evaluate(RunBefores.java:26)
	at org.junit.runners.ParentRunner.runLeaf(ParentRunner.java:325)
	at org.junit.runners.BlockJUnit4ClassRunner.runChild(BlockJUnit4ClassRunner.java:78)
	at org.junit.runners.BlockJUnit4ClassRunner.runChild(BlockJUnit4ClassRunner.java:57)
	at org.junit.runners.ParentRunner$3.run(ParentRunner.java:290)
	at org.junit.runners.ParentRunner$1.schedule(ParentRunner.java:71)
	at org.junit.runners.ParentRunner.runChildren(ParentRunner.java:288)
	at org.junit.runners.ParentRunner.access$000(ParentRunner.java:58)
	at org.junit.runners.ParentRunner$2.evaluate(ParentRunner.java:268)
	at org.junit.runners.ParentRunner.run(ParentRunner.java:363)
	at org.apache.maven.surefire.junit4.JUnit4TestSet.execute(JUnit4TestSet.java:53)
	at org.apache.maven.surefire.junit4.JUnit4Provider.executeTestSet(JUnit4Provider.java:123)
	at org.apache.maven.surefire.junit4.JUnit4Provider.invoke(JUnit4Provider.java:104)
	at sun.reflect.NativeMethodAccessorImpl.invoke0(Native Method)
	at sun.reflect.NativeMethodAccessorImpl.invoke(NativeMethodAccessorImpl.java:62)
	at sun.reflect.DelegatingMethodAccessorImpl.invoke(DelegatingMethodAccessorImpl.java:43)
	at java.lang.reflect.Method.invoke(Method.java:483)
	at org.apache.maven.surefire.util.ReflectionUtils.invokeMethodWithArray(ReflectionUtils.java:164)
	at org.apache.maven.surefire.booter.ProviderFactory$ProviderProxy.invoke(ProviderFactory.java:110)
	at org.apache.maven.surefire.booter.SurefireStarter.invokeProvider(SurefireStarter.java:175)
	at org.apache.maven.surefire.booter.SurefireStarter.runSuitesInProcessWhenForked(SurefireStarter.java:107)
	at org.apache.maven.surefire.booter.ForkedBooter.main(ForkedBooter.java:68)
</failure>
    <system-err>Error in cipher list
5275:error:1410D0B9:SSL routines:SSL_CTX_set_cipher_list:no cipher match:/SourceCache/OpenSSL098/OpenSSL098-52.10.1/src/ssl/ssl_lib.c:1223:

</system-err>
  </testcase>
  <testcase classname="org.apache.tomcat.util.net.jsse.openssl.TestOpenSSLCipherConfigurationParser" name="testkEECDH" time="0.007">
    <failure message="Tested &apos;kEECDH&apos;:  expected:&lt;[]&gt; but was:&lt;[TLS_ECDHE_RSA_WITH_AES_256_GCM_SHA384,TLS_ECDHE_ECDSA_WITH_AES_256_GCM_SHA384,TLS_ECDHE_RSA_WITH_AES_256_CBC_SHA384,TLS_ECDHE_ECDSA_WITH_AES_256_CBC_SHA384,TLS_ECDHE_RSA_WITH_AES_256_CBC_SHA,TLS_ECDHE_ECDSA_WITH_AES_256_CBC_SHA,TLS_ECDH_anon_WITH_AES_256_CBC_SHA,TLS_ECDHE_RSA_WITH_3DES_EDE_CBC_SHA,TLS_ECDHE_ECDSA_WITH_3DES_EDE_CBC_SHA,TLS_ECDH_anon_WITH_3DES_EDE_CBC_SHA,TLS_ECDHE_RSA_WITH_AES_128_GCM_SHA256,TLS_ECDHE_ECDSA_WITH_AES_128_GCM_SHA256,TLS_ECDHE_RSA_WITH_AES_128_CBC_SHA256,TLS_ECDHE_ECDSA_WITH_AES_128_CBC_SHA256,TLS_ECDHE_RSA_WITH_AES_128_CBC_SHA,TLS_ECDHE_ECDSA_WITH_AES_128_CBC_SHA,TLS_ECDH_anon_WITH_AES_128_CBC_SHA,TLS_ECDHE_RSA_WITH_RC4_128_SHA,TLS_ECDHE_ECDSA_WITH_RC4_128_SHA,TLS_ECDH_anon_WITH_RC4_128_SHA,TLS_ECDHE_RSA_WITH_NULL_SHA,TLS_ECDHE_ECDSA_WITH_NULL_SHA,TLS_ECDH_anon_WITH_NULL_SHA,]&gt;" type="org.junit.ComparisonFailure">org.junit.ComparisonFailure: Tested &apos;kEECDH&apos;:  expected:&lt;[]&gt; but was:&lt;[TLS_ECDHE_RSA_WITH_AES_256_GCM_SHA384,TLS_ECDHE_ECDSA_WITH_AES_256_GCM_SHA384,TLS_ECDHE_RSA_WITH_AES_256_CBC_SHA384,TLS_ECDHE_ECDSA_WITH_AES_256_CBC_SHA384,TLS_ECDHE_RSA_WITH_AES_256_CBC_SHA,TLS_ECDHE_ECDSA_WITH_AES_256_CBC_SHA,TLS_ECDH_anon_WITH_AES_256_CBC_SHA,TLS_ECDHE_RSA_WITH_3DES_EDE_CBC_SHA,TLS_ECDHE_ECDSA_WITH_3DES_EDE_CBC_SHA,TLS_ECDH_anon_WITH_3DES_EDE_CBC_SHA,TLS_ECDHE_RSA_WITH_AES_128_GCM_SHA256,TLS_ECDHE_ECDSA_WITH_AES_128_GCM_SHA256,TLS_ECDHE_RSA_WITH_AES_128_CBC_SHA256,TLS_ECDHE_ECDSA_WITH_AES_128_CBC_SHA256,TLS_ECDHE_RSA_WITH_AES_128_CBC_SHA,TLS_ECDHE_ECDSA_WITH_AES_128_CBC_SHA,TLS_ECDH_anon_WITH_AES_128_CBC_SHA,TLS_ECDHE_RSA_WITH_RC4_128_SHA,TLS_ECDHE_ECDSA_WITH_RC4_128_SHA,TLS_ECDH_anon_WITH_RC4_128_SHA,TLS_ECDHE_RSA_WITH_NULL_SHA,TLS_ECDHE_ECDSA_WITH_NULL_SHA,TLS_ECDH_anon_WITH_NULL_SHA,]&gt;
	at org.junit.Assert.assertEquals(Assert.java:115)
	at org.apache.tomcat.util.net.jsse.openssl.TestOpenSSLCipherConfigurationParser.testSpecification(TestOpenSSLCipherConfigurationParser.java:499)
	at org.apache.tomcat.util.net.jsse.openssl.TestOpenSSLCipherConfigurationParser.testkEECDH(TestOpenSSLCipherConfigurationParser.java:181)
	at sun.reflect.NativeMethodAccessorImpl.invoke0(Native Method)
	at sun.reflect.NativeMethodAccessorImpl.invoke(NativeMethodAccessorImpl.java:62)
	at sun.reflect.DelegatingMethodAccessorImpl.invoke(DelegatingMethodAccessorImpl.java:43)
	at java.lang.reflect.Method.invoke(Method.java:483)
	at org.junit.runners.model.FrameworkMethod$1.runReflectiveCall(FrameworkMethod.java:50)
	at org.junit.internal.runners.model.ReflectiveCallable.run(ReflectiveCallable.java:12)
	at org.junit.runners.model.FrameworkMethod.invokeExplosively(FrameworkMethod.java:47)
	at org.junit.internal.runners.statements.InvokeMethod.evaluate(InvokeMethod.java:17)
	at org.junit.internal.runners.statements.RunBefores.evaluate(RunBefores.java:26)
	at org.junit.runners.ParentRunner.runLeaf(ParentRunner.java:325)
	at org.junit.runners.BlockJUnit4ClassRunner.runChild(BlockJUnit4ClassRunner.java:78)
	at org.junit.runners.BlockJUnit4ClassRunner.runChild(BlockJUnit4ClassRunner.java:57)
	at org.junit.runners.ParentRunner$3.run(ParentRunner.java:290)
	at org.junit.runners.ParentRunner$1.schedule(ParentRunner.java:71)
	at org.junit.runners.ParentRunner.runChildren(ParentRunner.java:288)
	at org.junit.runners.ParentRunner.access$000(ParentRunner.java:58)
	at org.junit.runners.ParentRunner$2.evaluate(ParentRunner.java:268)
	at org.junit.runners.ParentRunner.run(ParentRunner.java:363)
	at org.apache.maven.surefire.junit4.JUnit4TestSet.execute(JUnit4TestSet.java:53)
	at org.apache.maven.surefire.junit4.JUnit4Provider.executeTestSet(JUnit4Provider.java:123)
	at org.apache.maven.surefire.junit4.JUnit4Provider.invoke(JUnit4Provider.java:104)
	at sun.reflect.NativeMethodAccessorImpl.invoke0(Native Method)
	at sun.reflect.NativeMethodAccessorImpl.invoke(NativeMethodAccessorImpl.java:62)
	at sun.reflect.DelegatingMethodAccessorImpl.invoke(DelegatingMethodAccessorImpl.java:43)
	at java.lang.reflect.Method.invoke(Method.java:483)
	at org.apache.maven.surefire.util.ReflectionUtils.invokeMethodWithArray(ReflectionUtils.java:164)
	at org.apache.maven.surefire.booter.ProviderFactory$ProviderProxy.invoke(ProviderFactory.java:110)
	at org.apache.maven.surefire.booter.SurefireStarter.invokeProvider(SurefireStarter.java:175)
	at org.apache.maven.surefire.booter.SurefireStarter.runSuitesInProcessWhenForked(SurefireStarter.java:107)
	at org.apache.maven.surefire.booter.ForkedBooter.main(ForkedBooter.java:68)
</failure>
    <system-err>Error in cipher list
5276:error:1410D0B9:SSL routines:SSL_CTX_set_cipher_list:no cipher match:/SourceCache/OpenSSL098/OpenSSL098-52.10.1/src/ssl/ssl_lib.c:1223:

</system-err>
  </testcase>
  <testcase classname="org.apache.tomcat.util.net.jsse.openssl.TestOpenSSLCipherConfigurationParser" name="testGOST89MAC" time="0.005"/>
  <testcase classname="org.apache.tomcat.util.net.jsse.openssl.TestOpenSSLCipherConfigurationParser" name="testADH" time="0.006">
    <failure message="Tested &apos;ADH&apos;:  expected:&lt;...H_anon_WITH_AES_256_[CBC_SHA,TLS_DH_anon_WITH_3DES_EDE_CBC_SHA,SSL_DH_anon_WITH_3DES_EDE_CBC_SHA,TLS_DH_anon_WITH_AES_128_CBC_SHA,TLS_DH_anon_WITH_SEED]_CBC_SHA,SSL_DH_anon...&gt; but was:&lt;...H_anon_WITH_AES_256_[GCM_SHA384,TLS_DH_anon_WITH_AES_256_CBC_SHA256,TLS_DH_anon_WITH_AES_256_CBC_SHA,TLS_DH_anon_WITH_CAMELLIA_256_CBC_SHA,TLS_DH_anon_WITH_3DES_EDE_CBC_SHA,SSL_DH_anon_WITH_3DES_EDE_CBC_SHA,TLS_DH_anon_WITH_AES_128_GCM_SHA256,TLS_DH_anon_WITH_AES_128_CBC_SHA256,TLS_DH_anon_WITH_AES_128_CBC_SHA,TLS_DH_anon_WITH_SEED_CBC_SHA,TLS_DH_anon_WITH_CAMELLIA_128]_CBC_SHA,SSL_DH_anon...&gt;" type="org.junit.ComparisonFailure">org.junit.ComparisonFailure: Tested &apos;ADH&apos;:  expected:&lt;...H_anon_WITH_AES_256_[CBC_SHA,TLS_DH_anon_WITH_3DES_EDE_CBC_SHA,SSL_DH_anon_WITH_3DES_EDE_CBC_SHA,TLS_DH_anon_WITH_AES_128_CBC_SHA,TLS_DH_anon_WITH_SEED]_CBC_SHA,SSL_DH_anon...&gt; but was:&lt;...H_anon_WITH_AES_256_[GCM_SHA384,TLS_DH_anon_WITH_AES_256_CBC_SHA256,TLS_DH_anon_WITH_AES_256_CBC_SHA,TLS_DH_anon_WITH_CAMELLIA_256_CBC_SHA,TLS_DH_anon_WITH_3DES_EDE_CBC_SHA,SSL_DH_anon_WITH_3DES_EDE_CBC_SHA,TLS_DH_anon_WITH_AES_128_GCM_SHA256,TLS_DH_anon_WITH_AES_128_CBC_SHA256,TLS_DH_anon_WITH_AES_128_CBC_SHA,TLS_DH_anon_WITH_SEED_CBC_SHA,TLS_DH_anon_WITH_CAMELLIA_128]_CBC_SHA,SSL_DH_anon...&gt;
	at org.junit.Assert.assertEquals(Assert.java:115)
	at org.apache.tomcat.util.net.jsse.openssl.TestOpenSSLCipherConfigurationParser.testSpecification(TestOpenSSLCipherConfigurationParser.java:499)
	at org.apache.tomcat.util.net.jsse.openssl.TestOpenSSLCipherConfigurationParser.testADH(TestOpenSSLCipherConfigurationParser.java:304)
	at sun.reflect.NativeMethodAccessorImpl.invoke0(Native Method)
	at sun.reflect.NativeMethodAccessorImpl.invoke(NativeMethodAccessorImpl.java:62)
	at sun.reflect.DelegatingMethodAccessorImpl.invoke(DelegatingMethodAccessorImpl.java:43)
	at java.lang.reflect.Method.invoke(Method.java:483)
	at org.junit.runners.model.FrameworkMethod$1.runReflectiveCall(FrameworkMethod.java:50)
	at org.junit.internal.runners.model.ReflectiveCallable.run(ReflectiveCallable.java:12)
	at org.junit.runners.model.FrameworkMethod.invokeExplosively(FrameworkMethod.java:47)
	at org.junit.internal.runners.statements.InvokeMethod.evaluate(InvokeMethod.java:17)
	at org.junit.internal.runners.statements.RunBefores.evaluate(RunBefores.java:26)
	at org.junit.runners.ParentRunner.runLeaf(ParentRunner.java:325)
	at org.junit.runners.BlockJUnit4ClassRunner.runChild(BlockJUnit4ClassRunner.java:78)
	at org.junit.runners.BlockJUnit4ClassRunner.runChild(BlockJUnit4ClassRunner.java:57)
	at org.junit.runners.ParentRunner$3.run(ParentRunner.java:290)
	at org.junit.runners.ParentRunner$1.schedule(ParentRunner.java:71)
	at org.junit.runners.ParentRunner.runChildren(ParentRunner.java:288)
	at org.junit.runners.ParentRunner.access$000(ParentRunner.java:58)
	at org.junit.runners.ParentRunner$2.evaluate(ParentRunner.java:268)
	at org.junit.runners.ParentRunner.run(ParentRunner.java:363)
	at org.apache.maven.surefire.junit4.JUnit4TestSet.execute(JUnit4TestSet.java:53)
	at org.apache.maven.surefire.junit4.JUnit4Provider.executeTestSet(JUnit4Provider.java:123)
	at org.apache.maven.surefire.junit4.JUnit4Provider.invoke(JUnit4Provider.java:104)
	at sun.reflect.NativeMethodAccessorImpl.invoke0(Native Method)
	at sun.reflect.NativeMethodAccessorImpl.invoke(NativeMethodAccessorImpl.java:62)
	at sun.reflect.DelegatingMethodAccessorImpl.invoke(DelegatingMethodAccessorImpl.java:43)
	at java.lang.reflect.Method.invoke(Method.java:483)
	at org.apache.maven.surefire.util.ReflectionUtils.invokeMethodWithArray(ReflectionUtils.java:164)
	at org.apache.maven.surefire.booter.ProviderFactory$ProviderProxy.invoke(ProviderFactory.java:110)
	at org.apache.maven.surefire.booter.SurefireStarter.invokeProvider(SurefireStarter.java:175)
	at org.apache.maven.surefire.booter.SurefireStarter.runSuitesInProcessWhenForked(SurefireStarter.java:107)
	at org.apache.maven.surefire.booter.ForkedBooter.main(ForkedBooter.java:68)
</failure>
  </testcase>
  <testcase classname="org.apache.tomcat.util.net.jsse.openssl.TestOpenSSLCipherConfigurationParser" name="testAES" time="0.006">
    <failure message="Tested &apos;AES&apos;:  expected:&lt;TLS_[DHE_RSA_WITH_AES_256_CBC_SHA,TLS_DHE_DSS_WITH_AES_256_CBC_SHA,TLS_DH_anon_WITH_AES_256_CBC_SHA,TLS_RSA_WITH_AES_256_CBC_SHA,TLS_DHE_RSA_WITH_AES_128_CBC_SHA,TLS_DHE_DSS_WITH_AES_128_CBC_SHA,TLS_DH_anon_WITH_AES_128_CBC_SHA,TLS_RSA]_WITH_AES_128_CBC_SH...&gt; but was:&lt;TLS_[ECDHE_RSA_WITH_AES_256_GCM_SHA384,TLS_ECDHE_ECDSA_WITH_AES_256_GCM_SHA384,TLS_ECDHE_RSA_WITH_AES_256_CBC_SHA384,TLS_ECDHE_ECDSA_WITH_AES_256_CBC_SHA384,TLS_ECDHE_RSA_WITH_AES_256_CBC_SHA,TLS_ECDHE_ECDSA_WITH_AES_256_CBC_SHA,TLS_SRP_SHA_DSS_WITH_AES_256_CBC_SHA,TLS_SRP_SHA_RSA_WITH_AES_256_CBC_SHA,TLS_SRP_SHA_WITH_AES_256_CBC_SHA,TLS_DH_DSS_WITH_AES_256_GCM_SHA384,TLS_DHE_DSS_WITH_AES_256_GCM_SHA384,TLS_DH_RSA_WITH_AES_256_GCM_SHA384,TLS_DHE_RSA_WITH_AES_256_GCM_SHA384,TLS_DHE_RSA_WITH_AES_256_CBC_SHA256,TLS_DHE_DSS_WITH_AES_256_CBC_SHA256,TLS_DH_RSA_WITH_AES_256_CBC_SHA256,TLS_DH_DSS_WITH_AES_256_CBC_SHA256,TLS_DHE_RSA_WITH_AES_256_CBC_SHA,TLS_DHE_DSS_WITH_AES_256_CBC_SHA,TLS_DH_RSA_WITH_AES_256_CBC_SHA,TLS_DH_DSS_WITH_AES_256_CBC_SHA,TLS_ECDH_anon_WITH_AES_256_CBC_SHA,TLS_DH_anon_WITH_AES_256_GCM_SHA384,TLS_DH_anon_WITH_AES_256_CBC_SHA256,TLS_DH_anon_WITH_AES_256_CBC_SHA,TLS_ECDH_RSA_WITH_AES_256_GCM_SHA384,TLS_ECDH_ECDSA_WITH_AES_256_GCM_SHA384,TLS_ECDH_RSA_WITH_AES_256_CBC_SHA384,TLS_ECDH_ECDSA_WITH_AES_256_CBC_SHA384,TLS_ECDH_RSA_WITH_AES_256_CBC_SHA,TLS_ECDH_ECDSA_WITH_AES_256_CBC_SHA,TLS_RSA_WITH_AES_256_GCM_SHA384,TLS_RSA_WITH_AES_256_CBC_SHA256,TLS_RSA_WITH_AES_256_CBC_SHA,TLS_PSK_WITH_AES_256_CBC_SHA,TLS_ECDHE_RSA_WITH_AES_128_GCM_SHA256,TLS_ECDHE_ECDSA_WITH_AES_128_GCM_SHA256,TLS_ECDHE_RSA_WITH_AES_128_CBC_SHA256,TLS_ECDHE_ECDSA_WITH_AES_128_CBC_SHA256,TLS_ECDHE_RSA_WITH_AES_128_CBC_SHA,TLS_ECDHE_ECDSA_WITH_AES_128_CBC_SHA,TLS_SRP_SHA_DSS_WITH_AES_128_CBC_SHA,TLS_SRP_SHA_RSA_WITH_AES_128_CBC_SHA,TLS_SRP_SHA_WITH_AES_128_CBC_SHA,TLS_DH_DSS_WITH_AES_128_GCM_SHA256,TLS_DHE_DSS_WITH_AES_128_GCM_SHA256,TLS_DH_RSA_WITH_AES_128_GCM_SHA256,TLS_DHE_RSA_WITH_AES_128_GCM_SHA256,TLS_DHE_RSA_WITH_AES_128_CBC_SHA256,TLS_DHE_DSS_WITH_AES_128_CBC_SHA256,TLS_DH_RSA_WITH_AES_128_CBC_SHA256,TLS_DH_DSS_WITH_AES_128_CBC_SHA256,TLS_DHE_RSA_WITH_AES_128_CBC_SHA,TLS_DHE_DSS_WITH_AES_128_CBC_SHA,TLS_DH_RSA_WITH_AES_128_CBC_SHA,TLS_DH_DSS_WITH_AES_128_CBC_SHA,TLS_ECDH_anon_WITH_AES_128_CBC_SHA,TLS_DH_anon_WITH_AES_128_GCM_SHA256,TLS_DH_anon_WITH_AES_128_CBC_SHA256,TLS_DH_anon_WITH_AES_128_CBC_SHA,TLS_ECDH_RSA_WITH_AES_128_GCM_SHA256,TLS_ECDH_ECDSA_WITH_AES_128_GCM_SHA256,TLS_ECDH_RSA_WITH_AES_128_CBC_SHA256,TLS_ECDH_ECDSA_WITH_AES_128_CBC_SHA256,TLS_ECDH_RSA_WITH_AES_128_CBC_SHA,TLS_ECDH_ECDSA_WITH_AES_128_CBC_SHA,TLS_RSA_WITH_AES_128_GCM_SHA256,TLS_RSA_WITH_AES_128_CBC_SHA256,TLS_RSA_WITH_AES_128_CBC_SHA,TLS_PSK]_WITH_AES_128_CBC_SH...&gt;" type="org.junit.ComparisonFailure">org.junit.ComparisonFailure: Tested &apos;AES&apos;:  expected:&lt;TLS_[DHE_RSA_WITH_AES_256_CBC_SHA,TLS_DHE_DSS_WITH_AES_256_CBC_SHA,TLS_DH_anon_WITH_AES_256_CBC_SHA,TLS_RSA_WITH_AES_256_CBC_SHA,TLS_DHE_RSA_WITH_AES_128_CBC_SHA,TLS_DHE_DSS_WITH_AES_128_CBC_SHA,TLS_DH_anon_WITH_AES_128_CBC_SHA,TLS_RSA]_WITH_AES_128_CBC_SH...&gt; but was:&lt;TLS_[ECDHE_RSA_WITH_AES_256_GCM_SHA384,TLS_ECDHE_ECDSA_WITH_AES_256_GCM_SHA384,TLS_ECDHE_RSA_WITH_AES_256_CBC_SHA384,TLS_ECDHE_ECDSA_WITH_AES_256_CBC_SHA384,TLS_ECDHE_RSA_WITH_AES_256_CBC_SHA,TLS_ECDHE_ECDSA_WITH_AES_256_CBC_SHA,TLS_SRP_SHA_DSS_WITH_AES_256_CBC_SHA,TLS_SRP_SHA_RSA_WITH_AES_256_CBC_SHA,TLS_SRP_SHA_WITH_AES_256_CBC_SHA,TLS_DH_DSS_WITH_AES_256_GCM_SHA384,TLS_DHE_DSS_WITH_AES_256_GCM_SHA384,TLS_DH_RSA_WITH_AES_256_GCM_SHA384,TLS_DHE_RSA_WITH_AES_256_GCM_SHA384,TLS_DHE_RSA_WITH_AES_256_CBC_SHA256,TLS_DHE_DSS_WITH_AES_256_CBC_SHA256,TLS_DH_RSA_WITH_AES_256_CBC_SHA256,TLS_DH_DSS_WITH_AES_256_CBC_SHA256,TLS_DHE_RSA_WITH_AES_256_CBC_SHA,TLS_DHE_DSS_WITH_AES_256_CBC_SHA,TLS_DH_RSA_WITH_AES_256_CBC_SHA,TLS_DH_DSS_WITH_AES_256_CBC_SHA,TLS_ECDH_anon_WITH_AES_256_CBC_SHA,TLS_DH_anon_WITH_AES_256_GCM_SHA384,TLS_DH_anon_WITH_AES_256_CBC_SHA256,TLS_DH_anon_WITH_AES_256_CBC_SHA,TLS_ECDH_RSA_WITH_AES_256_GCM_SHA384,TLS_ECDH_ECDSA_WITH_AES_256_GCM_SHA384,TLS_ECDH_RSA_WITH_AES_256_CBC_SHA384,TLS_ECDH_ECDSA_WITH_AES_256_CBC_SHA384,TLS_ECDH_RSA_WITH_AES_256_CBC_SHA,TLS_ECDH_ECDSA_WITH_AES_256_CBC_SHA,TLS_RSA_WITH_AES_256_GCM_SHA384,TLS_RSA_WITH_AES_256_CBC_SHA256,TLS_RSA_WITH_AES_256_CBC_SHA,TLS_PSK_WITH_AES_256_CBC_SHA,TLS_ECDHE_RSA_WITH_AES_128_GCM_SHA256,TLS_ECDHE_ECDSA_WITH_AES_128_GCM_SHA256,TLS_ECDHE_RSA_WITH_AES_128_CBC_SHA256,TLS_ECDHE_ECDSA_WITH_AES_128_CBC_SHA256,TLS_ECDHE_RSA_WITH_AES_128_CBC_SHA,TLS_ECDHE_ECDSA_WITH_AES_128_CBC_SHA,TLS_SRP_SHA_DSS_WITH_AES_128_CBC_SHA,TLS_SRP_SHA_RSA_WITH_AES_128_CBC_SHA,TLS_SRP_SHA_WITH_AES_128_CBC_SHA,TLS_DH_DSS_WITH_AES_128_GCM_SHA256,TLS_DHE_DSS_WITH_AES_128_GCM_SHA256,TLS_DH_RSA_WITH_AES_128_GCM_SHA256,TLS_DHE_RSA_WITH_AES_128_GCM_SHA256,TLS_DHE_RSA_WITH_AES_128_CBC_SHA256,TLS_DHE_DSS_WITH_AES_128_CBC_SHA256,TLS_DH_RSA_WITH_AES_128_CBC_SHA256,TLS_DH_DSS_WITH_AES_128_CBC_SHA256,TLS_DHE_RSA_WITH_AES_128_CBC_SHA,TLS_DHE_DSS_WITH_AES_128_CBC_SHA,TLS_DH_RSA_WITH_AES_128_CBC_SHA,TLS_DH_DSS_WITH_AES_128_CBC_SHA,TLS_ECDH_anon_WITH_AES_128_CBC_SHA,TLS_DH_anon_WITH_AES_128_GCM_SHA256,TLS_DH_anon_WITH_AES_128_CBC_SHA256,TLS_DH_anon_WITH_AES_128_CBC_SHA,TLS_ECDH_RSA_WITH_AES_128_GCM_SHA256,TLS_ECDH_ECDSA_WITH_AES_128_GCM_SHA256,TLS_ECDH_RSA_WITH_AES_128_CBC_SHA256,TLS_ECDH_ECDSA_WITH_AES_128_CBC_SHA256,TLS_ECDH_RSA_WITH_AES_128_CBC_SHA,TLS_ECDH_ECDSA_WITH_AES_128_CBC_SHA,TLS_RSA_WITH_AES_128_GCM_SHA256,TLS_RSA_WITH_AES_128_CBC_SHA256,TLS_RSA_WITH_AES_128_CBC_SHA,TLS_PSK]_WITH_AES_128_CBC_SH...&gt;
	at org.junit.Assert.assertEquals(Assert.java:115)
	at org.apache.tomcat.util.net.jsse.openssl.TestOpenSSLCipherConfigurationParser.testSpecification(TestOpenSSLCipherConfigurationParser.java:499)
	at org.apache.tomcat.util.net.jsse.openssl.TestOpenSSLCipherConfigurationParser.testAES(TestOpenSSLCipherConfigurationParser.java:322)
	at sun.reflect.NativeMethodAccessorImpl.invoke0(Native Method)
	at sun.reflect.NativeMethodAccessorImpl.invoke(NativeMethodAccessorImpl.java:62)
	at sun.reflect.DelegatingMethodAccessorImpl.invoke(DelegatingMethodAccessorImpl.java:43)
	at java.lang.reflect.Method.invoke(Method.java:483)
	at org.junit.runners.model.FrameworkMethod$1.runReflectiveCall(FrameworkMethod.java:50)
	at org.junit.internal.runners.model.ReflectiveCallable.run(ReflectiveCallable.java:12)
	at org.junit.runners.model.FrameworkMethod.invokeExplosively(FrameworkMethod.java:47)
	at org.junit.internal.runners.statements.InvokeMethod.evaluate(InvokeMethod.java:17)
	at org.junit.internal.runners.statements.RunBefores.evaluate(RunBefores.java:26)
	at org.junit.runners.ParentRunner.runLeaf(ParentRunner.java:325)
	at org.junit.runners.BlockJUnit4ClassRunner.runChild(BlockJUnit4ClassRunner.java:78)
	at org.junit.runners.BlockJUnit4ClassRunner.runChild(BlockJUnit4ClassRunner.java:57)
	at org.junit.runners.ParentRunner$3.run(ParentRunner.java:290)
	at org.junit.runners.ParentRunner$1.schedule(ParentRunner.java:71)
	at org.junit.runners.ParentRunner.runChildren(ParentRunner.java:288)
	at org.junit.runners.ParentRunner.access$000(ParentRunner.java:58)
	at org.junit.runners.ParentRunner$2.evaluate(ParentRunner.java:268)
	at org.junit.runners.ParentRunner.run(ParentRunner.java:363)
	at org.apache.maven.surefire.junit4.JUnit4TestSet.execute(JUnit4TestSet.java:53)
	at org.apache.maven.surefire.junit4.JUnit4Provider.executeTestSet(JUnit4Provider.java:123)
	at org.apache.maven.surefire.junit4.JUnit4Provider.invoke(JUnit4Provider.java:104)
	at sun.reflect.NativeMethodAccessorImpl.invoke0(Native Method)
	at sun.reflect.NativeMethodAccessorImpl.invoke(NativeMethodAccessorImpl.java:62)
	at sun.reflect.DelegatingMethodAccessorImpl.invoke(DelegatingMethodAccessorImpl.java:43)
	at java.lang.reflect.Method.invoke(Method.java:483)
	at org.apache.maven.surefire.util.ReflectionUtils.invokeMethodWithArray(ReflectionUtils.java:164)
	at org.apache.maven.surefire.booter.ProviderFactory$ProviderProxy.invoke(ProviderFactory.java:110)
	at org.apache.maven.surefire.booter.SurefireStarter.invokeProvider(SurefireStarter.java:175)
	at org.apache.maven.surefire.booter.SurefireStarter.runSuitesInProcessWhenForked(SurefireStarter.java:107)
	at org.apache.maven.surefire.booter.ForkedBooter.main(ForkedBooter.java:68)
</failure>
  </testcase>
  <testcase classname="org.apache.tomcat.util.net.jsse.openssl.TestOpenSSLCipherConfigurationParser" name="testALL" time="0.008">
    <failure message="Tested &apos;ALL&apos;:  expected:&lt;TLS_[DHE_RSA_WITH_AES_256_CBC_SHA,TLS_DHE_DSS_WITH_AES_256_CBC_SHA,TLS_DH_anon_WITH_AES_256_CBC_SHA,TLS_RSA_WITH_AES_256_CBC_SHA,SSL_DHE_RSA_WITH_3DES_EDE_CBC_SHA,TLS_DHE_RSA_WITH_3DES_EDE_CBC_SHA,TLS_DHE_DSS_WITH_3DES_EDE_CBC_SHA,SSL_DHE_DSS_WITH_3DES_EDE_CBC_SHA,TLS_DH_anon_WITH_3DES_EDE_CBC_SHA,SSL_DH_anon_WITH_3DES_EDE_CBC_SHA,TLS_RSA_WITH_3DES_EDE_CBC_SHA,SSL_RSA_WITH_3DES_EDE_CBC_SHA,SSL2_DES_192_EDE3_CBC_WITH_MD5,SSL_CK_DES_192_EDE3_CBC_WITH_MD5,TLS_DHE_RSA_WITH_AES_128_CBC_SHA,TLS_DHE_DSS_WITH_AES_128_CBC_SHA,TLS_DHE_RSA_WITH_SEED_CBC_SHA,TLS_DHE_DSS_WITH_SEED_CBC_SHA,TLS_DH_anon_WITH_AES_128_CBC_SHA,TLS_DH_anon_WITH_SEED_CBC_SHA,TLS_RSA_WITH_AES_128_CBC_SHA,TLS_RSA_WITH_SEED_CBC_SHA,SSL2_RC2_CBC_128_CBC_WITH_MD5,SSL_DH_anon_WITH_RC4_128_MD5,TLS_DH_anon_WITH_RC4_128_MD5,TLS_RSA_WITH_RC4_128_SHA,SSL_RSA_WITH_RC4_128_SHA,SSL_RSA_WITH_RC4_128_MD5,TLS_RSA_WITH_RC4_128_MD5,SSL_CK_RC4_128_WITH_MD5,SSL_DHE_RSA_WITH_DES_CBC_SHA,TLS_DHE_RSA_WITH_DES_CBC_SHA,SSL_DHE_DSS_WITH_DES_CBC_SHA,TLS_DHE_DSS_WITH_DES_CBC_SHA,TLS_DH_anon_WITH_DES_CBC_SHA,SSL_DH_anon_WITH_DES_CBC_SHA,SSL_RSA_WITH_DES_CBC_SHA,TLS_RSA_WITH_DES_CBC_SHA,SSL_CK_DES_64_CBC_WITH_MD5,SSL2_DES_64_CBC_WITH_MD5,SSL_DHE_RSA_EXPORT_WITH_DES40_CBC_SHA,TLS_DHE_RSA_EXPORT_WITH_DES40_CBC_SHA,SSL_DHE_DSS_EXPORT_WITH_DES40_CBC_SHA,TLS_DHE]_DSS_EXPORT_WITH_DES...&gt; but was:&lt;TLS_[ECDHE_RSA_WITH_AES_256_GCM_SHA384,TLS_ECDHE_ECDSA_WITH_AES_256_GCM_SHA384,TLS_ECDHE_RSA_WITH_AES_256_CBC_SHA384,TLS_ECDHE_ECDSA_WITH_AES_256_CBC_SHA384,TLS_ECDHE_RSA_WITH_AES_256_CBC_SHA,TLS_ECDHE_ECDSA_WITH_AES_256_CBC_SHA,TLS_SRP_SHA_DSS_WITH_AES_256_CBC_SHA,TLS_SRP_SHA_RSA_WITH_AES_256_CBC_SHA,TLS_SRP_SHA_WITH_AES_256_CBC_SHA,TLS_DH_DSS_WITH_AES_256_GCM_SHA384,TLS_DHE_DSS_WITH_AES_256_GCM_SHA384,TLS_DH_RSA_WITH_AES_256_GCM_SHA384,TLS_DHE_RSA_WITH_AES_256_GCM_SHA384,TLS_DHE_RSA_WITH_AES_256_CBC_SHA256,TLS_DHE_DSS_WITH_AES_256_CBC_SHA256,TLS_DH_RSA_WITH_AES_256_CBC_SHA256,TLS_DH_DSS_WITH_AES_256_CBC_SHA256,TLS_DHE_RSA_WITH_AES_256_CBC_SHA,TLS_DHE_DSS_WITH_AES_256_CBC_SHA,TLS_DH_RSA_WITH_AES_256_CBC_SHA,TLS_DH_DSS_WITH_AES_256_CBC_SHA,TLS_DHE_RSA_WITH_CAMELLIA_256_CBC_SHA,TLS_DHE_DSS_WITH_CAMELLIA_256_CBC_SHA,TLS_DH_RSA_WITH_CAMELLIA_256_CBC_SHA,TLS_DH_DSS_WITH_CAMELLIA_256_CBC_SHA,TLS_ECDH_anon_WITH_AES_256_CBC_SHA,TLS_DH_anon_WITH_AES_256_GCM_SHA384,TLS_DH_anon_WITH_AES_256_CBC_SHA256,TLS_DH_anon_WITH_AES_256_CBC_SHA,TLS_DH_anon_WITH_CAMELLIA_256_CBC_SHA,TLS_ECDH_RSA_WITH_AES_256_GCM_SHA384,TLS_ECDH_ECDSA_WITH_AES_256_GCM_SHA384,TLS_ECDH_RSA_WITH_AES_256_CBC_SHA384,TLS_ECDH_ECDSA_WITH_AES_256_CBC_SHA384,TLS_ECDH_RSA_WITH_AES_256_CBC_SHA,TLS_ECDH_ECDSA_WITH_AES_256_CBC_SHA,TLS_RSA_WITH_AES_256_GCM_SHA384,TLS_RSA_WITH_AES_256_CBC_SHA256,TLS_RSA_WITH_AES_256_CBC_SHA,TLS_RSA_WITH_CAMELLIA_256_CBC_SHA,TLS_PSK_WITH_AES_256_CBC_SHA,TLS_ECDHE_RSA_WITH_3DES_EDE_CBC_SHA,TLS_ECDHE_ECDSA_WITH_3DES_EDE_CBC_SHA,TLS_SRP_SHA_DSS_WITH_3DES_EDE_CBC_SHA,TLS_SRP_SHA_RSA_WITH_3DES_EDE_CBC_SHA,TLS_SRP_SHA_WITH_3DES_EDE_CBC_SHA,SSL_DHE_RSA_WITH_3DES_EDE_CBC_SHA,TLS_DHE_RSA_WITH_3DES_EDE_CBC_SHA,TLS_DHE_DSS_WITH_3DES_EDE_CBC_SHA,SSL_DHE_DSS_WITH_3DES_EDE_CBC_SHA,TLS_DH_RSA_WITH_3DES_EDE_CBC_SHA,SSL_DH_RSA_WITH_3DES_EDE_CBC_SHA,TLS_DH_DSS_WITH_3DES_EDE_CBC_SHA,SSL_DH_DSS_WITH_3DES_EDE_CBC_SHA,TLS_ECDH_anon_WITH_3DES_EDE_CBC_SHA,TLS_DH_anon_WITH_3DES_EDE_CBC_SHA,SSL_DH_anon_WITH_3DES_EDE_CBC_SHA,TLS_ECDH_RSA_WITH_3DES_EDE_CBC_SHA,TLS_ECDH_ECDSA_WITH_3DES_EDE_CBC_SHA,TLS_RSA_WITH_3DES_EDE_CBC_SHA,SSL_RSA_WITH_3DES_EDE_CBC_SHA,SSL2_DES_192_EDE3_CBC_WITH_MD5,SSL_CK_DES_192_EDE3_CBC_WITH_MD5,TLS_PSK_WITH_3DES_EDE_CBC_SHA,TLS_ECDHE_RSA_WITH_AES_128_GCM_SHA256,TLS_ECDHE_ECDSA_WITH_AES_128_GCM_SHA256,TLS_ECDHE_RSA_WITH_AES_128_CBC_SHA256,TLS_ECDHE_ECDSA_WITH_AES_128_CBC_SHA256,TLS_ECDHE_RSA_WITH_AES_128_CBC_SHA,TLS_ECDHE_ECDSA_WITH_AES_128_CBC_SHA,TLS_SRP_SHA_DSS_WITH_AES_128_CBC_SHA,TLS_SRP_SHA_RSA_WITH_AES_128_CBC_SHA,TLS_SRP_SHA_WITH_AES_128_CBC_SHA,TLS_DH_DSS_WITH_AES_128_GCM_SHA256,TLS_DHE_DSS_WITH_AES_128_GCM_SHA256,TLS_DH_RSA_WITH_AES_128_GCM_SHA256,TLS_DHE_RSA_WITH_AES_128_GCM_SHA256,TLS_DHE_RSA_WITH_AES_128_CBC_SHA256,TLS_DHE_DSS_WITH_AES_128_CBC_SHA256,TLS_DH_RSA_WITH_AES_128_CBC_SHA256,TLS_DH_DSS_WITH_AES_128_CBC_SHA256,TLS_DHE_RSA_WITH_AES_128_CBC_SHA,TLS_DHE_DSS_WITH_AES_128_CBC_SHA,TLS_DH_RSA_WITH_AES_128_CBC_SHA,TLS_DH_DSS_WITH_AES_128_CBC_SHA,TLS_DHE_RSA_WITH_SEED_CBC_SHA,TLS_DHE_DSS_WITH_SEED_CBC_SHA,TLS_DH_RSA_WITH_SEED_CBC_SHA,TLS_DH_DSS_WITH_SEED_CBC_SHA,TLS_DHE_RSA_WITH_CAMELLIA_128_CBC_SHA,TLS_DHE_DSS_WITH_CAMELLIA_128_CBC_SHA,TLS_DH_RSA_WITH_CAMELLIA_128_CBC_SHA,TLS_DH_DSS_WITH_CAMELLIA_128_CBC_SHA,TLS_ECDH_anon_WITH_AES_128_CBC_SHA,TLS_DH_anon_WITH_AES_128_GCM_SHA256,TLS_DH_anon_WITH_AES_128_CBC_SHA256,TLS_DH_anon_WITH_AES_128_CBC_SHA,TLS_DH_anon_WITH_SEED_CBC_SHA,TLS_DH_anon_WITH_CAMELLIA_128_CBC_SHA,TLS_ECDH_RSA_WITH_AES_128_GCM_SHA256,TLS_ECDH_ECDSA_WITH_AES_128_GCM_SHA256,TLS_ECDH_RSA_WITH_AES_128_CBC_SHA256,TLS_ECDH_ECDSA_WITH_AES_128_CBC_SHA256,TLS_ECDH_RSA_WITH_AES_128_CBC_SHA,TLS_ECDH_ECDSA_WITH_AES_128_CBC_SHA,TLS_RSA_WITH_AES_128_GCM_SHA256,TLS_RSA_WITH_AES_128_CBC_SHA256,TLS_RSA_WITH_AES_128_CBC_SHA,TLS_RSA_WITH_SEED_CBC_SHA,TLS_RSA_WITH_CAMELLIA_128_CBC_SHA,SSL_RSA_WITH_IDEA_CBC_SHA,TLS_RSA_WITH_IDEA_CBC_SHA,SSL_CK_IDEA_128_CBC_WITH_MD5,SSL2_IDEA_128_CBC_WITH_MD5,SSL2_RC2_CBC_128_CBC_WITH_MD5,TLS_PSK_WITH_AES_128_CBC_SHA,TLS_ECDHE_RSA_WITH_RC4_128_SHA,TLS_ECDHE_ECDSA_WITH_RC4_128_SHA,TLS_ECDH_anon_WITH_RC4_128_SHA,SSL_DH_anon_WITH_RC4_128_MD5,TLS_DH_anon_WITH_RC4_128_MD5,TLS_ECDH_RSA_WITH_RC4_128_SHA,TLS_ECDH_ECDSA_WITH_RC4_128_SHA,TLS_RSA_WITH_RC4_128_SHA,SSL_RSA_WITH_RC4_128_SHA,SSL_RSA_WITH_RC4_128_MD5,TLS_RSA_WITH_RC4_128_MD5,SSL_CK_RC4_128_WITH_MD5,TLS_PSK_WITH_RC4_128_SHA,SSL_DHE_RSA_WITH_DES_CBC_SHA,TLS_DHE_RSA_WITH_DES_CBC_SHA,SSL_DHE_DSS_WITH_DES_CBC_SHA,TLS_DHE_DSS_WITH_DES_CBC_SHA,SSL_DH_RSA_WITH_DES_CBC_SHA,TLS_DH_RSA_WITH_DES_CBC_SHA,SSL_DH_DSS_WITH_DES_CBC_SHA,TLS_DH_DSS_WITH_DES_CBC_SHA,TLS_DH_anon_WITH_DES_CBC_SHA,SSL_DH_anon_WITH_DES_CBC_SHA,SSL_RSA_WITH_DES_CBC_SHA,TLS_RSA_WITH_DES_CBC_SHA,SSL_CK_DES_64_CBC_WITH_MD5,SSL2_DES_64_CBC_WITH_MD5,SSL_DHE_RSA_EXPORT_WITH_DES40_CBC_SHA,TLS_DHE_RSA_EXPORT_WITH_DES40_CBC_SHA,SSL_DHE_DSS_EXPORT_WITH_DES40_CBC_SHA,TLS_DHE_DSS_EXPORT_WITH_DES40_CBC_SHA,SSL_DH_RSA_EXPORT_WITH_DES40_CBC_SHA,TLS_DH_RSA_EXPORT_WITH_DES40_CBC_SHA,SSL_DH_DSS_EXPORT_WITH_DES40_CBC_SHA,TLS_DH]_DSS_EXPORT_WITH_DES...&gt;" type="org.junit.ComparisonFailure">org.junit.ComparisonFailure: Tested &apos;ALL&apos;:  expected:&lt;TLS_[DHE_RSA_WITH_AES_256_CBC_SHA,TLS_DHE_DSS_WITH_AES_256_CBC_SHA,TLS_DH_anon_WITH_AES_256_CBC_SHA,TLS_RSA_WITH_AES_256_CBC_SHA,SSL_DHE_RSA_WITH_3DES_EDE_CBC_SHA,TLS_DHE_RSA_WITH_3DES_EDE_CBC_SHA,TLS_DHE_DSS_WITH_3DES_EDE_CBC_SHA,SSL_DHE_DSS_WITH_3DES_EDE_CBC_SHA,TLS_DH_anon_WITH_3DES_EDE_CBC_SHA,SSL_DH_anon_WITH_3DES_EDE_CBC_SHA,TLS_RSA_WITH_3DES_EDE_CBC_SHA,SSL_RSA_WITH_3DES_EDE_CBC_SHA,SSL2_DES_192_EDE3_CBC_WITH_MD5,SSL_CK_DES_192_EDE3_CBC_WITH_MD5,TLS_DHE_RSA_WITH_AES_128_CBC_SHA,TLS_DHE_DSS_WITH_AES_128_CBC_SHA,TLS_DHE_RSA_WITH_SEED_CBC_SHA,TLS_DHE_DSS_WITH_SEED_CBC_SHA,TLS_DH_anon_WITH_AES_128_CBC_SHA,TLS_DH_anon_WITH_SEED_CBC_SHA,TLS_RSA_WITH_AES_128_CBC_SHA,TLS_RSA_WITH_SEED_CBC_SHA,SSL2_RC2_CBC_128_CBC_WITH_MD5,SSL_DH_anon_WITH_RC4_128_MD5,TLS_DH_anon_WITH_RC4_128_MD5,TLS_RSA_WITH_RC4_128_SHA,SSL_RSA_WITH_RC4_128_SHA,SSL_RSA_WITH_RC4_128_MD5,TLS_RSA_WITH_RC4_128_MD5,SSL_CK_RC4_128_WITH_MD5,SSL_DHE_RSA_WITH_DES_CBC_SHA,TLS_DHE_RSA_WITH_DES_CBC_SHA,SSL_DHE_DSS_WITH_DES_CBC_SHA,TLS_DHE_DSS_WITH_DES_CBC_SHA,TLS_DH_anon_WITH_DES_CBC_SHA,SSL_DH_anon_WITH_DES_CBC_SHA,SSL_RSA_WITH_DES_CBC_SHA,TLS_RSA_WITH_DES_CBC_SHA,SSL_CK_DES_64_CBC_WITH_MD5,SSL2_DES_64_CBC_WITH_MD5,SSL_DHE_RSA_EXPORT_WITH_DES40_CBC_SHA,TLS_DHE_RSA_EXPORT_WITH_DES40_CBC_SHA,SSL_DHE_DSS_EXPORT_WITH_DES40_CBC_SHA,TLS_DHE]_DSS_EXPORT_WITH_DES...&gt; but was:&lt;TLS_[ECDHE_RSA_WITH_AES_256_GCM_SHA384,TLS_ECDHE_ECDSA_WITH_AES_256_GCM_SHA384,TLS_ECDHE_RSA_WITH_AES_256_CBC_SHA384,TLS_ECDHE_ECDSA_WITH_AES_256_CBC_SHA384,TLS_ECDHE_RSA_WITH_AES_256_CBC_SHA,TLS_ECDHE_ECDSA_WITH_AES_256_CBC_SHA,TLS_SRP_SHA_DSS_WITH_AES_256_CBC_SHA,TLS_SRP_SHA_RSA_WITH_AES_256_CBC_SHA,TLS_SRP_SHA_WITH_AES_256_CBC_SHA,TLS_DH_DSS_WITH_AES_256_GCM_SHA384,TLS_DHE_DSS_WITH_AES_256_GCM_SHA384,TLS_DH_RSA_WITH_AES_256_GCM_SHA384,TLS_DHE_RSA_WITH_AES_256_GCM_SHA384,TLS_DHE_RSA_WITH_AES_256_CBC_SHA256,TLS_DHE_DSS_WITH_AES_256_CBC_SHA256,TLS_DH_RSA_WITH_AES_256_CBC_SHA256,TLS_DH_DSS_WITH_AES_256_CBC_SHA256,TLS_DHE_RSA_WITH_AES_256_CBC_SHA,TLS_DHE_DSS_WITH_AES_256_CBC_SHA,TLS_DH_RSA_WITH_AES_256_CBC_SHA,TLS_DH_DSS_WITH_AES_256_CBC_SHA,TLS_DHE_RSA_WITH_CAMELLIA_256_CBC_SHA,TLS_DHE_DSS_WITH_CAMELLIA_256_CBC_SHA,TLS_DH_RSA_WITH_CAMELLIA_256_CBC_SHA,TLS_DH_DSS_WITH_CAMELLIA_256_CBC_SHA,TLS_ECDH_anon_WITH_AES_256_CBC_SHA,TLS_DH_anon_WITH_AES_256_GCM_SHA384,TLS_DH_anon_WITH_AES_256_CBC_SHA256,TLS_DH_anon_WITH_AES_256_CBC_SHA,TLS_DH_anon_WITH_CAMELLIA_256_CBC_SHA,TLS_ECDH_RSA_WITH_AES_256_GCM_SHA384,TLS_ECDH_ECDSA_WITH_AES_256_GCM_SHA384,TLS_ECDH_RSA_WITH_AES_256_CBC_SHA384,TLS_ECDH_ECDSA_WITH_AES_256_CBC_SHA384,TLS_ECDH_RSA_WITH_AES_256_CBC_SHA,TLS_ECDH_ECDSA_WITH_AES_256_CBC_SHA,TLS_RSA_WITH_AES_256_GCM_SHA384,TLS_RSA_WITH_AES_256_CBC_SHA256,TLS_RSA_WITH_AES_256_CBC_SHA,TLS_RSA_WITH_CAMELLIA_256_CBC_SHA,TLS_PSK_WITH_AES_256_CBC_SHA,TLS_ECDHE_RSA_WITH_3DES_EDE_CBC_SHA,TLS_ECDHE_ECDSA_WITH_3DES_EDE_CBC_SHA,TLS_SRP_SHA_DSS_WITH_3DES_EDE_CBC_SHA,TLS_SRP_SHA_RSA_WITH_3DES_EDE_CBC_SHA,TLS_SRP_SHA_WITH_3DES_EDE_CBC_SHA,SSL_DHE_RSA_WITH_3DES_EDE_CBC_SHA,TLS_DHE_RSA_WITH_3DES_EDE_CBC_SHA,TLS_DHE_DSS_WITH_3DES_EDE_CBC_SHA,SSL_DHE_DSS_WITH_3DES_EDE_CBC_SHA,TLS_DH_RSA_WITH_3DES_EDE_CBC_SHA,SSL_DH_RSA_WITH_3DES_EDE_CBC_SHA,TLS_DH_DSS_WITH_3DES_EDE_CBC_SHA,SSL_DH_DSS_WITH_3DES_EDE_CBC_SHA,TLS_ECDH_anon_WITH_3DES_EDE_CBC_SHA,TLS_DH_anon_WITH_3DES_EDE_CBC_SHA,SSL_DH_anon_WITH_3DES_EDE_CBC_SHA,TLS_ECDH_RSA_WITH_3DES_EDE_CBC_SHA,TLS_ECDH_ECDSA_WITH_3DES_EDE_CBC_SHA,TLS_RSA_WITH_3DES_EDE_CBC_SHA,SSL_RSA_WITH_3DES_EDE_CBC_SHA,SSL2_DES_192_EDE3_CBC_WITH_MD5,SSL_CK_DES_192_EDE3_CBC_WITH_MD5,TLS_PSK_WITH_3DES_EDE_CBC_SHA,TLS_ECDHE_RSA_WITH_AES_128_GCM_SHA256,TLS_ECDHE_ECDSA_WITH_AES_128_GCM_SHA256,TLS_ECDHE_RSA_WITH_AES_128_CBC_SHA256,TLS_ECDHE_ECDSA_WITH_AES_128_CBC_SHA256,TLS_ECDHE_RSA_WITH_AES_128_CBC_SHA,TLS_ECDHE_ECDSA_WITH_AES_128_CBC_SHA,TLS_SRP_SHA_DSS_WITH_AES_128_CBC_SHA,TLS_SRP_SHA_RSA_WITH_AES_128_CBC_SHA,TLS_SRP_SHA_WITH_AES_128_CBC_SHA,TLS_DH_DSS_WITH_AES_128_GCM_SHA256,TLS_DHE_DSS_WITH_AES_128_GCM_SHA256,TLS_DH_RSA_WITH_AES_128_GCM_SHA256,TLS_DHE_RSA_WITH_AES_128_GCM_SHA256,TLS_DHE_RSA_WITH_AES_128_CBC_SHA256,TLS_DHE_DSS_WITH_AES_128_CBC_SHA256,TLS_DH_RSA_WITH_AES_128_CBC_SHA256,TLS_DH_DSS_WITH_AES_128_CBC_SHA256,TLS_DHE_RSA_WITH_AES_128_CBC_SHA,TLS_DHE_DSS_WITH_AES_128_CBC_SHA,TLS_DH_RSA_WITH_AES_128_CBC_SHA,TLS_DH_DSS_WITH_AES_128_CBC_SHA,TLS_DHE_RSA_WITH_SEED_CBC_SHA,TLS_DHE_DSS_WITH_SEED_CBC_SHA,TLS_DH_RSA_WITH_SEED_CBC_SHA,TLS_DH_DSS_WITH_SEED_CBC_SHA,TLS_DHE_RSA_WITH_CAMELLIA_128_CBC_SHA,TLS_DHE_DSS_WITH_CAMELLIA_128_CBC_SHA,TLS_DH_RSA_WITH_CAMELLIA_128_CBC_SHA,TLS_DH_DSS_WITH_CAMELLIA_128_CBC_SHA,TLS_ECDH_anon_WITH_AES_128_CBC_SHA,TLS_DH_anon_WITH_AES_128_GCM_SHA256,TLS_DH_anon_WITH_AES_128_CBC_SHA256,TLS_DH_anon_WITH_AES_128_CBC_SHA,TLS_DH_anon_WITH_SEED_CBC_SHA,TLS_DH_anon_WITH_CAMELLIA_128_CBC_SHA,TLS_ECDH_RSA_WITH_AES_128_GCM_SHA256,TLS_ECDH_ECDSA_WITH_AES_128_GCM_SHA256,TLS_ECDH_RSA_WITH_AES_128_CBC_SHA256,TLS_ECDH_ECDSA_WITH_AES_128_CBC_SHA256,TLS_ECDH_RSA_WITH_AES_128_CBC_SHA,TLS_ECDH_ECDSA_WITH_AES_128_CBC_SHA,TLS_RSA_WITH_AES_128_GCM_SHA256,TLS_RSA_WITH_AES_128_CBC_SHA256,TLS_RSA_WITH_AES_128_CBC_SHA,TLS_RSA_WITH_SEED_CBC_SHA,TLS_RSA_WITH_CAMELLIA_128_CBC_SHA,SSL_RSA_WITH_IDEA_CBC_SHA,TLS_RSA_WITH_IDEA_CBC_SHA,SSL_CK_IDEA_128_CBC_WITH_MD5,SSL2_IDEA_128_CBC_WITH_MD5,SSL2_RC2_CBC_128_CBC_WITH_MD5,TLS_PSK_WITH_AES_128_CBC_SHA,TLS_ECDHE_RSA_WITH_RC4_128_SHA,TLS_ECDHE_ECDSA_WITH_RC4_128_SHA,TLS_ECDH_anon_WITH_RC4_128_SHA,SSL_DH_anon_WITH_RC4_128_MD5,TLS_DH_anon_WITH_RC4_128_MD5,TLS_ECDH_RSA_WITH_RC4_128_SHA,TLS_ECDH_ECDSA_WITH_RC4_128_SHA,TLS_RSA_WITH_RC4_128_SHA,SSL_RSA_WITH_RC4_128_SHA,SSL_RSA_WITH_RC4_128_MD5,TLS_RSA_WITH_RC4_128_MD5,SSL_CK_RC4_128_WITH_MD5,TLS_PSK_WITH_RC4_128_SHA,SSL_DHE_RSA_WITH_DES_CBC_SHA,TLS_DHE_RSA_WITH_DES_CBC_SHA,SSL_DHE_DSS_WITH_DES_CBC_SHA,TLS_DHE_DSS_WITH_DES_CBC_SHA,SSL_DH_RSA_WITH_DES_CBC_SHA,TLS_DH_RSA_WITH_DES_CBC_SHA,SSL_DH_DSS_WITH_DES_CBC_SHA,TLS_DH_DSS_WITH_DES_CBC_SHA,TLS_DH_anon_WITH_DES_CBC_SHA,SSL_DH_anon_WITH_DES_CBC_SHA,SSL_RSA_WITH_DES_CBC_SHA,TLS_RSA_WITH_DES_CBC_SHA,SSL_CK_DES_64_CBC_WITH_MD5,SSL2_DES_64_CBC_WITH_MD5,SSL_DHE_RSA_EXPORT_WITH_DES40_CBC_SHA,TLS_DHE_RSA_EXPORT_WITH_DES40_CBC_SHA,SSL_DHE_DSS_EXPORT_WITH_DES40_CBC_SHA,TLS_DHE_DSS_EXPORT_WITH_DES40_CBC_SHA,SSL_DH_RSA_EXPORT_WITH_DES40_CBC_SHA,TLS_DH_RSA_EXPORT_WITH_DES40_CBC_SHA,SSL_DH_DSS_EXPORT_WITH_DES40_CBC_SHA,TLS_DH]_DSS_EXPORT_WITH_DES...&gt;
	at org.junit.Assert.assertEquals(Assert.java:115)
	at org.apache.tomcat.util.net.jsse.openssl.TestOpenSSLCipherConfigurationParser.testSpecification(TestOpenSSLCipherConfigurationParser.java:499)
	at org.apache.tomcat.util.net.jsse.openssl.TestOpenSSLCipherConfigurationParser.testALL(TestOpenSSLCipherConfigurationParser.java:49)
	at sun.reflect.NativeMethodAccessorImpl.invoke0(Native Method)
	at sun.reflect.NativeMethodAccessorImpl.invoke(NativeMethodAccessorImpl.java:62)
	at sun.reflect.DelegatingMethodAccessorImpl.invoke(DelegatingMethodAccessorImpl.java:43)
	at java.lang.reflect.Method.invoke(Method.java:483)
	at org.junit.runners.model.FrameworkMethod$1.runReflectiveCall(FrameworkMethod.java:50)
	at org.junit.internal.runners.model.ReflectiveCallable.run(ReflectiveCallable.java:12)
	at org.junit.runners.model.FrameworkMethod.invokeExplosively(FrameworkMethod.java:47)
	at org.junit.internal.runners.statements.InvokeMethod.evaluate(InvokeMethod.java:17)
	at org.junit.internal.runners.statements.RunBefores.evaluate(RunBefores.java:26)
	at org.junit.runners.ParentRunner.runLeaf(ParentRunner.java:325)
	at org.junit.runners.BlockJUnit4ClassRunner.runChild(BlockJUnit4ClassRunner.java:78)
	at org.junit.runners.BlockJUnit4ClassRunner.runChild(BlockJUnit4ClassRunner.java:57)
	at org.junit.runners.ParentRunner$3.run(ParentRunner.java:290)
	at org.junit.runners.ParentRunner$1.schedule(ParentRunner.java:71)
	at org.junit.runners.ParentRunner.runChildren(ParentRunner.java:288)
	at org.junit.runners.ParentRunner.access$000(ParentRunner.java:58)
	at org.junit.runners.ParentRunner$2.evaluate(ParentRunner.java:268)
	at org.junit.runners.ParentRunner.run(ParentRunner.java:363)
	at org.apache.maven.surefire.junit4.JUnit4TestSet.execute(JUnit4TestSet.java:53)
	at org.apache.maven.surefire.junit4.JUnit4Provider.executeTestSet(JUnit4Provider.java:123)
	at org.apache.maven.surefire.junit4.JUnit4Provider.invoke(JUnit4Provider.java:104)
	at sun.reflect.NativeMethodAccessorImpl.invoke0(Native Method)
	at sun.reflect.NativeMethodAccessorImpl.invoke(NativeMethodAccessorImpl.java:62)
	at sun.reflect.DelegatingMethodAccessorImpl.invoke(DelegatingMethodAccessorImpl.java:43)
	at java.lang.reflect.Method.invoke(Method.java:483)
	at org.apache.maven.surefire.util.ReflectionUtils.invokeMethodWithArray(ReflectionUtils.java:164)
	at org.apache.maven.surefire.booter.ProviderFactory$ProviderProxy.invoke(ProviderFactory.java:110)
	at org.apache.maven.surefire.booter.SurefireStarter.invokeProvider(SurefireStarter.java:175)
	at org.apache.maven.surefire.booter.SurefireStarter.runSuitesInProcessWhenForked(SurefireStarter.java:107)
	at org.apache.maven.surefire.booter.ForkedBooter.main(ForkedBooter.java:68)
</failure>
  </testcase>
  <testcase classname="org.apache.tomcat.util.net.jsse.openssl.TestOpenSSLCipherConfigurationParser" name="testDES" time="0.006">
    <failure message="Tested &apos;DES&apos;:  expected:&lt;...SS_WITH_DES_CBC_SHA,[TLS_DH_anon_WITH_DES_CBC_SHA,SSL_DH_anon_WITH_DES_CBC_SHA,SSL_RSA_WITH_DES_CBC_SHA,TLS_RSA_WITH_DES_CBC_SHA,SSL_CK_DES_64_CBC_WITH_MD5,SSL2_DES_64_CBC_WITH_MD5,SSL_DHE_RSA_EXPORT_WITH_DES40_CBC_SHA,TLS_DHE_RSA_EXPORT_WITH_DES40_CBC_SHA,SSL_DHE_DSS_EXPORT_WITH_DES40_CBC_SHA,TLS_DHE]_DSS_EXPORT_WITH_DES...&gt; but was:&lt;...SS_WITH_DES_CBC_SHA,[SSL_DH_RSA_WITH_DES_CBC_SHA,TLS_DH_RSA_WITH_DES_CBC_SHA,SSL_DH_DSS_WITH_DES_CBC_SHA,TLS_DH_DSS_WITH_DES_CBC_SHA,TLS_DH_anon_WITH_DES_CBC_SHA,SSL_DH_anon_WITH_DES_CBC_SHA,SSL_RSA_WITH_DES_CBC_SHA,TLS_RSA_WITH_DES_CBC_SHA,SSL_CK_DES_64_CBC_WITH_MD5,SSL2_DES_64_CBC_WITH_MD5,SSL_DHE_RSA_EXPORT_WITH_DES40_CBC_SHA,TLS_DHE_RSA_EXPORT_WITH_DES40_CBC_SHA,SSL_DHE_DSS_EXPORT_WITH_DES40_CBC_SHA,TLS_DHE_DSS_EXPORT_WITH_DES40_CBC_SHA,SSL_DH_RSA_EXPORT_WITH_DES40_CBC_SHA,TLS_DH_RSA_EXPORT_WITH_DES40_CBC_SHA,SSL_DH_DSS_EXPORT_WITH_DES40_CBC_SHA,TLS_DH]_DSS_EXPORT_WITH_DES...&gt;" type="org.junit.ComparisonFailure">org.junit.ComparisonFailure: Tested &apos;DES&apos;:  expected:&lt;...SS_WITH_DES_CBC_SHA,[TLS_DH_anon_WITH_DES_CBC_SHA,SSL_DH_anon_WITH_DES_CBC_SHA,SSL_RSA_WITH_DES_CBC_SHA,TLS_RSA_WITH_DES_CBC_SHA,SSL_CK_DES_64_CBC_WITH_MD5,SSL2_DES_64_CBC_WITH_MD5,SSL_DHE_RSA_EXPORT_WITH_DES40_CBC_SHA,TLS_DHE_RSA_EXPORT_WITH_DES40_CBC_SHA,SSL_DHE_DSS_EXPORT_WITH_DES40_CBC_SHA,TLS_DHE]_DSS_EXPORT_WITH_DES...&gt; but was:&lt;...SS_WITH_DES_CBC_SHA,[SSL_DH_RSA_WITH_DES_CBC_SHA,TLS_DH_RSA_WITH_DES_CBC_SHA,SSL_DH_DSS_WITH_DES_CBC_SHA,TLS_DH_DSS_WITH_DES_CBC_SHA,TLS_DH_anon_WITH_DES_CBC_SHA,SSL_DH_anon_WITH_DES_CBC_SHA,SSL_RSA_WITH_DES_CBC_SHA,TLS_RSA_WITH_DES_CBC_SHA,SSL_CK_DES_64_CBC_WITH_MD5,SSL2_DES_64_CBC_WITH_MD5,SSL_DHE_RSA_EXPORT_WITH_DES40_CBC_SHA,TLS_DHE_RSA_EXPORT_WITH_DES40_CBC_SHA,SSL_DHE_DSS_EXPORT_WITH_DES40_CBC_SHA,TLS_DHE_DSS_EXPORT_WITH_DES40_CBC_SHA,SSL_DH_RSA_EXPORT_WITH_DES40_CBC_SHA,TLS_DH_RSA_EXPORT_WITH_DES40_CBC_SHA,SSL_DH_DSS_EXPORT_WITH_DES40_CBC_SHA,TLS_DH]_DSS_EXPORT_WITH_DES...&gt;
	at org.junit.Assert.assertEquals(Assert.java:115)
	at org.apache.tomcat.util.net.jsse.openssl.TestOpenSSLCipherConfigurationParser.testSpecification(TestOpenSSLCipherConfigurationParser.java:499)
	at org.apache.tomcat.util.net.jsse.openssl.TestOpenSSLCipherConfigurationParser.testDES(TestOpenSSLCipherConfigurationParser.java:358)
	at sun.reflect.NativeMethodAccessorImpl.invoke0(Native Method)
	at sun.reflect.NativeMethodAccessorImpl.invoke(NativeMethodAccessorImpl.java:62)
	at sun.reflect.DelegatingMethodAccessorImpl.invoke(DelegatingMethodAccessorImpl.java:43)
	at java.lang.reflect.Method.invoke(Method.java:483)
	at org.junit.runners.model.FrameworkMethod$1.runReflectiveCall(FrameworkMethod.java:50)
	at org.junit.internal.runners.model.ReflectiveCallable.run(ReflectiveCallable.java:12)
	at org.junit.runners.model.FrameworkMethod.invokeExplosively(FrameworkMethod.java:47)
	at org.junit.internal.runners.statements.InvokeMethod.evaluate(InvokeMethod.java:17)
	at org.junit.internal.runners.statements.RunBefores.evaluate(RunBefores.java:26)
	at org.junit.runners.ParentRunner.runLeaf(ParentRunner.java:325)
	at org.junit.runners.BlockJUnit4ClassRunner.runChild(BlockJUnit4ClassRunner.java:78)
	at org.junit.runners.BlockJUnit4ClassRunner.runChild(BlockJUnit4ClassRunner.java:57)
	at org.junit.runners.ParentRunner$3.run(ParentRunner.java:290)
	at org.junit.runners.ParentRunner$1.schedule(ParentRunner.java:71)
	at org.junit.runners.ParentRunner.runChildren(ParentRunner.java:288)
	at org.junit.runners.ParentRunner.access$000(ParentRunner.java:58)
	at org.junit.runners.ParentRunner$2.evaluate(ParentRunner.java:268)
	at org.junit.runners.ParentRunner.run(ParentRunner.java:363)
	at org.apache.maven.surefire.junit4.JUnit4TestSet.execute(JUnit4TestSet.java:53)
	at org.apache.maven.surefire.junit4.JUnit4Provider.executeTestSet(JUnit4Provider.java:123)
	at org.apache.maven.surefire.junit4.JUnit4Provider.invoke(JUnit4Provider.java:104)
	at sun.reflect.NativeMethodAccessorImpl.invoke0(Native Method)
	at sun.reflect.NativeMethodAccessorImpl.invoke(NativeMethodAccessorImpl.java:62)
	at sun.reflect.DelegatingMethodAccessorImpl.invoke(DelegatingMethodAccessorImpl.java:43)
	at java.lang.reflect.Method.invoke(Method.java:483)
	at org.apache.maven.surefire.util.ReflectionUtils.invokeMethodWithArray(ReflectionUtils.java:164)
	at org.apache.maven.surefire.booter.ProviderFactory$ProviderProxy.invoke(ProviderFactory.java:110)
	at org.apache.maven.surefire.booter.SurefireStarter.invokeProvider(SurefireStarter.java:175)
	at org.apache.maven.surefire.booter.SurefireStarter.runSuitesInProcessWhenForked(SurefireStarter.java:107)
	at org.apache.maven.surefire.booter.ForkedBooter.main(ForkedBooter.java:68)
</failure>
  </testcase>
  <testcase classname="org.apache.tomcat.util.net.jsse.openssl.TestOpenSSLCipherConfigurationParser" name="testDHE" time="0.005">
    <failure message="Tested &apos;DHE&apos;:  expected:&lt;[]&gt; but was:&lt;[TLS_DHE_DSS_WITH_AES_256_GCM_SHA384,TLS_DHE_RSA_WITH_AES_256_GCM_SHA384,TLS_DHE_RSA_WITH_AES_256_CBC_SHA256,TLS_DHE_DSS_WITH_AES_256_CBC_SHA256,TLS_DHE_RSA_WITH_AES_256_CBC_SHA,TLS_DHE_DSS_WITH_AES_256_CBC_SHA,TLS_DHE_RSA_WITH_CAMELLIA_256_CBC_SHA,TLS_DHE_DSS_WITH_CAMELLIA_256_CBC_SHA,SSL_DHE_RSA_WITH_3DES_EDE_CBC_SHA,TLS_DHE_RSA_WITH_3DES_EDE_CBC_SHA,TLS_DHE_DSS_WITH_3DES_EDE_CBC_SHA,SSL_DHE_DSS_WITH_3DES_EDE_CBC_SHA,TLS_DHE_DSS_WITH_AES_128_GCM_SHA256,TLS_DHE_RSA_WITH_AES_128_GCM_SHA256,TLS_DHE_RSA_WITH_AES_128_CBC_SHA256,TLS_DHE_DSS_WITH_AES_128_CBC_SHA256,TLS_DHE_RSA_WITH_AES_128_CBC_SHA,TLS_DHE_DSS_WITH_AES_128_CBC_SHA,TLS_DHE_RSA_WITH_SEED_CBC_SHA,TLS_DHE_DSS_WITH_SEED_CBC_SHA,TLS_DHE_RSA_WITH_CAMELLIA_128_CBC_SHA,TLS_DHE_DSS_WITH_CAMELLIA_128_CBC_SHA,SSL_DHE_RSA_WITH_DES_CBC_SHA,TLS_DHE_RSA_WITH_DES_CBC_SHA,SSL_DHE_DSS_WITH_DES_CBC_SHA,TLS_DHE_DSS_WITH_DES_CBC_SHA,SSL_DHE_RSA_EXPORT_WITH_DES40_CBC_SHA,TLS_DHE_RSA_EXPORT_WITH_DES40_CBC_SHA,SSL_DHE_DSS_EXPORT_WITH_DES40_CBC_SHA,TLS_DHE_DSS_EXPORT_WITH_DES40_CBC_SHA,]&gt;" type="org.junit.ComparisonFailure">org.junit.ComparisonFailure: Tested &apos;DHE&apos;:  expected:&lt;[]&gt; but was:&lt;[TLS_DHE_DSS_WITH_AES_256_GCM_SHA384,TLS_DHE_RSA_WITH_AES_256_GCM_SHA384,TLS_DHE_RSA_WITH_AES_256_CBC_SHA256,TLS_DHE_DSS_WITH_AES_256_CBC_SHA256,TLS_DHE_RSA_WITH_AES_256_CBC_SHA,TLS_DHE_DSS_WITH_AES_256_CBC_SHA,TLS_DHE_RSA_WITH_CAMELLIA_256_CBC_SHA,TLS_DHE_DSS_WITH_CAMELLIA_256_CBC_SHA,SSL_DHE_RSA_WITH_3DES_EDE_CBC_SHA,TLS_DHE_RSA_WITH_3DES_EDE_CBC_SHA,TLS_DHE_DSS_WITH_3DES_EDE_CBC_SHA,SSL_DHE_DSS_WITH_3DES_EDE_CBC_SHA,TLS_DHE_DSS_WITH_AES_128_GCM_SHA256,TLS_DHE_RSA_WITH_AES_128_GCM_SHA256,TLS_DHE_RSA_WITH_AES_128_CBC_SHA256,TLS_DHE_DSS_WITH_AES_128_CBC_SHA256,TLS_DHE_RSA_WITH_AES_128_CBC_SHA,TLS_DHE_DSS_WITH_AES_128_CBC_SHA,TLS_DHE_RSA_WITH_SEED_CBC_SHA,TLS_DHE_DSS_WITH_SEED_CBC_SHA,TLS_DHE_RSA_WITH_CAMELLIA_128_CBC_SHA,TLS_DHE_DSS_WITH_CAMELLIA_128_CBC_SHA,SSL_DHE_RSA_WITH_DES_CBC_SHA,TLS_DHE_RSA_WITH_DES_CBC_SHA,SSL_DHE_DSS_WITH_DES_CBC_SHA,TLS_DHE_DSS_WITH_DES_CBC_SHA,SSL_DHE_RSA_EXPORT_WITH_DES40_CBC_SHA,TLS_DHE_RSA_EXPORT_WITH_DES40_CBC_SHA,SSL_DHE_DSS_EXPORT_WITH_DES40_CBC_SHA,TLS_DHE_DSS_EXPORT_WITH_DES40_CBC_SHA,]&gt;
	at org.junit.Assert.assertEquals(Assert.java:115)
	at org.apache.tomcat.util.net.jsse.openssl.TestOpenSSLCipherConfigurationParser.testSpecification(TestOpenSSLCipherConfigurationParser.java:499)
	at org.apache.tomcat.util.net.jsse.openssl.TestOpenSSLCipherConfigurationParser.testDHE(TestOpenSSLCipherConfigurationParser.java:139)
	at sun.reflect.NativeMethodAccessorImpl.invoke0(Native Method)
	at sun.reflect.NativeMethodAccessorImpl.invoke(NativeMethodAccessorImpl.java:62)
	at sun.reflect.DelegatingMethodAccessorImpl.invoke(DelegatingMethodAccessorImpl.java:43)
	at java.lang.reflect.Method.invoke(Method.java:483)
	at org.junit.runners.model.FrameworkMethod$1.runReflectiveCall(FrameworkMethod.java:50)
	at org.junit.internal.runners.model.ReflectiveCallable.run(ReflectiveCallable.java:12)
	at org.junit.runners.model.FrameworkMethod.invokeExplosively(FrameworkMethod.java:47)
	at org.junit.internal.runners.statements.InvokeMethod.evaluate(InvokeMethod.java:17)
	at org.junit.internal.runners.statements.RunBefores.evaluate(RunBefores.java:26)
	at org.junit.runners.ParentRunner.runLeaf(ParentRunner.java:325)
	at org.junit.runners.BlockJUnit4ClassRunner.runChild(BlockJUnit4ClassRunner.java:78)
	at org.junit.runners.BlockJUnit4ClassRunner.runChild(BlockJUnit4ClassRunner.java:57)
	at org.junit.runners.ParentRunner$3.run(ParentRunner.java:290)
	at org.junit.runners.ParentRunner$1.schedule(ParentRunner.java:71)
	at org.junit.runners.ParentRunner.runChildren(ParentRunner.java:288)
	at org.junit.runners.ParentRunner.access$000(ParentRunner.java:58)
	at org.junit.runners.ParentRunner$2.evaluate(ParentRunner.java:268)
	at org.junit.runners.ParentRunner.run(ParentRunner.java:363)
	at org.apache.maven.surefire.junit4.JUnit4TestSet.execute(JUnit4TestSet.java:53)
	at org.apache.maven.surefire.junit4.JUnit4Provider.executeTestSet(JUnit4Provider.java:123)
	at org.apache.maven.surefire.junit4.JUnit4Provider.invoke(JUnit4Provider.java:104)
	at sun.reflect.NativeMethodAccessorImpl.invoke0(Native Method)
	at sun.reflect.NativeMethodAccessorImpl.invoke(NativeMethodAccessorImpl.java:62)
	at sun.reflect.DelegatingMethodAccessorImpl.invoke(DelegatingMethodAccessorImpl.java:43)
	at java.lang.reflect.Method.invoke(Method.java:483)
	at org.apache.maven.surefire.util.ReflectionUtils.invokeMethodWithArray(ReflectionUtils.java:164)
	at org.apache.maven.surefire.booter.ProviderFactory$ProviderProxy.invoke(ProviderFactory.java:110)
	at org.apache.maven.surefire.booter.SurefireStarter.invokeProvider(SurefireStarter.java:175)
	at org.apache.maven.surefire.booter.SurefireStarter.runSuitesInProcessWhenForked(SurefireStarter.java:107)
	at org.apache.maven.surefire.booter.ForkedBooter.main(ForkedBooter.java:68)
</failure>
    <system-err>Error in cipher list
5282:error:1410D0B9:SSL routines:SSL_CTX_set_cipher_list:no cipher match:/SourceCache/OpenSSL098/OpenSSL098-52.10.1/src/ssl/ssl_lib.c:1223:

</system-err>
  </testcase>
  <testcase classname="org.apache.tomcat.util.net.jsse.openssl.TestOpenSSLCipherConfigurationParser" name="testEDH" time="0.006">
    <failure message="Tested &apos;EDH&apos;:  expected:&lt;[]&gt; but was:&lt;[TLS_DHE_DSS_WITH_AES_256_GCM_SHA384,TLS_DHE_RSA_WITH_AES_256_GCM_SHA384,TLS_DHE_RSA_WITH_AES_256_CBC_SHA256,TLS_DHE_DSS_WITH_AES_256_CBC_SHA256,TLS_DHE_RSA_WITH_AES_256_CBC_SHA,TLS_DHE_DSS_WITH_AES_256_CBC_SHA,TLS_DHE_RSA_WITH_CAMELLIA_256_CBC_SHA,TLS_DHE_DSS_WITH_CAMELLIA_256_CBC_SHA,SSL_DHE_RSA_WITH_3DES_EDE_CBC_SHA,TLS_DHE_RSA_WITH_3DES_EDE_CBC_SHA,TLS_DHE_DSS_WITH_3DES_EDE_CBC_SHA,SSL_DHE_DSS_WITH_3DES_EDE_CBC_SHA,TLS_DHE_DSS_WITH_AES_128_GCM_SHA256,TLS_DHE_RSA_WITH_AES_128_GCM_SHA256,TLS_DHE_RSA_WITH_AES_128_CBC_SHA256,TLS_DHE_DSS_WITH_AES_128_CBC_SHA256,TLS_DHE_RSA_WITH_AES_128_CBC_SHA,TLS_DHE_DSS_WITH_AES_128_CBC_SHA,TLS_DHE_RSA_WITH_SEED_CBC_SHA,TLS_DHE_DSS_WITH_SEED_CBC_SHA,TLS_DHE_RSA_WITH_CAMELLIA_128_CBC_SHA,TLS_DHE_DSS_WITH_CAMELLIA_128_CBC_SHA,SSL_DHE_RSA_WITH_DES_CBC_SHA,TLS_DHE_RSA_WITH_DES_CBC_SHA,SSL_DHE_DSS_WITH_DES_CBC_SHA,TLS_DHE_DSS_WITH_DES_CBC_SHA,SSL_DHE_RSA_EXPORT_WITH_DES40_CBC_SHA,TLS_DHE_RSA_EXPORT_WITH_DES40_CBC_SHA,SSL_DHE_DSS_EXPORT_WITH_DES40_CBC_SHA,TLS_DHE_DSS_EXPORT_WITH_DES40_CBC_SHA,]&gt;" type="org.junit.ComparisonFailure">org.junit.ComparisonFailure: Tested &apos;EDH&apos;:  expected:&lt;[]&gt; but was:&lt;[TLS_DHE_DSS_WITH_AES_256_GCM_SHA384,TLS_DHE_RSA_WITH_AES_256_GCM_SHA384,TLS_DHE_RSA_WITH_AES_256_CBC_SHA256,TLS_DHE_DSS_WITH_AES_256_CBC_SHA256,TLS_DHE_RSA_WITH_AES_256_CBC_SHA,TLS_DHE_DSS_WITH_AES_256_CBC_SHA,TLS_DHE_RSA_WITH_CAMELLIA_256_CBC_SHA,TLS_DHE_DSS_WITH_CAMELLIA_256_CBC_SHA,SSL_DHE_RSA_WITH_3DES_EDE_CBC_SHA,TLS_DHE_RSA_WITH_3DES_EDE_CBC_SHA,TLS_DHE_DSS_WITH_3DES_EDE_CBC_SHA,SSL_DHE_DSS_WITH_3DES_EDE_CBC_SHA,TLS_DHE_DSS_WITH_AES_128_GCM_SHA256,TLS_DHE_RSA_WITH_AES_128_GCM_SHA256,TLS_DHE_RSA_WITH_AES_128_CBC_SHA256,TLS_DHE_DSS_WITH_AES_128_CBC_SHA256,TLS_DHE_RSA_WITH_AES_128_CBC_SHA,TLS_DHE_DSS_WITH_AES_128_CBC_SHA,TLS_DHE_RSA_WITH_SEED_CBC_SHA,TLS_DHE_DSS_WITH_SEED_CBC_SHA,TLS_DHE_RSA_WITH_CAMELLIA_128_CBC_SHA,TLS_DHE_DSS_WITH_CAMELLIA_128_CBC_SHA,SSL_DHE_RSA_WITH_DES_CBC_SHA,TLS_DHE_RSA_WITH_DES_CBC_SHA,SSL_DHE_DSS_WITH_DES_CBC_SHA,TLS_DHE_DSS_WITH_DES_CBC_SHA,SSL_DHE_RSA_EXPORT_WITH_DES40_CBC_SHA,TLS_DHE_RSA_EXPORT_WITH_DES40_CBC_SHA,SSL_DHE_DSS_EXPORT_WITH_DES40_CBC_SHA,TLS_DHE_DSS_EXPORT_WITH_DES40_CBC_SHA,]&gt;
	at org.junit.Assert.assertEquals(Assert.java:115)
	at org.apache.tomcat.util.net.jsse.openssl.TestOpenSSLCipherConfigurationParser.testSpecification(TestOpenSSLCipherConfigurationParser.java:499)
	at org.apache.tomcat.util.net.jsse.openssl.TestOpenSSLCipherConfigurationParser.testEDH(TestOpenSSLCipherConfigurationParser.java:133)
	at sun.reflect.NativeMethodAccessorImpl.invoke0(Native Method)
	at sun.reflect.NativeMethodAccessorImpl.invoke(NativeMethodAccessorImpl.java:62)
	at sun.reflect.DelegatingMethodAccessorImpl.invoke(DelegatingMethodAccessorImpl.java:43)
	at java.lang.reflect.Method.invoke(Method.java:483)
	at org.junit.runners.model.FrameworkMethod$1.runReflectiveCall(FrameworkMethod.java:50)
	at org.junit.internal.runners.model.ReflectiveCallable.run(ReflectiveCallable.java:12)
	at org.junit.runners.model.FrameworkMethod.invokeExplosively(FrameworkMethod.java:47)
	at org.junit.internal.runners.statements.InvokeMethod.evaluate(InvokeMethod.java:17)
	at org.junit.internal.runners.statements.RunBefores.evaluate(RunBefores.java:26)
	at org.junit.runners.ParentRunner.runLeaf(ParentRunner.java:325)
	at org.junit.runners.BlockJUnit4ClassRunner.runChild(BlockJUnit4ClassRunner.java:78)
	at org.junit.runners.BlockJUnit4ClassRunner.runChild(BlockJUnit4ClassRunner.java:57)
	at org.junit.runners.ParentRunner$3.run(ParentRunner.java:290)
	at org.junit.runners.ParentRunner$1.schedule(ParentRunner.java:71)
	at org.junit.runners.ParentRunner.runChildren(ParentRunner.java:288)
	at org.junit.runners.ParentRunner.access$000(ParentRunner.java:58)
	at org.junit.runners.ParentRunner$2.evaluate(ParentRunner.java:268)
	at org.junit.runners.ParentRunner.run(ParentRunner.java:363)
	at org.apache.maven.surefire.junit4.JUnit4TestSet.execute(JUnit4TestSet.java:53)
	at org.apache.maven.surefire.junit4.JUnit4Provider.executeTestSet(JUnit4Provider.java:123)
	at org.apache.maven.surefire.junit4.JUnit4Provider.invoke(JUnit4Provider.java:104)
	at sun.reflect.NativeMethodAccessorImpl.invoke0(Native Method)
	at sun.reflect.NativeMethodAccessorImpl.invoke(NativeMethodAccessorImpl.java:62)
	at sun.reflect.DelegatingMethodAccessorImpl.invoke(DelegatingMethodAccessorImpl.java:43)
	at java.lang.reflect.Method.invoke(Method.java:483)
	at org.apache.maven.surefire.util.ReflectionUtils.invokeMethodWithArray(ReflectionUtils.java:164)
	at org.apache.maven.surefire.booter.ProviderFactory$ProviderProxy.invoke(ProviderFactory.java:110)
	at org.apache.maven.surefire.booter.SurefireStarter.invokeProvider(SurefireStarter.java:175)
	at org.apache.maven.surefire.booter.SurefireStarter.runSuitesInProcessWhenForked(SurefireStarter.java:107)
	at org.apache.maven.surefire.booter.ForkedBooter.main(ForkedBooter.java:68)
</failure>
    <system-err>Error in cipher list
5283:error:1410D0B9:SSL routines:SSL_CTX_set_cipher_list:no cipher match:/SourceCache/OpenSSL098/OpenSSL098-52.10.1/src/ssl/ssl_lib.c:1223:

</system-err>
  </testcase>
  <testcase classname="org.apache.tomcat.util.net.jsse.openssl.TestOpenSSLCipherConfigurationParser" name="testFZA" time="0.006"/>
  <testcase classname="org.apache.tomcat.util.net.jsse.openssl.TestOpenSSLCipherConfigurationParser" name="testLOW" time="0.005">
    <failure message="Tested &apos;LOW&apos;:  expected:&lt;...SS_WITH_DES_CBC_SHA,[]TLS_DH_anon_WITH_DES...&gt; but was:&lt;...SS_WITH_DES_CBC_SHA,[SSL_DH_RSA_WITH_DES_CBC_SHA,TLS_DH_RSA_WITH_DES_CBC_SHA,SSL_DH_DSS_WITH_DES_CBC_SHA,TLS_DH_DSS_WITH_DES_CBC_SHA,]TLS_DH_anon_WITH_DES...&gt;" type="org.junit.ComparisonFailure">org.junit.ComparisonFailure: Tested &apos;LOW&apos;:  expected:&lt;...SS_WITH_DES_CBC_SHA,[]TLS_DH_anon_WITH_DES...&gt; but was:&lt;...SS_WITH_DES_CBC_SHA,[SSL_DH_RSA_WITH_DES_CBC_SHA,TLS_DH_RSA_WITH_DES_CBC_SHA,SSL_DH_DSS_WITH_DES_CBC_SHA,TLS_DH_DSS_WITH_DES_CBC_SHA,]TLS_DH_anon_WITH_DES...&gt;
	at org.junit.Assert.assertEquals(Assert.java:115)
	at org.apache.tomcat.util.net.jsse.openssl.TestOpenSSLCipherConfigurationParser.testSpecification(TestOpenSSLCipherConfigurationParser.java:499)
	at org.apache.tomcat.util.net.jsse.openssl.TestOpenSSLCipherConfigurationParser.testLOW(TestOpenSSLCipherConfigurationParser.java:85)
	at sun.reflect.NativeMethodAccessorImpl.invoke0(Native Method)
	at sun.reflect.NativeMethodAccessorImpl.invoke(NativeMethodAccessorImpl.java:62)
	at sun.reflect.DelegatingMethodAccessorImpl.invoke(DelegatingMethodAccessorImpl.java:43)
	at java.lang.reflect.Method.invoke(Method.java:483)
	at org.junit.runners.model.FrameworkMethod$1.runReflectiveCall(FrameworkMethod.java:50)
	at org.junit.internal.runners.model.ReflectiveCallable.run(ReflectiveCallable.java:12)
	at org.junit.runners.model.FrameworkMethod.invokeExplosively(FrameworkMethod.java:47)
	at org.junit.internal.runners.statements.InvokeMethod.evaluate(InvokeMethod.java:17)
	at org.junit.internal.runners.statements.RunBefores.evaluate(RunBefores.java:26)
	at org.junit.runners.ParentRunner.runLeaf(ParentRunner.java:325)
	at org.junit.runners.BlockJUnit4ClassRunner.runChild(BlockJUnit4ClassRunner.java:78)
	at org.junit.runners.BlockJUnit4ClassRunner.runChild(BlockJUnit4ClassRunner.java:57)
	at org.junit.runners.ParentRunner$3.run(ParentRunner.java:290)
	at org.junit.runners.ParentRunner$1.schedule(ParentRunner.java:71)
	at org.junit.runners.ParentRunner.runChildren(ParentRunner.java:288)
	at org.junit.runners.ParentRunner.access$000(ParentRunner.java:58)
	at org.junit.runners.ParentRunner$2.evaluate(ParentRunner.java:268)
	at org.junit.runners.ParentRunner.run(ParentRunner.java:363)
	at org.apache.maven.surefire.junit4.JUnit4TestSet.execute(JUnit4TestSet.java:53)
	at org.apache.maven.surefire.junit4.JUnit4Provider.executeTestSet(JUnit4Provider.java:123)
	at org.apache.maven.surefire.junit4.JUnit4Provider.invoke(JUnit4Provider.java:104)
	at sun.reflect.NativeMethodAccessorImpl.invoke0(Native Method)
	at sun.reflect.NativeMethodAccessorImpl.invoke(NativeMethodAccessorImpl.java:62)
	at sun.reflect.DelegatingMethodAccessorImpl.invoke(DelegatingMethodAccessorImpl.java:43)
	at java.lang.reflect.Method.invoke(Method.java:483)
	at org.apache.maven.surefire.util.ReflectionUtils.invokeMethodWithArray(ReflectionUtils.java:164)
	at org.apache.maven.surefire.booter.ProviderFactory$ProviderProxy.invoke(ProviderFactory.java:110)
	at org.apache.maven.surefire.booter.SurefireStarter.invokeProvider(SurefireStarter.java:175)
	at org.apache.maven.surefire.booter.SurefireStarter.runSuitesInProcessWhenForked(SurefireStarter.java:107)
	at org.apache.maven.surefire.booter.ForkedBooter.main(ForkedBooter.java:68)
</failure>
  </testcase>
  <testcase classname="org.apache.tomcat.util.net.jsse.openssl.TestOpenSSLCipherConfigurationParser" name="testMD5" time="0.015">
    <failure message="Tested &apos;MD5&apos;:  expected:&lt;...DE3_CBC_WITH_MD5,SSL[]2_RC2_CBC_128_CBC_WI...&gt; but was:&lt;...DE3_CBC_WITH_MD5,SSL[_CK_IDEA_128_CBC_WITH_MD5,SSL2_IDEA_128_CBC_WITH_MD5,SSL]2_RC2_CBC_128_CBC_WI...&gt;" type="org.junit.ComparisonFailure">org.junit.ComparisonFailure: Tested &apos;MD5&apos;:  expected:&lt;...DE3_CBC_WITH_MD5,SSL[]2_RC2_CBC_128_CBC_WI...&gt; but was:&lt;...DE3_CBC_WITH_MD5,SSL[_CK_IDEA_128_CBC_WITH_MD5,SSL2_IDEA_128_CBC_WITH_MD5,SSL]2_RC2_CBC_128_CBC_WI...&gt;
	at org.junit.Assert.assertEquals(Assert.java:115)
	at org.apache.tomcat.util.net.jsse.openssl.TestOpenSSLCipherConfigurationParser.testSpecification(TestOpenSSLCipherConfigurationParser.java:499)
	at org.apache.tomcat.util.net.jsse.openssl.TestOpenSSLCipherConfigurationParser.testMD5(TestOpenSSLCipherConfigurationParser.java:388)
	at sun.reflect.NativeMethodAccessorImpl.invoke0(Native Method)
	at sun.reflect.NativeMethodAccessorImpl.invoke(NativeMethodAccessorImpl.java:62)
	at sun.reflect.DelegatingMethodAccessorImpl.invoke(DelegatingMethodAccessorImpl.java:43)
	at java.lang.reflect.Method.invoke(Method.java:483)
	at org.junit.runners.model.FrameworkMethod$1.runReflectiveCall(FrameworkMethod.java:50)
	at org.junit.internal.runners.model.ReflectiveCallable.run(ReflectiveCallable.java:12)
	at org.junit.runners.model.FrameworkMethod.invokeExplosively(FrameworkMethod.java:47)
	at org.junit.internal.runners.statements.InvokeMethod.evaluate(InvokeMethod.java:17)
	at org.junit.internal.runners.statements.RunBefores.evaluate(RunBefores.java:26)
	at org.junit.runners.ParentRunner.runLeaf(ParentRunner.java:325)
	at org.junit.runners.BlockJUnit4ClassRunner.runChild(BlockJUnit4ClassRunner.java:78)
	at org.junit.runners.BlockJUnit4ClassRunner.runChild(BlockJUnit4ClassRunner.java:57)
	at org.junit.runners.ParentRunner$3.run(ParentRunner.java:290)
	at org.junit.runners.ParentRunner$1.schedule(ParentRunner.java:71)
	at org.junit.runners.ParentRunner.runChildren(ParentRunner.java:288)
	at org.junit.runners.ParentRunner.access$000(ParentRunner.java:58)
	at org.junit.runners.ParentRunner$2.evaluate(ParentRunner.java:268)
	at org.junit.runners.ParentRunner.run(ParentRunner.java:363)
	at org.apache.maven.surefire.junit4.JUnit4TestSet.execute(JUnit4TestSet.java:53)
	at org.apache.maven.surefire.junit4.JUnit4Provider.executeTestSet(JUnit4Provider.java:123)
	at org.apache.maven.surefire.junit4.JUnit4Provider.invoke(JUnit4Provider.java:104)
	at sun.reflect.NativeMethodAccessorImpl.invoke0(Native Method)
	at sun.reflect.NativeMethodAccessorImpl.invoke(NativeMethodAccessorImpl.java:62)
	at sun.reflect.DelegatingMethodAccessorImpl.invoke(DelegatingMethodAccessorImpl.java:43)
	at java.lang.reflect.Method.invoke(Method.java:483)
	at org.apache.maven.surefire.util.ReflectionUtils.invokeMethodWithArray(ReflectionUtils.java:164)
	at org.apache.maven.surefire.booter.ProviderFactory$ProviderProxy.invoke(ProviderFactory.java:110)
	at org.apache.maven.surefire.booter.SurefireStarter.invokeProvider(SurefireStarter.java:175)
	at org.apache.maven.surefire.booter.SurefireStarter.runSuitesInProcessWhenForked(SurefireStarter.java:107)
	at org.apache.maven.surefire.booter.ForkedBooter.main(ForkedBooter.java:68)
</failure>
  </testcase>
  <testcase classname="org.apache.tomcat.util.net.jsse.openssl.TestOpenSSLCipherConfigurationParser" name="testPSK" time="0.005">
    <failure message="Tested &apos;PSK&apos;:  expected:&lt;[]&gt; but was:&lt;[TLS_PSK_WITH_AES_256_CBC_SHA,TLS_PSK_WITH_3DES_EDE_CBC_SHA,TLS_PSK_WITH_AES_128_CBC_SHA,TLS_PSK_WITH_RC4_128_SHA,]&gt;" type="org.junit.ComparisonFailure">org.junit.ComparisonFailure: Tested &apos;PSK&apos;:  expected:&lt;[]&gt; but was:&lt;[TLS_PSK_WITH_AES_256_CBC_SHA,TLS_PSK_WITH_3DES_EDE_CBC_SHA,TLS_PSK_WITH_AES_128_CBC_SHA,TLS_PSK_WITH_RC4_128_SHA,]&gt;
	at org.junit.Assert.assertEquals(Assert.java:115)
	at org.apache.tomcat.util.net.jsse.openssl.TestOpenSSLCipherConfigurationParser.testSpecification(TestOpenSSLCipherConfigurationParser.java:499)
	at org.apache.tomcat.util.net.jsse.openssl.TestOpenSSLCipherConfigurationParser.testPSK(TestOpenSSLCipherConfigurationParser.java:460)
	at sun.reflect.NativeMethodAccessorImpl.invoke0(Native Method)
	at sun.reflect.NativeMethodAccessorImpl.invoke(NativeMethodAccessorImpl.java:62)
	at sun.reflect.DelegatingMethodAccessorImpl.invoke(DelegatingMethodAccessorImpl.java:43)
	at java.lang.reflect.Method.invoke(Method.java:483)
	at org.junit.runners.model.FrameworkMethod$1.runReflectiveCall(FrameworkMethod.java:50)
	at org.junit.internal.runners.model.ReflectiveCallable.run(ReflectiveCallable.java:12)
	at org.junit.runners.model.FrameworkMethod.invokeExplosively(FrameworkMethod.java:47)
	at org.junit.internal.runners.statements.InvokeMethod.evaluate(InvokeMethod.java:17)
	at org.junit.internal.runners.statements.RunBefores.evaluate(RunBefores.java:26)
	at org.junit.runners.ParentRunner.runLeaf(ParentRunner.java:325)
	at org.junit.runners.BlockJUnit4ClassRunner.runChild(BlockJUnit4ClassRunner.java:78)
	at org.junit.runners.BlockJUnit4ClassRunner.runChild(BlockJUnit4ClassRunner.java:57)
	at org.junit.runners.ParentRunner$3.run(ParentRunner.java:290)
	at org.junit.runners.ParentRunner$1.schedule(ParentRunner.java:71)
	at org.junit.runners.ParentRunner.runChildren(ParentRunner.java:288)
	at org.junit.runners.ParentRunner.access$000(ParentRunner.java:58)
	at org.junit.runners.ParentRunner$2.evaluate(ParentRunner.java:268)
	at org.junit.runners.ParentRunner.run(ParentRunner.java:363)
	at org.apache.maven.surefire.junit4.JUnit4TestSet.execute(JUnit4TestSet.java:53)
	at org.apache.maven.surefire.junit4.JUnit4Provider.executeTestSet(JUnit4Provider.java:123)
	at org.apache.maven.surefire.junit4.JUnit4Provider.invoke(JUnit4Provider.java:104)
	at sun.reflect.NativeMethodAccessorImpl.invoke0(Native Method)
	at sun.reflect.NativeMethodAccessorImpl.invoke(NativeMethodAccessorImpl.java:62)
	at sun.reflect.DelegatingMethodAccessorImpl.invoke(DelegatingMethodAccessorImpl.java:43)
	at java.lang.reflect.Method.invoke(Method.java:483)
	at org.apache.maven.surefire.util.ReflectionUtils.invokeMethodWithArray(ReflectionUtils.java:164)
	at org.apache.maven.surefire.booter.ProviderFactory$ProviderProxy.invoke(ProviderFactory.java:110)
	at org.apache.maven.surefire.booter.SurefireStarter.invokeProvider(SurefireStarter.java:175)
	at org.apache.maven.surefire.booter.SurefireStarter.runSuitesInProcessWhenForked(SurefireStarter.java:107)
	at org.apache.maven.surefire.booter.ForkedBooter.main(ForkedBooter.java:68)
</failure>
    <system-err>Error in cipher list
5287:error:1410D0B9:SSL routines:SSL_CTX_set_cipher_list:no cipher match:/SourceCache/OpenSSL098/OpenSSL098-52.10.1/src/ssl/ssl_lib.c:1223:

</system-err>
  </testcase>
  <testcase classname="org.apache.tomcat.util.net.jsse.openssl.TestOpenSSLCipherConfigurationParser" name="testRC2" time="0.005"/>
  <testcase classname="org.apache.tomcat.util.net.jsse.openssl.TestOpenSSLCipherConfigurationParser" name="testRC4" time="0.006">
    <failure message="Tested &apos;RC4&apos;:  expected:&lt;[SSL_DH_anon_WITH_RC4_128_MD5,TLS_DH_anon_WITH_RC4_128_MD5,TLS_RSA_WITH_RC4_128_SHA,SSL_RSA_WITH_RC4_128_SHA,SSL_RSA_WITH_RC4_128_MD5,TLS_RSA_WITH_RC4_128_MD5,SSL_CK_RC4_128_WITH_MD5],SSL_DH_anon_EXPORT_...&gt; but was:&lt;[TLS_ECDHE_RSA_WITH_RC4_128_SHA,TLS_ECDHE_ECDSA_WITH_RC4_128_SHA,TLS_ECDH_anon_WITH_RC4_128_SHA,SSL_DH_anon_WITH_RC4_128_MD5,TLS_DH_anon_WITH_RC4_128_MD5,TLS_ECDH_RSA_WITH_RC4_128_SHA,TLS_ECDH_ECDSA_WITH_RC4_128_SHA,TLS_RSA_WITH_RC4_128_SHA,SSL_RSA_WITH_RC4_128_SHA,SSL_RSA_WITH_RC4_128_MD5,TLS_RSA_WITH_RC4_128_MD5,SSL_CK_RC4_128_WITH_MD5,TLS_PSK_WITH_RC4_128_SHA],SSL_DH_anon_EXPORT_...&gt;" type="org.junit.ComparisonFailure">org.junit.ComparisonFailure: Tested &apos;RC4&apos;:  expected:&lt;[SSL_DH_anon_WITH_RC4_128_MD5,TLS_DH_anon_WITH_RC4_128_MD5,TLS_RSA_WITH_RC4_128_SHA,SSL_RSA_WITH_RC4_128_SHA,SSL_RSA_WITH_RC4_128_MD5,TLS_RSA_WITH_RC4_128_MD5,SSL_CK_RC4_128_WITH_MD5],SSL_DH_anon_EXPORT_...&gt; but was:&lt;[TLS_ECDHE_RSA_WITH_RC4_128_SHA,TLS_ECDHE_ECDSA_WITH_RC4_128_SHA,TLS_ECDH_anon_WITH_RC4_128_SHA,SSL_DH_anon_WITH_RC4_128_MD5,TLS_DH_anon_WITH_RC4_128_MD5,TLS_ECDH_RSA_WITH_RC4_128_SHA,TLS_ECDH_ECDSA_WITH_RC4_128_SHA,TLS_RSA_WITH_RC4_128_SHA,SSL_RSA_WITH_RC4_128_SHA,SSL_RSA_WITH_RC4_128_MD5,TLS_RSA_WITH_RC4_128_MD5,SSL_CK_RC4_128_WITH_MD5,TLS_PSK_WITH_RC4_128_SHA],SSL_DH_anon_EXPORT_...&gt;
	at org.junit.Assert.assertEquals(Assert.java:115)
	at org.apache.tomcat.util.net.jsse.openssl.TestOpenSSLCipherConfigurationParser.testSpecification(TestOpenSSLCipherConfigurationParser.java:499)
	at org.apache.tomcat.util.net.jsse.openssl.TestOpenSSLCipherConfigurationParser.testRC4(TestOpenSSLCipherConfigurationParser.java:364)
	at sun.reflect.NativeMethodAccessorImpl.invoke0(Native Method)
	at sun.reflect.NativeMethodAccessorImpl.invoke(NativeMethodAccessorImpl.java:62)
	at sun.reflect.DelegatingMethodAccessorImpl.invoke(DelegatingMethodAccessorImpl.java:43)
	at java.lang.reflect.Method.invoke(Method.java:483)
	at org.junit.runners.model.FrameworkMethod$1.runReflectiveCall(FrameworkMethod.java:50)
	at org.junit.internal.runners.model.ReflectiveCallable.run(ReflectiveCallable.java:12)
	at org.junit.runners.model.FrameworkMethod.invokeExplosively(FrameworkMethod.java:47)
	at org.junit.internal.runners.statements.InvokeMethod.evaluate(InvokeMethod.java:17)
	at org.junit.internal.runners.statements.RunBefores.evaluate(RunBefores.java:26)
	at org.junit.runners.ParentRunner.runLeaf(ParentRunner.java:325)
	at org.junit.runners.BlockJUnit4ClassRunner.runChild(BlockJUnit4ClassRunner.java:78)
	at org.junit.runners.BlockJUnit4ClassRunner.runChild(BlockJUnit4ClassRunner.java:57)
	at org.junit.runners.ParentRunner$3.run(ParentRunner.java:290)
	at org.junit.runners.ParentRunner$1.schedule(ParentRunner.java:71)
	at org.junit.runners.ParentRunner.runChildren(ParentRunner.java:288)
	at org.junit.runners.ParentRunner.access$000(ParentRunner.java:58)
	at org.junit.runners.ParentRunner$2.evaluate(ParentRunner.java:268)
	at org.junit.runners.ParentRunner.run(ParentRunner.java:363)
	at org.apache.maven.surefire.junit4.JUnit4TestSet.execute(JUnit4TestSet.java:53)
	at org.apache.maven.surefire.junit4.JUnit4Provider.executeTestSet(JUnit4Provider.java:123)
	at org.apache.maven.surefire.junit4.JUnit4Provider.invoke(JUnit4Provider.java:104)
	at sun.reflect.NativeMethodAccessorImpl.invoke0(Native Method)
	at sun.reflect.NativeMethodAccessorImpl.invoke(NativeMethodAccessorImpl.java:62)
	at sun.reflect.DelegatingMethodAccessorImpl.invoke(DelegatingMethodAccessorImpl.java:43)
	at java.lang.reflect.Method.invoke(Method.java:483)
	at org.apache.maven.surefire.util.ReflectionUtils.invokeMethodWithArray(ReflectionUtils.java:164)
	at org.apache.maven.surefire.booter.ProviderFactory$ProviderProxy.invoke(ProviderFactory.java:110)
	at org.apache.maven.surefire.booter.SurefireStarter.invokeProvider(SurefireStarter.java:175)
	at org.apache.maven.surefire.booter.SurefireStarter.runSuitesInProcessWhenForked(SurefireStarter.java:107)
	at org.apache.maven.surefire.booter.ForkedBooter.main(ForkedBooter.java:68)
</failure>
  </testcase>
  <testcase classname="org.apache.tomcat.util.net.jsse.openssl.TestOpenSSLCipherConfigurationParser" name="testRSA" time="0.006">
    <failure message="Tested &apos;RSA&apos;:  expected:&lt;...LS_RSA_WITH_AES_256_[CBC_SHA,TLS_RSA_WITH_3DES_EDE_CBC_SHA,SSL_RSA_WITH_3DES_EDE_CBC_SHA,SSL2_DES_192_EDE3_CBC_WITH_MD5,SSL_CK_DES_192_EDE3_CBC_WITH_MD5,TLS_RSA_WITH_AES_128_CBC_SHA,TLS_RSA_WITH_SEED_CBC_SHA,SSL2_RC2_CBC_128_CBC_WITH_MD5,TLS_RSA_WITH_RC4_128_SHA,SSL_RSA_WITH_RC4_128_SHA,SSL_RSA_WITH_RC4_128_MD5,TLS_RSA_WITH_RC4_128_MD5,SSL_CK_RC4_128_WITH_MD5,SSL_RSA_WITH_DES_CBC_SHA,TLS_RSA_WITH_DES_CBC_SHA,SSL_CK_DES_64_CBC_WITH_MD5,SSL2_DES_64_CBC_WITH_MD5,TLS_RSA_EXPORT_WITH_DES40_CBC_SHA,SSL_RSA_EXPORT_WITH_DES40_CBC_SHA,SSL_RSA_EXPORT_WITH_RC2_CBC_40_MD5,TLS_RSA_EXPORT_WITH_RC2_CBC_40_MD5,SSL_CK_RC2_128_CBC_EXPORT40_WITH_MD5,TLS_RSA_EXPORT_WITH_RC4_40_MD5,SSL_RSA_EXPORT_WITH_RC4_40_MD5,SSL2_RC4_128_EXPORT40_WITH_MD5,SSL_RC4_128_EXPORT40_WITH_MD5],SSL_RSA_WITH_NULL_S...&gt; but was:&lt;...LS_RSA_WITH_AES_256_[GCM_SHA384,TLS_RSA_WITH_AES_256_CBC_SHA256,TLS_RSA_WITH_AES_256_CBC_SHA,TLS_RSA_WITH_CAMELLIA_256_CBC_SHA,TLS_RSA_WITH_3DES_EDE_CBC_SHA,SSL_RSA_WITH_3DES_EDE_CBC_SHA,SSL2_DES_192_EDE3_CBC_WITH_MD5,SSL_CK_DES_192_EDE3_CBC_WITH_MD5,TLS_RSA_WITH_AES_128_GCM_SHA256,TLS_RSA_WITH_AES_128_CBC_SHA256,TLS_RSA_WITH_AES_128_CBC_SHA,TLS_RSA_WITH_SEED_CBC_SHA,TLS_RSA_WITH_CAMELLIA_128_CBC_SHA,SSL_RSA_WITH_IDEA_CBC_SHA,TLS_RSA_WITH_IDEA_CBC_SHA,SSL_CK_IDEA_128_CBC_WITH_MD5,SSL2_IDEA_128_CBC_WITH_MD5,SSL2_RC2_CBC_128_CBC_WITH_MD5,TLS_RSA_WITH_RC4_128_SHA,SSL_RSA_WITH_RC4_128_SHA,SSL_RSA_WITH_RC4_128_MD5,TLS_RSA_WITH_RC4_128_MD5,SSL_CK_RC4_128_WITH_MD5,SSL_RSA_WITH_DES_CBC_SHA,TLS_RSA_WITH_DES_CBC_SHA,SSL_CK_DES_64_CBC_WITH_MD5,SSL2_DES_64_CBC_WITH_MD5,TLS_RSA_EXPORT_WITH_DES40_CBC_SHA,SSL_RSA_EXPORT_WITH_DES40_CBC_SHA,SSL_RSA_EXPORT_WITH_RC2_CBC_40_MD5,TLS_RSA_EXPORT_WITH_RC2_CBC_40_MD5,SSL_CK_RC2_128_CBC_EXPORT40_WITH_MD5,TLS_RSA_EXPORT_WITH_RC4_40_MD5,SSL_RSA_EXPORT_WITH_RC4_40_MD5,SSL2_RC4_128_EXPORT40_WITH_MD5,SSL_RC4_128_EXPORT40_WITH_MD5,TLS_RSA_WITH_NULL_SHA256],SSL_RSA_WITH_NULL_S...&gt;" type="org.junit.ComparisonFailure">org.junit.ComparisonFailure: Tested &apos;RSA&apos;:  expected:&lt;...LS_RSA_WITH_AES_256_[CBC_SHA,TLS_RSA_WITH_3DES_EDE_CBC_SHA,SSL_RSA_WITH_3DES_EDE_CBC_SHA,SSL2_DES_192_EDE3_CBC_WITH_MD5,SSL_CK_DES_192_EDE3_CBC_WITH_MD5,TLS_RSA_WITH_AES_128_CBC_SHA,TLS_RSA_WITH_SEED_CBC_SHA,SSL2_RC2_CBC_128_CBC_WITH_MD5,TLS_RSA_WITH_RC4_128_SHA,SSL_RSA_WITH_RC4_128_SHA,SSL_RSA_WITH_RC4_128_MD5,TLS_RSA_WITH_RC4_128_MD5,SSL_CK_RC4_128_WITH_MD5,SSL_RSA_WITH_DES_CBC_SHA,TLS_RSA_WITH_DES_CBC_SHA,SSL_CK_DES_64_CBC_WITH_MD5,SSL2_DES_64_CBC_WITH_MD5,TLS_RSA_EXPORT_WITH_DES40_CBC_SHA,SSL_RSA_EXPORT_WITH_DES40_CBC_SHA,SSL_RSA_EXPORT_WITH_RC2_CBC_40_MD5,TLS_RSA_EXPORT_WITH_RC2_CBC_40_MD5,SSL_CK_RC2_128_CBC_EXPORT40_WITH_MD5,TLS_RSA_EXPORT_WITH_RC4_40_MD5,SSL_RSA_EXPORT_WITH_RC4_40_MD5,SSL2_RC4_128_EXPORT40_WITH_MD5,SSL_RC4_128_EXPORT40_WITH_MD5],SSL_RSA_WITH_NULL_S...&gt; but was:&lt;...LS_RSA_WITH_AES_256_[GCM_SHA384,TLS_RSA_WITH_AES_256_CBC_SHA256,TLS_RSA_WITH_AES_256_CBC_SHA,TLS_RSA_WITH_CAMELLIA_256_CBC_SHA,TLS_RSA_WITH_3DES_EDE_CBC_SHA,SSL_RSA_WITH_3DES_EDE_CBC_SHA,SSL2_DES_192_EDE3_CBC_WITH_MD5,SSL_CK_DES_192_EDE3_CBC_WITH_MD5,TLS_RSA_WITH_AES_128_GCM_SHA256,TLS_RSA_WITH_AES_128_CBC_SHA256,TLS_RSA_WITH_AES_128_CBC_SHA,TLS_RSA_WITH_SEED_CBC_SHA,TLS_RSA_WITH_CAMELLIA_128_CBC_SHA,SSL_RSA_WITH_IDEA_CBC_SHA,TLS_RSA_WITH_IDEA_CBC_SHA,SSL_CK_IDEA_128_CBC_WITH_MD5,SSL2_IDEA_128_CBC_WITH_MD5,SSL2_RC2_CBC_128_CBC_WITH_MD5,TLS_RSA_WITH_RC4_128_SHA,SSL_RSA_WITH_RC4_128_SHA,SSL_RSA_WITH_RC4_128_MD5,TLS_RSA_WITH_RC4_128_MD5,SSL_CK_RC4_128_WITH_MD5,SSL_RSA_WITH_DES_CBC_SHA,TLS_RSA_WITH_DES_CBC_SHA,SSL_CK_DES_64_CBC_WITH_MD5,SSL2_DES_64_CBC_WITH_MD5,TLS_RSA_EXPORT_WITH_DES40_CBC_SHA,SSL_RSA_EXPORT_WITH_DES40_CBC_SHA,SSL_RSA_EXPORT_WITH_RC2_CBC_40_MD5,TLS_RSA_EXPORT_WITH_RC2_CBC_40_MD5,SSL_CK_RC2_128_CBC_EXPORT40_WITH_MD5,TLS_RSA_EXPORT_WITH_RC4_40_MD5,SSL_RSA_EXPORT_WITH_RC4_40_MD5,SSL2_RC4_128_EXPORT40_WITH_MD5,SSL_RC4_128_EXPORT40_WITH_MD5,TLS_RSA_WITH_NULL_SHA256],SSL_RSA_WITH_NULL_S...&gt;
	at org.junit.Assert.assertEquals(Assert.java:115)
	at org.apache.tomcat.util.net.jsse.openssl.TestOpenSSLCipherConfigurationParser.testSpecification(TestOpenSSLCipherConfigurationParser.java:499)
	at org.apache.tomcat.util.net.jsse.openssl.TestOpenSSLCipherConfigurationParser.testRSA(TestOpenSSLCipherConfigurationParser.java:103)
	at sun.reflect.NativeMethodAccessorImpl.invoke0(Native Method)
	at sun.reflect.NativeMethodAccessorImpl.invoke(NativeMethodAccessorImpl.java:62)
	at sun.reflect.DelegatingMethodAccessorImpl.invoke(DelegatingMethodAccessorImpl.java:43)
	at java.lang.reflect.Method.invoke(Method.java:483)
	at org.junit.runners.model.FrameworkMethod$1.runReflectiveCall(FrameworkMethod.java:50)
	at org.junit.internal.runners.model.ReflectiveCallable.run(ReflectiveCallable.java:12)
	at org.junit.runners.model.FrameworkMethod.invokeExplosively(FrameworkMethod.java:47)
	at org.junit.internal.runners.statements.InvokeMethod.evaluate(InvokeMethod.java:17)
	at org.junit.internal.runners.statements.RunBefores.evaluate(RunBefores.java:26)
	at org.junit.runners.ParentRunner.runLeaf(ParentRunner.java:325)
	at org.junit.runners.BlockJUnit4ClassRunner.runChild(BlockJUnit4ClassRunner.java:78)
	at org.junit.runners.BlockJUnit4ClassRunner.runChild(BlockJUnit4ClassRunner.java:57)
	at org.junit.runners.ParentRunner$3.run(ParentRunner.java:290)
	at org.junit.runners.ParentRunner$1.schedule(ParentRunner.java:71)
	at org.junit.runners.ParentRunner.runChildren(ParentRunner.java:288)
	at org.junit.runners.ParentRunner.access$000(ParentRunner.java:58)
	at org.junit.runners.ParentRunner$2.evaluate(ParentRunner.java:268)
	at org.junit.runners.ParentRunner.run(ParentRunner.java:363)
	at org.apache.maven.surefire.junit4.JUnit4TestSet.execute(JUnit4TestSet.java:53)
	at org.apache.maven.surefire.junit4.JUnit4Provider.executeTestSet(JUnit4Provider.java:123)
	at org.apache.maven.surefire.junit4.JUnit4Provider.invoke(JUnit4Provider.java:104)
	at sun.reflect.NativeMethodAccessorImpl.invoke0(Native Method)
	at sun.reflect.NativeMethodAccessorImpl.invoke(NativeMethodAccessorImpl.java:62)
	at sun.reflect.DelegatingMethodAccessorImpl.invoke(DelegatingMethodAccessorImpl.java:43)
	at java.lang.reflect.Method.invoke(Method.java:483)
	at org.apache.maven.surefire.util.ReflectionUtils.invokeMethodWithArray(ReflectionUtils.java:164)
	at org.apache.maven.surefire.booter.ProviderFactory$ProviderProxy.invoke(ProviderFactory.java:110)
	at org.apache.maven.surefire.booter.SurefireStarter.invokeProvider(SurefireStarter.java:175)
	at org.apache.maven.surefire.booter.SurefireStarter.runSuitesInProcessWhenForked(SurefireStarter.java:107)
	at org.apache.maven.surefire.booter.ForkedBooter.main(ForkedBooter.java:68)
</failure>
  </testcase>
  <testcase classname="org.apache.tomcat.util.net.jsse.openssl.TestOpenSSLCipherConfigurationParser" name="testSHA" time="0.013">
[...]
	at org.apache.maven.surefire.booter.ProviderFactory$ProviderProxy.invoke(ProviderFactory.java:110)
	at org.apache.maven.surefire.booter.SurefireStarter.invokeProvider(SurefireStarter.java:175)
	at org.apache.maven.surefire.booter.SurefireStarter.runSuitesInProcessWhenForked(SurefireStarter.java:107)
	at org.apache.maven.surefire.booter.ForkedBooter.main(ForkedBooter.java:68)
</failure>
  </testcase>
  <testcase classname="org.apache.tomcat.util.net.jsse.openssl.TestOpenSSLCipherConfigurationParser" name="testSpecification02" time="0.005">
    <failure message="Tested &apos;!aNULL:!eNULL:!EXPORT:!DSS:!DES:!SSLv2:kEECDH:ECDH:EDH:AES256-GCM-SHA384:AES128-GCM-SHA256:+RC4:HIGH:MEDIUM&apos;:  expected:&lt;TLS_[DHE_RSA_WITH_AES_256_CBC_SHA,TLS_RSA_WITH_AES_256_CBC_SHA,SSL_DHE_RSA_WITH_3DES_EDE_CBC_SHA,TLS_DHE_RSA_WITH_3DES_EDE_CBC_SHA,TLS_RSA_WITH_3DES_EDE_CBC_SHA,SSL_RSA_WITH_3DES_EDE_CBC_SHA,TLS_DHE_RSA_WITH_AES_128_CBC_SHA,TLS_DHE_RSA_WITH_SEED_CBC_SHA,TLS_RSA_WITH_AES_128_CBC_SHA,TLS_RSA_WITH_SEED_CBC_SHA,TLS_RSA_WITH_RC4_128_SHA,SSL_RSA_WITH_RC4_128_SHA,SSL_RSA_WITH_RC4_128_MD5,TLS_RSA_WITH_RC4_128_MD5],&gt; but was:&lt;TLS_[ECDHE_RSA_WITH_AES_256_GCM_SHA384,TLS_ECDHE_ECDSA_WITH_AES_256_GCM_SHA384,TLS_ECDHE_RSA_WITH_AES_256_CBC_SHA384,TLS_ECDHE_ECDSA_WITH_AES_256_CBC_SHA384,TLS_ECDHE_RSA_WITH_AES_256_CBC_SHA,TLS_ECDHE_ECDSA_WITH_AES_256_CBC_SHA,TLS_DHE_RSA_WITH_AES_256_GCM_SHA384,TLS_DHE_RSA_WITH_AES_256_CBC_SHA256,TLS_DHE_RSA_WITH_AES_256_CBC_SHA,TLS_SRP_SHA_RSA_WITH_AES_256_CBC_SHA,TLS_SRP_SHA_WITH_AES_256_CBC_SHA,TLS_DH_DSS_WITH_AES_256_GCM_SHA384,TLS_DH_RSA_WITH_AES_256_GCM_SHA384,TLS_DH_RSA_WITH_AES_256_CBC_SHA256,TLS_DH_DSS_WITH_AES_256_CBC_SHA256,TLS_DH_RSA_WITH_AES_256_CBC_SHA,TLS_DH_DSS_WITH_AES_256_CBC_SHA,TLS_DHE_RSA_WITH_CAMELLIA_256_CBC_SHA,TLS_DH_RSA_WITH_CAMELLIA_256_CBC_SHA,TLS_DH_DSS_WITH_CAMELLIA_256_CBC_SHA,TLS_ECDH_RSA_WITH_AES_256_GCM_SHA384,TLS_ECDH_ECDSA_WITH_AES_256_GCM_SHA384,TLS_ECDH_RSA_WITH_AES_256_CBC_SHA384,TLS_ECDH_ECDSA_WITH_AES_256_CBC_SHA384,TLS_ECDH_RSA_WITH_AES_256_CBC_SHA,TLS_ECDH_ECDSA_WITH_AES_256_CBC_SHA,TLS_RSA_WITH_AES_256_GCM_SHA384,TLS_RSA_WITH_AES_256_CBC_SHA256,TLS_RSA_WITH_AES_256_CBC_SHA,TLS_RSA_WITH_CAMELLIA_256_CBC_SHA,TLS_PSK_WITH_AES_256_CBC_SHA,TLS_ECDHE_RSA_WITH_3DES_EDE_CBC_SHA,TLS_ECDHE_ECDSA_WITH_3DES_EDE_CBC_SHA,SSL_DHE_RSA_WITH_3DES_EDE_CBC_SHA,TLS_DHE_RSA_WITH_3DES_EDE_CBC_SHA,TLS_SRP_SHA_RSA_WITH_3DES_EDE_CBC_SHA,TLS_SRP_SHA_WITH_3DES_EDE_CBC_SHA,TLS_DH_RSA_WITH_3DES_EDE_CBC_SHA,SSL_DH_RSA_WITH_3DES_EDE_CBC_SHA,TLS_DH_DSS_WITH_3DES_EDE_CBC_SHA,SSL_DH_DSS_WITH_3DES_EDE_CBC_SHA,TLS_ECDH_RSA_WITH_3DES_EDE_CBC_SHA,TLS_ECDH_ECDSA_WITH_3DES_EDE_CBC_SHA,TLS_RSA_WITH_3DES_EDE_CBC_SHA,SSL_RSA_WITH_3DES_EDE_CBC_SHA,TLS_PSK_WITH_3DES_EDE_CBC_SHA,TLS_ECDHE_RSA_WITH_AES_128_GCM_SHA256,TLS_ECDHE_ECDSA_WITH_AES_128_GCM_SHA256,TLS_ECDHE_RSA_WITH_AES_128_CBC_SHA256,TLS_ECDHE_ECDSA_WITH_AES_128_CBC_SHA256,TLS_ECDHE_RSA_WITH_AES_128_CBC_SHA,TLS_ECDHE_ECDSA_WITH_AES_128_CBC_SHA,TLS_DHE_RSA_WITH_AES_128_GCM_SHA256,TLS_DHE_RSA_WITH_AES_128_CBC_SHA256,TLS_DHE_RSA_WITH_AES_128_CBC_SHA,TLS_SRP_SHA_RSA_WITH_AES_128_CBC_SHA,TLS_SRP_SHA_WITH_AES_128_CBC_SHA,TLS_DH_DSS_WITH_AES_128_GCM_SHA256,TLS_DH_RSA_WITH_AES_128_GCM_SHA256,TLS_DH_RSA_WITH_AES_128_CBC_SHA256,TLS_DH_DSS_WITH_AES_128_CBC_SHA256,TLS_DH_RSA_WITH_AES_128_CBC_SHA,TLS_DH_DSS_WITH_AES_128_CBC_SHA,TLS_DHE_RSA_WITH_SEED_CBC_SHA,TLS_DHE_RSA_WITH_CAMELLIA_128_CBC_SHA,TLS_DH_RSA_WITH_CAMELLIA_128_CBC_SHA,TLS_DH_DSS_WITH_CAMELLIA_128_CBC_SHA,TLS_DH_RSA_WITH_SEED_CBC_SHA,TLS_DH_DSS_WITH_SEED_CBC_SHA,TLS_ECDH_RSA_WITH_AES_128_GCM_SHA256,TLS_ECDH_ECDSA_WITH_AES_128_GCM_SHA256,TLS_ECDH_RSA_WITH_AES_128_CBC_SHA256,TLS_ECDH_ECDSA_WITH_AES_128_CBC_SHA256,TLS_ECDH_RSA_WITH_AES_128_CBC_SHA,TLS_ECDH_ECDSA_WITH_AES_128_CBC_SHA,TLS_RSA_WITH_AES_128_GCM_SHA256,TLS_RSA_WITH_AES_128_CBC_SHA256,TLS_RSA_WITH_AES_128_CBC_SHA,TLS_RSA_WITH_CAMELLIA_128_CBC_SHA,TLS_RSA_WITH_SEED_CBC_SHA,SSL_RSA_WITH_IDEA_CBC_SHA,TLS_RSA_WITH_IDEA_CBC_SHA,TLS_PSK_WITH_AES_128_CBC_SHA,TLS_ECDHE_RSA_WITH_RC4_128_SHA,TLS_ECDHE_ECDSA_WITH_RC4_128_SHA,TLS_ECDH_RSA_WITH_RC4_128_SHA,TLS_ECDH_ECDSA_WITH_RC4_128_SHA,TLS_RSA_WITH_RC4_128_SHA,SSL_RSA_WITH_RC4_128_SHA,SSL_RSA_WITH_RC4_128_MD5,TLS_RSA_WITH_RC4_128_MD5,TLS_PSK_WITH_RC4_128_SHA],&gt;" type="org.junit.ComparisonFailure">org.junit.ComparisonFailure: Tested &apos;!aNULL:!eNULL:!EXPORT:!DSS:!DES:!SSLv2:kEECDH:ECDH:EDH:AES256-GCM-SHA384:AES128-GCM-SHA256:+RC4:HIGH:MEDIUM&apos;:  expected:&lt;TLS_[DHE_RSA_WITH_AES_256_CBC_SHA,TLS_RSA_WITH_AES_256_CBC_SHA,SSL_DHE_RSA_WITH_3DES_EDE_CBC_SHA,TLS_DHE_RSA_WITH_3DES_EDE_CBC_SHA,TLS_RSA_WITH_3DES_EDE_CBC_SHA,SSL_RSA_WITH_3DES_EDE_CBC_SHA,TLS_DHE_RSA_WITH_AES_128_CBC_SHA,TLS_DHE_RSA_WITH_SEED_CBC_SHA,TLS_RSA_WITH_AES_128_CBC_SHA,TLS_RSA_WITH_SEED_CBC_SHA,TLS_RSA_WITH_RC4_128_SHA,SSL_RSA_WITH_RC4_128_SHA,SSL_RSA_WITH_RC4_128_MD5,TLS_RSA_WITH_RC4_128_MD5],&gt; but was:&lt;TLS_[ECDHE_RSA_WITH_AES_256_GCM_SHA384,TLS_ECDHE_ECDSA_WITH_AES_256_GCM_SHA384,TLS_ECDHE_RSA_WITH_AES_256_CBC_SHA384,TLS_ECDHE_ECDSA_WITH_AES_256_CBC_SHA384,TLS_ECDHE_RSA_WITH_AES_256_CBC_SHA,TLS_ECDHE_ECDSA_WITH_AES_256_CBC_SHA,TLS_DHE_RSA_WITH_AES_256_GCM_SHA384,TLS_DHE_RSA_WITH_AES_256_CBC_SHA256,TLS_DHE_RSA_WITH_AES_256_CBC_SHA,TLS_SRP_SHA_RSA_WITH_AES_256_CBC_SHA,TLS_SRP_SHA_WITH_AES_256_CBC_SHA,TLS_DH_DSS_WITH_AES_256_GCM_SHA384,TLS_DH_RSA_WITH_AES_256_GCM_SHA384,TLS_DH_RSA_WITH_AES_256_CBC_SHA256,TLS_DH_DSS_WITH_AES_256_CBC_SHA256,TLS_DH_RSA_WITH_AES_256_CBC_SHA,TLS_DH_DSS_WITH_AES_256_CBC_SHA,TLS_DHE_RSA_WITH_CAMELLIA_256_CBC_SHA,TLS_DH_RSA_WITH_CAMELLIA_256_CBC_SHA,TLS_DH_DSS_WITH_CAMELLIA_256_CBC_SHA,TLS_ECDH_RSA_WITH_AES_256_GCM_SHA384,TLS_ECDH_ECDSA_WITH_AES_256_GCM_SHA384,TLS_ECDH_RSA_WITH_AES_256_CBC_SHA384,TLS_ECDH_ECDSA_WITH_AES_256_CBC_SHA384,TLS_ECDH_RSA_WITH_AES_256_CBC_SHA,TLS_ECDH_ECDSA_WITH_AES_256_CBC_SHA,TLS_RSA_WITH_AES_256_GCM_SHA384,TLS_RSA_WITH_AES_256_CBC_SHA256,TLS_RSA_WITH_AES_256_CBC_SHA,TLS_RSA_WITH_CAMELLIA_256_CBC_SHA,TLS_PSK_WITH_AES_256_CBC_SHA,TLS_ECDHE_RSA_WITH_3DES_EDE_CBC_SHA,TLS_ECDHE_ECDSA_WITH_3DES_EDE_CBC_SHA,SSL_DHE_RSA_WITH_3DES_EDE_CBC_SHA,TLS_DHE_RSA_WITH_3DES_EDE_CBC_SHA,TLS_SRP_SHA_RSA_WITH_3DES_EDE_CBC_SHA,TLS_SRP_SHA_WITH_3DES_EDE_CBC_SHA,TLS_DH_RSA_WITH_3DES_EDE_CBC_SHA,SSL_DH_RSA_WITH_3DES_EDE_CBC_SHA,TLS_DH_DSS_WITH_3DES_EDE_CBC_SHA,SSL_DH_DSS_WITH_3DES_EDE_CBC_SHA,TLS_ECDH_RSA_WITH_3DES_EDE_CBC_SHA,TLS_ECDH_ECDSA_WITH_3DES_EDE_CBC_SHA,TLS_RSA_WITH_3DES_EDE_CBC_SHA,SSL_RSA_WITH_3DES_EDE_CBC_SHA,TLS_PSK_WITH_3DES_EDE_CBC_SHA,TLS_ECDHE_RSA_WITH_AES_128_GCM_SHA256,TLS_ECDHE_ECDSA_WITH_AES_128_GCM_SHA256,TLS_ECDHE_RSA_WITH_AES_128_CBC_SHA256,TLS_ECDHE_ECDSA_WITH_AES_128_CBC_SHA256,TLS_ECDHE_RSA_WITH_AES_128_CBC_SHA,TLS_ECDHE_ECDSA_WITH_AES_128_CBC_SHA,TLS_DHE_RSA_WITH_AES_128_GCM_SHA256,TLS_DHE_RSA_WITH_AES_128_CBC_SHA256,TLS_DHE_RSA_WITH_AES_128_CBC_SHA,TLS_SRP_SHA_RSA_WITH_AES_128_CBC_SHA,TLS_SRP_SHA_WITH_AES_128_CBC_SHA,TLS_DH_DSS_WITH_AES_128_GCM_SHA256,TLS_DH_RSA_WITH_AES_128_GCM_SHA256,TLS_DH_RSA_WITH_AES_128_CBC_SHA256,TLS_DH_DSS_WITH_AES_128_CBC_SHA256,TLS_DH_RSA_WITH_AES_128_CBC_SHA,TLS_DH_DSS_WITH_AES_128_CBC_SHA,TLS_DHE_RSA_WITH_SEED_CBC_SHA,TLS_DHE_RSA_WITH_CAMELLIA_128_CBC_SHA,TLS_DH_RSA_WITH_CAMELLIA_128_CBC_SHA,TLS_DH_DSS_WITH_CAMELLIA_128_CBC_SHA,TLS_DH_RSA_WITH_SEED_CBC_SHA,TLS_DH_DSS_WITH_SEED_CBC_SHA,TLS_ECDH_RSA_WITH_AES_128_GCM_SHA256,TLS_ECDH_ECDSA_WITH_AES_128_GCM_SHA256,TLS_ECDH_RSA_WITH_AES_128_CBC_SHA256,TLS_ECDH_ECDSA_WITH_AES_128_CBC_SHA256,TLS_ECDH_RSA_WITH_AES_128_CBC_SHA,TLS_ECDH_ECDSA_WITH_AES_128_CBC_SHA,TLS_RSA_WITH_AES_128_GCM_SHA256,TLS_RSA_WITH_AES_128_CBC_SHA256,TLS_RSA_WITH_AES_128_CBC_SHA,TLS_RSA_WITH_CAMELLIA_128_CBC_SHA,TLS_RSA_WITH_SEED_CBC_SHA,SSL_RSA_WITH_IDEA_CBC_SHA,TLS_RSA_WITH_IDEA_CBC_SHA,TLS_PSK_WITH_AES_128_CBC_SHA,TLS_ECDHE_RSA_WITH_RC4_128_SHA,TLS_ECDHE_ECDSA_WITH_RC4_128_SHA,TLS_ECDH_RSA_WITH_RC4_128_SHA,TLS_ECDH_ECDSA_WITH_RC4_128_SHA,TLS_RSA_WITH_RC4_128_SHA,SSL_RSA_WITH_RC4_128_SHA,SSL_RSA_WITH_RC4_128_MD5,TLS_RSA_WITH_RC4_128_MD5,TLS_PSK_WITH_RC4_128_SHA],&gt;
	at org.junit.Assert.assertEquals(Assert.java:115)
	at org.apache.tomcat.util.net.jsse.openssl.TestOpenSSLCipherConfigurationParser.testSpecification(TestOpenSSLCipherConfigurationParser.java:499)
	at org.apache.tomcat.util.net.jsse.openssl.TestOpenSSLCipherConfigurationParser.testSpecification02(TestOpenSSLCipherConfigurationParser.java:478)
	at sun.reflect.NativeMethodAccessorImpl.invoke0(Native Method)
	at sun.reflect.NativeMethodAccessorImpl.invoke(NativeMethodAccessorImpl.java:62)
	at sun.reflect.DelegatingMethodAccessorImpl.invoke(DelegatingMethodAccessorImpl.java:43)
	at java.lang.reflect.Method.invoke(Method.java:483)
	at org.junit.runners.model.FrameworkMethod$1.runReflectiveCall(FrameworkMethod.java:50)
	at org.junit.internal.runners.model.ReflectiveCallable.run(ReflectiveCallable.java:12)
	at org.junit.runners.model.FrameworkMethod.invokeExplosively(FrameworkMethod.java:47)
	at org.junit.internal.runners.statements.InvokeMethod.evaluate(InvokeMethod.java:17)
	at org.junit.internal.runners.statements.RunBefores.evaluate(RunBefores.java:26)
	at org.junit.runners.ParentRunner.runLeaf(ParentRunner.java:325)
	at org.junit.runners.BlockJUnit4ClassRunner.runChild(BlockJUnit4ClassRunner.java:78)
	at org.junit.runners.BlockJUnit4ClassRunner.runChild(BlockJUnit4ClassRunner.java:57)
	at org.junit.runners.ParentRunner$3.run(ParentRunner.java:290)
	at org.junit.runners.ParentRunner$1.schedule(ParentRunner.java:71)
	at org.junit.runners.ParentRunner.runChildren(ParentRunner.java:288)
	at org.junit.runners.ParentRunner.access$000(ParentRunner.java:58)
	at org.junit.runners.ParentRunner$2.evaluate(ParentRunner.java:268)
	at org.junit.runners.ParentRunner.run(ParentRunner.java:363)
	at org.apache.maven.surefire.junit4.JUnit4TestSet.execute(JUnit4TestSet.java:53)
	at org.apache.maven.surefire.junit4.JUnit4Provider.executeTestSet(JUnit4Provider.java:123)
	at org.apache.maven.surefire.junit4.JUnit4Provider.invoke(JUnit4Provider.java:104)
	at sun.reflect.NativeMethodAccessorImpl.invoke0(Native Method)
	at sun.reflect.NativeMethodAccessorImpl.invoke(NativeMethodAccessorImpl.java:62)
	at sun.reflect.DelegatingMethodAccessorImpl.invoke(DelegatingMethodAccessorImpl.java:43)
	at java.lang.reflect.Method.invoke(Method.java:483)
	at org.apache.maven.surefire.util.ReflectionUtils.invokeMethodWithArray(ReflectionUtils.java:164)
	at org.apache.maven.surefire.booter.ProviderFactory$ProviderProxy.invoke(ProviderFactory.java:110)
	at org.apache.maven.surefire.booter.SurefireStarter.invokeProvider(SurefireStarter.java:175)
	at org.apache.maven.surefire.booter.SurefireStarter.runSuitesInProcessWhenForked(SurefireStarter.java:107)
	at org.apache.maven.surefire.booter.ForkedBooter.main(ForkedBooter.java:68)
</failure>
  </testcase>
  <testcase classname="org.apache.tomcat.util.net.jsse.openssl.TestOpenSSLCipherConfigurationParser" name="testSpecification03" time="0.005">
    <failure message="Tested &apos;EECDH+aRSA+SHA384:EECDH:EDH+aRSA:RC4:!aNULL:!eNULL:!LOW:!3DES:!MD5:!EXP:!PSK:!SRP:!DSS&apos;:  expected:&lt;TLS_[]RSA_WITH_RC4_128_SHA...&gt; but was:&lt;TLS_[ECDHE_RSA_WITH_AES_256_CBC_SHA384,TLS_ECDHE_RSA_WITH_AES_256_GCM_SHA384,TLS_ECDHE_ECDSA_WITH_AES_256_GCM_SHA384,TLS_ECDHE_ECDSA_WITH_AES_256_CBC_SHA384,TLS_ECDHE_RSA_WITH_AES_256_CBC_SHA,TLS_ECDHE_ECDSA_WITH_AES_256_CBC_SHA,TLS_DHE_RSA_WITH_AES_256_GCM_SHA384,TLS_DHE_RSA_WITH_AES_256_CBC_SHA256,TLS_DHE_RSA_WITH_AES_256_CBC_SHA,TLS_DHE_RSA_WITH_CAMELLIA_256_CBC_SHA,TLS_ECDHE_RSA_WITH_AES_128_GCM_SHA256,TLS_ECDHE_ECDSA_WITH_AES_128_GCM_SHA256,TLS_ECDHE_RSA_WITH_AES_128_CBC_SHA256,TLS_ECDHE_ECDSA_WITH_AES_128_CBC_SHA256,TLS_ECDHE_RSA_WITH_AES_128_CBC_SHA,TLS_ECDHE_ECDSA_WITH_AES_128_CBC_SHA,TLS_DHE_RSA_WITH_AES_128_GCM_SHA256,TLS_DHE_RSA_WITH_AES_128_CBC_SHA256,TLS_DHE_RSA_WITH_AES_128_CBC_SHA,TLS_DHE_RSA_WITH_SEED_CBC_SHA,TLS_DHE_RSA_WITH_CAMELLIA_128_CBC_SHA,TLS_ECDHE_RSA_WITH_RC4_128_SHA,TLS_ECDHE_ECDSA_WITH_RC4_128_SHA,TLS_ECDH_RSA_WITH_RC4_128_SHA,TLS_ECDH_ECDSA_WITH_RC4_128_SHA,TLS_]RSA_WITH_RC4_128_SHA...&gt;" type="org.junit.ComparisonFailure">org.junit.ComparisonFailure: Tested &apos;EECDH+aRSA+SHA384:EECDH:EDH+aRSA:RC4:!aNULL:!eNULL:!LOW:!3DES:!MD5:!EXP:!PSK:!SRP:!DSS&apos;:  expected:&lt;TLS_[]RSA_WITH_RC4_128_SHA...&gt; but was:&lt;TLS_[ECDHE_RSA_WITH_AES_256_CBC_SHA384,TLS_ECDHE_RSA_WITH_AES_256_GCM_SHA384,TLS_ECDHE_ECDSA_WITH_AES_256_GCM_SHA384,TLS_ECDHE_ECDSA_WITH_AES_256_CBC_SHA384,TLS_ECDHE_RSA_WITH_AES_256_CBC_SHA,TLS_ECDHE_ECDSA_WITH_AES_256_CBC_SHA,TLS_DHE_RSA_WITH_AES_256_GCM_SHA384,TLS_DHE_RSA_WITH_AES_256_CBC_SHA256,TLS_DHE_RSA_WITH_AES_256_CBC_SHA,TLS_DHE_RSA_WITH_CAMELLIA_256_CBC_SHA,TLS_ECDHE_RSA_WITH_AES_128_GCM_SHA256,TLS_ECDHE_ECDSA_WITH_AES_128_GCM_SHA256,TLS_ECDHE_RSA_WITH_AES_128_CBC_SHA256,TLS_ECDHE_ECDSA_WITH_AES_128_CBC_SHA256,TLS_ECDHE_RSA_WITH_AES_128_CBC_SHA,TLS_ECDHE_ECDSA_WITH_AES_128_CBC_SHA,TLS_DHE_RSA_WITH_AES_128_GCM_SHA256,TLS_DHE_RSA_WITH_AES_128_CBC_SHA256,TLS_DHE_RSA_WITH_AES_128_CBC_SHA,TLS_DHE_RSA_WITH_SEED_CBC_SHA,TLS_DHE_RSA_WITH_CAMELLIA_128_CBC_SHA,TLS_ECDHE_RSA_WITH_RC4_128_SHA,TLS_ECDHE_ECDSA_WITH_RC4_128_SHA,TLS_ECDH_RSA_WITH_RC4_128_SHA,TLS_ECDH_ECDSA_WITH_RC4_128_SHA,TLS_]RSA_WITH_RC4_128_SHA...&gt;
	at org.junit.Assert.assertEquals(Assert.java:115)
	at org.apache.tomcat.util.net.jsse.openssl.TestOpenSSLCipherConfigurationParser.testSpecification(TestOpenSSLCipherConfigurationParser.java:499)
	at org.apache.tomcat.util.net.jsse.openssl.TestOpenSSLCipherConfigurationParser.testSpecification03(TestOpenSSLCipherConfigurationParser.java:485)
	at sun.reflect.NativeMethodAccessorImpl.invoke0(Native Method)
	at sun.reflect.NativeMethodAccessorImpl.invoke(NativeMethodAccessorImpl.java:62)
	at sun.reflect.DelegatingMethodAccessorImpl.invoke(DelegatingMethodAccessorImpl.java:43)
	at java.lang.reflect.Method.invoke(Method.java:483)
	at org.junit.runners.model.FrameworkMethod$1.runReflectiveCall(FrameworkMethod.java:50)
	at org.junit.internal.runners.model.ReflectiveCallable.run(ReflectiveCallable.java:12)
	at org.junit.runners.model.FrameworkMethod.invokeExplosively(FrameworkMethod.java:47)
	at org.junit.internal.runners.statements.InvokeMethod.evaluate(InvokeMethod.java:17)
	at org.junit.internal.runners.statements.RunBefores.evaluate(RunBefores.java:26)
	at org.junit.runners.ParentRunner.runLeaf(ParentRunner.java:325)
	at org.junit.runners.BlockJUnit4ClassRunner.runChild(BlockJUnit4ClassRunner.java:78)
	at org.junit.runners.BlockJUnit4ClassRunner.runChild(BlockJUnit4ClassRunner.java:57)
	at org.junit.runners.ParentRunner$3.run(ParentRunner.java:290)
	at org.junit.runners.ParentRunner$1.schedule(ParentRunner.java:71)
	at org.junit.runners.ParentRunner.runChildren(ParentRunner.java:288)
	at org.junit.runners.ParentRunner.access$000(ParentRunner.java:58)
	at org.junit.runners.ParentRunner$2.evaluate(ParentRunner.java:268)
	at org.junit.runners.ParentRunner.run(ParentRunner.java:363)
	at org.apache.maven.surefire.junit4.JUnit4TestSet.execute(JUnit4TestSet.java:53)
	at org.apache.maven.surefire.junit4.JUnit4Provider.executeTestSet(JUnit4Provider.java:123)
	at org.apache.maven.surefire.junit4.JUnit4Provider.invoke(JUnit4Provider.java:104)
	at sun.reflect.NativeMethodAccessorImpl.invoke0(Native Method)
	at sun.reflect.NativeMethodAccessorImpl.invoke(NativeMethodAccessorImpl.java:62)
	at sun.reflect.DelegatingMethodAccessorImpl.invoke(DelegatingMethodAccessorImpl.java:43)
	at java.lang.reflect.Method.invoke(Method.java:483)
	at org.apache.maven.surefire.util.ReflectionUtils.invokeMethodWithArray(ReflectionUtils.java:164)
	at org.apache.maven.surefire.booter.ProviderFactory$ProviderProxy.invoke(ProviderFactory.java:110)
	at org.apache.maven.surefire.booter.SurefireStarter.invokeProvider(SurefireStarter.java:175)
	at org.apache.maven.surefire.booter.SurefireStarter.runSuitesInProcessWhenForked(SurefireStarter.java:107)
	at org.apache.maven.surefire.booter.ForkedBooter.main(ForkedBooter.java:68)
</failure>
  </testcase>
  <testcase classname="org.apache.tomcat.util.net.jsse.openssl.TestOpenSSLCipherConfigurationParser" name="testaECDSA" time="0.006">
    <failure message="Tested &apos;aECDSA&apos;:  expected:&lt;[]&gt; but was:&lt;[TLS_ECDHE_ECDSA_WITH_AES_256_GCM_SHA384,TLS_ECDHE_ECDSA_WITH_AES_256_CBC_SHA384,TLS_ECDHE_ECDSA_WITH_AES_256_CBC_SHA,TLS_ECDHE_ECDSA_WITH_3DES_EDE_CBC_SHA,TLS_ECDHE_ECDSA_WITH_AES_128_GCM_SHA256,TLS_ECDHE_ECDSA_WITH_AES_128_CBC_SHA256,TLS_ECDHE_ECDSA_WITH_AES_128_CBC_SHA,TLS_ECDHE_ECDSA_WITH_RC4_128_SHA,TLS_ECDHE_ECDSA_WITH_NULL_SHA,]&gt;" type="org.junit.ComparisonFailure">org.junit.ComparisonFailure: Tested &apos;aECDSA&apos;:  expected:&lt;[]&gt; but was:&lt;[TLS_ECDHE_ECDSA_WITH_AES_256_GCM_SHA384,TLS_ECDHE_ECDSA_WITH_AES_256_CBC_SHA384,TLS_ECDHE_ECDSA_WITH_AES_256_CBC_SHA,TLS_ECDHE_ECDSA_WITH_3DES_EDE_CBC_SHA,TLS_ECDHE_ECDSA_WITH_AES_128_GCM_SHA256,TLS_ECDHE_ECDSA_WITH_AES_128_CBC_SHA256,TLS_ECDHE_ECDSA_WITH_AES_128_CBC_SHA,TLS_ECDHE_ECDSA_WITH_RC4_128_SHA,TLS_ECDHE_ECDSA_WITH_NULL_SHA,]&gt;
	at org.junit.Assert.assertEquals(Assert.java:115)
	at org.apache.tomcat.util.net.jsse.openssl.TestOpenSSLCipherConfigurationParser.testSpecification(TestOpenSSLCipherConfigurationParser.java:499)
	at org.apache.tomcat.util.net.jsse.openssl.TestOpenSSLCipherConfigurationParser.testaECDSA(TestOpenSSLCipherConfigurationParser.java:238)
	at sun.reflect.NativeMethodAccessorImpl.invoke0(Native Method)
	at sun.reflect.NativeMethodAccessorImpl.invoke(NativeMethodAccessorImpl.java:62)
	at sun.reflect.DelegatingMethodAccessorImpl.invoke(DelegatingMethodAccessorImpl.java:43)
	at java.lang.reflect.Method.invoke(Method.java:483)
	at org.junit.runners.model.FrameworkMethod$1.runReflectiveCall(FrameworkMethod.java:50)
	at org.junit.internal.runners.model.ReflectiveCallable.run(ReflectiveCallable.java:12)
	at org.junit.runners.model.FrameworkMethod.invokeExplosively(FrameworkMethod.java:47)
	at org.junit.internal.runners.statements.InvokeMethod.evaluate(InvokeMethod.java:17)
	at org.junit.internal.runners.statements.RunBefores.evaluate(RunBefores.java:26)
	at org.junit.runners.ParentRunner.runLeaf(ParentRunner.java:325)
	at org.junit.runners.BlockJUnit4ClassRunner.runChild(BlockJUnit4ClassRunner.java:78)
	at org.junit.runners.BlockJUnit4ClassRunner.runChild(BlockJUnit4ClassRunner.java:57)
	at org.junit.runners.ParentRunner$3.run(ParentRunner.java:290)
	at org.junit.runners.ParentRunner$1.schedule(ParentRunner.java:71)
	at org.junit.runners.ParentRunner.runChildren(ParentRunner.java:288)
	at org.junit.runners.ParentRunner.access$000(ParentRunner.java:58)
	at org.junit.runners.ParentRunner$2.evaluate(ParentRunner.java:268)
	at org.junit.runners.ParentRunner.run(ParentRunner.java:363)
	at org.apache.maven.surefire.junit4.JUnit4TestSet.execute(JUnit4TestSet.java:53)
	at org.apache.maven.surefire.junit4.JUnit4Provider.executeTestSet(JUnit4Provider.java:123)
	at org.apache.maven.surefire.junit4.JUnit4Provider.invoke(JUnit4Provider.java:104)
	at sun.reflect.NativeMethodAccessorImpl.invoke0(Native Method)
	at sun.reflect.NativeMethodAccessorImpl.invoke(NativeMethodAccessorImpl.java:62)
	at sun.reflect.DelegatingMethodAccessorImpl.invoke(DelegatingMethodAccessorImpl.java:43)
	at java.lang.reflect.Method.invoke(Method.java:483)
	at org.apache.maven.surefire.util.ReflectionUtils.invokeMethodWithArray(ReflectionUtils.java:164)
	at org.apache.maven.surefire.booter.ProviderFactory$ProviderProxy.invoke(ProviderFactory.java:110)
	at org.apache.maven.surefire.booter.SurefireStarter.invokeProvider(SurefireStarter.java:175)
	at org.apache.maven.surefire.booter.SurefireStarter.runSuitesInProcessWhenForked(SurefireStarter.java:107)
	at org.apache.maven.surefire.booter.ForkedBooter.main(ForkedBooter.java:68)
</failure>
    <system-err>Error in cipher list
5344:error:1410D0B9:SSL routines:SSL_CTX_set_cipher_list:no cipher match:/SourceCache/OpenSSL098/OpenSSL098-52.10.1/src/ssl/ssl_lib.c:1223:

</system-err>
  </testcase>
</testsuite>