<?xml version="1.0" encoding="UTF-8" ?>
<testsuite tests="2" failures="2" name="org.apache.catalina.tribes.group.interceptors.TestNonBlockingCoordinator" time="9.301" errors="0" skipped="0">
  <properties>
[...]
</properties>
  <testcase classname="org.apache.catalina.tribes.group.interceptors.TestNonBlockingCoordinator" name="testCoord1" time="4.15">
    <failure message="expected:&lt;org.apache.catalina.tribes.membership.MemberImpl[tcp://172.16.0.26:4004,172.16.0.26,4004, alive=2012, securePort=-1, UDP Port=-1, id={-29 42 -56 -81 101 3 79 49 -81 -16 -67 -3 -78 2 -81 14 }, payload={}, command={}, domain={35 45 -46 4 -77 31 78 -107 -93 ...(16)}, ]&gt; but was:&lt;org.apache.catalina.tribes.membership.MemberImpl[tcp://172.16.0.26:4009,172.16.0.26,4009, alive=2009, securePort=-1, UDP Port=-1, id={91 11 -52 32 53 -5 67 -18 -79 9 -109 -19 81 -11 26 -49 }, payload={}, command={}, domain={35 45 -46 4 -77 31 78 -107 -93 ...(16)}, ]&gt;" type="java.lang.AssertionError">java.lang.AssertionError: expected:&lt;org.apache.catalina.tribes.membership.MemberImpl[tcp://172.16.0.26:4004,172.16.0.26,4004, alive=2012, securePort=-1, UDP Port=-1, id={-29 42 -56 -81 101 3 79 49 -81 -16 -67 -3 -78 2 -81 14 }, payload={}, command={}, domain={35 45 -46 4 -77 31 78 -107 -93 ...(16)}, ]&gt; but was:&lt;org.apache.catalina.tribes.membership.MemberImpl[tcp://172.16.0.26:4009,172.16.0.26,4009, alive=2009, securePort=-1, UDP Port=-1, id={91 11 -52 32 53 -5 67 -18 -79 9 -109 -19 81 -11 26 -49 }, payload={}, command={}, domain={35 45 -46 4 -77 31 78 -107 -93 ...(16)}, ]&gt;
	at org.junit.Assert.fail(Assert.java:88)
	at org.junit.Assert.failNotEquals(Assert.java:834)
	at org.junit.Assert.assertEquals(Assert.java:118)
	at org.junit.Assert.assertEquals(Assert.java:144)
	at org.apache.catalina.tribes.group.interceptors.TestNonBlockingCoordinator.testCoord1(TestNonBlockingCoordinator.java:89)
	at sun.reflect.NativeMethodAccessorImpl.invoke0(Native Method)
	at sun.reflect.NativeMethodAccessorImpl.invoke(NativeMethodAccessorImpl.java:62)
	at sun.reflect.DelegatingMethodAccessorImpl.invoke(DelegatingMethodAccessorImpl.java:43)
	at java.lang.reflect.Method.invoke(Method.java:483)
	at org.junit.runners.model.FrameworkMethod$1.runReflectiveCall(FrameworkMethod.java:50)
	at org.junit.internal.runners.model.ReflectiveCallable.run(ReflectiveCallable.java:12)
	at org.junit.runners.model.FrameworkMethod.invokeExplosively(FrameworkMethod.java:47)
	at org.junit.internal.runners.statements.InvokeMethod.evaluate(InvokeMethod.java:17)
	at org.junit.internal.runners.statements.RunBefores.evaluate(RunBefores.java:26)
	at org.junit.internal.runners.statements.RunAfters.evaluate(RunAfters.java:27)
	at org.junit.runners.ParentRunner.runLeaf(ParentRunner.java:325)
	at org.junit.runners.BlockJUnit4ClassRunner.runChild(BlockJUnit4ClassRunner.java:78)
	at org.junit.runners.BlockJUnit4ClassRunner.runChild(BlockJUnit4ClassRunner.java:57)
	at org.junit.runners.ParentRunner$3.run(ParentRunner.java:290)
	at org.junit.runners.ParentRunner$1.schedule(ParentRunner.java:71)
	at org.junit.runners.ParentRunner.runChildren(ParentRunner.java:288)
	at org.junit.runners.ParentRunner.access$000(ParentRunner.java:58)
	at org.junit.runners.ParentRunner$2.evaluate(ParentRunner.java:268)
	at org.junit.runners.ParentRunner.run(ParentRunner.java:363)
	at org.apache.maven.surefire.junit4.JUnit4TestSet.execute(JUnit4TestSet.java:53)
	at org.apache.maven.surefire.junit4.JUnit4Provider.executeTestSet(JUnit4Provider.java:123)
	at org.apache.maven.surefire.junit4.JUnit4Provider.invoke(JUnit4Provider.java:104)
	at sun.reflect.NativeMethodAccessorImpl.invoke0(Native Method)
	at sun.reflect.NativeMethodAccessorImpl.invoke(NativeMethodAccessorImpl.java:62)
	at sun.reflect.DelegatingMethodAccessorImpl.invoke(DelegatingMethodAccessorImpl.java:43)
	at java.lang.reflect.Method.invoke(Method.java:483)
	at org.apache.maven.surefire.util.ReflectionUtils.invokeMethodWithArray(ReflectionUtils.java:164)
	at org.apache.maven.surefire.booter.ProviderFactory$ProviderProxy.invoke(ProviderFactory.java:110)
	at org.apache.maven.surefire.booter.SurefireStarter.invokeProvider(SurefireStarter.java:175)
	at org.apache.maven.surefire.booter.SurefireStarter.runSuitesInProcessWhenForked(SurefireStarter.java:107)
	at org.apache.maven.surefire.booter.ForkedBooter.main(ForkedBooter.java:68)
</failure>
    <system-out>Setup
tearDown
</system-out>
  </testcase>
  <testcase classname="org.apache.catalina.tribes.group.interceptors.TestNonBlockingCoordinator" name="testCoord2" time="5.148">
    <failure message="expected:&lt;org.apache.catalina.tribes.membership.MemberImpl[tcp://172.16.0.26:4000,172.16.0.26,4000, alive=2008, securePort=-1, UDP Port=-1, id={-126 -107 54 -84 18 -110 73 41 -97 -44 45 15 -117 -115 11 -30 }, payload={}, command={}, domain={-89 64 -31 -7 7 -54 67 -43 -105 ...(16)}, ]&gt; but was:&lt;org.apache.catalina.tribes.membership.MemberImpl[tcp://172.16.0.26:4001,172.16.0.26,4001, alive=2008, securePort=-1, UDP Port=-1, id={100 3 45 89 16 -113 78 -51 -85 48 125 37 -102 19 56 127 }, payload={}, command={}, domain={-89 64 -31 -7 7 -54 67 -43 -105 ...(16)}, ]&gt;" type="java.lang.AssertionError">java.lang.AssertionError: expected:&lt;org.apache.catalina.tribes.membership.MemberImpl[tcp://172.16.0.26:4000,172.16.0.26,4000, alive=2008, securePort=-1, UDP Port=-1, id={-126 -107 54 -84 18 -110 73 41 -97 -44 45 15 -117 -115 11 -30 }, payload={}, command={}, domain={-89 64 -31 -7 7 -54 67 -43 -105 ...(16)}, ]&gt; but was:&lt;org.apache.catalina.tribes.membership.MemberImpl[tcp://172.16.0.26:4001,172.16.0.26,4001, alive=2008, securePort=-1, UDP Port=-1, id={100 3 45 89 16 -113 78 -51 -85 48 125 37 -102 19 56 127 }, payload={}, command={}, domain={-89 64 -31 -7 7 -54 67 -43 -105 ...(16)}, ]&gt;
	at org.junit.Assert.fail(Assert.java:88)
	at org.junit.Assert.failNotEquals(Assert.java:834)
	at org.junit.Assert.assertEquals(Assert.java:118)
	at org.junit.Assert.assertEquals(Assert.java:144)
	at org.apache.catalina.tribes.group.interceptors.TestNonBlockingCoordinator.testCoord2(TestNonBlockingCoordinator.java:117)
	at sun.reflect.NativeMethodAccessorImpl.invoke0(Native Method)
	at sun.reflect.NativeMethodAccessorImpl.invoke(NativeMethodAccessorImpl.java:62)
	at sun.reflect.DelegatingMethodAccessorImpl.invoke(DelegatingMethodAccessorImpl.java:43)
	at java.lang.reflect.Method.invoke(Method.java:483)
	at org.junit.runners.model.FrameworkMethod$1.runReflectiveCall(FrameworkMethod.java:50)
	at org.junit.internal.runners.model.ReflectiveCallable.run(ReflectiveCallable.java:12)
	at org.junit.runners.model.FrameworkMethod.invokeExplosively(FrameworkMethod.java:47)
	at org.junit.internal.runners.statements.InvokeMethod.evaluate(InvokeMethod.java:17)
	at org.junit.internal.runners.statements.RunBefores.evaluate(RunBefores.java:26)
	at org.junit.internal.runners.statements.RunAfters.evaluate(RunAfters.java:27)
	at org.junit.runners.ParentRunner.runLeaf(ParentRunner.java:325)
	at org.junit.runners.BlockJUnit4ClassRunner.runChild(BlockJUnit4ClassRunner.java:78)
	at org.junit.runners.BlockJUnit4ClassRunner.runChild(BlockJUnit4ClassRunner.java:57)
	at org.junit.runners.ParentRunner$3.run(ParentRunner.java:290)
	at org.junit.runners.ParentRunner$1.schedule(ParentRunner.java:71)
	at org.junit.runners.ParentRunner.runChildren(ParentRunner.java:288)
	at org.junit.runners.ParentRunner.access$000(ParentRunner.java:58)
	at org.junit.runners.ParentRunner$2.evaluate(ParentRunner.java:268)
	at org.junit.runners.ParentRunner.run(ParentRunner.java:363)
	at org.apache.maven.surefire.junit4.JUnit4TestSet.execute(JUnit4TestSet.java:53)
	at org.apache.maven.surefire.junit4.JUnit4Provider.executeTestSet(JUnit4Provider.java:123)
	at org.apache.maven.surefire.junit4.JUnit4Provider.invoke(JUnit4Provider.java:104)
	at sun.reflect.NativeMethodAccessorImpl.invoke0(Native Method)
	at sun.reflect.NativeMethodAccessorImpl.invoke(NativeMethodAccessorImpl.java:62)
	at sun.reflect.DelegatingMethodAccessorImpl.invoke(DelegatingMethodAccessorImpl.java:43)
	at java.lang.reflect.Method.invoke(Method.java:483)
	at org.apache.maven.surefire.util.ReflectionUtils.invokeMethodWithArray(ReflectionUtils.java:164)
	at org.apache.maven.surefire.booter.ProviderFactory$ProviderProxy.invoke(ProviderFactory.java:110)
	at org.apache.maven.surefire.booter.SurefireStarter.invokeProvider(SurefireStarter.java:175)
	at org.apache.maven.surefire.booter.SurefireStarter.runSuitesInProcessWhenForked(SurefireStarter.java:107)
	at org.apache.maven.surefire.booter.ForkedBooter.main(ForkedBooter.java:68)
</failure>
    <system-out>Setup
Coordinator[2a] is:org.apache.catalina.tribes.membership.MemberImpl[tcp://172.16.0.26:4003,172.16.0.26,4003, alive=2009, securePort=-1, UDP Port=-1, id={-22 82 117 86 -68 -88 68 -112 -71 99 118 18 106 49 29 63 }, payload={}, command={}, domain={-89 64 -31 -7 7 -54 67 -43 -105 ...(16)}, ]
Shutting down:org.apache.catalina.tribes.membership.MemberImpl[tcp://172.16.0.26:4003,172.16.0.26,4003, alive=3065, securePort=-1, UDP Port=-1, id={-22 82 117 86 -68 -88 68 -112 -71 99 118 18 106 49 29 63 }, payload={}, command={}, domain={-89 64 -31 -7 7 -54 67 -43 -105 ...(16)}, ]
Member count:0
tearDown
</system-out>
  </testcase>
</testsuite>